{"/Users/adlljvd/Workspace/k-journal-api/src/app.controller.ts": {"path":"/Users/adlljvd/Workspace/k-journal-api/src/app.controller.ts","statementMap":{"0":{"start":{"line":1,"column":0},"end":{"line":1,"column":49}},"1":{"start":{"line":2,"column":0},"end":{"line":2,"column":43}},"2":{"start":{"line":5,"column":7},"end":{"line":12,"column":null}},"3":{"start":{"line":6,"column":31},"end":{"line":6,"column":43}},"4":{"start":{"line":10,"column":4},"end":{"line":10,"column":38}},"5":{"start":{"line":5,"column":13},"end":{"line":5,"column":26}},"6":{"start":{"line":9,"column":2},"end":{"line":11,"column":null}},"7":{"start":{"line":5,"column":13},"end":{"line":12,"column":null}}},"fnMap":{"0":{"name":"(anonymous_2)","decl":{"start":{"line":6,"column":2},"end":{"line":6,"column":31}},"loc":{"start":{"line":6,"column":53},"end":{"line":6,"column":57}}},"1":{"name":"(anonymous_3)","decl":{"start":{"line":9,"column":2},"end":{"line":9,"column":10}},"loc":{"start":{"line":9,"column":10},"end":{"line":11,"column":3}}}},"branchMap":{"0":{"loc":{"start":{"line":6,"column":43},"end":{"line":6,"column":56}},"type":"cond-expr","locations":[{"start":{"line":6,"column":53},"end":{"line":6,"column":56}},{"start":{"line":6,"column":53},"end":{"line":6,"column":56}}]},"1":{"loc":{"start":{"line":6,"column":43},"end":{"line":6,"column":53}},"type":"binary-expr","locations":[{"start":{"line":6,"column":43},"end":{"line":6,"column":56}},{"start":{"line":6,"column":43},"end":{"line":6,"column":53}}]}},"s":{"0":0,"1":0,"2":0,"3":0,"4":0,"5":0,"6":0,"7":0},"f":{"0":0,"1":0},"b":{"0":[0,0],"1":[0,0]}}
,"/Users/adlljvd/Workspace/k-journal-api/src/app.module.ts": {"path":"/Users/adlljvd/Workspace/k-journal-api/src/app.module.ts","statementMap":{"0":{"start":{"line":1,"column":0},"end":{"line":1,"column":72}},"1":{"start":{"line":2,"column":0},"end":{"line":2,"column":49}},"2":{"start":{"line":3,"column":0},"end":{"line":3,"column":43}},"3":{"start":{"line":4,"column":0},"end":{"line":4,"column":54}},"4":{"start":{"line":5,"column":0},"end":{"line":5,"column":48}},"5":{"start":{"line":6,"column":0},"end":{"line":6,"column":56}},"6":{"start":{"line":7,"column":0},"end":{"line":7,"column":65}},"7":{"start":{"line":8,"column":0},"end":{"line":8,"column":88}},"8":{"start":{"line":9,"column":0},"end":{"line":9,"column":80}},"9":{"start":{"line":22,"column":7},"end":{"line":26,"column":null}},"10":{"start":{"line":24,"column":4},"end":{"line":24,"column":55}},"11":{"start":{"line":22,"column":13},"end":{"line":22,"column":22}},"12":{"start":{"line":22,"column":13},"end":{"line":26,"column":null}}},"fnMap":{"0":{"name":"(anonymous_1)","decl":{"start":{"line":23,"column":2},"end":{"line":23,"column":11}},"loc":{"start":{"line":23,"column":40},"end":{"line":25,"column":3}}}},"branchMap":{},"s":{"0":0,"1":0,"2":0,"3":0,"4":0,"5":0,"6":0,"7":0,"8":0,"9":0,"10":0,"11":0,"12":0},"f":{"0":0},"b":{}}
,"/Users/adlljvd/Workspace/k-journal-api/src/app.service.ts": {"path":"/Users/adlljvd/Workspace/k-journal-api/src/app.service.ts","statementMap":{"0":{"start":{"line":1,"column":0},"end":{"line":1,"column":44}},"1":{"start":{"line":4,"column":7},"end":{"line":8,"column":null}},"2":{"start":{"line":6,"column":4},"end":{"line":6,"column":26}},"3":{"start":{"line":4,"column":13},"end":{"line":4,"column":23}},"4":{"start":{"line":4,"column":13},"end":{"line":8,"column":null}}},"fnMap":{"0":{"name":"(anonymous_1)","decl":{"start":{"line":5,"column":2},"end":{"line":5,"column":10}},"loc":{"start":{"line":5,"column":10},"end":{"line":7,"column":3}}}},"branchMap":{},"s":{"0":0,"1":0,"2":0,"3":0,"4":0},"f":{"0":0},"b":{}}
,"/Users/adlljvd/Workspace/k-journal-api/src/main.ts": {"path":"/Users/adlljvd/Workspace/k-journal-api/src/main.ts","statementMap":{"0":{"start":{"line":1,"column":0},"end":{"line":1,"column":43}},"1":{"start":{"line":2,"column":0},"end":{"line":2,"column":41}},"2":{"start":{"line":3,"column":0},"end":{"line":3,"column":40}},"3":{"start":{"line":4,"column":0},"end":{"line":4,"column":83}},"4":{"start":{"line":5,"column":0},"end":{"line":5,"column":70}},"5":{"start":{"line":6,"column":0},"end":{"line":6,"column":77}},"6":{"start":{"line":7,"column":0},"end":{"line":7,"column":81}},"7":{"start":{"line":8,"column":0},"end":{"line":8,"column":89}},"8":{"start":{"line":11,"column":17},"end":{"line":11,"column":40}},"9":{"start":{"line":14,"column":26},"end":{"line":14,"column":56}},"10":{"start":{"line":15,"column":2},"end":{"line":20,"column":3}},"11":{"start":{"line":16,"column":4},"end":{"line":19,"column":5}},"12":{"start":{"line":17,"column":6},"end":{"line":17,"column":71}},"13":{"start":{"line":18,"column":6},"end":{"line":18,"column":22}},"14":{"start":{"line":22,"column":14},"end":{"line":22,"column":49}},"15":{"start":{"line":25,"column":2},"end":{"line":25,"column":45}},"16":{"start":{"line":28,"column":2},"end":{"line":28,"column":50}},"17":{"start":{"line":29,"column":2},"end":{"line":29,"column":52}},"18":{"start":{"line":30,"column":2},"end":{"line":30,"column":56}},"19":{"start":{"line":32,"column":2},"end":{"line":32,"column":56}},"20":{"start":{"line":34,"column":15},"end":{"line":34,"column":39}},"21":{"start":{"line":35,"column":2},"end":{"line":35,"column":25}},"22":{"start":{"line":36,"column":2},"end":{"line":36,"column":68}},"23":{"start":{"line":38,"column":0},"end":{"line":41,"column":3}},"24":{"start":{"line":39,"column":2},"end":{"line":39,"column":21}},"25":{"start":{"line":40,"column":2},"end":{"line":40,"column":18}}},"fnMap":{"0":{"name":"bootstrap","decl":{"start":{"line":10,"column":15},"end":{"line":10,"column":24}},"loc":{"start":{"line":10,"column":24},"end":{"line":37,"column":1}}},"1":{"name":"(anonymous_1)","decl":{"start":{"line":38,"column":18},"end":{"line":38,"column":19}},"loc":{"start":{"line":38,"column":26},"end":{"line":41,"column":1}}}},"branchMap":{"0":{"loc":{"start":{"line":16,"column":4},"end":{"line":19,"column":5}},"type":"if","locations":[{"start":{"line":16,"column":4},"end":{"line":19,"column":5}},{"start":{},"end":{}}]},"1":{"loc":{"start":{"line":34,"column":15},"end":{"line":34,"column":39}},"type":"binary-expr","locations":[{"start":{"line":34,"column":15},"end":{"line":34,"column":31}},{"start":{"line":34,"column":35},"end":{"line":34,"column":39}}]}},"s":{"0":0,"1":0,"2":0,"3":0,"4":0,"5":0,"6":0,"7":0,"8":0,"9":0,"10":0,"11":0,"12":0,"13":0,"14":0,"15":0,"16":0,"17":0,"18":0,"19":0,"20":0,"21":0,"22":0,"23":0,"24":0,"25":0},"f":{"0":0,"1":0},"b":{"0":[0,0],"1":[0,0]}}
,"/Users/adlljvd/Workspace/k-journal-api/src/auth/auth.controller.ts": {"path":"/Users/adlljvd/Workspace/k-journal-api/src/auth/auth.controller.ts","statementMap":{"0":{"start":{"line":1,"column":0},"end":{"line":1,"column":null}},"1":{"start":{"line":9,"column":0},"end":{"line":9,"column":null}},"2":{"start":{"line":15,"column":0},"end":{"line":15,"column":45}},"3":{"start":{"line":16,"column":0},"end":{"line":16,"column":55}},"4":{"start":{"line":17,"column":0},"end":{"line":17,"column":null}},"5":{"start":{"line":27,"column":7},"end":{"line":103,"column":null}},"6":{"start":{"line":28,"column":31},"end":{"line":28,"column":44}},"7":{"start":{"line":36,"column":19},"end":{"line":36,"column":55}},"8":{"start":{"line":37,"column":4},"end":{"line":41,"column":6}},"9":{"start":{"line":51,"column":19},"end":{"line":51,"column":52}},"10":{"start":{"line":52,"column":4},"end":{"line":56,"column":6}},"11":{"start":{"line":68,"column":4},"end":{"line":70,"column":5}},"12":{"start":{"line":69,"column":6},"end":{"line":69,"column":55}},"13":{"start":{"line":71,"column":4},"end":{"line":71,"column":50}},"14":{"start":{"line":80,"column":19},"end":{"line":80,"column":60}},"15":{"start":{"line":81,"column":4},"end":{"line":81,"column":18}},"16":{"start":{"line":92,"column":4},"end":{"line":92,"column":48}},"17":{"start":{"line":101,"column":4},"end":{"line":101,"column":47}},"18":{"start":{"line":27,"column":13},"end":{"line":27,"column":27}},"19":{"start":{"line":35,"column":8},"end":{"line":42,"column":null}},"20":{"start":{"line":50,"column":8},"end":{"line":57,"column":null}},"21":{"start":{"line":66,"column":8},"end":{"line":72,"column":null}},"22":{"start":{"line":79,"column":8},"end":{"line":82,"column":null}},"23":{"start":{"line":91,"column":8},"end":{"line":93,"column":null}},"24":{"start":{"line":100,"column":8},"end":{"line":102,"column":null}},"25":{"start":{"line":27,"column":13},"end":{"line":103,"column":null}}},"fnMap":{"0":{"name":"(anonymous_4)","decl":{"start":{"line":28,"column":2},"end":{"line":28,"column":31}},"loc":{"start":{"line":28,"column":55},"end":{"line":28,"column":59}}},"1":{"name":"(anonymous_5)","decl":{"start":{"line":35,"column":8},"end":{"line":35,"column":16}},"loc":{"start":{"line":35,"column":41},"end":{"line":42,"column":3}}},"2":{"name":"(anonymous_6)","decl":{"start":{"line":50,"column":8},"end":{"line":50,"column":13}},"loc":{"start":{"line":50,"column":35},"end":{"line":57,"column":3}}},"3":{"name":"(anonymous_7)","decl":{"start":{"line":66,"column":8},"end":{"line":66,"column":14}},"loc":{"start":{"line":66,"column":54},"end":{"line":72,"column":3}}},"4":{"name":"(anonymous_8)","decl":{"start":{"line":79,"column":8},"end":{"line":79,"column":15}},"loc":{"start":{"line":79,"column":44},"end":{"line":82,"column":3}}},"5":{"name":"(anonymous_9)","decl":{"start":{"line":91,"column":8},"end":{"line":91,"column":22}},"loc":{"start":{"line":91,"column":53},"end":{"line":93,"column":3}}},"6":{"name":"(anonymous_10)","decl":{"start":{"line":100,"column":8},"end":{"line":100,"column":21}},"loc":{"start":{"line":100,"column":51},"end":{"line":102,"column":3}}}},"branchMap":{"0":{"loc":{"start":{"line":68,"column":4},"end":{"line":70,"column":5}},"type":"if","locations":[{"start":{"line":68,"column":4},"end":{"line":70,"column":5}},{"start":{},"end":{}}]},"1":{"loc":{"start":{"line":35,"column":30},"end":{"line":35,"column":null}},"type":"cond-expr","locations":[{"start":{"line":35,"column":41},"end":{"line":35,"column":null}},{"start":{"line":35,"column":41},"end":{"line":35,"column":null}}]},"2":{"loc":{"start":{"line":35,"column":30},"end":{"line":35,"column":41}},"type":"binary-expr","locations":[{"start":{"line":35,"column":30},"end":{"line":35,"column":null}},{"start":{"line":35,"column":30},"end":{"line":35,"column":41}}]},"3":{"loc":{"start":{"line":50,"column":27},"end":{"line":50,"column":null}},"type":"cond-expr","locations":[{"start":{"line":50,"column":35},"end":{"line":50,"column":null}},{"start":{"line":50,"column":35},"end":{"line":50,"column":null}}]},"4":{"loc":{"start":{"line":50,"column":27},"end":{"line":50,"column":35}},"type":"binary-expr","locations":[{"start":{"line":50,"column":27},"end":{"line":50,"column":null}},{"start":{"line":50,"column":27},"end":{"line":50,"column":35}}]},"5":{"loc":{"start":{"line":79,"column":29},"end":{"line":79,"column":null}},"type":"cond-expr","locations":[{"start":{"line":79,"column":44},"end":{"line":79,"column":null}},{"start":{"line":79,"column":44},"end":{"line":79,"column":null}}]},"6":{"loc":{"start":{"line":79,"column":29},"end":{"line":79,"column":44}},"type":"binary-expr","locations":[{"start":{"line":79,"column":29},"end":{"line":79,"column":null}},{"start":{"line":79,"column":29},"end":{"line":79,"column":44}}]},"7":{"loc":{"start":{"line":91,"column":36},"end":{"line":91,"column":null}},"type":"cond-expr","locations":[{"start":{"line":91,"column":53},"end":{"line":91,"column":null}},{"start":{"line":91,"column":53},"end":{"line":91,"column":null}}]},"8":{"loc":{"start":{"line":91,"column":36},"end":{"line":91,"column":53}},"type":"binary-expr","locations":[{"start":{"line":91,"column":36},"end":{"line":91,"column":null}},{"start":{"line":91,"column":36},"end":{"line":91,"column":53}}]},"9":{"loc":{"start":{"line":100,"column":35},"end":{"line":100,"column":null}},"type":"cond-expr","locations":[{"start":{"line":100,"column":51},"end":{"line":100,"column":null}},{"start":{"line":100,"column":51},"end":{"line":100,"column":null}}]},"10":{"loc":{"start":{"line":100,"column":35},"end":{"line":100,"column":51}},"type":"binary-expr","locations":[{"start":{"line":100,"column":35},"end":{"line":100,"column":null}},{"start":{"line":100,"column":35},"end":{"line":100,"column":51}}]},"11":{"loc":{"start":{"line":28,"column":44},"end":{"line":28,"column":58}},"type":"cond-expr","locations":[{"start":{"line":28,"column":55},"end":{"line":28,"column":58}},{"start":{"line":28,"column":55},"end":{"line":28,"column":58}}]},"12":{"loc":{"start":{"line":28,"column":44},"end":{"line":28,"column":55}},"type":"binary-expr","locations":[{"start":{"line":28,"column":44},"end":{"line":28,"column":58}},{"start":{"line":28,"column":44},"end":{"line":28,"column":55}}]}},"s":{"0":0,"1":0,"2":0,"3":0,"4":0,"5":0,"6":0,"7":0,"8":0,"9":0,"10":0,"11":0,"12":0,"13":0,"14":0,"15":0,"16":0,"17":0,"18":0,"19":0,"20":0,"21":0,"22":0,"23":0,"24":0,"25":0},"f":{"0":0,"1":0,"2":0,"3":0,"4":0,"5":0,"6":0},"b":{"0":[0,0],"1":[0,0],"2":[0,0],"3":[0,0],"4":[0,0],"5":[0,0],"6":[0,0],"7":[0,0],"8":[0,0],"9":[0,0],"10":[0,0],"11":[0,0],"12":[0,0]}}
,"/Users/adlljvd/Workspace/k-journal-api/src/auth/auth.module.ts": {"path":"/Users/adlljvd/Workspace/k-journal-api/src/auth/auth.module.ts","statementMap":{"0":{"start":{"line":1,"column":0},"end":{"line":1,"column":40}},"1":{"start":{"line":2,"column":0},"end":{"line":2,"column":40}},"2":{"start":{"line":3,"column":0},"end":{"line":3,"column":50}},"3":{"start":{"line":4,"column":0},"end":{"line":4,"column":51}},"4":{"start":{"line":5,"column":0},"end":{"line":5,"column":45}},"5":{"start":{"line":6,"column":0},"end":{"line":6,"column":56}},"6":{"start":{"line":7,"column":0},"end":{"line":7,"column":65}},"7":{"start":{"line":8,"column":0},"end":{"line":8,"column":80}},"8":{"start":{"line":9,"column":0},"end":{"line":9,"column":55}},"9":{"start":{"line":24,"column":7},"end":{"line":24,"column":null}},"10":{"start":{"line":24,"column":13},"end":{"line":24,"column":23}},"11":{"start":{"line":24,"column":13},"end":{"line":24,"column":null}}},"fnMap":{},"branchMap":{"0":{"loc":{"start":{"line":16,"column":14},"end":{"line":16,"column":48}},"type":"binary-expr","locations":[{"start":{"line":16,"column":14},"end":{"line":16,"column":36}},{"start":{"line":16,"column":40},"end":{"line":16,"column":48}}]}},"s":{"0":0,"1":0,"2":0,"3":0,"4":0,"5":0,"6":0,"7":0,"8":0,"9":0,"10":0,"11":0},"f":{},"b":{"0":[0,0]}}
,"/Users/adlljvd/Workspace/k-journal-api/src/auth/auth.service.ts": {"path":"/Users/adlljvd/Workspace/k-journal-api/src/auth/auth.service.ts","statementMap":{"0":{"start":{"line":1,"column":0},"end":{"line":1,"column":null}},"1":{"start":{"line":8,"column":0},"end":{"line":8,"column":41}},"2":{"start":{"line":9,"column":0},"end":{"line":9,"column":33}},"3":{"start":{"line":10,"column":0},"end":{"line":10,"column":37}},"4":{"start":{"line":11,"column":0},"end":{"line":11,"column":57}},"5":{"start":{"line":12,"column":0},"end":{"line":12,"column":65}},"6":{"start":{"line":13,"column":0},"end":{"line":13,"column":80}},"7":{"start":{"line":14,"column":0},"end":{"line":14,"column":null}},"8":{"start":{"line":18,"column":0},"end":{"line":18,"column":60}},"9":{"start":{"line":19,"column":0},"end":{"line":19,"column":49}},"10":{"start":{"line":46,"column":32},"end":{"line":46,"column":37}},"11":{"start":{"line":47,"column":35},"end":{"line":47,"column":36}},"12":{"start":{"line":48,"column":39},"end":{"line":48,"column":41}},"13":{"start":{"line":49,"column":37},"end":{"line":49,"column":39}},"14":{"start":{"line":52,"column":24},"end":{"line":400,"column":null}},"15":{"start":{"line":53,"column":28},"end":{"line":53,"column":56}},"16":{"start":{"line":56,"column":21},"end":{"line":56,"column":37}},"17":{"start":{"line":57,"column":21},"end":{"line":57,"column":40}},"18":{"start":{"line":58,"column":21},"end":{"line":58,"column":36}},"19":{"start":{"line":59,"column":21},"end":{"line":59,"column":33}},"20":{"start":{"line":71,"column":26},"end":{"line":71,"column":74}},"21":{"start":{"line":72,"column":4},"end":{"line":77,"column":5}},"22":{"start":{"line":73,"column":6},"end":{"line":76,"column":9}},"23":{"start":{"line":80,"column":29},"end":{"line":81,"column":null}},"24":{"start":{"line":83,"column":4},"end":{"line":88,"column":5}},"25":{"start":{"line":84,"column":6},"end":{"line":87,"column":9}},"26":{"start":{"line":91,"column":25},"end":{"line":96,"column":6}},"27":{"start":{"line":99,"column":17},"end":{"line":122,"column":6}},"28":{"start":{"line":101,"column":22},"end":{"line":109,"column":8}},"29":{"start":{"line":112,"column":6},"end":{"line":119,"column":9}},"30":{"start":{"line":121,"column":6},"end":{"line":121,"column":21}},"31":{"start":{"line":125,"column":28},"end":{"line":126,"column":null}},"32":{"start":{"line":130,"column":19},"end":{"line":134,"column":null}},"33":{"start":{"line":137,"column":4},"end":{"line":140,"column":6}},"34":{"start":{"line":150,"column":17},"end":{"line":150,"column":65}},"35":{"start":{"line":151,"column":4},"end":{"line":156,"column":5}},"36":{"start":{"line":152,"column":6},"end":{"line":155,"column":9}},"37":{"start":{"line":159,"column":28},"end":{"line":161,"column":null}},"38":{"start":{"line":163,"column":4},"end":{"line":168,"column":5}},"39":{"start":{"line":164,"column":6},"end":{"line":167,"column":9}},"40":{"start":{"line":171,"column":28},"end":{"line":172,"column":null}},"41":{"start":{"line":176,"column":19},"end":{"line":180,"column":null}},"42":{"start":{"line":183,"column":4},"end":{"line":186,"column":6}},"43":{"start":{"line":195,"column":22},"end":{"line":195,"column":56}},"44":{"start":{"line":198,"column":4},"end":{"line":200,"column":7}},"45":{"start":{"line":211,"column":22},"end":{"line":211,"column":60}},"46":{"start":{"line":214,"column":24},"end":{"line":217,"column":6}},"47":{"start":{"line":219,"column":4},"end":{"line":224,"column":5}},"48":{"start":{"line":220,"column":6},"end":{"line":223,"column":9}},"49":{"start":{"line":227,"column":4},"end":{"line":236,"column":5}},"50":{"start":{"line":229,"column":6},"end":{"line":231,"column":9}},"51":{"start":{"line":232,"column":6},"end":{"line":235,"column":9}},"52":{"start":{"line":239,"column":4},"end":{"line":241,"column":7}},"53":{"start":{"line":245,"column":21},"end":{"line":247,"column":null}},"54":{"start":{"line":249,"column":23},"end":{"line":249,"column":60}},"55":{"start":{"line":251,"column":4},"end":{"line":256,"column":6}},"56":{"start":{"line":267,"column":17},"end":{"line":267,"column":65}},"57":{"start":{"line":269,"column":4},"end":{"line":275,"column":5}},"58":{"start":{"line":271,"column":6},"end":{"line":274,"column":8}},"59":{"start":{"line":278,"column":23},"end":{"line":278,"column":54}},"60":{"start":{"line":279,"column":27},"end":{"line":279,"column":59}},"61":{"start":{"line":280,"column":22},"end":{"line":281,"column":null}},"62":{"start":{"line":304,"column":4},"end":{"line":306,"column":6}},"63":{"start":{"line":307,"column":4},"end":{"line":309,"column":6}},"64":{"start":{"line":311,"column":4},"end":{"line":314,"column":6}},"65":{"start":{"line":327,"column":4},"end":{"line":327,"column":43}},"66":{"start":{"line":336,"column":4},"end":{"line":339,"column":7}},"67":{"start":{"line":351,"column":34},"end":{"line":355,"column":6}},"68":{"start":{"line":358,"column":24},"end":{"line":360,"column":6}},"69":{"start":{"line":363,"column":24},"end":{"line":365,"column":34}},"70":{"start":{"line":366,"column":29},"end":{"line":367,"column":null}},"71":{"start":{"line":371,"column":25},"end":{"line":371,"column":56}},"72":{"start":{"line":372,"column":29},"end":{"line":372,"column":63}},"73":{"start":{"line":375,"column":4},"end":{"line":381,"column":7}},"74":{"start":{"line":383,"column":4},"end":{"line":386,"column":6}},"75":{"start":{"line":393,"column":4},"end":{"line":398,"column":7}},"76":{"start":{"line":52,"column":13},"end":{"line":52,"column":24}},"77":{"start":{"line":52,"column":13},"end":{"line":400,"column":null}}},"fnMap":{"0":{"name":"(anonymous_11)","decl":{"start":{"line":55,"column":2},"end":{"line":55,"column":null}},"loc":{"start":{"line":59,"column":43},"end":{"line":60,"column":6}}},"1":{"name":"(anonymous_12)","decl":{"start":{"line":69,"column":2},"end":{"line":69,"column":7}},"loc":{"start":{"line":69,"column":33},"end":{"line":141,"column":3}}},"2":{"name":"(anonymous_13)","decl":{"start":{"line":99,"column":55},"end":{"line":99,"column":60}},"loc":{"start":{"line":99,"column":68},"end":{"line":122,"column":5}}},"3":{"name":"(anonymous_14)","decl":{"start":{"line":148,"column":2},"end":{"line":148,"column":7}},"loc":{"start":{"line":148,"column":27},"end":{"line":187,"column":3}}},"4":{"name":"(anonymous_15)","decl":{"start":{"line":193,"column":2},"end":{"line":193,"column":7}},"loc":{"start":{"line":193,"column":35},"end":{"line":201,"column":3}}},"5":{"name":"(anonymous_16)","decl":{"start":{"line":209,"column":2},"end":{"line":209,"column":7}},"loc":{"start":{"line":209,"column":42},"end":{"line":257,"column":3}}},"6":{"name":"(anonymous_17)","decl":{"start":{"line":265,"column":2},"end":{"line":265,"column":7}},"loc":{"start":{"line":265,"column":45},"end":{"line":315,"column":3}}},"7":{"name":"(anonymous_18)","decl":{"start":{"line":322,"column":2},"end":{"line":322,"column":7}},"loc":{"start":{"line":322,"column":43},"end":{"line":340,"column":3}}},"8":{"name":"(anonymous_19)","decl":{"start":{"line":345,"column":10},"end":{"line":345,"column":15}},"loc":{"start":{"line":349,"column":23},"end":{"line":387,"column":3}}},"9":{"name":"(anonymous_20)","decl":{"start":{"line":392,"column":10},"end":{"line":392,"column":15}},"loc":{"start":{"line":392,"column":39},"end":{"line":399,"column":3}}}},"branchMap":{"0":{"loc":{"start":{"line":72,"column":4},"end":{"line":77,"column":5}},"type":"if","locations":[{"start":{"line":72,"column":4},"end":{"line":77,"column":5}},{"start":{},"end":{}}]},"1":{"loc":{"start":{"line":83,"column":4},"end":{"line":88,"column":5}},"type":"if","locations":[{"start":{"line":83,"column":4},"end":{"line":88,"column":5}},{"start":{},"end":{}}]},"2":{"loc":{"start":{"line":151,"column":4},"end":{"line":156,"column":5}},"type":"if","locations":[{"start":{"line":151,"column":4},"end":{"line":156,"column":5}},{"start":{},"end":{}}]},"3":{"loc":{"start":{"line":163,"column":4},"end":{"line":168,"column":5}},"type":"if","locations":[{"start":{"line":163,"column":4},"end":{"line":168,"column":5}},{"start":{},"end":{}}]},"4":{"loc":{"start":{"line":180,"column":6},"end":{"line":180,"column":29}},"type":"binary-expr","locations":[{"start":{"line":180,"column":6},"end":{"line":180,"column":20}},{"start":{"line":180,"column":24},"end":{"line":180,"column":29}}]},"5":{"loc":{"start":{"line":219,"column":4},"end":{"line":224,"column":5}},"type":"if","locations":[{"start":{"line":219,"column":4},"end":{"line":224,"column":5}},{"start":{},"end":{}}]},"6":{"loc":{"start":{"line":227,"column":4},"end":{"line":236,"column":5}},"type":"if","locations":[{"start":{"line":227,"column":4},"end":{"line":236,"column":5}},{"start":{},"end":{}}]},"7":{"loc":{"start":{"line":269,"column":4},"end":{"line":275,"column":5}},"type":"if","locations":[{"start":{"line":269,"column":4},"end":{"line":275,"column":5}},{"start":{},"end":{}}]},"8":{"loc":{"start":{"line":363,"column":24},"end":{"line":365,"column":34}},"type":"cond-expr","locations":[{"start":{"line":364,"column":8},"end":{"line":364,"column":38}},{"start":{"line":365,"column":8},"end":{"line":365,"column":34}}]},"9":{"loc":{"start":{"line":56,"column":37},"end":{"line":56,"column":null}},"type":"cond-expr","locations":[{"start":{"line":56,"column":51},"end":{"line":56,"column":null}},{"start":{"line":56,"column":51},"end":{"line":56,"column":null}}]},"10":{"loc":{"start":{"line":56,"column":37},"end":{"line":56,"column":51}},"type":"binary-expr","locations":[{"start":{"line":56,"column":37},"end":{"line":56,"column":null}},{"start":{"line":56,"column":37},"end":{"line":56,"column":51}}]},"11":{"loc":{"start":{"line":56,"column":51},"end":{"line":57,"column":null}},"type":"cond-expr","locations":[{"start":{"line":57,"column":61},"end":{"line":57,"column":null}},{"start":{"line":57,"column":61},"end":{"line":57,"column":null}}]},"12":{"loc":{"start":{"line":56,"column":51},"end":{"line":57,"column":61}},"type":"binary-expr","locations":[{"start":{"line":56,"column":51},"end":{"line":57,"column":null}},{"start":{"line":57,"column":40},"end":{"line":57,"column":61}}]},"13":{"loc":{"start":{"line":57,"column":61},"end":{"line":58,"column":null}},"type":"cond-expr","locations":[{"start":{"line":58,"column":49},"end":{"line":58,"column":null}},{"start":{"line":58,"column":49},"end":{"line":58,"column":null}}]},"14":{"loc":{"start":{"line":57,"column":61},"end":{"line":58,"column":49}},"type":"binary-expr","locations":[{"start":{"line":57,"column":61},"end":{"line":58,"column":null}},{"start":{"line":58,"column":36},"end":{"line":58,"column":49}}]},"15":{"loc":{"start":{"line":58,"column":49},"end":{"line":59,"column":null}},"type":"cond-expr","locations":[{"start":{"line":59,"column":43},"end":{"line":59,"column":null}},{"start":{"line":59,"column":43},"end":{"line":59,"column":null}}]},"16":{"loc":{"start":{"line":58,"column":49},"end":{"line":59,"column":43}},"type":"binary-expr","locations":[{"start":{"line":58,"column":49},"end":{"line":59,"column":null}},{"start":{"line":59,"column":33},"end":{"line":59,"column":43}}]}},"s":{"0":0,"1":0,"2":0,"3":0,"4":0,"5":0,"6":0,"7":0,"8":0,"9":0,"10":0,"11":0,"12":0,"13":0,"14":0,"15":0,"16":0,"17":0,"18":0,"19":0,"20":0,"21":0,"22":0,"23":0,"24":0,"25":0,"26":0,"27":0,"28":0,"29":0,"30":0,"31":0,"32":0,"33":0,"34":0,"35":0,"36":0,"37":0,"38":0,"39":0,"40":0,"41":0,"42":0,"43":0,"44":0,"45":0,"46":0,"47":0,"48":0,"49":0,"50":0,"51":0,"52":0,"53":0,"54":0,"55":0,"56":0,"57":0,"58":0,"59":0,"60":0,"61":0,"62":0,"63":0,"64":0,"65":0,"66":0,"67":0,"68":0,"69":0,"70":0,"71":0,"72":0,"73":0,"74":0,"75":0,"76":0,"77":0},"f":{"0":0,"1":0,"2":0,"3":0,"4":0,"5":0,"6":0,"7":0,"8":0,"9":0},"b":{"0":[0,0],"1":[0,0],"2":[0,0],"3":[0,0],"4":[0,0],"5":[0,0],"6":[0,0],"7":[0,0],"8":[0,0],"9":[0,0],"10":[0,0],"11":[0,0],"12":[0,0],"13":[0,0],"14":[0,0],"15":[0,0],"16":[0,0]}}
,"/Users/adlljvd/Workspace/k-journal-api/src/auth/decorators/index.ts": {"path":"/Users/adlljvd/Workspace/k-journal-api/src/auth/decorators/index.ts","statementMap":{"0":{"start":{"line":1,"column":0},"end":{"line":1,"column":34}},"1":{"start":{"line":2,"column":0},"end":{"line":2,"column":39}}},"fnMap":{},"branchMap":{},"s":{"0":0,"1":0},"f":{},"b":{}}
,"/Users/adlljvd/Workspace/k-journal-api/src/auth/decorators/rate-limit.decorator.ts": {"path":"/Users/adlljvd/Workspace/k-journal-api/src/auth/decorators/rate-limit.decorator.ts","statementMap":{"0":{"start":{"line":1,"column":0},"end":{"line":1,"column":45}},"1":{"start":{"line":4,"column":13},"end":{"line":4,"column":41}},"2":{"start":{"line":5,"column":25},"end":{"line":6,"column":50}},"3":{"start":{"line":6,"column":2},"end":{"line":6,"column":50}},"4":{"start":{"line":5,"column":13},"end":{"line":5,"column":25}}},"fnMap":{"0":{"name":"(anonymous_0)","decl":{"start":{"line":5,"column":25},"end":{"line":5,"column":26}},"loc":{"start":{"line":6,"column":2},"end":{"line":6,"column":50}}}},"branchMap":{},"s":{"0":0,"1":0,"2":0,"3":0,"4":0},"f":{"0":0},"b":{}}
,"/Users/adlljvd/Workspace/k-journal-api/src/auth/decorators/roles.decorator.ts": {"path":"/Users/adlljvd/Workspace/k-journal-api/src/auth/decorators/roles.decorator.ts","statementMap":{"0":{"start":{"line":1,"column":0},"end":{"line":1,"column":45}},"1":{"start":{"line":4,"column":13},"end":{"line":4,"column":33}},"2":{"start":{"line":5,"column":21},"end":{"line":5,"column":72}},"3":{"start":{"line":5,"column":43},"end":{"line":5,"column":72}},"4":{"start":{"line":5,"column":13},"end":{"line":5,"column":21}}},"fnMap":{"0":{"name":"(anonymous_0)","decl":{"start":{"line":5,"column":21},"end":{"line":5,"column":22}},"loc":{"start":{"line":5,"column":43},"end":{"line":5,"column":72}}}},"branchMap":{},"s":{"0":0,"1":0,"2":0,"3":0,"4":0},"f":{"0":0},"b":{}}
,"/Users/adlljvd/Workspace/k-journal-api/src/auth/dto/forgot-password.dto.ts": {"path":"/Users/adlljvd/Workspace/k-journal-api/src/auth/dto/forgot-password.dto.ts","statementMap":{"0":{"start":{"line":1,"column":0},"end":{"line":1,"column":46}},"1":{"start":{"line":2,"column":0},"end":{"line":2,"column":42}},"2":{"start":{"line":4,"column":0},"end":{"line":4,"column":13}},"3":{"start":{"line":7,"column":2},"end":{"line":7,"column":null}}},"fnMap":{},"branchMap":{},"s":{"0":0,"1":0,"2":0,"3":0},"f":{},"b":{}}
,"/Users/adlljvd/Workspace/k-journal-api/src/auth/dto/index.ts": {"path":"/Users/adlljvd/Workspace/k-journal-api/src/auth/dto/index.ts","statementMap":{"0":{"start":{"line":1,"column":0},"end":{"line":1,"column":31}},"1":{"start":{"line":2,"column":0},"end":{"line":2,"column":28}},"2":{"start":{"line":3,"column":0},"end":{"line":3,"column":36}},"3":{"start":{"line":4,"column":0},"end":{"line":4,"column":38}},"4":{"start":{"line":5,"column":0},"end":{"line":5,"column":37}}},"fnMap":{},"branchMap":{},"s":{"0":0,"1":0,"2":0,"3":0,"4":0},"f":{},"b":{}}
,"/Users/adlljvd/Workspace/k-journal-api/src/auth/dto/login.dto.ts": {"path":"/Users/adlljvd/Workspace/k-journal-api/src/auth/dto/login.dto.ts","statementMap":{"0":{"start":{"line":1,"column":0},"end":{"line":1,"column":67}},"1":{"start":{"line":2,"column":0},"end":{"line":2,"column":75}},"2":{"start":{"line":4,"column":0},"end":{"line":4,"column":13}},"3":{"start":{"line":7,"column":2},"end":{"line":7,"column":null}},"4":{"start":{"line":11,"column":2},"end":{"line":11,"column":null}},"5":{"start":{"line":19,"column":2},"end":{"line":19,"column":null}}},"fnMap":{},"branchMap":{},"s":{"0":0,"1":0,"2":0,"3":0,"4":0,"5":0},"f":{},"b":{}}
,"/Users/adlljvd/Workspace/k-journal-api/src/auth/dto/refresh-token.dto.ts": {"path":"/Users/adlljvd/Workspace/k-journal-api/src/auth/dto/refresh-token.dto.ts","statementMap":{"0":{"start":{"line":1,"column":0},"end":{"line":1,"column":46}},"1":{"start":{"line":2,"column":0},"end":{"line":2,"column":55}},"2":{"start":{"line":4,"column":0},"end":{"line":4,"column":13}},"3":{"start":{"line":8,"column":2},"end":{"line":8,"column":null}}},"fnMap":{},"branchMap":{},"s":{"0":0,"1":0,"2":0,"3":0},"f":{},"b":{}}
,"/Users/adlljvd/Workspace/k-journal-api/src/auth/dto/register.dto.ts": {"path":"/Users/adlljvd/Workspace/k-journal-api/src/auth/dto/register.dto.ts","statementMap":{"0":{"start":{"line":1,"column":0},"end":{"line":1,"column":46}},"1":{"start":{"line":2,"column":0},"end":{"line":2,"column":42}},"2":{"start":{"line":3,"column":0},"end":{"line":3,"column":75}},"3":{"start":{"line":4,"column":0},"end":{"line":4,"column":75}},"4":{"start":{"line":6,"column":0},"end":{"line":6,"column":13}},"5":{"start":{"line":9,"column":2},"end":{"line":9,"column":null}},"6":{"start":{"line":20,"column":2},"end":{"line":20,"column":null}},"7":{"start":{"line":27,"column":2},"end":{"line":27,"column":null}}},"fnMap":{},"branchMap":{},"s":{"0":0,"1":0,"2":0,"3":0,"4":0,"5":0,"6":0,"7":0},"f":{},"b":{}}
,"/Users/adlljvd/Workspace/k-journal-api/src/auth/dto/reset-password.dto.ts": {"path":"/Users/adlljvd/Workspace/k-journal-api/src/auth/dto/reset-password.dto.ts","statementMap":{"0":{"start":{"line":1,"column":0},"end":{"line":1,"column":46}},"1":{"start":{"line":2,"column":0},"end":{"line":2,"column":55}},"2":{"start":{"line":3,"column":0},"end":{"line":3,"column":75}},"3":{"start":{"line":5,"column":0},"end":{"line":5,"column":13}},"4":{"start":{"line":9,"column":2},"end":{"line":9,"column":null}},"5":{"start":{"line":16,"column":2},"end":{"line":16,"column":null}}},"fnMap":{},"branchMap":{},"s":{"0":0,"1":0,"2":0,"3":0,"4":0,"5":0},"f":{},"b":{}}
,"/Users/adlljvd/Workspace/k-journal-api/src/auth/guards/index.ts": {"path":"/Users/adlljvd/Workspace/k-journal-api/src/auth/guards/index.ts","statementMap":{"0":{"start":{"line":1,"column":0},"end":{"line":1,"column":30}},"1":{"start":{"line":2,"column":0},"end":{"line":2,"column":35}}},"fnMap":{},"branchMap":{},"s":{"0":0,"1":0},"f":{},"b":{}}
,"/Users/adlljvd/Workspace/k-journal-api/src/auth/guards/jwt-auth.guard.ts": {"path":"/Users/adlljvd/Workspace/k-journal-api/src/auth/guards/jwt-auth.guard.ts","statementMap":{"0":{"start":{"line":1,"column":0},"end":{"line":1,"column":67}},"1":{"start":{"line":2,"column":0},"end":{"line":2,"column":45}},"2":{"start":{"line":3,"column":0},"end":{"line":3,"column":63}},"3":{"start":{"line":6,"column":7},"end":{"line":22,"column":null}},"4":{"start":{"line":8,"column":4},"end":{"line":13,"column":5}},"5":{"start":{"line":9,"column":6},"end":{"line":12,"column":9}},"6":{"start":{"line":14,"column":4},"end":{"line":19,"column":5}},"7":{"start":{"line":15,"column":6},"end":{"line":18,"column":9}},"8":{"start":{"line":20,"column":4},"end":{"line":20,"column":16}},"9":{"start":{"line":6,"column":13},"end":{"line":6,"column":25}},"10":{"start":{"line":6,"column":13},"end":{"line":22,"column":null}}},"fnMap":{"0":{"name":"(anonymous_1)","decl":{"start":{"line":7,"column":2},"end":{"line":7,"column":15}},"loc":{"start":{"line":7,"column":63},"end":{"line":21,"column":3}}}},"branchMap":{"0":{"loc":{"start":{"line":8,"column":4},"end":{"line":13,"column":5}},"type":"if","locations":[{"start":{"line":8,"column":4},"end":{"line":13,"column":5}},{"start":{},"end":{}}]},"1":{"loc":{"start":{"line":8,"column":8},"end":{"line":8,"column":66}},"type":"binary-expr","locations":[{"start":{"line":8,"column":8},"end":{"line":8,"column":29}},{"start":{"line":8,"column":33},"end":{"line":8,"column":66}}]},"2":{"loc":{"start":{"line":14,"column":4},"end":{"line":19,"column":5}},"type":"if","locations":[{"start":{"line":14,"column":4},"end":{"line":19,"column":5}},{"start":{},"end":{}}]},"3":{"loc":{"start":{"line":14,"column":8},"end":{"line":14,"column":20}},"type":"binary-expr","locations":[{"start":{"line":14,"column":8},"end":{"line":14,"column":11}},{"start":{"line":14,"column":15},"end":{"line":14,"column":20}}]}},"s":{"0":0,"1":0,"2":0,"3":0,"4":0,"5":0,"6":0,"7":0,"8":0,"9":0,"10":0},"f":{"0":0},"b":{"0":[0,0],"1":[0,0],"2":[0,0],"3":[0,0]}}
,"/Users/adlljvd/Workspace/k-journal-api/src/auth/guards/optional-jwt-auth.guard.ts": {"path":"/Users/adlljvd/Workspace/k-journal-api/src/auth/guards/optional-jwt-auth.guard.ts","statementMap":{"0":{"start":{"line":1,"column":0},"end":{"line":1,"column":44}},"1":{"start":{"line":2,"column":0},"end":{"line":2,"column":45}},"2":{"start":{"line":5,"column":7},"end":{"line":9,"column":null}},"3":{"start":{"line":7,"column":4},"end":{"line":7,"column":16}},"4":{"start":{"line":5,"column":13},"end":{"line":5,"column":33}},"5":{"start":{"line":5,"column":13},"end":{"line":9,"column":null}}},"fnMap":{"0":{"name":"(anonymous_1)","decl":{"start":{"line":6,"column":2},"end":{"line":6,"column":15}},"loc":{"start":{"line":6,"column":49},"end":{"line":8,"column":3}}}},"branchMap":{},"s":{"0":0,"1":0,"2":0,"3":0,"4":0,"5":0},"f":{"0":0},"b":{}}
,"/Users/adlljvd/Workspace/k-journal-api/src/auth/guards/rate-limit.guard.ts": {"path":"/Users/adlljvd/Workspace/k-journal-api/src/auth/guards/rate-limit.guard.ts","statementMap":{"0":{"start":{"line":1,"column":0},"end":{"line":1,"column":44}},"1":{"start":{"line":2,"column":0},"end":{"line":2,"column":null}},"2":{"start":{"line":18,"column":7},"end":{"line":48,"column":null}},"3":{"start":{"line":23,"column":4},"end":{"line":23,"column":61}},"4":{"start":{"line":24,"column":4},"end":{"line":24,"column":79}},"5":{"start":{"line":29,"column":22},"end":{"line":29,"column":52}},"6":{"start":{"line":31,"column":6},"end":{"line":33,"column":71}},"7":{"start":{"line":34,"column":4},"end":{"line":34,"column":37}},"8":{"start":{"line":38,"column":20},"end":{"line":38,"column":64}},"9":{"start":{"line":39,"column":17},"end":{"line":39,"column":52}},"10":{"start":{"line":42,"column":4},"end":{"line":44,"column":5}},"11":{"start":{"line":43,"column":6},"end":{"line":43,"column":41}},"12":{"start":{"line":46,"column":4},"end":{"line":46,"column":40}},"13":{"start":{"line":18,"column":13},"end":{"line":18,"column":27}},"14":{"start":{"line":18,"column":13},"end":{"line":48,"column":null}}},"fnMap":{"0":{"name":"(anonymous_1)","decl":{"start":{"line":19,"column":12},"end":{"line":19,"column":17}},"loc":{"start":{"line":21,"column":46},"end":{"line":25,"column":3}}},"1":{"name":"(anonymous_2)","decl":{"start":{"line":27,"column":12},"end":{"line":27,"column":17}},"loc":{"start":{"line":27,"column":41},"end":{"line":35,"column":3}}},"2":{"name":"(anonymous_3)","decl":{"start":{"line":37,"column":12},"end":{"line":37,"column":17}},"loc":{"start":{"line":37,"column":54},"end":{"line":47,"column":3}}}},"branchMap":{"0":{"loc":{"start":{"line":31,"column":6},"end":{"line":33,"column":71}},"type":"cond-expr","locations":[{"start":{"line":32,"column":10},"end":{"line":32,"column":40}},{"start":{"line":33,"column":12},"end":{"line":33,"column":70}}]},"1":{"loc":{"start":{"line":33,"column":12},"end":{"line":33,"column":70}},"type":"binary-expr","locations":[{"start":{"line":33,"column":12},"end":{"line":33,"column":47}},{"start":{"line":33,"column":51},"end":{"line":33,"column":57}},{"start":{"line":33,"column":61},"end":{"line":33,"column":70}}]},"2":{"loc":{"start":{"line":42,"column":4},"end":{"line":44,"column":5}},"type":"if","locations":[{"start":{"line":42,"column":4},"end":{"line":44,"column":5}},{"start":{},"end":{}}]},"3":{"loc":{"start":{"line":42,"column":8},"end":{"line":42,"column":49}},"type":"binary-expr","locations":[{"start":{"line":42,"column":8},"end":{"line":42,"column":12}},{"start":{"line":42,"column":17},"end":{"line":42,"column":49}}]}},"s":{"0":0,"1":0,"2":0,"3":0,"4":0,"5":0,"6":0,"7":0,"8":0,"9":0,"10":0,"11":0,"12":0,"13":0,"14":0},"f":{"0":0,"1":0,"2":0},"b":{"0":[0,0],"1":[0,0,0],"2":[0,0],"3":[0,0]}}
,"/Users/adlljvd/Workspace/k-journal-api/src/auth/guards/roles.guard.ts": {"path":"/Users/adlljvd/Workspace/k-journal-api/src/auth/guards/roles.guard.ts","statementMap":{"0":{"start":{"line":1,"column":0},"end":{"line":1,"column":null}},"1":{"start":{"line":7,"column":0},"end":{"line":7,"column":41}},"2":{"start":{"line":9,"column":0},"end":{"line":9,"column":58}},"3":{"start":{"line":25,"column":7},"end":{"line":60,"column":null}},"4":{"start":{"line":26,"column":22},"end":{"line":26,"column":33}},"5":{"start":{"line":29,"column":26},"end":{"line":32,"column":6}},"6":{"start":{"line":35,"column":4},"end":{"line":37,"column":5}},"7":{"start":{"line":36,"column":6},"end":{"line":36,"column":18}},"8":{"start":{"line":39,"column":20},"end":{"line":39,"column":75}},"9":{"start":{"line":40,"column":17},"end":{"line":40,"column":29}},"10":{"start":{"line":42,"column":4},"end":{"line":47,"column":5}},"11":{"start":{"line":43,"column":6},"end":{"line":46,"column":9}},"12":{"start":{"line":49,"column":20},"end":{"line":49,"column":68}},"13":{"start":{"line":49,"column":49},"end":{"line":49,"column":67}},"14":{"start":{"line":51,"column":4},"end":{"line":56,"column":5}},"15":{"start":{"line":52,"column":6},"end":{"line":55,"column":9}},"16":{"start":{"line":58,"column":4},"end":{"line":58,"column":16}},"17":{"start":{"line":25,"column":13},"end":{"line":25,"column":23}},"18":{"start":{"line":25,"column":13},"end":{"line":60,"column":null}}},"fnMap":{"0":{"name":"(anonymous_2)","decl":{"start":{"line":26,"column":2},"end":{"line":26,"column":22}},"loc":{"start":{"line":26,"column":42},"end":{"line":26,"column":46}}},"1":{"name":"(anonymous_3)","decl":{"start":{"line":28,"column":2},"end":{"line":28,"column":13}},"loc":{"start":{"line":28,"column":39},"end":{"line":59,"column":3}}},"2":{"name":"(anonymous_4)","decl":{"start":{"line":49,"column":39},"end":{"line":49,"column":40}},"loc":{"start":{"line":49,"column":49},"end":{"line":49,"column":67}}}},"branchMap":{"0":{"loc":{"start":{"line":35,"column":4},"end":{"line":37,"column":5}},"type":"if","locations":[{"start":{"line":35,"column":4},"end":{"line":37,"column":5}},{"start":{},"end":{}}]},"1":{"loc":{"start":{"line":35,"column":8},"end":{"line":35,"column":52}},"type":"binary-expr","locations":[{"start":{"line":35,"column":8},"end":{"line":35,"column":22}},{"start":{"line":35,"column":26},"end":{"line":35,"column":52}}]},"2":{"loc":{"start":{"line":42,"column":4},"end":{"line":47,"column":5}},"type":"if","locations":[{"start":{"line":42,"column":4},"end":{"line":47,"column":5}},{"start":{},"end":{}}]},"3":{"loc":{"start":{"line":51,"column":4},"end":{"line":56,"column":5}},"type":"if","locations":[{"start":{"line":51,"column":4},"end":{"line":56,"column":5}},{"start":{},"end":{}}]},"4":{"loc":{"start":{"line":26,"column":33},"end":{"line":26,"column":45}},"type":"cond-expr","locations":[{"start":{"line":26,"column":42},"end":{"line":26,"column":45}},{"start":{"line":26,"column":42},"end":{"line":26,"column":45}}]},"5":{"loc":{"start":{"line":26,"column":33},"end":{"line":26,"column":42}},"type":"binary-expr","locations":[{"start":{"line":26,"column":33},"end":{"line":26,"column":45}},{"start":{"line":26,"column":33},"end":{"line":26,"column":42}}]}},"s":{"0":0,"1":0,"2":0,"3":0,"4":0,"5":0,"6":0,"7":0,"8":0,"9":0,"10":0,"11":0,"12":0,"13":0,"14":0,"15":0,"16":0,"17":0,"18":0},"f":{"0":0,"1":0,"2":0},"b":{"0":[0,0],"1":[0,0],"2":[0,0],"3":[0,0],"4":[0,0],"5":[0,0]}}
,"/Users/adlljvd/Workspace/k-journal-api/src/auth/strategies/jwt.strategy.ts": {"path":"/Users/adlljvd/Workspace/k-journal-api/src/auth/strategies/jwt.strategy.ts","statementMap":{"0":{"start":{"line":1,"column":0},"end":{"line":1,"column":44}},"1":{"start":{"line":2,"column":0},"end":{"line":2,"column":52}},"2":{"start":{"line":3,"column":0},"end":{"line":3,"column":52}},"3":{"start":{"line":12,"column":7},"end":{"line":28,"column":null}},"4":{"start":{"line":14,"column":4},"end":{"line":18,"column":7}},"5":{"start":{"line":22,"column":4},"end":{"line":26,"column":6}},"6":{"start":{"line":12,"column":13},"end":{"line":12,"column":24}},"7":{"start":{"line":12,"column":13},"end":{"line":28,"column":null}}},"fnMap":{"0":{"name":"(anonymous_2)","decl":{"start":{"line":13,"column":2},"end":{"line":13,"column":null}},"loc":{"start":{"line":13,"column":2},"end":{"line":19,"column":3}}},"1":{"name":"(anonymous_3)","decl":{"start":{"line":21,"column":2},"end":{"line":21,"column":10}},"loc":{"start":{"line":21,"column":30},"end":{"line":27,"column":3}}}},"branchMap":{"0":{"loc":{"start":{"line":17,"column":19},"end":{"line":17,"column":53}},"type":"binary-expr","locations":[{"start":{"line":17,"column":19},"end":{"line":17,"column":41}},{"start":{"line":17,"column":45},"end":{"line":17,"column":53}}]}},"s":{"0":0,"1":0,"2":0,"3":0,"4":0,"5":0,"6":0,"7":0},"f":{"0":0,"1":0},"b":{"0":[0,0]}}
,"/Users/adlljvd/Workspace/k-journal-api/src/common/decorators/index.ts": {"path":"/Users/adlljvd/Workspace/k-journal-api/src/common/decorators/index.ts","statementMap":{"0":{"start":{"line":1,"column":0},"end":{"line":1,"column":40}},"1":{"start":{"line":2,"column":0},"end":{"line":2,"column":40}},"2":{"start":{"line":3,"column":0},"end":{"line":3,"column":44}},"3":{"start":{"line":4,"column":0},"end":{"line":4,"column":38}}},"fnMap":{},"branchMap":{},"s":{"0":0,"1":0,"2":0,"3":0},"f":{},"b":{}}
,"/Users/adlljvd/Workspace/k-journal-api/src/common/decorators/is-optional-url.decorator.ts": {"path":"/Users/adlljvd/Workspace/k-journal-api/src/common/decorators/is-optional-url.decorator.ts","statementMap":{"0":{"start":{"line":8,"column":0},"end":{"line":8,"column":16}},"1":{"start":{"line":1,"column":0},"end":{"line":1,"column":71}},"2":{"start":{"line":11,"column":2},"end":{"line":37,"column":4}},"3":{"start":{"line":12,"column":4},"end":{"line":36,"column":7}},"4":{"start":{"line":19,"column":10},"end":{"line":21,"column":11}},"5":{"start":{"line":20,"column":12},"end":{"line":20,"column":24}},"6":{"start":{"line":22,"column":10},"end":{"line":24,"column":11}},"7":{"start":{"line":23,"column":12},"end":{"line":23,"column":25}},"8":{"start":{"line":25,"column":10},"end":{"line":30,"column":11}},"9":{"start":{"line":26,"column":24},"end":{"line":26,"column":38}},"10":{"start":{"line":27,"column":12},"end":{"line":27,"column":73}},"11":{"start":{"line":29,"column":12},"end":{"line":29,"column":25}},"12":{"start":{"line":33,"column":10},"end":{"line":33,"column":68}}},"fnMap":{"0":{"name":"IsOptionalUrl","decl":{"start":{"line":8,"column":16},"end":{"line":8,"column":29}},"loc":{"start":{"line":9,"column":39},"end":{"line":38,"column":1}}},"1":{"name":"(anonymous_1)","decl":{"start":{"line":11,"column":9},"end":{"line":11,"column":19}},"loc":{"start":{"line":11,"column":64},"end":{"line":37,"column":3}}},"2":{"name":"(anonymous_2)","decl":{"start":{"line":17,"column":8},"end":{"line":17,"column":16}},"loc":{"start":{"line":17,"column":31},"end":{"line":31,"column":9}}},"3":{"name":"(anonymous_3)","decl":{"start":{"line":32,"column":8},"end":{"line":32,"column":22}},"loc":{"start":{"line":32,"column":22},"end":{"line":34,"column":9}}}},"branchMap":{"0":{"loc":{"start":{"line":19,"column":10},"end":{"line":21,"column":11}},"type":"if","locations":[{"start":{"line":19,"column":10},"end":{"line":21,"column":11}},{"start":{},"end":{}}]},"1":{"loc":{"start":{"line":19,"column":14},"end":{"line":19,"column":67}},"type":"binary-expr","locations":[{"start":{"line":19,"column":14},"end":{"line":19,"column":28}},{"start":{"line":19,"column":32},"end":{"line":19,"column":51}},{"start":{"line":19,"column":55},"end":{"line":19,"column":67}}]},"2":{"loc":{"start":{"line":22,"column":10},"end":{"line":24,"column":11}},"type":"if","locations":[{"start":{"line":22,"column":10},"end":{"line":24,"column":11}},{"start":{},"end":{}}]},"3":{"loc":{"start":{"line":27,"column":19},"end":{"line":27,"column":72}},"type":"binary-expr","locations":[{"start":{"line":27,"column":19},"end":{"line":27,"column":43}},{"start":{"line":27,"column":47},"end":{"line":27,"column":72}}]}},"s":{"0":0,"1":0,"2":0,"3":0,"4":0,"5":0,"6":0,"7":0,"8":0,"9":0,"10":0,"11":0,"12":0},"f":{"0":0,"1":0,"2":0,"3":0},"b":{"0":[0,0],"1":[0,0,0],"2":[0,0],"3":[0,0]}}
,"/Users/adlljvd/Workspace/k-journal-api/src/common/decorators/is-password.decorator.ts": {"path":"/Users/adlljvd/Workspace/k-journal-api/src/common/decorators/is-password.decorator.ts","statementMap":{"0":{"start":{"line":8,"column":0},"end":{"line":8,"column":16}},"1":{"start":{"line":1,"column":0},"end":{"line":1,"column":71}},"2":{"start":{"line":11,"column":2},"end":{"line":29,"column":4}},"3":{"start":{"line":12,"column":4},"end":{"line":28,"column":7}},"4":{"start":{"line":18,"column":10},"end":{"line":20,"column":11}},"5":{"start":{"line":19,"column":12},"end":{"line":19,"column":25}},"6":{"start":{"line":22,"column":10},"end":{"line":22,"column":35}},"7":{"start":{"line":25,"column":10},"end":{"line":25,"column":63}}},"fnMap":{"0":{"name":"IsPassword","decl":{"start":{"line":8,"column":16},"end":{"line":8,"column":26}},"loc":{"start":{"line":9,"column":39},"end":{"line":30,"column":1}}},"1":{"name":"(anonymous_1)","decl":{"start":{"line":11,"column":9},"end":{"line":11,"column":19}},"loc":{"start":{"line":11,"column":64},"end":{"line":29,"column":3}}},"2":{"name":"(anonymous_2)","decl":{"start":{"line":17,"column":8},"end":{"line":17,"column":16}},"loc":{"start":{"line":17,"column":31},"end":{"line":23,"column":9}}},"3":{"name":"(anonymous_3)","decl":{"start":{"line":24,"column":8},"end":{"line":24,"column":22}},"loc":{"start":{"line":24,"column":22},"end":{"line":26,"column":9}}}},"branchMap":{"0":{"loc":{"start":{"line":18,"column":10},"end":{"line":20,"column":11}},"type":"if","locations":[{"start":{"line":18,"column":10},"end":{"line":20,"column":11}},{"start":{},"end":{}}]}},"s":{"0":0,"1":0,"2":0,"3":0,"4":0,"5":0,"6":0,"7":0},"f":{"0":0,"1":0,"2":0,"3":0},"b":{"0":[0,0]}}
,"/Users/adlljvd/Workspace/k-journal-api/src/common/decorators/is-rating.decorator.ts": {"path":"/Users/adlljvd/Workspace/k-journal-api/src/common/decorators/is-rating.decorator.ts","statementMap":{"0":{"start":{"line":8,"column":0},"end":{"line":8,"column":16}},"1":{"start":{"line":1,"column":0},"end":{"line":1,"column":71}},"2":{"start":{"line":11,"column":2},"end":{"line":39,"column":4}},"3":{"start":{"line":12,"column":4},"end":{"line":38,"column":7}},"4":{"start":{"line":19,"column":10},"end":{"line":21,"column":11}},"5":{"start":{"line":20,"column":12},"end":{"line":20,"column":24}},"6":{"start":{"line":22,"column":10},"end":{"line":24,"column":11}},"7":{"start":{"line":23,"column":12},"end":{"line":23,"column":25}},"8":{"start":{"line":26,"column":10},"end":{"line":28,"column":11}},"9":{"start":{"line":27,"column":12},"end":{"line":27,"column":25}},"10":{"start":{"line":31,"column":30},"end":{"line":31,"column":39}},"11":{"start":{"line":32,"column":10},"end":{"line":32,"column":72}},"12":{"start":{"line":35,"column":10},"end":{"line":35,"column":72}}},"fnMap":{"0":{"name":"IsRating","decl":{"start":{"line":8,"column":16},"end":{"line":8,"column":24}},"loc":{"start":{"line":9,"column":39},"end":{"line":40,"column":1}}},"1":{"name":"(anonymous_1)","decl":{"start":{"line":11,"column":9},"end":{"line":11,"column":19}},"loc":{"start":{"line":11,"column":64},"end":{"line":39,"column":3}}},"2":{"name":"(anonymous_2)","decl":{"start":{"line":17,"column":8},"end":{"line":17,"column":16}},"loc":{"start":{"line":17,"column":31},"end":{"line":33,"column":9}}},"3":{"name":"(anonymous_3)","decl":{"start":{"line":34,"column":8},"end":{"line":34,"column":22}},"loc":{"start":{"line":34,"column":22},"end":{"line":36,"column":9}}}},"branchMap":{"0":{"loc":{"start":{"line":19,"column":10},"end":{"line":21,"column":11}},"type":"if","locations":[{"start":{"line":19,"column":10},"end":{"line":21,"column":11}},{"start":{},"end":{}}]},"1":{"loc":{"start":{"line":19,"column":14},"end":{"line":19,"column":51}},"type":"binary-expr","locations":[{"start":{"line":19,"column":14},"end":{"line":19,"column":28}},{"start":{"line":19,"column":32},"end":{"line":19,"column":51}}]},"2":{"loc":{"start":{"line":22,"column":10},"end":{"line":24,"column":11}},"type":"if","locations":[{"start":{"line":22,"column":10},"end":{"line":24,"column":11}},{"start":{},"end":{}}]},"3":{"loc":{"start":{"line":26,"column":10},"end":{"line":28,"column":11}},"type":"if","locations":[{"start":{"line":26,"column":10},"end":{"line":28,"column":11}},{"start":{},"end":{}}]},"4":{"loc":{"start":{"line":26,"column":14},"end":{"line":26,"column":40}},"type":"binary-expr","locations":[{"start":{"line":26,"column":14},"end":{"line":26,"column":25}},{"start":{"line":26,"column":29},"end":{"line":26,"column":40}}]},"5":{"loc":{"start":{"line":32,"column":17},"end":{"line":32,"column":71}},"type":"binary-expr","locations":[{"start":{"line":32,"column":17},"end":{"line":32,"column":46}},{"start":{"line":32,"column":50},"end":{"line":32,"column":71}}]}},"s":{"0":0,"1":0,"2":0,"3":0,"4":0,"5":0,"6":0,"7":0,"8":0,"9":0,"10":0,"11":0,"12":0},"f":{"0":0,"1":0,"2":0,"3":0},"b":{"0":[0,0],"1":[0,0],"2":[0,0],"3":[0,0],"4":[0,0],"5":[0,0]}}
,"/Users/adlljvd/Workspace/k-journal-api/src/common/decorators/is-username.decorator.ts": {"path":"/Users/adlljvd/Workspace/k-journal-api/src/common/decorators/is-username.decorator.ts","statementMap":{"0":{"start":{"line":9,"column":0},"end":{"line":9,"column":16}},"1":{"start":{"line":1,"column":0},"end":{"line":1,"column":71}},"2":{"start":{"line":12,"column":2},"end":{"line":30,"column":4}},"3":{"start":{"line":13,"column":4},"end":{"line":29,"column":7}},"4":{"start":{"line":19,"column":10},"end":{"line":21,"column":11}},"5":{"start":{"line":20,"column":12},"end":{"line":20,"column":25}},"6":{"start":{"line":22,"column":32},"end":{"line":22,"column":62}},"7":{"start":{"line":23,"column":10},"end":{"line":23,"column":43}},"8":{"start":{"line":26,"column":10},"end":{"line":26,"column":125}}},"fnMap":{"0":{"name":"IsUsername","decl":{"start":{"line":9,"column":16},"end":{"line":9,"column":26}},"loc":{"start":{"line":10,"column":39},"end":{"line":31,"column":1}}},"1":{"name":"(anonymous_1)","decl":{"start":{"line":12,"column":9},"end":{"line":12,"column":19}},"loc":{"start":{"line":12,"column":64},"end":{"line":30,"column":3}}},"2":{"name":"(anonymous_2)","decl":{"start":{"line":18,"column":8},"end":{"line":18,"column":16}},"loc":{"start":{"line":18,"column":31},"end":{"line":24,"column":9}}},"3":{"name":"(anonymous_3)","decl":{"start":{"line":25,"column":8},"end":{"line":25,"column":22}},"loc":{"start":{"line":25,"column":22},"end":{"line":27,"column":9}}}},"branchMap":{"0":{"loc":{"start":{"line":19,"column":10},"end":{"line":21,"column":11}},"type":"if","locations":[{"start":{"line":19,"column":10},"end":{"line":21,"column":11}},{"start":{},"end":{}}]}},"s":{"0":0,"1":0,"2":0,"3":0,"4":0,"5":0,"6":0,"7":0,"8":0},"f":{"0":0,"1":0,"2":0,"3":0},"b":{"0":[0,0]}}
,"/Users/adlljvd/Workspace/k-journal-api/src/common/dto/api-response.dto.ts": {"path":"/Users/adlljvd/Workspace/k-journal-api/src/common/dto/api-response.dto.ts","statementMap":{"0":{"start":{"line":11,"column":4},"end":{"line":11,"column":27}},"1":{"start":{"line":12,"column":4},"end":{"line":12,"column":33}},"2":{"start":{"line":13,"column":4},"end":{"line":13,"column":21}},"3":{"start":{"line":14,"column":4},"end":{"line":14,"column":31}},"4":{"start":{"line":15,"column":4},"end":{"line":15,"column":46}},"5":{"start":{"line":3,"column":0},"end":{"line":3,"column":13}}},"fnMap":{"0":{"name":"(anonymous_0)","decl":{"start":{"line":10,"column":2},"end":{"line":10,"column":14}},"loc":{"start":{"line":10,"column":76},"end":{"line":16,"column":3}}}},"branchMap":{"0":{"loc":{"start":{"line":10,"column":62},"end":{"line":10,"column":76}},"type":"default-arg","locations":[{"start":{"line":10,"column":72},"end":{"line":10,"column":76}}]}},"s":{"0":0,"1":0,"2":0,"3":0,"4":0,"5":0},"f":{"0":0},"b":{"0":[0]}}
,"/Users/adlljvd/Workspace/k-journal-api/src/common/dto/error-response.dto.ts": {"path":"/Users/adlljvd/Workspace/k-journal-api/src/common/dto/error-response.dto.ts","statementMap":{"0":{"start":{"line":7,"column":4},"end":{"line":7,"column":21}},"1":{"start":{"line":8,"column":4},"end":{"line":8,"column":27}},"2":{"start":{"line":9,"column":4},"end":{"line":9,"column":27}},"3":{"start":{"line":1,"column":0},"end":{"line":1,"column":13}}},"fnMap":{"0":{"name":"(anonymous_0)","decl":{"start":{"line":6,"column":2},"end":{"line":6,"column":14}},"loc":{"start":{"line":6,"column":62},"end":{"line":10,"column":3}}}},"branchMap":{},"s":{"0":0,"1":0,"2":0,"3":0},"f":{"0":0},"b":{}}
,"/Users/adlljvd/Workspace/k-journal-api/src/common/dto/paginated-response.dto.ts": {"path":"/Users/adlljvd/Workspace/k-journal-api/src/common/dto/paginated-response.dto.ts","statementMap":{"0":{"start":{"line":13,"column":4},"end":{"line":13,"column":23}},"1":{"start":{"line":14,"column":4},"end":{"line":19,"column":6}},"2":{"start":{"line":3,"column":0},"end":{"line":3,"column":13}}},"fnMap":{"0":{"name":"(anonymous_0)","decl":{"start":{"line":12,"column":2},"end":{"line":12,"column":14}},"loc":{"start":{"line":12,"column":68},"end":{"line":20,"column":3}}}},"branchMap":{},"s":{"0":3,"1":3,"2":1},"f":{"0":3},"b":{}}
,"/Users/adlljvd/Workspace/k-journal-api/src/common/enums/content-type.enum.ts": {"path":"/Users/adlljvd/Workspace/k-journal-api/src/common/enums/content-type.enum.ts","statementMap":{"0":{"start":{"line":1,"column":0},"end":{"line":1,"column":null}},"1":{"start":{"line":2,"column":2},"end":{"line":2,"column":null}},"2":{"start":{"line":3,"column":2},"end":{"line":3,"column":null}}},"fnMap":{"0":{"name":"(anonymous_0)","decl":{"start":{"line":1,"column":0},"end":{"line":1,"column":12}},"loc":{"start":{"line":1,"column":23},"end":{"line":4,"column":1}}}},"branchMap":{"0":{"loc":{"start":{"line":1,"column":12},"end":{"line":1,"column":null}},"type":"binary-expr","locations":[{"start":{"line":1,"column":12},"end":{"line":1,"column":23}},{"start":{"line":1,"column":23},"end":{"line":1,"column":null}}]}},"s":{"0":1,"1":1,"2":1},"f":{"0":1},"b":{"0":[1,1]}}
,"/Users/adlljvd/Workspace/k-journal-api/src/common/enums/error-code.enum.ts": {"path":"/Users/adlljvd/Workspace/k-journal-api/src/common/enums/error-code.enum.ts","statementMap":{"0":{"start":{"line":1,"column":0},"end":{"line":1,"column":null}},"1":{"start":{"line":2,"column":2},"end":{"line":2,"column":null}},"2":{"start":{"line":3,"column":2},"end":{"line":3,"column":null}},"3":{"start":{"line":4,"column":2},"end":{"line":4,"column":null}},"4":{"start":{"line":5,"column":2},"end":{"line":5,"column":null}},"5":{"start":{"line":6,"column":2},"end":{"line":6,"column":null}},"6":{"start":{"line":7,"column":2},"end":{"line":7,"column":null}},"7":{"start":{"line":8,"column":2},"end":{"line":8,"column":null}},"8":{"start":{"line":9,"column":2},"end":{"line":9,"column":null}},"9":{"start":{"line":10,"column":2},"end":{"line":10,"column":null}},"10":{"start":{"line":11,"column":2},"end":{"line":11,"column":null}},"11":{"start":{"line":12,"column":2},"end":{"line":12,"column":null}},"12":{"start":{"line":13,"column":2},"end":{"line":13,"column":null}},"13":{"start":{"line":14,"column":2},"end":{"line":14,"column":null}},"14":{"start":{"line":15,"column":2},"end":{"line":15,"column":null}}},"fnMap":{"0":{"name":"(anonymous_0)","decl":{"start":{"line":1,"column":0},"end":{"line":1,"column":12}},"loc":{"start":{"line":1,"column":21},"end":{"line":16,"column":1}}}},"branchMap":{"0":{"loc":{"start":{"line":1,"column":12},"end":{"line":1,"column":null}},"type":"binary-expr","locations":[{"start":{"line":1,"column":12},"end":{"line":1,"column":21}},{"start":{"line":1,"column":21},"end":{"line":1,"column":null}}]}},"s":{"0":1,"1":1,"2":1,"3":1,"4":1,"5":1,"6":1,"7":1,"8":1,"9":1,"10":1,"11":1,"12":1,"13":1,"14":1},"f":{"0":1},"b":{"0":[1,1]}}
,"/Users/adlljvd/Workspace/k-journal-api/src/common/enums/request-status.enum.ts": {"path":"/Users/adlljvd/Workspace/k-journal-api/src/common/enums/request-status.enum.ts","statementMap":{"0":{"start":{"line":1,"column":0},"end":{"line":1,"column":null}},"1":{"start":{"line":2,"column":2},"end":{"line":2,"column":null}},"2":{"start":{"line":3,"column":2},"end":{"line":3,"column":null}},"3":{"start":{"line":4,"column":2},"end":{"line":4,"column":null}}},"fnMap":{"0":{"name":"(anonymous_0)","decl":{"start":{"line":1,"column":0},"end":{"line":1,"column":12}},"loc":{"start":{"line":1,"column":25},"end":{"line":5,"column":1}}}},"branchMap":{"0":{"loc":{"start":{"line":1,"column":12},"end":{"line":1,"column":null}},"type":"binary-expr","locations":[{"start":{"line":1,"column":12},"end":{"line":1,"column":25}},{"start":{"line":1,"column":25},"end":{"line":1,"column":null}}]}},"s":{"0":1,"1":1,"2":1,"3":1},"f":{"0":1},"b":{"0":[1,1]}}
,"/Users/adlljvd/Workspace/k-journal-api/src/common/enums/role.enum.ts": {"path":"/Users/adlljvd/Workspace/k-journal-api/src/common/enums/role.enum.ts","statementMap":{"0":{"start":{"line":4,"column":0},"end":{"line":4,"column":null}},"1":{"start":{"line":5,"column":2},"end":{"line":5,"column":null}},"2":{"start":{"line":6,"column":2},"end":{"line":6,"column":null}}},"fnMap":{"0":{"name":"(anonymous_0)","decl":{"start":{"line":4,"column":0},"end":{"line":4,"column":12}},"loc":{"start":{"line":4,"column":16},"end":{"line":7,"column":1}}}},"branchMap":{"0":{"loc":{"start":{"line":4,"column":12},"end":{"line":4,"column":null}},"type":"binary-expr","locations":[{"start":{"line":4,"column":12},"end":{"line":4,"column":16}},{"start":{"line":4,"column":16},"end":{"line":4,"column":null}}]}},"s":{"0":0,"1":0,"2":0},"f":{"0":0},"b":{"0":[0,0]}}
,"/Users/adlljvd/Workspace/k-journal-api/src/common/enums/watch-status.enum.ts": {"path":"/Users/adlljvd/Workspace/k-journal-api/src/common/enums/watch-status.enum.ts","statementMap":{"0":{"start":{"line":1,"column":0},"end":{"line":1,"column":null}},"1":{"start":{"line":2,"column":2},"end":{"line":2,"column":null}},"2":{"start":{"line":3,"column":2},"end":{"line":3,"column":null}},"3":{"start":{"line":4,"column":2},"end":{"line":4,"column":null}},"4":{"start":{"line":5,"column":2},"end":{"line":5,"column":null}}},"fnMap":{"0":{"name":"(anonymous_0)","decl":{"start":{"line":1,"column":0},"end":{"line":1,"column":12}},"loc":{"start":{"line":1,"column":23},"end":{"line":6,"column":1}}}},"branchMap":{"0":{"loc":{"start":{"line":1,"column":12},"end":{"line":1,"column":null}},"type":"binary-expr","locations":[{"start":{"line":1,"column":12},"end":{"line":1,"column":23}},{"start":{"line":1,"column":23},"end":{"line":1,"column":null}}]}},"s":{"0":0,"1":0,"2":0,"3":0,"4":0},"f":{"0":0},"b":{"0":[0,0]}}
,"/Users/adlljvd/Workspace/k-journal-api/src/common/filters/http-exception.filter.ts": {"path":"/Users/adlljvd/Workspace/k-journal-api/src/common/filters/http-exception.filter.ts","statementMap":{"0":{"start":{"line":1,"column":0},"end":{"line":1,"column":null}},"1":{"start":{"line":9,"column":0},"end":{"line":9,"column":61}},"2":{"start":{"line":10,"column":0},"end":{"line":10,"column":53}},"3":{"start":{"line":21,"column":32},"end":{"line":79,"column":null}},"4":{"start":{"line":22,"column":28},"end":{"line":22,"column":64}},"5":{"start":{"line":25,"column":16},"end":{"line":25,"column":35}},"6":{"start":{"line":26,"column":21},"end":{"line":26,"column":48}},"7":{"start":{"line":27,"column":20},"end":{"line":27,"column":45}},"8":{"start":{"line":29,"column":19},"end":{"line":29,"column":40}},"9":{"start":{"line":30,"column":30},"end":{"line":30,"column":53}},"10":{"start":{"line":32,"column":23},"end":{"line":32,"column":78}},"11":{"start":{"line":34,"column":28},"end":{"line":34,"column":55}},"12":{"start":{"line":35,"column":26},"end":{"line":35,"column":45}},"13":{"start":{"line":36,"column":27},"end":{"line":36,"column":36}},"14":{"start":{"line":38,"column":4},"end":{"line":51,"column":5}},"15":{"start":{"line":39,"column":19},"end":{"line":39,"column":63}},"16":{"start":{"line":40,"column":6},"end":{"line":42,"column":7}},"17":{"start":{"line":41,"column":8},"end":{"line":41,"column":40}},"18":{"start":{"line":43,"column":6},"end":{"line":47,"column":7}},"19":{"start":{"line":44,"column":8},"end":{"line":46,"column":37}},"20":{"start":{"line":48,"column":6},"end":{"line":50,"column":7}},"21":{"start":{"line":49,"column":8},"end":{"line":49,"column":31}},"22":{"start":{"line":53,"column":4},"end":{"line":59,"column":5}},"23":{"start":{"line":54,"column":6},"end":{"line":58,"column":7}},"24":{"start":{"line":55,"column":8},"end":{"line":55,"column":49}},"25":{"start":{"line":57,"column":8},"end":{"line":57,"column":49}},"26":{"start":{"line":61,"column":46},"end":{"line":67,"column":6}},"27":{"start":{"line":69,"column":4},"end":{"line":75,"column":7}},"28":{"start":{"line":77,"column":4},"end":{"line":77,"column":48}},"29":{"start":{"line":21,"column":13},"end":{"line":21,"column":32}},"30":{"start":{"line":21,"column":13},"end":{"line":79,"column":null}}},"fnMap":{"0":{"name":"(anonymous_1)","decl":{"start":{"line":24,"column":2},"end":{"line":24,"column":7}},"loc":{"start":{"line":24,"column":53},"end":{"line":78,"column":3}}}},"branchMap":{"0":{"loc":{"start":{"line":32,"column":23},"end":{"line":32,"column":78}},"type":"binary-expr","locations":[{"start":{"line":32,"column":23},"end":{"line":32,"column":65}},{"start":{"line":32,"column":69},"end":{"line":32,"column":78}}]},"1":{"loc":{"start":{"line":38,"column":4},"end":{"line":51,"column":5}},"type":"if","locations":[{"start":{"line":38,"column":4},"end":{"line":51,"column":5}},{"start":{},"end":{}}]},"2":{"loc":{"start":{"line":38,"column":8},"end":{"line":38,"column":75}},"type":"binary-expr","locations":[{"start":{"line":38,"column":8},"end":{"line":38,"column":45}},{"start":{"line":38,"column":49},"end":{"line":38,"column":75}}]},"3":{"loc":{"start":{"line":40,"column":6},"end":{"line":42,"column":7}},"type":"if","locations":[{"start":{"line":40,"column":6},"end":{"line":42,"column":7}},{"start":{},"end":{}}]},"4":{"loc":{"start":{"line":43,"column":6},"end":{"line":47,"column":7}},"type":"if","locations":[{"start":{"line":43,"column":6},"end":{"line":47,"column":7}},{"start":{},"end":{}}]},"5":{"loc":{"start":{"line":44,"column":18},"end":{"line":46,"column":36}},"type":"cond-expr","locations":[{"start":{"line":45,"column":13},"end":{"line":45,"column":49}},{"start":{"line":46,"column":13},"end":{"line":46,"column":36}}]},"6":{"loc":{"start":{"line":48,"column":6},"end":{"line":50,"column":7}},"type":"if","locations":[{"start":{"line":48,"column":6},"end":{"line":50,"column":7}},{"start":{},"end":{}}]},"7":{"loc":{"start":{"line":53,"column":4},"end":{"line":59,"column":5}},"type":"if","locations":[{"start":{"line":53,"column":4},"end":{"line":59,"column":5}},{"start":{},"end":{}}]},"8":{"loc":{"start":{"line":54,"column":6},"end":{"line":58,"column":7}},"type":"if","locations":[{"start":{"line":54,"column":6},"end":{"line":58,"column":7}},{"start":{"line":56,"column":13},"end":{"line":58,"column":7}}]}},"s":{"0":0,"1":0,"2":0,"3":0,"4":0,"5":0,"6":0,"7":0,"8":0,"9":0,"10":0,"11":0,"12":0,"13":0,"14":0,"15":0,"16":0,"17":0,"18":0,"19":0,"20":0,"21":0,"22":0,"23":0,"24":0,"25":0,"26":0,"27":0,"28":0,"29":0,"30":0},"f":{"0":0},"b":{"0":[0,0],"1":[0,0],"2":[0,0],"3":[0,0],"4":[0,0],"5":[0,0],"6":[0,0],"7":[0,0],"8":[0,0]}}
,"/Users/adlljvd/Workspace/k-journal-api/src/common/filters/prisma-exception.filter.ts": {"path":"/Users/adlljvd/Workspace/k-journal-api/src/common/filters/prisma-exception.filter.ts","statementMap":{"0":{"start":{"line":1,"column":0},"end":{"line":1,"column":null}},"1":{"start":{"line":9,"column":0},"end":{"line":9,"column":40}},"2":{"start":{"line":10,"column":0},"end":{"line":10,"column":61}},"3":{"start":{"line":11,"column":0},"end":{"line":11,"column":53}},"4":{"start":{"line":24,"column":4},"end":{"line":34,"column":2}},"5":{"start":{"line":37,"column":34},"end":{"line":108,"column":null}},"6":{"start":{"line":38,"column":28},"end":{"line":38,"column":66}},"7":{"start":{"line":44,"column":16},"end":{"line":44,"column":35}},"8":{"start":{"line":45,"column":21},"end":{"line":45,"column":48}},"9":{"start":{"line":46,"column":20},"end":{"line":46,"column":45}},"10":{"start":{"line":48,"column":23},"end":{"line":48,"column":78}},"11":{"start":{"line":49,"column":22},"end":{"line":49,"column":36}},"12":{"start":{"line":51,"column":20},"end":{"line":51,"column":51}},"13":{"start":{"line":55,"column":4},"end":{"line":104,"column":5}},"14":{"start":{"line":56,"column":20},"end":{"line":56,"column":51}},"15":{"start":{"line":57,"column":31},"end":{"line":57,"column":40}},"16":{"start":{"line":59,"column":6},"end":{"line":68,"column":7}},"17":{"start":{"line":60,"column":24},"end":{"line":60,"column":65}},"18":{"start":{"line":61,"column":8},"end":{"line":67,"column":9}},"19":{"start":{"line":62,"column":10},"end":{"line":62,"column":65}},"20":{"start":{"line":63,"column":15},"end":{"line":67,"column":9}},"21":{"start":{"line":64,"column":10},"end":{"line":64,"column":54}},"22":{"start":{"line":65,"column":15},"end":{"line":67,"column":9}},"23":{"start":{"line":66,"column":10},"end":{"line":66,"column":51}},"24":{"start":{"line":70,"column":6},"end":{"line":76,"column":8}},"25":{"start":{"line":78,"column":6},"end":{"line":84,"column":9}},"26":{"start":{"line":86,"column":6},"end":{"line":96,"column":8}},"27":{"start":{"line":98,"column":6},"end":{"line":103,"column":9}},"28":{"start":{"line":106,"column":4},"end":{"line":106,"column":66}},"29":{"start":{"line":37,"column":13},"end":{"line":37,"column":34}},"30":{"start":{"line":37,"column":13},"end":{"line":108,"column":null}}},"fnMap":{"0":{"name":"(anonymous_1)","decl":{"start":{"line":40,"column":2},"end":{"line":40,"column":7}},"loc":{"start":{"line":42,"column":23},"end":{"line":107,"column":3}}}},"branchMap":{"0":{"loc":{"start":{"line":48,"column":23},"end":{"line":48,"column":78}},"type":"binary-expr","locations":[{"start":{"line":48,"column":23},"end":{"line":48,"column":65}},{"start":{"line":48,"column":69},"end":{"line":48,"column":78}}]},"1":{"loc":{"start":{"line":55,"column":4},"end":{"line":104,"column":5}},"type":"if","locations":[{"start":{"line":55,"column":4},"end":{"line":104,"column":5}},{"start":{"line":85,"column":11},"end":{"line":104,"column":5}}]},"2":{"loc":{"start":{"line":59,"column":6},"end":{"line":68,"column":7}},"type":"if","locations":[{"start":{"line":59,"column":6},"end":{"line":68,"column":7}},{"start":{},"end":{}}]},"3":{"loc":{"start":{"line":60,"column":24},"end":{"line":60,"column":65}},"type":"binary-expr","locations":[{"start":{"line":60,"column":24},"end":{"line":60,"column":59}},{"start":{"line":60,"column":63},"end":{"line":60,"column":65}}]},"4":{"loc":{"start":{"line":61,"column":8},"end":{"line":67,"column":9}},"type":"if","locations":[{"start":{"line":61,"column":8},"end":{"line":67,"column":9}},{"start":{"line":63,"column":15},"end":{"line":67,"column":9}}]},"5":{"loc":{"start":{"line":63,"column":15},"end":{"line":67,"column":9}},"type":"if","locations":[{"start":{"line":63,"column":15},"end":{"line":67,"column":9}},{"start":{"line":65,"column":15},"end":{"line":67,"column":9}}]},"6":{"loc":{"start":{"line":65,"column":15},"end":{"line":67,"column":9}},"type":"if","locations":[{"start":{"line":65,"column":15},"end":{"line":67,"column":9}},{"start":{},"end":{}}]}},"s":{"0":0,"1":0,"2":0,"3":0,"4":0,"5":0,"6":0,"7":0,"8":0,"9":0,"10":0,"11":0,"12":0,"13":0,"14":0,"15":0,"16":0,"17":0,"18":0,"19":0,"20":0,"21":0,"22":0,"23":0,"24":0,"25":0,"26":0,"27":0,"28":0,"29":0,"30":0},"f":{"0":0},"b":{"0":[0,0],"1":[0,0],"2":[0,0],"3":[0,0],"4":[0,0],"5":[0,0],"6":[0,0]}}
,"/Users/adlljvd/Workspace/k-journal-api/src/common/filters/validation-exception.filter.ts": {"path":"/Users/adlljvd/Workspace/k-journal-api/src/common/filters/validation-exception.filter.ts","statementMap":{"0":{"start":{"line":1,"column":0},"end":{"line":1,"column":null}},"1":{"start":{"line":11,"column":0},"end":{"line":11,"column":61}},"2":{"start":{"line":12,"column":0},"end":{"line":12,"column":53}},"3":{"start":{"line":32,"column":37},"end":{"line":32,"column":39}},"4":{"start":{"line":34,"column":2},"end":{"line":46,"column":3}},"5":{"start":{"line":35,"column":4},"end":{"line":41,"column":5}},"6":{"start":{"line":36,"column":6},"end":{"line":40,"column":9}},"7":{"start":{"line":43,"column":4},"end":{"line":45,"column":5}},"8":{"start":{"line":44,"column":6},"end":{"line":44,"column":62}},"9":{"start":{"line":48,"column":2},"end":{"line":48,"column":16}},"10":{"start":{"line":52,"column":38},"end":{"line":102,"column":null}},"11":{"start":{"line":53,"column":28},"end":{"line":53,"column":70}},"12":{"start":{"line":56,"column":16},"end":{"line":56,"column":35}},"13":{"start":{"line":57,"column":21},"end":{"line":57,"column":48}},"14":{"start":{"line":58,"column":20},"end":{"line":58,"column":45}},"15":{"start":{"line":60,"column":23},"end":{"line":60,"column":78}},"16":{"start":{"line":61,"column":30},"end":{"line":61,"column":53}},"17":{"start":{"line":63,"column":47},"end":{"line":63,"column":49}},"18":{"start":{"line":64,"column":18},"end":{"line":64,"column":37}},"19":{"start":{"line":66,"column":4},"end":{"line":75,"column":5}},"20":{"start":{"line":67,"column":19},"end":{"line":67,"column":63}},"21":{"start":{"line":68,"column":6},"end":{"line":74,"column":7}},"22":{"start":{"line":69,"column":23},"end":{"line":69,"column":56}},"23":{"start":{"line":70,"column":8},"end":{"line":70,"column":59}},"24":{"start":{"line":71,"column":8},"end":{"line":71,"column":38}},"25":{"start":{"line":72,"column":13},"end":{"line":74,"column":7}},"26":{"start":{"line":73,"column":8},"end":{"line":73,"column":31}},"27":{"start":{"line":78,"column":6},"end":{"line":78,"column":64}},"28":{"start":{"line":80,"column":46},"end":{"line":90,"column":6}},"29":{"start":{"line":92,"column":4},"end":{"line":98,"column":7}},"30":{"start":{"line":100,"column":4},"end":{"line":100,"column":64}},"31":{"start":{"line":52,"column":13},"end":{"line":52,"column":38}},"32":{"start":{"line":52,"column":13},"end":{"line":102,"column":null}}},"fnMap":{"0":{"name":"flattenValidationErrors","decl":{"start":{"line":29,"column":9},"end":{"line":29,"column":32}},"loc":{"start":{"line":30,"column":27},"end":{"line":49,"column":1}}},"1":{"name":"(anonymous_2)","decl":{"start":{"line":55,"column":2},"end":{"line":55,"column":7}},"loc":{"start":{"line":55,"column":53},"end":{"line":101,"column":3}}}},"branchMap":{"0":{"loc":{"start":{"line":35,"column":4},"end":{"line":41,"column":5}},"type":"if","locations":[{"start":{"line":35,"column":4},"end":{"line":41,"column":5}},{"start":{},"end":{}}]},"1":{"loc":{"start":{"line":43,"column":4},"end":{"line":45,"column":5}},"type":"if","locations":[{"start":{"line":43,"column":4},"end":{"line":45,"column":5}},{"start":{},"end":{}}]},"2":{"loc":{"start":{"line":43,"column":8},"end":{"line":43,"column":51}},"type":"binary-expr","locations":[{"start":{"line":43,"column":8},"end":{"line":43,"column":22}},{"start":{"line":43,"column":26},"end":{"line":43,"column":51}}]},"3":{"loc":{"start":{"line":60,"column":23},"end":{"line":60,"column":78}},"type":"binary-expr","locations":[{"start":{"line":60,"column":23},"end":{"line":60,"column":65}},{"start":{"line":60,"column":69},"end":{"line":60,"column":78}}]},"4":{"loc":{"start":{"line":66,"column":4},"end":{"line":75,"column":5}},"type":"if","locations":[{"start":{"line":66,"column":4},"end":{"line":75,"column":5}},{"start":{},"end":{}}]},"5":{"loc":{"start":{"line":66,"column":8},"end":{"line":66,"column":75}},"type":"binary-expr","locations":[{"start":{"line":66,"column":8},"end":{"line":66,"column":45}},{"start":{"line":66,"column":49},"end":{"line":66,"column":75}}]},"6":{"loc":{"start":{"line":68,"column":6},"end":{"line":74,"column":7}},"type":"if","locations":[{"start":{"line":68,"column":6},"end":{"line":74,"column":7}},{"start":{"line":72,"column":13},"end":{"line":74,"column":7}}]},"7":{"loc":{"start":{"line":72,"column":13},"end":{"line":74,"column":7}},"type":"if","locations":[{"start":{"line":72,"column":13},"end":{"line":74,"column":7}},{"start":{},"end":{}}]},"8":{"loc":{"start":{"line":72,"column":17},"end":{"line":72,"column":65}},"type":"binary-expr","locations":[{"start":{"line":72,"column":17},"end":{"line":72,"column":29}},{"start":{"line":72,"column":33},"end":{"line":72,"column":65}}]},"9":{"loc":{"start":{"line":78,"column":6},"end":{"line":78,"column":64}},"type":"cond-expr","locations":[{"start":{"line":78,"column":36},"end":{"line":78,"column":52}},{"start":{"line":78,"column":55},"end":{"line":78,"column":64}}]}},"s":{"0":0,"1":0,"2":0,"3":0,"4":0,"5":0,"6":0,"7":0,"8":0,"9":0,"10":0,"11":0,"12":0,"13":0,"14":0,"15":0,"16":0,"17":0,"18":0,"19":0,"20":0,"21":0,"22":0,"23":0,"24":0,"25":0,"26":0,"27":0,"28":0,"29":0,"30":0,"31":0,"32":0},"f":{"0":0,"1":0},"b":{"0":[0,0],"1":[0,0],"2":[0,0],"3":[0,0],"4":[0,0],"5":[0,0],"6":[0,0],"7":[0,0],"8":[0,0],"9":[0,0]}}
,"/Users/adlljvd/Workspace/k-journal-api/src/common/interceptors/transform.interceptor.ts": {"path":"/Users/adlljvd/Workspace/k-journal-api/src/common/interceptors/transform.interceptor.ts","statementMap":{"0":{"start":{"line":1,"column":0},"end":{"line":1,"column":null}},"1":{"start":{"line":8,"column":0},"end":{"line":8,"column":37}},"2":{"start":{"line":9,"column":0},"end":{"line":9,"column":57}},"3":{"start":{"line":13,"column":7},"end":{"line":32,"column":null}},"4":{"start":{"line":21,"column":20},"end":{"line":21,"column":64}},"5":{"start":{"line":22,"column":21},"end":{"line":22,"column":67}},"6":{"start":{"line":23,"column":22},"end":{"line":23,"column":52}},"7":{"start":{"line":24,"column":23},"end":{"line":24,"column":42}},"8":{"start":{"line":26,"column":4},"end":{"line":30,"column":6}},"9":{"start":{"line":28,"column":8},"end":{"line":28,"column":63}},"10":{"start":{"line":13,"column":13},"end":{"line":13,"column":33}},"11":{"start":{"line":13,"column":13},"end":{"line":32,"column":null}}},"fnMap":{"0":{"name":"(anonymous_1)","decl":{"start":{"line":17,"column":2},"end":{"line":17,"column":11}},"loc":{"start":{"line":19,"column":21},"end":{"line":31,"column":3}}},"1":{"name":"(anonymous_2)","decl":{"start":{"line":27,"column":10},"end":{"line":27,"column":11}},"loc":{"start":{"line":27,"column":22},"end":{"line":29,"column":7}}}},"branchMap":{"0":{"loc":{"start":{"line":23,"column":22},"end":{"line":23,"column":52}},"type":"binary-expr","locations":[{"start":{"line":23,"column":22},"end":{"line":23,"column":39}},{"start":{"line":23,"column":43},"end":{"line":23,"column":52}}]}},"s":{"0":0,"1":0,"2":0,"3":0,"4":0,"5":0,"6":0,"7":0,"8":0,"9":0,"10":0,"11":0},"f":{"0":0,"1":0},"b":{"0":[0,0]}}
,"/Users/adlljvd/Workspace/k-journal-api/src/common/middleware/request-id.middleware.ts": {"path":"/Users/adlljvd/Workspace/k-journal-api/src/common/middleware/request-id.middleware.ts","statementMap":{"0":{"start":{"line":1,"column":0},"end":{"line":1,"column":60}},"1":{"start":{"line":3,"column":0},"end":{"line":3,"column":36}},"2":{"start":{"line":6,"column":7},"end":{"line":13,"column":null}},"3":{"start":{"line":8,"column":23},"end":{"line":8,"column":73}},"4":{"start":{"line":9,"column":4},"end":{"line":9,"column":30}},"5":{"start":{"line":10,"column":4},"end":{"line":10,"column":45}},"6":{"start":{"line":11,"column":4},"end":{"line":11,"column":11}},"7":{"start":{"line":6,"column":13},"end":{"line":6,"column":32}},"8":{"start":{"line":6,"column":13},"end":{"line":13,"column":null}}},"fnMap":{"0":{"name":"(anonymous_1)","decl":{"start":{"line":7,"column":2},"end":{"line":7,"column":5}},"loc":{"start":{"line":7,"column":53},"end":{"line":12,"column":3}}}},"branchMap":{"0":{"loc":{"start":{"line":8,"column":23},"end":{"line":8,"column":73}},"type":"binary-expr","locations":[{"start":{"line":8,"column":23},"end":{"line":8,"column":61}},{"start":{"line":8,"column":65},"end":{"line":8,"column":73}}]}},"s":{"0":0,"1":0,"2":0,"3":0,"4":0,"5":0,"6":0,"7":0,"8":0},"f":{"0":0},"b":{"0":[0,0]}}
,"/Users/adlljvd/Workspace/k-journal-api/src/common/pipes/validation.pipe.ts": {"path":"/Users/adlljvd/Workspace/k-journal-api/src/common/pipes/validation.pipe.ts","statementMap":{"0":{"start":{"line":1,"column":0},"end":{"line":1,"column":48}},"1":{"start":{"line":12,"column":36},"end":{"line":21,"column":4}},"2":{"start":{"line":13,"column":2},"end":{"line":21,"column":4}},"3":{"start":{"line":12,"column":13},"end":{"line":12,"column":36}}},"fnMap":{"0":{"name":"(anonymous_0)","decl":{"start":{"line":12,"column":36},"end":{"line":12,"column":39}},"loc":{"start":{"line":13,"column":2},"end":{"line":21,"column":4}}}},"branchMap":{},"s":{"0":0,"1":0,"2":0,"3":0},"f":{"0":0},"b":{}}
[...]
ne":82,"column":4},"end":{"line":84,"column":5}},{"start":{},"end":{}}]},"6":{"loc":{"start":{"line":90,"column":4},"end":{"line":95,"column":5}},"type":"if","locations":[{"start":{"line":90,"column":4},"end":{"line":95,"column":5}},{"start":{},"end":{}}]},"7":{"loc":{"start":{"line":108,"column":4},"end":{"line":110,"column":5}},"type":"if","locations":[{"start":{"line":108,"column":4},"end":{"line":110,"column":5}},{"start":{},"end":{}}]},"8":{"loc":{"start":{"line":116,"column":4},"end":{"line":118,"column":5}},"type":"if","locations":[{"start":{"line":116,"column":4},"end":{"line":118,"column":5}},{"start":{},"end":{}}]},"9":{"loc":{"start":{"line":121,"column":4},"end":{"line":126,"column":5}},"type":"if","locations":[{"start":{"line":121,"column":4},"end":{"line":126,"column":5}},{"start":{},"end":{}}]},"10":{"loc":{"start":{"line":121,"column":8},"end":{"line":121,"column":50}},"type":"binary-expr","locations":[{"start":{"line":121,"column":8},"end":{"line":121,"column":20}},{"start":{"line":121,"column":24},"end":{"line":121,"column":50}}]},"11":{"loc":{"start":{"line":138,"column":4},"end":{"line":140,"column":5}},"type":"if","locations":[{"start":{"line":138,"column":4},"end":{"line":140,"column":5}},{"start":{},"end":{}}]},"12":{"loc":{"start":{"line":146,"column":4},"end":{"line":148,"column":5}},"type":"if","locations":[{"start":{"line":146,"column":4},"end":{"line":148,"column":5}},{"start":{},"end":{}}]},"13":{"loc":{"start":{"line":175,"column":6},"end":{"line":178,"column":11}},"type":"cond-expr","locations":[{"start":{"line":176,"column":10},"end":{"line":177,"column":24}},{"start":{"line":178,"column":10},"end":{"line":178,"column":11}}]},"14":{"loc":{"start":{"line":19,"column":37},"end":{"line":19,"column":null}},"type":"cond-expr","locations":[{"start":{"line":19,"column":51},"end":{"line":19,"column":null}},{"start":{"line":19,"column":51},"end":{"line":19,"column":null}}]},"15":{"loc":{"start":{"line":19,"column":37},"end":{"line":19,"column":51}},"type":"binary-expr","locations":[{"start":{"line":19,"column":37},"end":{"line":19,"column":null}},{"start":{"line":19,"column":37},"end":{"line":19,"column":51}}]},"16":{"loc":{"start":{"line":19,"column":51},"end":{"line":20,"column":null}},"type":"cond-expr","locations":[{"start":{"line":20,"column":61},"end":{"line":20,"column":null}},{"start":{"line":20,"column":61},"end":{"line":20,"column":null}}]},"17":{"loc":{"start":{"line":19,"column":51},"end":{"line":20,"column":61}},"type":"binary-expr","locations":[{"start":{"line":19,"column":51},"end":{"line":20,"column":null}},{"start":{"line":20,"column":40},"end":{"line":20,"column":61}}]},"18":{"loc":{"start":{"line":20,"column":61},"end":{"line":21,"column":null}},"type":"cond-expr","locations":[{"start":{"line":21,"column":49},"end":{"line":21,"column":null}},{"start":{"line":21,"column":49},"end":{"line":21,"column":null}}]},"19":{"loc":{"start":{"line":20,"column":61},"end":{"line":21,"column":49}},"type":"binary-expr","locations":[{"start":{"line":20,"column":61},"end":{"line":21,"column":null}},{"start":{"line":21,"column":36},"end":{"line":21,"column":49}}]}},"s":{"0":0,"1":0,"2":0,"3":0,"4":0,"5":0,"6":0,"7":0,"8":0,"9":0,"10":0,"11":0,"12":0,"13":0,"14":0,"15":0,"16":0,"17":0,"18":0,"19":0,"20":0,"21":0,"22":0,"23":0,"24":0,"25":0,"26":0,"27":0,"28":0,"29":0,"30":0,"31":0,"32":0,"33":0,"34":0,"35":0,"36":0,"37":0,"38":0,"39":0,"40":0,"41":0,"42":0,"43":0,"44":0,"45":0,"46":0,"47":0,"48":0,"49":0,"50":0,"51":0,"52":0,"53":0,"54":0,"55":0,"56":0,"57":0,"58":0,"59":0,"60":0,"61":0},"f":{"0":0,"1":0,"2":0,"3":0,"4":0,"5":0,"6":0,"7":0},"b":{"0":[0,0],"1":[0,0],"2":[0,0],"3":[0,0],"4":[0,0],"5":[0,0],"6":[0,0],"7":[0,0],"8":[0,0],"9":[0,0],"10":[0,0],"11":[0,0],"12":[0,0],"13":[0,0],"14":[0,0],"15":[0,0],"16":[0,0],"17":[0,0],"18":[0,0],"19":[0,0]}}
,"/Users/adlljvd/Workspace/k-journal-api/src/modules/user/dto/change-email.dto.ts": {"path":"/Users/adlljvd/Workspace/k-journal-api/src/modules/user/dto/change-email.dto.ts","statementMap":{"0":{"start":{"line":1,"column":0},"end":{"line":1,"column":46}},"1":{"start":{"line":2,"column":0},"end":{"line":2,"column":42}},"2":{"start":{"line":3,"column":0},"end":{"line":3,"column":78}},"3":{"start":{"line":5,"column":0},"end":{"line":5,"column":13}},"4":{"start":{"line":8,"column":2},"end":{"line":8,"column":null}},"5":{"start":{"line":12,"column":2},"end":{"line":12,"column":null}}},"fnMap":{},"branchMap":{},"s":{"0":0,"1":0,"2":0,"3":0,"4":0,"5":0},"f":{},"b":{}}
,"/Users/adlljvd/Workspace/k-journal-api/src/modules/user/dto/change-password.dto.ts": {"path":"/Users/adlljvd/Workspace/k-journal-api/src/modules/user/dto/change-password.dto.ts","statementMap":{"0":{"start":{"line":1,"column":0},"end":{"line":1,"column":46}},"1":{"start":{"line":2,"column":0},"end":{"line":2,"column":78}},"2":{"start":{"line":4,"column":0},"end":{"line":4,"column":13}},"3":{"start":{"line":7,"column":2},"end":{"line":7,"column":null}},"4":{"start":{"line":11,"column":2},"end":{"line":11,"column":null}}},"fnMap":{},"branchMap":{},"s":{"0":0,"1":0,"2":0,"3":0,"4":0},"f":{},"b":{}}
,"/Users/adlljvd/Workspace/k-journal-api/src/modules/user/dto/delete-account.dto.ts": {"path":"/Users/adlljvd/Workspace/k-journal-api/src/modules/user/dto/delete-account.dto.ts","statementMap":{"0":{"start":{"line":1,"column":0},"end":{"line":1,"column":46}},"1":{"start":{"line":2,"column":0},"end":{"line":2,"column":78}},"2":{"start":{"line":4,"column":0},"end":{"line":4,"column":13}},"3":{"start":{"line":7,"column":2},"end":{"line":7,"column":null}}},"fnMap":{},"branchMap":{},"s":{"0":0,"1":0,"2":0,"3":0},"f":{},"b":{}}
,"/Users/adlljvd/Workspace/k-journal-api/src/modules/user/dto/index.ts": {"path":"/Users/adlljvd/Workspace/k-journal-api/src/modules/user/dto/index.ts","statementMap":{"0":{"start":{"line":1,"column":0},"end":{"line":1,"column":37}},"1":{"start":{"line":2,"column":0},"end":{"line":2,"column":38}},"2":{"start":{"line":3,"column":0},"end":{"line":3,"column":35}},"3":{"start":{"line":4,"column":0},"end":{"line":4,"column":37}}},"fnMap":{},"branchMap":{},"s":{"0":0,"1":0,"2":0,"3":0},"f":{},"b":{}}
,"/Users/adlljvd/Workspace/k-journal-api/src/modules/user/dto/update-profile.dto.ts": {"path":"/Users/adlljvd/Workspace/k-journal-api/src/modules/user/dto/update-profile.dto.ts","statementMap":{"0":{"start":{"line":1,"column":0},"end":{"line":1,"column":54}},"1":{"start":{"line":2,"column":0},"end":{"line":2,"column":null}},"2":{"start":{"line":9,"column":0},"end":{"line":9,"column":85}},"3":{"start":{"line":11,"column":0},"end":{"line":11,"column":13}},"4":{"start":{"line":15,"column":2},"end":{"line":15,"column":null}},"5":{"start":{"line":21,"column":2},"end":{"line":21,"column":null}},"6":{"start":{"line":30,"column":2},"end":{"line":30,"column":null}}},"fnMap":{},"branchMap":{},"s":{"0":0,"1":0,"2":0,"3":0,"4":0,"5":0,"6":0},"f":{},"b":{}}
,"/Users/adlljvd/Workspace/k-journal-api/src/modules/user/entities/index.ts": {"path":"/Users/adlljvd/Workspace/k-journal-api/src/modules/user/entities/index.ts","statementMap":{"0":{"start":{"line":1,"column":0},"end":{"line":1,"column":30}},"1":{"start":{"line":2,"column":0},"end":{"line":2,"column":38}},"2":{"start":{"line":4,"column":0},"end":{"line":4,"column":62}},"3":{"start":{"line":5,"column":0},"end":{"line":5,"column":null}},"4":{"start":{"line":10,"column":28},"end":{"line":12,"column":1}},"5":{"start":{"line":11,"column":2},"end":{"line":11,"column":36}},"6":{"start":{"line":10,"column":13},"end":{"line":10,"column":28}},"7":{"start":{"line":14,"column":35},"end":{"line":18,"column":1}},"8":{"start":{"line":17,"column":2},"end":{"line":17,"column":46}},"9":{"start":{"line":14,"column":13},"end":{"line":14,"column":35}}},"fnMap":{"0":{"name":"(anonymous_4)","decl":{"start":{"line":10,"column":28},"end":{"line":10,"column":29}},"loc":{"start":{"line":10,"column":74},"end":{"line":12,"column":1}}},"1":{"name":"(anonymous_5)","decl":{"start":{"line":14,"column":35},"end":{"line":14,"column":null}},"loc":{"start":{"line":16,"column":23},"end":{"line":18,"column":1}}}},"branchMap":{},"s":{"0":0,"1":0,"2":0,"3":0,"4":0,"5":0,"6":0,"7":0,"8":0,"9":0},"f":{"0":0,"1":0},"b":{}}
,"/Users/adlljvd/Workspace/k-journal-api/src/modules/user/entities/user-profile.entity.ts": {"path":"/Users/adlljvd/Workspace/k-journal-api/src/modules/user/entities/user-profile.entity.ts","statementMap":{"0":{"start":{"line":1,"column":0},"end":{"line":1,"column":67}},"1":{"start":{"line":3,"column":0},"end":{"line":3,"column":58}},"2":{"start":{"line":8,"column":7},"end":{"line":49,"column":null}},"3":{"start":{"line":43,"column":4},"end":{"line":47,"column":5}},"4":{"start":{"line":44,"column":44},"end":{"line":44,"column":51}},"5":{"start":{"line":45,"column":6},"end":{"line":45,"column":32}},"6":{"start":{"line":46,"column":6},"end":{"line":46,"column":66}},"7":{"start":{"line":8,"column":13},"end":{"line":8,"column":30}},"8":{"start":{"line":11,"column":2},"end":{"line":11,"column":null}},"9":{"start":{"line":18,"column":2},"end":{"line":18,"column":null}},"10":{"start":{"line":22,"column":2},"end":{"line":22,"column":null}},"11":{"start":{"line":30,"column":2},"end":{"line":30,"column":null}},"12":{"start":{"line":35,"column":2},"end":{"line":35,"column":null}},"13":{"start":{"line":34,"column":14},"end":{"line":34,"column":18}},"14":{"start":{"line":40,"column":2},"end":{"line":40,"column":null}},"15":{"start":{"line":39,"column":14},"end":{"line":39,"column":18}},"16":{"start":{"line":8,"column":13},"end":{"line":49,"column":null}}},"fnMap":{"0":{"name":"(anonymous_2)","decl":{"start":{"line":42,"column":2},"end":{"line":42,"column":14}},"loc":{"start":{"line":42,"column":56},"end":{"line":48,"column":3}}},"1":{"name":"(anonymous_3)","decl":{"start":{"line":34,"column":8},"end":{"line":34,"column":11}},"loc":{"start":{"line":34,"column":14},"end":{"line":34,"column":18}}},"2":{"name":"(anonymous_4)","decl":{"start":{"line":39,"column":8},"end":{"line":39,"column":11}},"loc":{"start":{"line":39,"column":14},"end":{"line":39,"column":18}}}},"branchMap":{"0":{"loc":{"start":{"line":43,"column":4},"end":{"line":47,"column":5}},"type":"if","locations":[{"start":{"line":43,"column":4},"end":{"line":47,"column":5}},{"start":{},"end":{}}]},"1":{"loc":{"start":{"line":35,"column":14},"end":{"line":35,"column":19}},"type":"cond-expr","locations":[{"start":{"line":35,"column":18},"end":{"line":35,"column":19}},{"start":{"line":35,"column":18},"end":{"line":35,"column":19}}]},"2":{"loc":{"start":{"line":35,"column":14},"end":{"line":35,"column":18}},"type":"binary-expr","locations":[{"start":{"line":35,"column":14},"end":{"line":35,"column":19}},{"start":{"line":35,"column":14},"end":{"line":35,"column":18}}]},"3":{"loc":{"start":{"line":40,"column":14},"end":{"line":40,"column":19}},"type":"cond-expr","locations":[{"start":{"line":40,"column":18},"end":{"line":40,"column":19}},{"start":{"line":40,"column":18},"end":{"line":40,"column":19}}]},"4":{"loc":{"start":{"line":40,"column":14},"end":{"line":40,"column":18}},"type":"binary-expr","locations":[{"start":{"line":40,"column":14},"end":{"line":40,"column":19}},{"start":{"line":40,"column":14},"end":{"line":40,"column":18}}]},"5":{"loc":{"start":{"line":42,"column":23},"end":{"line":42,"column":56}},"type":"cond-expr","locations":[{"start":{"line":42,"column":30},"end":{"line":42,"column":56}},{"start":{"line":42,"column":30},"end":{"line":42,"column":56}}]},"6":{"loc":{"start":{"line":42,"column":23},"end":{"line":42,"column":30}},"type":"binary-expr","locations":[{"start":{"line":42,"column":23},"end":{"line":42,"column":56}},{"start":{"line":42,"column":23},"end":{"line":42,"column":30}}]}},"s":{"0":0,"1":0,"2":0,"3":0,"4":0,"5":0,"6":0,"7":0,"8":0,"9":0,"10":0,"11":0,"12":0,"13":0,"14":0,"15":0,"16":0},"f":{"0":0,"1":0,"2":0},"b":{"0":[0,0],"1":[0,0],"2":[0,0],"3":[0,0],"4":[0,0],"5":[0,0],"6":[0,0]}}
,"/Users/adlljvd/Workspace/k-journal-api/src/modules/user/entities/user.entity.ts": {"path":"/Users/adlljvd/Workspace/k-journal-api/src/modules/user/entities/user.entity.ts","statementMap":{"0":{"start":{"line":1,"column":0},"end":{"line":1,"column":67}},"1":{"start":{"line":3,"column":0},"end":{"line":3,"column":58}},"2":{"start":{"line":4,"column":0},"end":{"line":4,"column":55}},"3":{"start":{"line":5,"column":0},"end":{"line":5,"column":58}},"4":{"start":{"line":12,"column":7},"end":{"line":56,"column":null}},"5":{"start":{"line":48,"column":4},"end":{"line":54,"column":5}},"6":{"start":{"line":49,"column":35},"end":{"line":49,"column":42}},"7":{"start":{"line":50,"column":6},"end":{"line":50,"column":32}},"8":{"start":{"line":51,"column":6},"end":{"line":53,"column":7}},"9":{"start":{"line":52,"column":8},"end":{"line":52,"column":54}},"10":{"start":{"line":12,"column":13},"end":{"line":12,"column":23}},"11":{"start":{"line":15,"column":2},"end":{"line":15,"column":null}},"12":{"start":{"line":19,"column":2},"end":{"line":19,"column":null}},"13":{"start":{"line":23,"column":2},"end":{"line":23,"column":null}},"14":{"start":{"line":26,"column":2},"end":{"line":26,"column":null}},"15":{"start":{"line":30,"column":2},"end":{"line":30,"column":null}},"16":{"start":{"line":35,"column":2},"end":{"line":35,"column":null}},"17":{"start":{"line":32,"column":37},"end":{"line":32,"column":54}},"18":{"start":{"line":34,"column":14},"end":{"line":34,"column":31}},"19":{"start":{"line":40,"column":2},"end":{"line":40,"column":null}},"20":{"start":{"line":39,"column":14},"end":{"line":39,"column":18}},"21":{"start":{"line":45,"column":2},"end":{"line":45,"column":null}},"22":{"start":{"line":44,"column":14},"end":{"line":44,"column":18}},"23":{"start":{"line":12,"column":13},"end":{"line":56,"column":null}}},"fnMap":{"0":{"name":"(anonymous_2)","decl":{"start":{"line":47,"column":2},"end":{"line":47,"column":14}},"loc":{"start":{"line":47,"column":49},"end":{"line":55,"column":3}}},"1":{"name":"(anonymous_3)","decl":{"start":{"line":32,"column":31},"end":{"line":32,"column":34}},"loc":{"start":{"line":32,"column":37},"end":{"line":32,"column":54}}},"2":{"name":"(anonymous_4)","decl":{"start":{"line":34,"column":8},"end":{"line":34,"column":11}},"loc":{"start":{"line":34,"column":14},"end":{"line":34,"column":31}}},"3":{"name":"(anonymous_5)","decl":{"start":{"line":39,"column":8},"end":{"line":39,"column":11}},"loc":{"start":{"line":39,"column":14},"end":{"line":39,"column":18}}},"4":{"name":"(anonymous_6)","decl":{"start":{"line":44,"column":8},"end":{"line":44,"column":11}},"loc":{"start":{"line":44,"column":14},"end":{"line":44,"column":18}}}},"branchMap":{"0":{"loc":{"start":{"line":48,"column":4},"end":{"line":54,"column":5}},"type":"if","locations":[{"start":{"line":48,"column":4},"end":{"line":54,"column":5}},{"start":{},"end":{}}]},"1":{"loc":{"start":{"line":51,"column":6},"end":{"line":53,"column":7}},"type":"if","locations":[{"start":{"line":51,"column":6},"end":{"line":53,"column":7}},{"start":{},"end":{}}]},"2":{"loc":{"start":{"line":30,"column":9},"end":{"line":30,"column":14}},"type":"cond-expr","locations":[{"start":{"line":30,"column":13},"end":{"line":30,"column":14}},{"start":{"line":30,"column":13},"end":{"line":30,"column":14}}]},"3":{"loc":{"start":{"line":30,"column":9},"end":{"line":30,"column":13}},"type":"binary-expr","locations":[{"start":{"line":30,"column":9},"end":{"line":30,"column":14}},{"start":{"line":30,"column":9},"end":{"line":30,"column":13}}]},"4":{"loc":{"start":{"line":35,"column":12},"end":{"line":35,"column":30}},"type":"cond-expr","locations":[{"start":{"line":35,"column":29},"end":{"line":35,"column":30}},{"start":{"line":35,"column":29},"end":{"line":35,"column":30}}]},"5":{"loc":{"start":{"line":35,"column":12},"end":{"line":35,"column":29}},"type":"binary-expr","locations":[{"start":{"line":35,"column":12},"end":{"line":35,"column":30}},{"start":{"line":35,"column":12},"end":{"line":35,"column":29}}]},"6":{"loc":{"start":{"line":40,"column":14},"end":{"line":40,"column":19}},"type":"cond-expr","locations":[{"start":{"line":40,"column":18},"end":{"line":40,"column":19}},{"start":{"line":40,"column":18},"end":{"line":40,"column":19}}]},"7":{"loc":{"start":{"line":40,"column":14},"end":{"line":40,"column":18}},"type":"binary-expr","locations":[{"start":{"line":40,"column":14},"end":{"line":40,"column":19}},{"start":{"line":40,"column":14},"end":{"line":40,"column":18}}]},"8":{"loc":{"start":{"line":45,"column":14},"end":{"line":45,"column":19}},"type":"cond-expr","locations":[{"start":{"line":45,"column":18},"end":{"line":45,"column":19}},{"start":{"line":45,"column":18},"end":{"line":45,"column":19}}]},"9":{"loc":{"start":{"line":45,"column":14},"end":{"line":45,"column":18}},"type":"binary-expr","locations":[{"start":{"line":45,"column":14},"end":{"line":45,"column":19}},{"start":{"line":45,"column":14},"end":{"line":45,"column":18}}]},"10":{"loc":{"start":{"line":47,"column":23},"end":{"line":47,"column":49}},"type":"cond-expr","locations":[{"start":{"line":47,"column":30},"end":{"line":47,"column":49}},{"start":{"line":47,"column":30},"end":{"line":47,"column":49}}]},"11":{"loc":{"start":{"line":47,"column":23},"end":{"line":47,"column":30}},"type":"binary-expr","locations":[{"start":{"line":47,"column":23},"end":{"line":47,"column":49}},{"start":{"line":47,"column":23},"end":{"line":47,"column":30}}]}},"s":{"0":0,"1":0,"2":0,"3":0,"4":0,"5":0,"6":0,"7":0,"8":0,"9":0,"10":0,"11":0,"12":0,"13":0,"14":0,"15":0,"16":0,"17":0,"18":0,"19":0,"20":0,"21":0,"22":0,"23":0},"f":{"0":0,"1":0,"2":0,"3":0,"4":0},"b":{"0":[0,0],"1":[0,0],"2":[0,0],"3":[0,0],"4":[0,0],"5":[0,0],"6":[0,0],"7":[0,0],"8":[0,0],"9":[0,0],"10":[0,0],"11":[0,0]}}
,"/Users/adlljvd/Workspace/k-journal-api/src/prisma/prisma.module.ts": {"path":"/Users/adlljvd/Workspace/k-journal-api/src/prisma/prisma.module.ts","statementMap":{"0":{"start":{"line":1,"column":0},"end":{"line":1,"column":48}},"1":{"start":{"line":2,"column":0},"end":{"line":2,"column":49}},"2":{"start":{"line":9,"column":7},"end":{"line":9,"column":null}},"3":{"start":{"line":9,"column":13},"end":{"line":9,"column":25}},"4":{"start":{"line":9,"column":13},"end":{"line":9,"column":null}}},"fnMap":{},"branchMap":{},"s":{"0":0,"1":0,"2":0,"3":0,"4":0},"f":{},"b":{}}
,"/Users/adlljvd/Workspace/k-journal-api/src/prisma/prisma.service.ts": {"path":"/Users/adlljvd/Workspace/k-journal-api/src/prisma/prisma.service.ts","statementMap":{"0":{"start":{"line":1,"column":0},"end":{"line":1,"column":null}},"1":{"start":{"line":7,"column":0},"end":{"line":7,"column":46}},"2":{"start":{"line":10,"column":26},"end":{"line":30,"column":null}},"3":{"start":{"line":14,"column":28},"end":{"line":14,"column":58}},"4":{"start":{"line":17,"column":4},"end":{"line":23,"column":5}},"5":{"start":{"line":18,"column":6},"end":{"line":18,"column":28}},"6":{"start":{"line":19,"column":6},"end":{"line":19,"column":64}},"7":{"start":{"line":21,"column":6},"end":{"line":21,"column":68}},"8":{"start":{"line":22,"column":6},"end":{"line":22,"column":22}},"9":{"start":{"line":27,"column":4},"end":{"line":27,"column":29}},"10":{"start":{"line":28,"column":4},"end":{"line":28,"column":67}},"11":{"start":{"line":10,"column":13},"end":{"line":10,"column":26}},"12":{"start":{"line":10,"column":13},"end":{"line":30,"column":null}}},"fnMap":{"0":{"name":"(anonymous_1)","decl":{"start":{"line":16,"column":2},"end":{"line":16,"column":7}},"loc":{"start":{"line":16,"column":20},"end":{"line":24,"column":3}}},"1":{"name":"(anonymous_2)","decl":{"start":{"line":26,"column":2},"end":{"line":26,"column":7}},"loc":{"start":{"line":26,"column":23},"end":{"line":29,"column":3}}}},"branchMap":{},"s":{"0":1,"1":1,"2":1,"3":0,"4":0,"5":0,"6":0,"7":0,"8":0,"9":0,"10":0,"11":1,"12":1},"f":{"0":0,"1":0},"b":{}}
,"/Users/adlljvd/Workspace/k-journal-api/src/types/express.d.ts": {"path":"/Users/adlljvd/Workspace/k-journal-api/src/types/express.d.ts","statementMap":{},"fnMap":{},"branchMap":{},"s":{},"f":{},"b":{}}
}
