<?xml version="1.0" encoding="UTF-8"?>
<coverage generated="1777455323737" clover="3.2.0">
  <project timestamp="1777455323737" name="All files">
    <metrics statements="1510" coveredstatements="1438" conditionals="942" coveredconditionals="758" methods="319" coveredmethods="271" elements="2771" coveredelements="2467" complexity="0" loc="1510" ncloc="1510" packages="33" files="84" classes="84"/>
    <package name="src">
      <metrics statements="9" coveredstatements="9" conditionals="4" coveredconditionals="3" methods="3" coveredmethods="3"/>
      <file name="app.controller.ts" path="/Users/adlljvd/Workspace/k-journal-api/src/app.controller.ts">
        <metrics statements="6" coveredstatements="6" conditionals="4" coveredconditionals="3" methods="2" coveredmethods="2"/>
        <line num="1" count="1" type="stmt"/>
        <line num="2" count="1" type="stmt"/>
        <line num="5" count="1" type="stmt"/>
        <line num="6" count="1" type="cond" truecount="3" falsecount="1"/>
        <line num="9" count="1" type="stmt"/>
        <line num="10" count="1" type="stmt"/>
      </file>
      <file name="app.service.ts" path="/Users/adlljvd/Workspace/k-journal-api/src/app.service.ts">
        <metrics statements="3" coveredstatements="3" conditionals="0" coveredconditionals="0" methods="1" coveredmethods="1"/>
        <line num="1" count="1" type="stmt"/>
        <line num="4" count="1" type="stmt"/>
        <line num="6" count="1" type="stmt"/>
      </file>
    </package>
    <package name="src.auth">
      <metrics statements="100" coveredstatements="100" conditionals="60" coveredconditionals="50" methods="17" coveredmethods="17"/>
      <file name="auth.controller.ts" path="/Users/adlljvd/Workspace/k-journal-api/src/auth/auth.controller.ts">
        <metrics statements="24" coveredstatements="24" conditionals="26" coveredconditionals="20" methods="7" coveredmethods="7"/>
        <line num="1" count="1" type="stmt"/>
        <line num="9" count="1" type="stmt"/>
        <line num="15" count="1" type="stmt"/>
        <line num="16" count="1" type="stmt"/>
        <line num="17" count="1" type="stmt"/>
        <line num="27" count="1" type="stmt"/>
        <line num="28" count="11" type="cond" truecount="3" falsecount="1"/>
        <line num="35" count="1" type="cond" truecount="3" falsecount="1"/>
        <line num="36" count="2" type="stmt"/>
        <line num="37" count="2" type="stmt"/>
        <line num="50" count="1" type="cond" truecount="3" falsecount="1"/>
        <line num="51" count="2" type="stmt"/>
        <line num="52" count="2" type="stmt"/>
        <line num="66" count="1" type="stmt"/>
        <line num="68" count="3" type="cond" truecount="2" falsecount="0"/>
        <line num="69" count="1" type="stmt"/>
        <line num="71" count="3" type="stmt"/>
        <line num="79" count="1" type="cond" truecount="3" falsecount="1"/>
        <line num="80" count="1" type="stmt"/>
        <line num="81" count="1" type="stmt"/>
        <line num="91" count="1" type="cond" truecount="3" falsecount="1"/>
        <line num="92" count="2" type="stmt"/>
        <line num="100" count="1" type="cond" truecount="3" falsecount="1"/>
        <line num="101" count="1" type="stmt"/>
      </file>
      <file name="auth.service.ts" path="/Users/adlljvd/Workspace/k-journal-api/src/auth/auth.service.ts">
        <metrics statements="76" coveredstatements="76" conditionals="34" coveredconditionals="30" methods="10" coveredmethods="10"/>
        <line num="1" count="2" type="stmt"/>
        <line num="8" count="2" type="stmt"/>
        <line num="9" count="2" type="stmt"/>
        <line num="10" count="2" type="stmt"/>
        <line num="11" count="2" type="stmt"/>
        <line num="12" count="2" type="stmt"/>
        <line num="13" count="2" type="stmt"/>
        <line num="14" count="2" type="stmt"/>
        <line num="18" count="2" type="stmt"/>
        <line num="19" count="2" type="stmt"/>
        <line num="46" count="2" type="stmt"/>
        <line num="47" count="2" type="stmt"/>
        <line num="48" count="2" type="stmt"/>
        <line num="49" count="2" type="stmt"/>
        <line num="52" count="2" type="stmt"/>
        <line num="53" count="23" type="stmt"/>
        <line num="56" count="23" type="cond" truecount="6" falsecount="2"/>
        <line num="57" count="23" type="cond" truecount="3" falsecount="1"/>
        <line num="58" count="23" type="cond" truecount="3" falsecount="1"/>
        <line num="59" count="23" type="stmt"/>
        <line num="71" count="8" type="stmt"/>
        <line num="72" count="8" type="cond" truecount="2" falsecount="0"/>
        <line num="73" count="2" type="stmt"/>
        <line num="80" count="6" type="stmt"/>
        <line num="83" count="6" type="cond" truecount="2" falsecount="0"/>
        <line num="84" count="2" type="stmt"/>
        <line num="91" count="4" type="stmt"/>
        <line num="99" count="4" type="stmt"/>
        <line num="101" count="4" type="stmt"/>
        <line num="112" count="4" type="stmt"/>
        <line num="121" count="4" type="stmt"/>
        <line num="125" count="4" type="stmt"/>
        <line num="130" count="4" type="stmt"/>
        <line num="137" count="4" type="stmt"/>
        <line num="150" count="8" type="stmt"/>
        <line num="151" count="8" type="cond" truecount="2" falsecount="0"/>
        <line num="152" count="2" type="stmt"/>
        <line num="159" count="6" type="stmt"/>
        <line num="163" count="6" type="cond" truecount="2" falsecount="0"/>
        <line num="164" count="2" type="stmt"/>
        <line num="171" count="4" type="stmt"/>
        <line num="176" count="4" type="stmt"/>
        <line num="183" count="4" type="stmt"/>
        <line num="195" count="1" type="stmt"/>
        <line num="198" count="1" type="stmt"/>
        <line num="211" count="6" type="stmt"/>
        <line num="214" count="6" type="stmt"/>
        <line num="219" count="6" type="cond" truecount="2" falsecount="0"/>
        <line num="220" count="2" type="stmt"/>
        <line num="227" count="4" type="cond" truecount="2" falsecount="0"/>
        <line num="229" count="2" type="stmt"/>
        <line num="232" count="2" type="stmt"/>
        <line num="239" count="2" type="stmt"/>
        <line num="245" count="2" type="stmt"/>
        <line num="249" count="2" type="stmt"/>
        <line num="251" count="2" type="stmt"/>
        <line num="267" count="2" type="stmt"/>
        <line num="269" count="2" type="cond" truecount="2" falsecount="0"/>
        <line num="271" count="1" type="stmt"/>
        <line num="278" count="1" type="stmt"/>
        <line num="279" count="1" type="stmt"/>
        <line num="280" count="1" type="stmt"/>
        <line num="285" count="1" type="stmt"/>
        <line num="288" count="1" type="stmt"/>
        <line num="292" count="1" type="stmt"/>
        <line num="308" count="2" type="stmt"/>
        <line num="317" count="2" type="stmt"/>
        <line num="332" count="10" type="stmt"/>
        <line num="339" count="10" type="stmt"/>
        <line num="344" count="10" type="cond" truecount="2" falsecount="0"/>
        <line num="347" count="10" type="stmt"/>
        <line num="352" count="10" type="stmt"/>
        <line num="353" count="10" type="stmt"/>
        <line num="356" count="10" type="stmt"/>
        <line num="364" count="10" type="stmt"/>
        <line num="374" count="23" type="stmt"/>
      </file>
    </package>
    <package name="src.auth.decorators">
      <metrics statements="7" coveredstatements="3" conditionals="0" coveredconditionals="0" methods="2" coveredmethods="1"/>
      <file name="rate-limit.decorator.ts" path="/Users/adlljvd/Workspace/k-journal-api/src/auth/decorators/rate-limit.decorator.ts">
        <metrics statements="4" coveredstatements="0" conditionals="0" coveredconditionals="0" methods="1" coveredmethods="0"/>
        <line num="1" count="0" type="stmt"/>
        <line num="4" count="0" type="stmt"/>
        <line num="5" count="0" type="stmt"/>
        <line num="6" count="0" type="stmt"/>
      </file>
      <file name="roles.decorator.ts" path="/Users/adlljvd/Workspace/k-journal-api/src/auth/decorators/roles.decorator.ts">
        <metrics statements="3" coveredstatements="3" conditionals="0" coveredconditionals="0" methods="1" coveredmethods="1"/>
        <line num="1" count="3" type="stmt"/>
        <line num="4" count="3" type="stmt"/>
        <line num="5" count="3" type="stmt"/>
      </file>
    </package>
    <package name="src.auth.dto">
      <metrics statements="28" coveredstatements="28" conditionals="0" coveredconditionals="0" methods="0" coveredmethods="0"/>
      <file name="forgot-password.dto.ts" path="/Users/adlljvd/Workspace/k-journal-api/src/auth/dto/forgot-password.dto.ts">
        <metrics statements="4" coveredstatements="4" conditionals="0" coveredconditionals="0" methods="0" coveredmethods="0"/>
        <line num="1" count="1" type="stmt"/>
        <line num="2" count="1" type="stmt"/>
        <line num="4" count="1" type="stmt"/>
        <line num="7" count="1" type="stmt"/>
      </file>
      <file name="login.dto.ts" path="/Users/adlljvd/Workspace/k-journal-api/src/auth/dto/login.dto.ts">
        <metrics statements="6" coveredstatements="6" conditionals="0" coveredconditionals="0" methods="0" coveredmethods="0"/>
        <line num="1" count="1" type="stmt"/>
        <line num="2" count="1" type="stmt"/>
        <line num="4" count="1" type="stmt"/>
        <line num="7" count="1" type="stmt"/>
        <line num="11" count="1" type="stmt"/>
        <line num="19" count="1" type="stmt"/>
      </file>
      <file name="refresh-token.dto.ts" path="/Users/adlljvd/Workspace/k-journal-api/src/auth/dto/refresh-token.dto.ts">
        <metrics statements="4" coveredstatements="4" conditionals="0" coveredconditionals="0" methods="0" coveredmethods="0"/>
        <line num="1" count="1" type="stmt"/>
        <line num="2" count="1" type="stmt"/>
        <line num="4" count="1" type="stmt"/>
        <line num="8" count="1" type="stmt"/>
      </file>
      <file name="register.dto.ts" path="/Users/adlljvd/Workspace/k-journal-api/src/auth/dto/register.dto.ts">
        <metrics statements="8" coveredstatements="8" conditionals="0" coveredconditionals="0" methods="0" coveredmethods="0"/>
        <line num="1" count="1" type="stmt"/>
        <line num="2" count="1" type="stmt"/>
        <line num="3" count="1" type="stmt"/>
        <line num="4" count="1" type="stmt"/>
        <line num="6" count="1" type="stmt"/>
        <line num="9" count="1" type="stmt"/>
        <line num="20" count="1" type="stmt"/>
        <line num="27" count="1" type="stmt"/>
      </file>
      <file name="reset-password.dto.ts" path="/Users/adlljvd/Workspace/k-journal-api/src/auth/dto/reset-password.dto.ts">
        <metrics statements="6" coveredstatements="6" conditionals="0" coveredconditionals="0" methods="0" coveredmethods="0"/>
        <line num="1" count="1" type="stmt"/>
        <line num="2" count="1" type="stmt"/>
        <line num="3" count="1" type="stmt"/>
        <line num="5" count="1" type="stmt"/>
        <line num="9" count="1" type="stmt"/>
        <line num="16" count="1" type="stmt"/>
      </file>
    </package>
    <package name="src.auth.guards">
      <metrics statements="42" coveredstatements="42" conditionals="29" coveredconditionals="28" methods="8" coveredmethods="8"/>
      <file name="jwt-auth.guard.ts" path="/Users/adlljvd/Workspace/k-journal-api/src/auth/guards/jwt-auth.guard.ts">
        <metrics statements="9" coveredstatements="9" conditionals="8" coveredconditionals="8" methods="1" coveredmethods="1"/>
        <line num="1" count="8" type="stmt"/>
        <line num="2" count="8" type="stmt"/>
        <line num="3" count="8" type="stmt"/>
        <line num="6" count="8" type="stmt"/>
        <line num="8" count="4" type="cond" truecount="4" falsecount="0"/>
        <line num="9" count="1" type="stmt"/>
        <line num="14" count="3" type="cond" truecount="4" falsecount="0"/>
        <line num="15" count="2" type="stmt"/>
        <line num="20" count="1" type="stmt"/>
      </file>
      <file name="optional-jwt-auth.guard.ts" path="/Users/adlljvd/Workspace/k-journal-api/src/auth/guards/optional-jwt-auth.guard.ts">
        <metrics statements="4" coveredstatements="4" conditionals="0" coveredconditionals="0" methods="1" coveredmethods="1"/>
        <line num="1" count="4" type="stmt"/>
        <line num="2" count="4" type="stmt"/>
        <line num="5" count="4" type="stmt"/>
        <line num="7" count="2" type="stmt"/>
      </file>
      <file name="rate-limit.guard.ts" path="/Users/adlljvd/Workspace/k-journal-api/src/auth/guards/rate-limit.guard.ts">
        <metrics statements="13" coveredstatements="13" conditionals="9" coveredconditionals="9" methods="3" coveredmethods="3"/>
        <line num="1" count="2" type="stmt"/>
        <line num="2" count="2" type="stmt"/>
        <line num="18" count="2" type="stmt"/>
        <line num="23" count="2" type="stmt"/>
        <line num="24" count="2" type="stmt"/>
        <line num="29" count="5" type="stmt"/>
        <line num="31" count="5" type="cond" truecount="2" falsecount="0"/>
        <line num="34" count="5" type="stmt"/>
        <line num="38" count="3" type="stmt"/>
        <line num="39" count="3" type="stmt"/>
        <line num="42" count="3" type="cond" truecount="4" falsecount="0"/>
        <line num="43" count="1" type="stmt"/>
        <line num="46" count="2" type="stmt"/>
      </file>
      <file name="roles.guard.ts" path="/Users/adlljvd/Workspace/k-journal-api/src/auth/guards/roles.guard.ts">
        <metrics statements="16" coveredstatements="16" conditionals="12" coveredconditionals="11" methods="3" coveredmethods="3"/>
        <line num="1" count="3" type="stmt"/>
        <line num="7" count="3" type="stmt"/>
        <line num="9" count="3" type="stmt"/>
        <line num="25" count="3" type="stmt"/>
        <line num="26" count="19" type="cond" truecount="3" falsecount="1"/>
        <line num="29" count="13" type="stmt"/>
        <line num="35" count="13" type="cond" truecount="4" falsecount="0"/>
        <line num="36" count="3" type="stmt"/>
        <line num="39" count="10" type="stmt"/>
        <line num="40" count="10" type="stmt"/>
        <line num="42" count="10" type="cond" truecount="2" falsecount="0"/>
        <line num="43" count="2" type="stmt"/>
        <line num="49" count="9" type="stmt"/>
        <line num="51" count="8" type="cond" truecount="2" falsecount="0"/>
        <line num="52" count="3" type="stmt"/>
        <line num="58" count="5" type="stmt"/>
      </file>
    </package>
    <package name="src.auth.strategies">
      <metrics statements="6" coveredstatements="6" conditionals="2" coveredconditionals="2" methods="2" coveredmethods="2"/>
      <file name="jwt.strategy.ts" path="/Users/adlljvd/Workspace/k-journal-api/src/auth/strategies/jwt.strategy.ts">
        <metrics statements="6" coveredstatements="6" conditionals="2" coveredconditionals="2" methods="2" coveredmethods="2"/>
        <line num="1" count="1" type="stmt"/>
        <line num="2" count="1" type="stmt"/>
        <line num="3" count="1" type="stmt"/>
        <line num="12" count="1" type="stmt"/>
        <line num="14" count="4" type="stmt"/>
        <line num="22" count="1" type="stmt"/>
      </file>
    </package>
    <package name="src.common.decorators">
      <metrics statements="43" coveredstatements="43" conditionals="25" coveredconditionals="25" methods="16" coveredmethods="16"/>
      <file name="is-optional-url.decorator.ts" path="/Users/adlljvd/Workspace/k-journal-api/src/common/decorators/is-optional-url.decorator.ts">
        <metrics statements="13" coveredstatements="13" conditionals="9" coveredconditionals="9" methods="4" coveredmethods="4"/>
        <line num="1" count="4" type="stmt"/>
        <line num="8" count="4" type="stmt"/>
        <line num="11" count="4" type="stmt"/>
        <line num="12" count="4" type="stmt"/>
        <line num="19" count="19" type="cond" truecount="5" falsecount="0"/>
        <line num="20" count="3" type="stmt"/>
        <line num="22" count="16" type="cond" truecount="2" falsecount="0"/>
        <line num="23" count="4" type="stmt"/>
        <line num="25" count="12" type="stmt"/>
        <line num="26" count="12" type="stmt"/>
        <line num="27" count="8" type="cond" truecount="2" falsecount="0"/>
        <line num="29" count="4" type="stmt"/>
        <line num="33" count="10" type="stmt"/>
      </file>
      <file name="is-password.decorator.ts" path="/Users/adlljvd/Workspace/k-journal-api/src/common/decorators/is-password.decorator.ts">
        <metrics statements="8" coveredstatements="8" conditionals="2" coveredconditionals="2" methods="4" coveredmethods="4"/>
        <line num="1" count="5" type="stmt"/>
        <line num="8" count="5" type="stmt"/>
        <line num="11" count="15" type="stmt"/>
        <line num="12" count="15" type="stmt"/>
        <line num="18" count="16" type="cond" truecount="2" falsecount="0"/>
        <line num="19" count="6" type="stmt"/>
        <line num="22" count="10" type="stmt"/>
        <line num="25" count="10" type="stmt"/>
      </file>
      <file name="is-rating.decorator.ts" path="/Users/adlljvd/Workspace/k-journal-api/src/common/decorators/is-rating.decorator.ts">
        <metrics statements="13" coveredstatements="13" conditionals="12" coveredconditionals="12" methods="4" coveredmethods="4"/>
        <line num="1" count="6" type="stmt"/>
        <line num="8" count="6" type="stmt"/>
        <line num="11" count="6" type="stmt"/>
        <line num="12" count="6" type="stmt"/>
        <line num="19" count="44" type="cond" truecount="4" falsecount="0"/>
        <line num="20" count="2" type="stmt"/>
        <line num="22" count="42" type="cond" truecount="2" falsecount="0"/>
        <line num="23" count="2" type="stmt"/>
        <line num="26" count="40" type="cond" truecount="4" falsecount="0"/>
        <line num="27" count="8" type="stmt"/>
        <line num="31" count="32" type="stmt"/>
        <line num="32" count="32" type="cond" truecount="2" falsecount="0"/>
        <line num="35" count="21" type="stmt"/>
      </file>
      <file name="is-username.decorator.ts" path="/Users/adlljvd/Workspace/k-journal-api/src/common/decorators/is-username.decorator.ts">
        <metrics statements="9" coveredstatements="9" conditionals="2" coveredconditionals="2" methods="4" coveredmethods="4"/>
        <line num="1" count="2" type="stmt"/>
        <line num="9" count="2" type="stmt"/>
        <line num="12" count="2" type="stmt"/>
        <line num="13" count="2" type="stmt"/>
        <line num="19" count="29" type="cond" truecount="2" falsecount="0"/>
        <line num="20" count="6" type="stmt"/>
        <line num="22" count="23" type="stmt"/>
        <line num="23" count="23" type="stmt"/>
        <line num="26" count="20" type="stmt"/>
      </file>
    </package>
    <package name="src.common.dto">
      <metrics statements="13" coveredstatements="13" conditionals="1" coveredconditionals="1" methods="3" coveredmethods="3"/>
      <file name="api-response.dto.ts" path="/Users/adlljvd/Workspace/k-journal-api/src/common/dto/api-response.dto.ts">
        <metrics statements="6" coveredstatements="6" conditionals="1" coveredconditionals="1" methods="1" coveredmethods="1"/>
        <line num="3" count="1" type="stmt"/>
        <line num="11" count="1" type="stmt"/>
        <line num="12" count="1" type="stmt"/>
        <line num="13" count="1" type="stmt"/>
        <line num="14" count="1" type="stmt"/>
        <line num="15" count="1" type="stmt"/>
      </file>
      <file name="error-response.dto.ts" path="/Users/adlljvd/Workspace/k-journal-api/src/common/dto/error-response.dto.ts">
        <metrics statements="4" coveredstatements="4" conditionals="0" coveredconditionals="0" methods="1" coveredmethods="1"/>
        <line num="1" count="3" type="stmt"/>
        <line num="7" count="59" type="stmt"/>
        <line num="8" count="59" type="stmt"/>
        <line num="9" count="59" type="stmt"/>
      </file>
      <file name="paginated-response.dto.ts" path="/Users/adlljvd/Workspace/k-journal-api/src/common/dto/paginated-response.dto.ts">
        <metrics statements="3" coveredstatements="3" conditionals="0" coveredconditionals="0" methods="1" coveredmethods="1"/>
        <line num="3" count="22" type="stmt"/>
        <line num="13" count="70" type="stmt"/>
        <line num="14" count="70" type="stmt"/>
      </file>
    </package>
    <package name="src.common.enums">
      <metrics statements="30" coveredstatements="30" conditionals="10" coveredconditionals="10" methods="5" coveredmethods="5"/>
      <file name="content-type.enum.ts" path="/Users/adlljvd/Workspace/k-journal-api/src/common/enums/content-type.enum.ts">
        <metrics statements="3" coveredstatements="3" conditionals="2" coveredconditionals="2" methods="1" coveredmethods="1"/>
        <line num="1" count="13" type="cond" truecount="2" falsecount="0"/>
        <line num="2" count="13" type="stmt"/>
        <line num="3" count="13" type="stmt"/>
      </file>
      <file name="error-code.enum.ts" path="/Users/adlljvd/Workspace/k-journal-api/src/common/enums/error-code.enum.ts">
        <metrics statements="15" coveredstatements="15" conditionals="2" coveredconditionals="2" methods="1" coveredmethods="1"/>
        <line num="1" count="20" type="cond" truecount="2" falsecount="0"/>
        <line num="2" count="20" type="stmt"/>
        <line num="3" count="20" type="stmt"/>
        <line num="4" count="20" type="stmt"/>
        <line num="5" count="20" type="stmt"/>
        <line num="6" count="20" type="stmt"/>
        <line num="7" count="20" type="stmt"/>
        <line num="8" count="20" type="stmt"/>
        <line num="9" count="20" type="stmt"/>
        <line num="10" count="20" type="stmt"/>
        <line num="11" count="20" type="stmt"/>
        <line num="12" count="20" type="stmt"/>
        <line num="13" count="20" type="stmt"/>
        <line num="14" count="20" type="stmt"/>
        <line num="15" count="20" type="stmt"/>
      </file>
      <file name="request-status.enum.ts" path="/Users/adlljvd/Workspace/k-journal-api/src/common/enums/request-status.enum.ts">
        <metrics statements="4" coveredstatements="4" conditionals="2" coveredconditionals="2" methods="1" coveredmethods="1"/>
        <line num="1" count="6" type="cond" truecount="2" falsecount="0"/>
        <line num="2" count="6" type="stmt"/>
        <line num="3" count="6" type="stmt"/>
        <line num="4" count="6" type="stmt"/>
      </file>
      <file name="role.enum.ts" path="/Users/adlljvd/Workspace/k-journal-api/src/common/enums/role.enum.ts">
        <metrics statements="3" coveredstatements="3" conditionals="2" coveredconditionals="2" methods="1" coveredmethods="1"/>
        <line num="4" count="13" type="cond" truecount="2" falsecount="0"/>
        <line num="5" count="13" type="stmt"/>
        <line num="6" count="13" type="stmt"/>
      </file>
      <file name="watch-status.enum.ts" path="/Users/adlljvd/Workspace/k-journal-api/src/common/enums/watch-status.enum.ts">
        <metrics statements="5" coveredstatements="5" conditionals="2" coveredconditionals="2" methods="1" coveredmethods="1"/>
        <line num="1" count="6" type="cond" truecount="2" falsecount="0"/>
        <line num="2" count="6" type="stmt"/>
        <line num="3" count="6" type="stmt"/>
        <line num="4" count="6" type="stmt"/>
        <line num="5" count="6" type="stmt"/>
      </file>
    </package>
    <package name="src.common.filters">
      <metrics statements="95" coveredstatements="95" conditionals="56" coveredconditionals="56" methods="4" coveredmethods="4"/>
      <file name="http-exception.filter.ts" path="/Users/adlljvd/Workspace/k-journal-api/src/common/filters/http-exception.filter.ts">
        <metrics statements="29" coveredstatements="29" conditionals="18" coveredconditionals="18" methods="1" coveredmethods="1"/>
        <line num="1" count="1" type="stmt"/>
        <line num="9" count="1" type="stmt"/>
        <line num="10" count="1" type="stmt"/>
        <line num="21" count="1" type="stmt"/>
        <line num="22" count="17" type="stmt"/>
        <line num="25" count="16" type="stmt"/>
        <line num="26" count="16" type="stmt"/>
        <line num="27" count="16" type="stmt"/>
        <line num="29" count="16" type="stmt"/>
        <line num="30" count="16" type="stmt"/>
        <line num="32" count="16" type="cond" truecount="2" falsecount="0"/>
        <line num="34" count="16" type="stmt"/>
        <line num="35" count="16" type="stmt"/>
        <line num="36" count="16" type="stmt"/>
        <line num="38" count="16" type="cond" truecount="4" falsecount="0"/>
        <line num="39" count="10" type="stmt"/>
        <line num="40" count="10" type="cond" truecount="2" falsecount="0"/>
        <line num="41" count="4" type="stmt"/>
        <line num="43" count="10" type="cond" truecount="2" falsecount="0"/>
        <line num="44" count="8" type="cond" truecount="2" falsecount="0"/>
        <line num="48" count="10" type="cond" truecount="2" falsecount="0"/>
        <line num="49" count="1" type="stmt"/>
        <line num="53" count="16" type="cond" truecount="2" falsecount="0"/>
        <line num="54" count="4" type="cond" truecount="2" falsecount="0"/>
        <line num="55" count="2" type="stmt"/>
        <line num="57" count="2" type="stmt"/>
        <line num="61" count="16" type="stmt"/>
        <line num="69" count="16" type="stmt"/>
        <line num="77" count="16" type="stmt"/>
      </file>
      <file name="prisma-exception.filter.ts" path="/Users/adlljvd/Workspace/k-journal-api/src/common/filters/prisma-exception.filter.ts">
        <metrics statements="29" coveredstatements="29" conditionals="14" coveredconditionals="14" methods="1" coveredmethods="1"/>
        <line num="1" count="1" type="stmt"/>
        <line num="9" count="1" type="stmt"/>
        <line num="10" count="1" type="stmt"/>
        <line num="11" count="1" type="stmt"/>
        <line num="24" count="1" type="stmt"/>
        <line num="37" count="1" type="stmt"/>
        <line num="38" count="21" type="stmt"/>
        <line num="44" count="20" type="stmt"/>
        <line num="45" count="20" type="stmt"/>
        <line num="46" count="20" type="stmt"/>
        <line num="48" count="20" type="cond" truecount="2" falsecount="0"/>
        <line num="49" count="20" type="stmt"/>
        <line num="51" count="20" type="stmt"/>
        <line num="55" count="20" type="cond" truecount="2" falsecount="0"/>
        <line num="56" count="18" type="stmt"/>
        <line num="57" count="18" type="stmt"/>
        <line num="59" count="18" type="cond" truecount="2" falsecount="0"/>
        <line num="60" count="10" type="cond" truecount="2" falsecount="0"/>
        <line num="61" count="10" type="cond" truecount="2" falsecount="0"/>
        <line num="62" count="4" type="stmt"/>
        <line num="63" count="6" type="cond" truecount="2" falsecount="0"/>
        <line num="64" count="1" type="stmt"/>
        <line num="65" count="5" type="cond" truecount="2" falsecount="0"/>
        <line num="66" count="1" type="stmt"/>
        <line num="70" count="18" type="stmt"/>
        <line num="78" count="18" type="stmt"/>
        <line num="86" count="2" type="stmt"/>
        <line num="98" count="2" type="stmt"/>
        <line num="106" count="20" type="stmt"/>
      </file>
      <file name="validation-exception.filter.ts" path="/Users/adlljvd/Workspace/k-journal-api/src/common/filters/validation-exception.filter.ts">
        <metrics statements="37" coveredstatements="37" conditionals="24" coveredconditionals="24" methods="2" coveredmethods="2"/>
        <line num="1" count="1" type="stmt"/>
        <line num="10" count="1" type="stmt"/>
        <line num="11" count="1" type="stmt"/>
        <line num="31" count="16" type="stmt"/>
        <line num="33" count="16" type="stmt"/>
        <line num="34" count="19" type="cond" truecount="2" falsecount="0"/>
        <line num="35" count="15" type="stmt"/>
        <line num="42" count="19" type="cond" truecount="4" falsecount="0"/>
        <line num="43" count="4" type="stmt"/>
        <line num="47" count="16" type="stmt"/>
        <line num="51" count="1" type="stmt"/>
        <line num="52" count="24" type="stmt"/>
        <line num="55" count="23" type="stmt"/>
        <line num="56" count="23" type="stmt"/>
        <line num="57" count="23" type="stmt"/>
        <line num="59" count="23" type="cond" truecount="2" falsecount="0"/>
        <line num="60" count="23" type="stmt"/>
        <line num="61" count="23" type="stmt"/>
        <line num="63" count="23" type="stmt"/>
        <line num="65" count="23" type="stmt"/>
        <line num="66" count="23" type="stmt"/>
        <line num="68" count="23" type="cond" truecount="4" falsecount="0"/>
        <line num="69" count="17" type="stmt"/>
        <line num="70" count="17" type="cond" truecount="2" falsecount="0"/>
        <line num="71" count="2" type="stmt"/>
        <line num="73" count="17" type="cond" truecount="2" falsecount="0"/>
        <line num="74" count="13" type="cond" truecount="2" falsecount="0"/>
        <line num="75" count="1" type="stmt"/>
        <line num="77" count="12" type="stmt"/>
        <line num="78" count="12" type="stmt"/>
        <line num="79" count="12" type="stmt"/>
        <line num="81" count="4" type="cond" truecount="4" falsecount="0"/>
        <line num="82" count="2" type="stmt"/>
        <line num="87" count="23" type="cond" truecount="2" falsecount="0"/>
        <line num="89" count="23" type="stmt"/>
        <line num="97" count="23" type="stmt"/>
        <line num="105" count="23" type="stmt"/>
      </file>
    </package>
    <package name="src.common.interceptors">
      <metrics statements="10" coveredstatements="10" conditionals="2" coveredconditionals="1" methods="2" coveredmethods="2"/>
      <file name="transform.interceptor.ts" path="/Users/adlljvd/Workspace/k-journal-api/src/common/interceptors/transform.interceptor.ts">
        <metrics statements="10" coveredstatements="10" conditionals="2" coveredconditionals="1" methods="2" coveredmethods="2"/>
        <line num="1" count="1" type="stmt"/>
        <line num="8" count="1" type="stmt"/>
        <line num="9" count="1" type="stmt"/>
        <line num="13" count="1" type="stmt"/>
        <line num="21" count="1" type="stmt"/>
        <line num="22" count="1" type="stmt"/>
        <line num="23" count="1" type="cond" truecount="1" falsecount="1"/>
        <line num="24" count="1" type="stmt"/>
        <line num="26" count="1" type="stmt"/>
        <line num="28" count="1" type="stmt"/>
      </file>
    </package>
    <package name="src.common.middleware">
      <metrics statements="10" coveredstatements="10" conditionals="8" coveredconditionals="8" methods="1" coveredmethods="1"/>
      <file name="request-id.middleware.ts" path="/Users/adlljvd/Workspace/k-journal-api/src/common/middleware/request-id.middleware.ts">
        <metrics statements="10" coveredstatements="10" conditionals="8" coveredconditionals="8" methods="1" coveredmethods="1"/>
        <line num="1" count="1" type="stmt"/>
        <line num="3" count="1" type="stmt"/>
        <line num="6" count="1" type="stmt"/>
        <line num="8" count="8" type="cond" truecount="2" falsecount="0"/>
        <line num="9" count="8" type="stmt"/>
        <line num="14" count="8" type="cond" truecount="2" falsecount="0"/>
        <line num="15" count="5" type="stmt"/>
        <line num="16" count="3" type="cond" truecount="4" falsecount="0"/>
        <line num="17" count="1" type="stmt"/>
        <line num="20" count="8" type="stmt"/>
      </file>
    </package>
    <package name="src.common.pipes">
      <metrics statements="3" coveredstatements="3" conditionals="0" coveredconditionals="0" methods="1" coveredmethods="1"/>
      <file name="validation.pipe.ts" path="/Users/adlljvd/Workspace/k-journal-api/src/common/pipes/validation.pipe.ts">
        <metrics statements="3" coveredstatements="3" conditionals="0" coveredconditionals="0" methods="1" coveredmethods="1"/>
        <line num="1" count="1" type="stmt"/>
        <line num="12" count="1" type="stmt"/>
        <line num="13" count="12" type="stmt"/>
      </file>
    </package>
    <package name="src.common.repositories">
      <metrics statements="54" coveredstatements="53" conditionals="22" coveredconditionals="18" methods="17" coveredmethods="17"/>
      <file name="base.repository.ts" path="/Users/adlljvd/Workspace/k-journal-api/src/common/repositories/base.repository.ts">
        <metrics statements="54" coveredstatements="53" conditionals="22" coveredconditionals="18" methods="17" coveredmethods="17"/>
        <line num="1" count="22" type="stmt"/>
        <line num="3" count="22" type="stmt"/>
        <line num="4" count="22" type="stmt"/>
        <line num="9" count="22" type="stmt"/>
        <line num="14" count="22" type="stmt"/>
        <line num="19" count="22" type="stmt"/>
        <line num="24" count="22" type="stmt"/>
        <line num="29" count="22" type="stmt"/>
        <line num="34" count="22" type="stmt"/>
        <line num="54" count="22" type="stmt"/>
        <line num="65" count="132" type="cond" truecount="3" falsecount="1"/>
        <line num="68" count="132" type="stmt"/>
        <line num="70" count="132" type="stmt"/>
        <line num="84" count="147" type="cond" truecount="2" falsecount="0"/>
        <line num="85" count="1" type="stmt"/>
        <line num="87" count="146" type="stmt"/>
        <line num="104" count="127" type="stmt"/>
        <line num="105" count="139" type="stmt"/>
        <line num="106" count="139" type="stmt"/>
        <line num="108" count="15" type="stmt"/>
        <line num="109" count="15" type="stmt"/>
        <line num="111" count="15" type="cond" truecount="2" falsecount="0"/>
        <line num="115" count="13" type="stmt"/>
        <line num="116" count="13" type="stmt"/>
        <line num="121" count="13" type="cond" truecount="2" falsecount="0"/>
        <line num="122" count="12" type="stmt"/>
        <line num="123" count="12" type="stmt"/>
        <line num="128" count="3" type="cond" truecount="1" falsecount="1"/>
        <line num="133" count="0" type="cond" truecount="0" falsecount="2"/>
        <line num="143" count="6" type="stmt"/>
        <line num="144" count="9" type="stmt"/>
        <line num="145" count="9" type="stmt"/>
        <line num="160" count="4" type="stmt"/>
        <line num="161" count="4" type="stmt"/>
        <line num="181" count="8" type="cond" truecount="2" falsecount="0"/>
        <line num="182" count="8" type="stmt"/>
        <line num="186" count="8" type="cond" truecount="2" falsecount="0"/>
        <line num="188" count="8" type="stmt"/>
        <line num="190" count="8" type="stmt"/>
        <line num="215" count="8" type="stmt"/>
        <line num="226" count="9" type="stmt"/>
        <line num="227" count="10" type="stmt"/>
        <line num="228" count="10" type="stmt"/>
        <line num="246" count="3" type="stmt"/>
        <line num="247" count="4" type="stmt"/>
        <line num="248" count="4" type="stmt"/>
        <line num="271" count="4" type="stmt"/>
        <line num="272" count="4" type="stmt"/>
        <line num="296" count="4" type="stmt"/>
        <line num="297" count="4" type="stmt"/>
        <line num="311" count="2" type="stmt"/>
        <line num="312" count="2" type="stmt"/>
        <line num="322" count="1" type="stmt"/>
        <line num="333" count="12" type="stmt"/>
      </file>
    </package>
    <package name="src.common.services">
      <metrics statements="42" coveredstatements="41" conditionals="33" coveredconditionals="29" methods="17" coveredmethods="17"/>
      <file name="base.service.ts" path="/Users/adlljvd/Workspace/k-journal-api/src/common/services/base.service.ts">
        <metrics statements="42" coveredstatements="41" conditionals="33" coveredconditionals="29" methods="17" coveredmethods="17"/>
        <line num="1" count="11" type="stmt"/>
        <line num="12" count="11" type="stmt"/>
        <line num="55" count="11" type="stmt"/>
        <line num="60" count="76" type="stmt"/>
        <line num="71" count="52" type="stmt"/>
        <line num="97" count="11" type="stmt"/>
        <line num="101" count="202" type="stmt"/>
        <line num="111" count="75" type="stmt"/>
        <line num="127" count="38" type="stmt"/>
        <line num="142" count="16" type="stmt"/>
        <line num="156" count="7" type="stmt"/>
        <line num="168" count="4" type="stmt"/>
        <line num="178" count="1" type="stmt"/>
        <line num="188" count="1" type="stmt"/>
        <line num="198" count="3" type="cond" truecount="2" falsecount="0"/>
        <line num="199" count="3" type="stmt"/>
        <line num="209" count="2" type="cond" truecount="2" falsecount="0"/>
        <line num="210" count="2" type="stmt"/>
        <line num="220" count="2" type="cond" truecount="2" falsecount="0"/>
        <line num="221" count="2" type="stmt"/>
        <line num="231" count="2" type="cond" truecount="2" falsecount="0"/>
        <line num="232" count="2" type="stmt"/>
        <line num="243" count="74" type="cond" truecount="2" falsecount="0"/>
        <line num="244" count="46" type="stmt"/>
        <line num="247" count="28" type="stmt"/>
        <line num="249" count="28" type="cond" truecount="15" falsecount="0"/>
        <line num="251" count="6" type="stmt"/>
        <line num="256" count="6" type="stmt"/>
        <line num="264" count="9" type="stmt"/>
        <line num="266" count="4" type="stmt"/>
        <line num="268" count="2" type="stmt"/>
        <line num="278" count="1" type="stmt"/>
        <line num="296" count="2" type="stmt"/>
        <line num="297" count="2" type="stmt"/>
        <line num="298" count="1" type="stmt"/>
        <line num="300" count="1" type="stmt"/>
        <line num="301" count="1" type="cond" truecount="1" falsecount="1"/>
        <line num="302" count="0" type="stmt"/>
        <line num="304" count="1" type="stmt"/>
        <line num="321" count="2" type="cond" truecount="2" falsecount="0"/>
        <line num="322" count="1" type="stmt"/>
        <line num="324" count="1" type="stmt"/>
      </file>
    </package>
    <package name="src.modules.admin">
      <metrics statements="114" coveredstatements="105" conditionals="139" coveredconditionals="105" methods="25" coveredmethods="16"/>
      <file name="admin-content-request.service.ts" path="/Users/adlljvd/Workspace/k-journal-api/src/modules/admin/admin-content-request.service.ts">
        <metrics statements="37" coveredstatements="37" conditionals="32" coveredconditionals="27" methods="6" coveredmethods="6"/>
        <line num="1" count="2" type="stmt"/>
        <line num="6" count="2" type="stmt"/>
        <line num="7" count="2" type="stmt"/>
        <line num="8" count="2" type="stmt"/>
        <line num="10" count="2" type="stmt"/>
        <line num="14" count="2" type="stmt"/>
        <line num="15" count="2" type="stmt"/>
        <line num="16" count="2" type="stmt"/>
        <line num="17" count="2" type="stmt"/>
        <line num="20" count="2" type="stmt"/>
        <line num="22" count="8" type="cond" truecount="6" falsecount="2"/>
        <line num="23" count="8" type="cond" truecount="3" falsecount="1"/>
        <line num="24" count="8" type="cond" truecount="3" falsecount="1"/>
        <line num="25" count="8" type="stmt"/>
        <line num="33" count="1" type="stmt"/>
        <line num="35" count="1" type="stmt"/>
        <line num="48" count="4" type="stmt"/>
        <line num="49" count="4" type="cond" truecount="2" falsecount="0"/>
        <line num="50" count="1" type="stmt"/>
        <line num="56" count="3" type="cond" truecount="2" falsecount="0"/>
        <line num="57" count="1" type="stmt"/>
        <line num="64" count="2" type="stmt"/>
        <line num="68" count="2" type="cond" truecount="2" falsecount="0"/>
        <line num="71" count="2" type="stmt"/>
        <line num="74" count="2" type="cond" truecount="2" falsecount="0"/>
        <line num="75" count="1" type="stmt"/>
        <line num="81" count="1" type="stmt"/>
        <line num="99" count="1" type="stmt"/>
        <line num="109" count="1" type="stmt"/>
        <line num="122" count="3" type="stmt"/>
        <line num="123" count="3" type="cond" truecount="2" falsecount="0"/>
        <line num="124" count="1" type="stmt"/>
        <line num="130" count="2" type="cond" truecount="2" falsecount="0"/>
        <line num="131" count="1" type="stmt"/>
        <line num="137" count="1" type="stmt"/>
        <line num="147" count="1" type="stmt"/>
        <line num="151" count="2" type="stmt"/>
      </file>
      <file name="admin-content.service.ts" path="/Users/adlljvd/Workspace/k-journal-api/src/modules/admin/admin-content.service.ts">
        <metrics statements="33" coveredstatements="32" conditionals="31" coveredconditionals="24" methods="7" coveredmethods="6"/>
        <line num="1" count="3" type="stmt"/>
        <line num="6" count="3" type="stmt"/>
        <line num="12" count="3" type="stmt"/>
        <line num="13" count="3" type="stmt"/>
        <line num="14" count="3" type="stmt"/>
        <line num="18" count="3" type="stmt"/>
        <line num="19" count="8" type="cond" truecount="3" falsecount="1"/>
        <line num="22" count="2" type="cond" truecount="1" falsecount="1"/>
        <line num="24" count="2" type="stmt"/>
        <line num="25" count="2" type="cond" truecount="2" falsecount="0"/>
        <line num="26" count="1" type="stmt"/>
        <line num="32" count="1" type="stmt"/>
        <line num="47" count="1" type="stmt"/>
        <line num="54" count="3" type="stmt"/>
        <line num="55" count="3" type="cond" truecount="2" falsecount="0"/>
        <line num="56" count="1" type="stmt"/>
        <line num="62" count="2" type="cond" truecount="2" falsecount="0"/>
        <line num="63" count="1" type="stmt"/>
        <line num="64" count="1" type="cond" truecount="3" falsecount="1"/>
        <line num="65" count="1" type="stmt"/>
        <line num="72" count="1" type="stmt"/>
        <line num="80" count="1" type="stmt"/>
        <line num="84" count="2" type="stmt"/>
        <line num="85" count="2" type="cond" truecount="2" falsecount="0"/>
        <line num="86" count="1" type="stmt"/>
        <line num="92" count="1" type="stmt"/>
        <line num="98" count="1" type="stmt"/>
        <line num="99" count="1" type="stmt"/>
        <line num="101" count="1" type="stmt"/>
        <line num="111" count="1" type="stmt"/>
        <line num="120" count="1" type="stmt"/>
        <line num="121" count="1" type="stmt"/>
        <line num="129" count="0" type="stmt"/>
      </file>
      <file name="admin.controller.ts" path="/Users/adlljvd/Workspace/k-journal-api/src/modules/admin/admin.controller.ts">
        <metrics statements="33" coveredstatements="25" conditionals="68" coveredconditionals="48" methods="9" coveredmethods="1"/>
        <line num="1" count="1" type="stmt"/>
        <line num="15" count="1" type="stmt"/>
        <line num="21" count="1" type="stmt"/>
        <line num="22" count="1" type="stmt"/>
        <line num="23" count="1" type="stmt"/>
        <line num="24" count="1" type="stmt"/>
        <line num="25" count="1" type="stmt"/>
        <line num="26" count="1" type="stmt"/>
        <line num="27" count="1" type="stmt"/>
        <line num="28" count="1" type="stmt"/>
        <line num="35" count="1" type="stmt"/>
        <line num="36" count="1" type="stmt"/>
        <line num="37" count="1" type="stmt"/>
        <line num="47" count="1" type="stmt"/>
        <line num="49" count="3" type="cond" truecount="6" falsecount="2"/>
        <line num="50" count="3" type="cond" truecount="3" falsecount="1"/>
        <line num="51" count="3" type="stmt"/>
        <line num="57" count="1" type="cond" truecount="3" falsecount="1"/>
        <line num="58" count="0" type="stmt"/>
        <line num="64" count="1" type="stmt"/>
        <line num="69" count="0" type="stmt"/>
        <line num="79" count="1" type="stmt"/>
        <line num="84" count="0" type="stmt"/>
        <line num="94" count="1" type="stmt"/>
        <line num="99" count="0" type="stmt"/>
        <line num="109" count="1" type="cond" truecount="6" falsecount="2"/>
        <line num="110" count="0" type="stmt"/>
        <line num="116" count="1" type="stmt"/>
        <line num="120" count="0" type="stmt"/>
        <line num="127" count="1" type="cond" truecount="3" falsecount="1"/>
        <line num="128" count="0" type="stmt"/>
        <line num="134" count="1" type="stmt"/>
        <line num="137" count="0" type="stmt"/>
      </file>
      <file name="admin.service.ts" path="/Users/adlljvd/Workspace/k-journal-api/src/modules/admin/admin.service.ts">
        <metrics statements="11" coveredstatements="11" conditionals="8" coveredconditionals="6" methods="3" coveredmethods="3"/>
        <line num="1" count="2" type="stmt"/>
        <line num="2" count="2" type="stmt"/>
        <line num="3" count="2" type="stmt"/>
        <line num="4" count="2" type="stmt"/>
        <line num="5" count="2" type="stmt"/>
        <line num="8" count="2" type="stmt"/>
        <line num="10" count="9" type="cond" truecount="6" falsecount="2"/>
        <line num="11" count="9" type="stmt"/>
        <line num="16" count="9" type="stmt"/>
        <line num="22" count="9" type="stmt"/>
        <line num="27" count="12" type="stmt"/>
      </file>
    </package>
    <package name="src.modules.admin.dto">
      <metrics statements="43" coveredstatements="40" conditionals="12" coveredconditionals="9" methods="3" coveredmethods="0"/>
      <file name="approve-request.dto.ts" path="/Users/adlljvd/Workspace/k-journal-api/src/modules/admin/dto/approve-request.dto.ts">
        <metrics statements="7" coveredstatements="6" conditionals="4" coveredconditionals="3" methods="1" coveredmethods="0"/>
        <line num="1" count="1" type="stmt"/>
        <line num="2" count="1" type="stmt"/>
        <line num="3" count="1" type="stmt"/>
        <line num="4" count="1" type="stmt"/>
        <line num="6" count="1" type="stmt"/>
        <line num="9" count="0" type="stmt"/>
        <line num="10" count="1" type="cond" truecount="3" falsecount="1"/>
      </file>
      <file name="create-content.dto.ts" path="/Users/adlljvd/Workspace/k-journal-api/src/modules/admin/dto/create-content.dto.ts">
        <metrics statements="16" coveredstatements="16" conditionals="4" coveredconditionals="3" methods="0" coveredmethods="0"/>
        <line num="1" count="1" type="stmt"/>
        <line num="2" count="1" type="stmt"/>
        <line num="12" count="1" type="stmt"/>
        <line num="14" count="1" type="stmt"/>
        <line num="17" count="1" type="stmt"/>
        <line num="22" count="1" type="stmt"/>
        <line num="26" count="1" type="cond" truecount="3" falsecount="1"/>
        <line num="32" count="1" type="stmt"/>
        <line num="37" count="1" type="stmt"/>
        <line num="42" count="1" type="stmt"/>
        <line num="47" count="1" type="stmt"/>
        <line num="52" count="1" type="stmt"/>
        <line num="58" count="1" type="stmt"/>
        <line num="64" count="1" type="stmt"/>
        <line num="69" count="1" type="stmt"/>
        <line num="73" count="1" type="stmt"/>
      </file>
      <file name="query-admin-content.dto.ts" path="/Users/adlljvd/Workspace/k-journal-api/src/modules/admin/dto/query-admin-content.dto.ts">
        <metrics statements="13" coveredstatements="11" conditionals="4" coveredconditionals="3" methods="2" coveredmethods="0"/>
        <line num="1" count="1" type="stmt"/>
        <line num="2" count="1" type="stmt"/>
        <line num="3" count="1" type="stmt"/>
        <line num="4" count="1" type="stmt"/>
        <line num="6" count="1" type="stmt"/>
        <line num="9" count="0" type="stmt"/>
        <line num="12" count="1" type="stmt"/>
        <line num="16" count="0" type="stmt"/>
        <line num="20" count="1" type="stmt"/>
        <line num="25" count="1" type="stmt"/>
        <line num="30" count="1" type="cond" truecount="3" falsecount="1"/>
        <line num="35" count="1" type="stmt"/>
        <line num="40" count="1" type="stmt"/>
      </file>
      <file name="reject-request.dto.ts" path="/Users/adlljvd/Workspace/k-journal-api/src/modules/admin/dto/reject-request.dto.ts">
        <metrics statements="4" coveredstatements="4" conditionals="0" coveredconditionals="0" methods="0" coveredmethods="0"/>
        <line num="1" count="1" type="stmt"/>
        <line num="2" count="1" type="stmt"/>
        <line num="4" count="1" type="stmt"/>
        <line num="8" count="1" type="stmt"/>
      </file>
      <file name="update-content.dto.ts" path="/Users/adlljvd/Workspace/k-journal-api/src/modules/admin/dto/update-content.dto.ts">
        <metrics statements="3" coveredstatements="3" conditionals="0" coveredconditionals="0" methods="0" coveredmethods="0"/>
        <line num="1" count="1" type="stmt"/>
        <line num="2" count="1" type="stmt"/>
        <line num="4" count="1" type="stmt"/>
      </file>
    </package>
    <package name="src.modules.admin.entities">
      <metrics statements="9" coveredstatements="8" conditionals="0" coveredconditionals="0" methods="2" coveredmethods="1"/>
      <file name="admin-dashboard.entity.ts" path="/Users/adlljvd/Workspace/k-journal-api/src/modules/admin/entities/admin-dashboard.entity.ts">
        <metrics statements="9" coveredstatements="8" conditionals="0" coveredconditionals="0" methods="2" coveredmethods="1"/>
        <line num="1" count="2" type="stmt"/>
        <line num="2" count="2" type="stmt"/>
        <line num="3" count="2" type="stmt"/>
        <line num="5" count="2" type="stmt"/>
        <line num="8" count="2" type="stmt"/>
        <line num="12" count="2" type="stmt"/>
        <line num="16" count="0" type="stmt"/>
        <line num="17" count="2" type="stmt"/>
        <line num="20" count="9" type="stmt"/>
      </file>
    </package>
    <package name="src.modules.content">
      <metrics statements="149" coveredstatements="134" conditionals="99" coveredconditionals="74" methods="40" coveredmethods="38"/>
      <file name="content.controller.ts" path="/Users/adlljvd/Workspace/k-journal-api/src/modules/content/content.controller.ts">
        <metrics statements="27" coveredstatements="27" conditionals="24" coveredconditionals="18" methods="5" coveredmethods="5"/>
        <line num="1" count="3" type="stmt"/>
        <line num="2" count="3" type="stmt"/>
        <line num="3" count="3" type="stmt"/>
        <line num="4" count="3" type="stmt"/>
        <line num="5" count="3" type="stmt"/>
        <line num="6" count="3" type="stmt"/>
        <line num="8" count="3" type="stmt"/>
        <line num="13" count="3" type="stmt"/>
        <line num="14" count="15" type="cond" truecount="3" falsecount="1"/>
        <line num="15" count="15" type="stmt"/>
        <line num="21" count="3" type="stmt"/>
        <line num="24" count="6" type="stmt"/>
        <line num="25" count="6" type="stmt"/>
        <line num="26" count="6" type="stmt"/>
        <line num="32" count="3" type="stmt"/>
        <line num="36" count="3" type="stmt"/>
        <line num="37" count="3" type="stmt"/>
        <line num="38" count="3" type="stmt"/>
        <line num="47" count="3" type="cond" truecount="3" falsecount="1"/>
        <line num="52" count="2" type="stmt"/>
        <line num="53" count="2" type="stmt"/>
        <line num="54" count="2" type="stmt"/>
        <line num="68" count="3" type="stmt"/>
        <line num="72" count="4" type="stmt"/>
        <line num="73" count="4" type="stmt"/>
        <line num="74" count="4" type="stmt"/>
        <line num="75" count="3" type="stmt"/>
      </file>
      <file name="content.repository.ts" path="/Users/adlljvd/Workspace/k-journal-api/src/modules/content/content.repository.ts">
        <metrics statements="66" coveredstatements="51" conditionals="42" coveredconditionals="24" methods="23" coveredmethods="21"/>
        <line num="1" count="11" type="stmt"/>
        <line num="2" count="11" type="stmt"/>
        <line num="3" count="11" type="stmt"/>
        <line num="4" count="11" type="stmt"/>
        <line num="8" count="11" type="stmt"/>
        <line num="10" count="11" type="stmt"/>
        <line num="19" count="11" type="stmt"/>
        <line num="33" count="24" type="stmt"/>
        <line num="37" count="27" type="stmt"/>
        <line num="41" count="2" type="stmt"/>
        <line num="43" count="2" type="stmt"/>
        <line num="55" count="2" type="stmt"/>
        <line num="57" count="2" type="stmt"/>
        <line num="75" count="1" type="stmt"/>
        <line num="77" count="1" type="stmt"/>
        <line num="99" count="7" type="cond" truecount="2" falsecount="0"/>
        <line num="100" count="7" type="cond" truecount="2" falsecount="0"/>
        <line num="101" count="7" type="stmt"/>
        <line num="102" count="7" type="cond" truecount="2" falsecount="0"/>
        <line num="104" count="7" type="stmt"/>
        <line num="108" count="0" type="stmt"/>
        <line num="116" count="7" type="stmt"/>
        <line num="117" count="7" type="cond" truecount="2" falsecount="0"/>
        <line num="118" count="6" type="stmt"/>
        <line num="119" count="1" type="cond" truecount="1" falsecount="1"/>
        <line num="120" count="1" type="stmt"/>
        <line num="121" count="0" type="cond" truecount="0" falsecount="2"/>
        <line num="122" count="0" type="stmt"/>
        <line num="132" count="7" type="stmt"/>
        <line num="135" count="7" type="stmt"/>
        <line num="145" count="7" type="stmt"/>
        <line num="150" count="7" type="stmt"/>
        <line num="154" count="3" type="stmt"/>
        <line num="156" count="3" type="stmt"/>
        <line num="171" count="2" type="stmt"/>
        <line num="173" count="2" type="stmt"/>
        <line num="182" count="2" type="stmt"/>
        <line num="184" count="2" type="stmt"/>
        <line num="201" count="0" type="stmt"/>
        <line num="202" count="0" type="stmt"/>
        <line num="204" count="0" type="stmt"/>
        <line num="205" count="0" type="cond" truecount="0" falsecount="4"/>
        <line num="206" count="0" type="stmt"/>
        <line num="208" count="0" type="cond" truecount="0" falsecount="4"/>
        <line num="209" count="0" type="stmt"/>
        <line num="210" count="0" type="stmt"/>
        <line num="215" count="0" type="cond" truecount="0" falsecount="2"/>
        <line num="219" count="0" type="stmt"/>
        <line num="229" count="0" type="stmt"/>
        <line num="231" count="0" type="stmt"/>
        <line num="237" count="2" type="stmt"/>
        <line num="248" count="2" type="stmt"/>
        <line num="249" count="2" type="stmt"/>
        <line num="250" count="2" type="cond" truecount="1" falsecount="1"/>
        <line num="252" count="2" type="stmt"/>
        <line num="259" count="3" type="stmt"/>
        <line num="282" count="3" type="stmt"/>
        <line num="284" count="3" type="cond" truecount="2" falsecount="0"/>
        <line num="285" count="2" type="stmt"/>
        <line num="288" count="1" type="stmt"/>
        <line num="293" count="1" type="stmt"/>
        <line num="294" count="1" type="stmt"/>
        <line num="295" count="1" type="stmt"/>
        <line num="296" count="1" type="cond" truecount="1" falsecount="1"/>
        <line num="297" count="1" type="stmt"/>
        <line num="301" count="1" type="stmt"/>
      </file>
      <file name="content.service.ts" path="/Users/adlljvd/Workspace/k-journal-api/src/modules/content/content.service.ts">
        <metrics statements="56" coveredstatements="56" conditionals="33" coveredconditionals="32" methods="12" coveredmethods="12"/>
        <line num="1" count="4" type="stmt"/>
        <line num="2" count="4" type="stmt"/>
        <line num="3" count="4" type="stmt"/>
        <line num="4" count="4" type="stmt"/>
        <line num="10" count="4" type="stmt"/>
        <line num="11" count="4" type="stmt"/>
        <line num="15" count="4" type="stmt"/>
        <line num="16" count="19" type="cond" truecount="3" falsecount="1"/>
        <line num="17" count="19" type="stmt"/>
        <line num="23" count="9" type="cond" truecount="2" falsecount="0"/>
        <line num="24" count="2" type="stmt"/>
        <line num="27" count="9" type="stmt"/>
        <line num="36" count="9" type="stmt"/>
        <line num="38" count="9" type="stmt"/>
        <line num="40" count="9" type="stmt"/>
        <line num="41" count="2" type="stmt"/>
        <line num="42" count="2" type="stmt"/>
        <line num="43" count="2" type="cond" truecount="2" falsecount="0"/>
        <line num="44" count="2" type="cond" truecount="2" falsecount="0"/>
        <line num="45" count="2" type="stmt"/>
        <line num="48" count="9" type="stmt"/>
        <line num="62" count="3" type="stmt"/>
        <line num="63" count="3" type="stmt"/>
        <line num="65" count="3" type="stmt"/>
        <line num="67" count="3" type="stmt"/>
        <line num="68" count="2" type="stmt"/>
        <line num="69" count="2" type="stmt"/>
        <line num="70" count="2" type="cond" truecount="2" falsecount="0"/>
        <line num="71" count="2" type="cond" truecount="2" falsecount="0"/>
        <line num="72" count="2" type="stmt"/>
        <line num="75" count="3" type="stmt"/>
        <line num="83" count="5" type="cond" truecount="2" falsecount="0"/>
        <line num="84" count="2" type="stmt"/>
        <line num="89" count="3" type="stmt"/>
        <line num="92" count="5" type="cond" truecount="2" falsecount="0"/>
        <line num="93" count="1" type="stmt"/>
        <line num="96" count="4" type="stmt"/>
        <line num="97" count="4" type="stmt"/>
        <line num="100" count="4" type="stmt"/>
        <line num="101" count="4" type="cond" truecount="2" falsecount="0"/>
        <line num="102" count="4" type="cond" truecount="2" falsecount="0"/>
        <line num="104" count="4" type="cond" truecount="4" falsecount="0"/>
        <line num="105" count="1" type="stmt"/>
        <line num="107" count="3" type="stmt"/>
        <line num="110" count="4" type="stmt"/>
        <line num="120" count="2" type="stmt"/>
        <line num="126" count="2" type="stmt"/>
        <line num="127" count="6" type="stmt"/>
        <line num="129" count="2" type="stmt"/>
        <line num="131" count="2" type="stmt"/>
        <line num="132" count="6" type="stmt"/>
        <line num="133" count="6" type="stmt"/>
        <line num="134" count="6" type="cond" truecount="2" falsecount="0"/>
        <line num="135" count="6" type="cond" truecount="2" falsecount="0"/>
        <line num="136" count="6" type="stmt"/>
        <line num="139" count="2" type="stmt"/>
      </file>
    </package>
    <package name="src.modules.content-request">
      <metrics statements="76" coveredstatements="76" conditionals="47" coveredconditionals="36" methods="24" coveredmethods="24"/>
      <file name="content-request.controller.ts" path="/Users/adlljvd/Workspace/k-journal-api/src/modules/content-request/content-request.controller.ts">
        <metrics statements="17" coveredstatements="17" conditionals="20" coveredconditionals="15" methods="3" coveredmethods="3"/>
        <line num="1" count="1" type="stmt"/>
        <line num="12" count="1" type="stmt"/>
        <line num="18" count="1" type="stmt"/>
        <line num="20" count="1" type="stmt"/>
        <line num="21" count="1" type="stmt"/>
        <line num="22" count="1" type="stmt"/>
        <line num="28" count="1" type="stmt"/>
        <line num="29" count="6" type="cond" truecount="3" falsecount="1"/>
        <line num="30" count="6" type="stmt"/>
        <line num="45" count="1" type="stmt"/>
        <line num="49" count="3" type="stmt"/>
        <line num="53" count="3" type="stmt"/>
        <line num="54" count="2" type="stmt"/>
        <line num="63" count="1" type="stmt"/>
        <line num="67" count="3" type="stmt"/>
        <line num="71" count="3" type="stmt"/>
        <line num="72" count="2" type="stmt"/>
      </file>
      <file name="content-request.repository.ts" path="/Users/adlljvd/Workspace/k-journal-api/src/modules/content-request/content-request.repository.ts">
        <metrics statements="35" coveredstatements="35" conditionals="19" coveredconditionals="14" methods="17" coveredmethods="17"/>
        <line num="1" count="6" type="stmt"/>
        <line num="2" count="6" type="stmt"/>
        <line num="3" count="6" type="stmt"/>
        <line num="4" count="6" type="stmt"/>
        <line num="8" count="6" type="stmt"/>
        <line num="11" count="6" type="stmt"/>
        <line num="25" count="19" type="stmt"/>
        <line num="29" count="28" type="stmt"/>
        <line num="43" count="6" type="cond" truecount="1" falsecount="1"/>
        <line num="44" count="6" type="cond" truecount="1" falsecount="1"/>
        <line num="45" count="6" type="stmt"/>
        <line num="47" count="6" type="stmt"/>
        <line num="53" count="6" type="stmt"/>
        <line num="56" count="6" type="stmt"/>
        <line num="65" count="6" type="stmt"/>
        <line num="70" count="6" type="stmt"/>
        <line num="81" count="3" type="cond" truecount="1" falsecount="1"/>
        <line num="82" count="3" type="cond" truecount="1" falsecount="1"/>
        <line num="83" count="3" type="stmt"/>
        <line num="85" count="3" type="stmt"/>
        <line num="90" count="3" type="stmt"/>
        <line num="93" count="3" type="stmt"/>
        <line num="110" count="3" type="stmt"/>
        <line num="113" count="3" type="stmt"/>
        <line num="121" count="2" type="stmt"/>
        <line num="122" count="2" type="stmt"/>
        <line num="124" count="2" type="stmt"/>
        <line num="126" count="2" type="stmt"/>
        <line num="145" count="2" type="stmt"/>
        <line num="147" count="2" type="stmt"/>
        <line num="173" count="3" type="stmt"/>
        <line num="180" count="1" type="stmt"/>
        <line num="182" count="1" type="stmt"/>
        <line num="193" count="2" type="stmt"/>
        <line num="195" count="2" type="stmt"/>
      </file>
      <file name="content-request.service.ts" path="/Users/adlljvd/Workspace/k-journal-api/src/modules/content-request/content-request.service.ts">
        <metrics statements="24" coveredstatements="24" conditionals="8" coveredconditionals="7" methods="4" coveredmethods="4"/>
        <line num="1" count="2" type="stmt"/>
        <line num="2" count="2" type="stmt"/>
        <line num="3" count="2" type="stmt"/>
        <line num="4" count="2" type="stmt"/>
        <line num="6" count="2" type="stmt"/>
        <line num="7" count="2" type="stmt"/>
        <line num="12" count="2" type="stmt"/>
        <line num="15" count="2" type="stmt"/>
        <line num="17" count="12" type="cond" truecount="3" falsecount="1"/>
        <line num="19" count="12" type="stmt"/>
        <line num="32" count="6" type="stmt"/>
        <line num="33" count="6" type="cond" truecount="2" falsecount="0"/>
        <line num="34" count="1" type="stmt"/>
        <line num="42" count="5" type="stmt"/>
        <line num="43" count="5" type="cond" truecount="2" falsecount="0"/>
        <line num="44" count="2" type="stmt"/>
        <line num="51" count="3" type="stmt"/>
        <line num="61" count="3" type="stmt"/>
        <line num="71" count="3" type="stmt"/>
        <line num="77" count="3" type="stmt"/>
        <line num="79" count="3" type="stmt"/>
        <line num="95" count="3" type="stmt"/>
        <line num="96" count="3" type="stmt"/>
        <line num="97" count="3" type="stmt"/>
      </file>
    </package>
    <package name="src.modules.content-request.dto">
      <metrics statements="20" coveredstatements="17" conditionals="8" coveredconditionals="6" methods="3" coveredmethods="0"/>
      <file name="create-content-request.dto.ts" path="/Users/adlljvd/Workspace/k-journal-api/src/modules/content-request/dto/create-content-request.dto.ts">
        <metrics statements="10" coveredstatements="9" conditionals="4" coveredconditionals="3" methods="1" coveredmethods="0"/>
        <line num="1" count="1" type="stmt"/>
        <line num="2" count="1" type="stmt"/>
        <line num="9" count="1" type="stmt"/>
        <line num="10" count="1" type="stmt"/>
        <line num="12" count="1" type="stmt"/>
        <line num="19" count="1" type="stmt"/>
        <line num="27" count="1" type="cond" truecount="3" falsecount="1"/>
        <line num="34" count="0" type="stmt"/>
        <line num="36" count="1" type="stmt"/>
        <line num="44" count="1" type="stmt"/>
      </file>
      <file name="query-content-request.dto.ts" path="/Users/adlljvd/Workspace/k-journal-api/src/modules/content-request/dto/query-content-request.dto.ts">
        <metrics statements="10" coveredstatements="8" conditionals="4" coveredconditionals="3" methods="2" coveredmethods="0"/>
        <line num="1" count="1" type="stmt"/>
        <line num="2" count="1" type="stmt"/>
        <line num="3" count="1" type="stmt"/>
        <line num="4" count="1" type="stmt"/>
        <line num="6" count="1" type="stmt"/>
        <line num="9" count="0" type="stmt"/>
        <line num="12" count="1" type="stmt"/>
        <line num="16" count="0" type="stmt"/>
        <line num="20" count="1" type="stmt"/>
        <line num="29" count="1" type="cond" truecount="3" falsecount="1"/>
      </file>
    </package>
    <package name="src.modules.content-request.entities">
      <metrics statements="20" coveredstatements="18" conditionals="16" coveredconditionals="11" methods="3" coveredmethods="1"/>
      <file name="content-request.entity.ts" path="/Users/adlljvd/Workspace/k-journal-api/src/modules/content-request/entities/content-request.entity.ts">
        <metrics statements="20" coveredstatements="18" conditionals="16" coveredconditionals="11" methods="3" coveredmethods="1"/>
        <line num="1" count="5" type="stmt"/>
        <line num="2" count="5" type="stmt"/>
        <line num="3" count="5" type="stmt"/>
        <line num="4" count="5" type="stmt"/>
        <line num="7" count="5" type="stmt"/>
        <line num="10" count="5" type="stmt"/>
        <line num="14" count="5" type="stmt"/>
        <line num="18" count="5" type="stmt"/>
        <line num="22" count="5" type="cond" truecount="3" falsecount="1"/>
        <line num="26" count="5" type="stmt"/>
        <line num="30" count="5" type="stmt"/>
        <line num="34" count="5" type="cond" truecount="3" falsecount="1"/>
        <line num="38" count="5" type="stmt"/>
        <line num="42" count="5" type="stmt"/>
        <line num="46" count="0" type="stmt"/>
        <line num="47" count="5" type="cond" truecount="3" falsecount="1"/>
        <line num="51" count="0" type="stmt"/>
        <line num="52" count="5" type="stmt"/>
        <line num="56" count="5" type="stmt"/>
        <line num="59" count="20" type="stmt"/>
      </file>
    </package>
    <package name="src.modules.content.dto">
      <metrics statements="20" coveredstatements="18" conditionals="4" coveredconditionals="4" methods="4" coveredmethods="2"/>
      <file name="query-content.dto.ts" path="/Users/adlljvd/Workspace/k-journal-api/src/modules/content/dto/query-content.dto.ts">
        <metrics statements="20" coveredstatements="18" conditionals="4" coveredconditionals="4" methods="4" coveredmethods="2"/>
        <line num="1" count="4" type="stmt"/>
        <line num="2" count="4" type="stmt"/>
        <line num="3" count="4" type="stmt"/>
        <line num="4" count="4" type="stmt"/>
        <line num="6" count="4" type="cond" truecount="2" falsecount="0"/>
        <line num="7" count="4" type="stmt"/>
        <line num="8" count="4" type="stmt"/>
        <line num="9" count="4" type="stmt"/>
        <line num="12" count="4" type="cond" truecount="2" falsecount="0"/>
        <line num="13" count="4" type="stmt"/>
        <line num="14" count="4" type="stmt"/>
        <line num="17" count="4" type="stmt"/>
        <line num="20" count="0" type="stmt"/>
        <line num="23" count="4" type="stmt"/>
        <line num="27" count="0" type="stmt"/>
        <line num="31" count="4" type="stmt"/>
        <line num="36" count="4" type="stmt"/>
        <line num="41" count="4" type="stmt"/>
        <line num="46" count="4" type="stmt"/>
        <line num="51" count="4" type="stmt"/>
      </file>
    </package>
    <package name="src.modules.content.entities">
      <metrics statements="39" coveredstatements="32" conditionals="26" coveredconditionals="16" methods="4" coveredmethods="1"/>
      <file name="content.entity.ts" path="/Users/adlljvd/Workspace/k-journal-api/src/modules/content/entities/content.entity.ts">
        <metrics statements="32" coveredstatements="26" conditionals="22" coveredconditionals="14" methods="3" coveredmethods="1"/>
        <line num="1" count="9" type="stmt"/>
        <line num="2" count="9" type="stmt"/>
        <line num="4" count="9" type="stmt"/>
        <line num="21" count="9" type="stmt"/>
        <line num="24" count="9" type="stmt"/>
        <line num="28" count="9" type="stmt"/>
        <line num="32" count="9" type="stmt"/>
        <line num="36" count="9" type="cond" truecount="3" falsecount="1"/>
        <line num="40" count="9" type="stmt"/>
        <line num="47" count="9" type="stmt"/>
        <line num="51" count="9" type="stmt"/>
        <line num="55" count="9" type="stmt"/>
        <line num="59" count="9" type="stmt"/>
        <line num="66" count="9" type="stmt"/>
        <line num="73" count="9" type="stmt"/>
        <line num="77" count="9" type="stmt"/>
        <line num="81" count="9" type="stmt"/>
        <line num="85" count="34" type="stmt"/>
        <line num="89" count="34" type="stmt"/>
        <line num="101" count="9" type="stmt"/>
        <line num="105" count="0" type="stmt"/>
        <line num="106" count="9" type="cond" truecount="3" falsecount="1"/>
        <line num="110" count="0" type="stmt"/>
        <line num="111" count="9" type="cond" truecount="3" falsecount="1"/>
        <line num="114" count="34" type="stmt"/>
        <line num="117" count="34" type="cond" truecount="1" falsecount="1"/>
        <line num="118" count="0" type="stmt"/>
        <line num="119" count="0" type="stmt"/>
        <line num="120" count="0" type="cond" truecount="0" falsecount="2"/>
        <line num="122" count="0" type="stmt"/>
        <line num="124" count="34" type="cond" truecount="2" falsecount="0"/>
        <line num="125" count="4" type="stmt"/>
      </file>
      <file name="genre.entity.ts" path="/Users/adlljvd/Workspace/k-journal-api/src/modules/content/entities/genre.entity.ts">
        <metrics statements="7" coveredstatements="6" conditionals="4" coveredconditionals="2" methods="1" coveredmethods="0"/>
        <line num="1" count="7" type="stmt"/>
        <line num="2" count="7" type="stmt"/>
        <line num="5" count="7" type="stmt"/>
        <line num="8" count="7" type="stmt"/>
        <line num="12" count="7" type="stmt"/>
        <line num="16" count="7" type="stmt"/>
        <line num="19" count="0" type="stmt"/>
      </file>
    </package>
    <package name="src.modules.journal">
      <metrics statements="125" coveredstatements="125" conditionals="93" coveredconditionals="76" methods="37" coveredmethods="37"/>
      <file name="journal.controller.ts" path="/Users/adlljvd/Workspace/k-journal-api/src/modules/journal/journal.controller.ts">
        <metrics statements="37" coveredstatements="37" conditionals="48" coveredconditionals="36" methods="8" coveredmethods="8"/>
        <line num="1" count="3" type="stmt"/>
        <line num="15" count="3" type="stmt"/>
        <line num="22" count="3" type="stmt"/>
        <line num="23" count="3" type="stmt"/>
        <line num="24" count="3" type="stmt"/>
        <line num="30" count="3" type="stmt"/>
        <line num="31" count="3" type="stmt"/>
        <line num="39" count="3" type="stmt"/>
        <line num="40" count="18" type="cond" truecount="3" falsecount="1"/>
        <line num="41" count="18" type="stmt"/>
        <line num="50" count="3" type="stmt"/>
        <line num="54" count="4" type="stmt"/>
        <line num="55" count="4" type="stmt"/>
        <line num="56" count="4" type="stmt"/>
        <line num="64" count="3" type="stmt"/>
        <line num="68" count="3" type="stmt"/>
        <line num="69" count="3" type="stmt"/>
        <line num="70" count="2" type="stmt"/>
        <line num="76" count="3" type="cond" truecount="3" falsecount="1"/>
        <line num="80" count="2" type="stmt"/>
        <line num="81" count="2" type="stmt"/>
        <line num="82" count="2" type="stmt"/>
        <line num="93" count="3" type="stmt"/>
        <line num="97" count="2" type="stmt"/>
        <line num="101" count="2" type="stmt"/>
        <line num="102" count="1" type="stmt"/>
        <line num="110" count="3" type="stmt"/>
        <line num="114" count="2" type="stmt"/>
        <line num="115" count="2" type="stmt"/>
        <line num="116" count="1" type="stmt"/>
        <line num="124" count="3" type="stmt"/>
        <line num="129" count="3" type="stmt"/>
        <line num="130" count="3" type="stmt"/>
        <line num="131" count="2" type="stmt"/>
        <line num="140" count="3" type="stmt"/>
        <line num="144" count="2" type="stmt"/>
        <line num="145" count="2" type="stmt"/>
      </file>
      <file name="journal.repository.ts" path="/Users/adlljvd/Workspace/k-journal-api/src/modules/journal/journal.repository.ts">
        <metrics statements="35" coveredstatements="35" conditionals="17" coveredconditionals="16" methods="18" coveredmethods="18"/>
        <line num="1" count="5" type="stmt"/>
        <line num="3" count="5" type="stmt"/>
        <line num="4" count="5" type="stmt"/>
        <line num="8" count="5" type="stmt"/>
        <line num="10" count="5" type="stmt"/>
        <line num="15" count="5" type="stmt"/>
        <line num="29" count="30" type="stmt"/>
        <line num="33" count="38" type="stmt"/>
        <line num="40" count="3" type="stmt"/>
        <line num="42" count="3" type="stmt"/>
        <line num="63" count="11" type="cond" truecount="2" falsecount="0"/>
        <line num="64" count="11" type="cond" truecount="2" falsecount="0"/>
        <line num="65" count="11" type="stmt"/>
        <line num="66" count="11" type="cond" truecount="2" falsecount="0"/>
        <line num="68" count="11" type="stmt"/>
        <line num="73" count="11" type="stmt"/>
        <line num="74" count="11" type="cond" truecount="2" falsecount="0"/>
        <line num="75" count="1" type="stmt"/>
        <line num="77" count="10" type="stmt"/>
        <line num="80" count="11" type="stmt"/>
        <line num="83" count="11" type="stmt"/>
        <line num="93" count="11" type="stmt"/>
        <line num="98" count="11" type="stmt"/>
        <line num="102" count="3" type="stmt"/>
        <line num="104" count="3" type="stmt"/>
        <line num="120" count="3" type="stmt"/>
        <line num="122" count="3" type="stmt"/>
        <line num="131" count="2" type="stmt"/>
        <line num="132" count="2" type="stmt"/>
        <line num="138" count="2" type="stmt"/>
        <line num="140" count="2" type="stmt"/>
        <line num="151" count="2" type="stmt"/>
        <line num="153" count="2" type="stmt"/>
        <line num="164" count="3" type="stmt"/>
        <line num="174" count="3" type="cond" truecount="2" falsecount="0"/>
      </file>
      <file name="journal.service.ts" path="/Users/adlljvd/Workspace/k-journal-api/src/modules/journal/journal.service.ts">
        <metrics statements="53" coveredstatements="53" conditionals="28" coveredconditionals="24" methods="11" coveredmethods="11"/>
        <line num="1" count="4" type="stmt"/>
        <line num="2" count="4" type="stmt"/>
        <line num="3" count="4" type="stmt"/>
        <line num="4" count="4" type="stmt"/>
        <line num="5" count="4" type="stmt"/>
        <line num="6" count="4" type="stmt"/>
        <line num="13" count="4" type="stmt"/>
        <line num="14" count="4" type="stmt"/>
        <line num="18" count="4" type="stmt"/>
        <line num="20" count="40" type="cond" truecount="6" falsecount="2"/>
        <line num="21" count="40" type="cond" truecount="3" falsecount="1"/>
        <line num="22" count="40" type="stmt"/>
        <line num="24" count="40" type="stmt"/>
        <line num="32" count="5" type="stmt"/>
        <line num="35" count="5" type="cond" truecount="2" falsecount="0"/>
        <line num="36" count="1" type="stmt"/>
        <line num="40" count="4" type="stmt"/>
        <line num="44" count="4" type="cond" truecount="2" falsecount="0"/>
        <line num="45" count="2" type="stmt"/>
        <line num="51" count="2" type="stmt"/>
        <line num="61" count="2" type="stmt"/>
        <line num="66" count="2" type="stmt"/>
        <line num="75" count="10" type="stmt"/>
        <line num="84" count="10" type="stmt"/>
        <line num="85" count="6" type="stmt"/>
        <line num="88" count="10" type="stmt"/>
        <line num="102" count="3" type="stmt"/>
        <line num="103" count="3" type="cond" truecount="2" falsecount="0"/>
        <line num="104" count="2" type="stmt"/>
        <line num="107" count="1" type="stmt"/>
        <line num="117" count="7" type="stmt"/>
        <line num="118" count="7" type="cond" truecount="2" falsecount="0"/>
        <line num="119" count="2" type="stmt"/>
        <line num="122" count="5" type="stmt"/>
        <line num="125" count="5" type="stmt"/>
        <line num="130" count="5" type="stmt"/>
        <line num="136" count="3" type="stmt"/>
        <line num="137" count="3" type="cond" truecount="2" falsecount="0"/>
        <line num="138" count="2" type="stmt"/>
        <line num="141" count="1" type="stmt"/>
        <line num="143" count="1" type="stmt"/>
        <line num="152" count="3" type="stmt"/>
        <line num="157" count="3" type="stmt"/>
        <line num="158" count="1" type="stmt"/>
        <line num="161" count="3" type="cond" truecount="1" falsecount="1"/>
        <line num="163" count="3" type="stmt"/>
        <line num="174" count="5" type="stmt"/>
        <line num="180" count="5" type="cond" truecount="2" falsecount="0"/>
        <line num="181" count="3" type="stmt"/>
        <line num="187" count="2" type="stmt"/>
        <line num="192" count="2" type="stmt"/>
        <line num="204" count="4" type="stmt"/>
        <line num="211" count="4" type="stmt"/>
      </file>
    </package>
    <package name="src.modules.journal.dto">
      <metrics statements="37" coveredstatements="35" conditionals="8" coveredconditionals="7" methods="4" coveredmethods="2"/>
      <file name="create-journal-entry.dto.ts" path="/Users/adlljvd/Workspace/k-journal-api/src/modules/journal/dto/create-journal-entry.dto.ts">
        <metrics statements="10" coveredstatements="10" conditionals="4" coveredconditionals="3" methods="0" coveredmethods="0"/>
        <line num="1" count="5" type="stmt"/>
        <line num="2" count="5" type="stmt"/>
        <line num="9" count="5" type="stmt"/>
        <line num="10" count="5" type="stmt"/>
        <line num="12" count="5" type="stmt"/>
        <line num="15" count="5" type="stmt"/>
        <line num="19" count="5" type="cond" truecount="3" falsecount="1"/>
        <line num="24" count="5" type="stmt"/>
[...]
        <line num="63" count="5" type="stmt"/>
        <line num="64" count="5" type="stmt"/>
        <line num="66" count="5" type="stmt"/>
        <line num="77" count="3" type="stmt"/>
        <line num="78" count="3" type="cond" truecount="2" falsecount="0"/>
        <line num="79" count="1" type="stmt"/>
        <line num="82" count="2" type="stmt"/>
        <line num="91" count="2" type="stmt"/>
        <line num="93" count="1" type="stmt"/>
        <line num="96" count="2" type="stmt"/>
        <line num="112" count="4" type="cond" truecount="1" falsecount="1"/>
        <line num="114" count="4" type="stmt"/>
        <line num="127" count="4" type="stmt"/>
        <line num="128" count="8" type="stmt"/>
        <line num="129" count="8" type="stmt"/>
        <line num="130" count="8" type="stmt"/>
        <line num="131" count="8" type="cond" truecount="2" falsecount="0"/>
        <line num="137" count="8" type="stmt"/>
        <line num="140" count="4" type="stmt"/>
        <line num="147" count="8" type="stmt"/>
        <line num="153" count="8" type="stmt"/>
        <line num="154" count="8" type="stmt"/>
        <line num="155" count="8" type="stmt"/>
        <line num="156" count="8" type="stmt"/>
        <line num="158" count="8" type="stmt"/>
        <line num="169" count="9" type="stmt"/>
        <line num="178" count="9" type="stmt"/>
        <line num="187" count="5" type="stmt"/>
        <line num="188" count="5" type="cond" truecount="4" falsecount="0"/>
        <line num="189" count="3" type="stmt"/>
        <line num="192" count="2" type="stmt"/>
        <line num="193" count="2" type="cond" truecount="2" falsecount="0"/>
        <line num="194" count="1" type="stmt"/>
        <line num="197" count="1" type="stmt"/>
        <line num="202" count="1" type="stmt"/>
        <line num="203" count="1" type="stmt"/>
        <line num="206" count="1" type="stmt"/>
        <line num="208" count="1" type="stmt"/>
      </file>
    </package>
    <package name="src.modules.profile.dto">
      <metrics statements="46" coveredstatements="39" conditionals="8" coveredconditionals="6" methods="7" coveredmethods="0"/>
      <file name="profile-stats.dto.ts" path="/Users/adlljvd/Workspace/k-journal-api/src/modules/profile/dto/profile-stats.dto.ts">
        <metrics statements="6" coveredstatements="6" conditionals="0" coveredconditionals="0" methods="0" coveredmethods="0"/>
        <line num="1" count="2" type="stmt"/>
        <line num="2" count="2" type="stmt"/>
        <line num="5" count="2" type="stmt"/>
        <line num="8" count="2" type="stmt"/>
        <line num="15" count="2" type="stmt"/>
        <line num="19" count="2" type="stmt"/>
      </file>
      <file name="public-journal-query.dto.ts" path="/Users/adlljvd/Workspace/k-journal-api/src/modules/profile/dto/public-journal-query.dto.ts">
        <metrics statements="12" coveredstatements="10" conditionals="0" coveredconditionals="0" methods="2" coveredmethods="0"/>
        <line num="1" count="2" type="stmt"/>
        <line num="2" count="2" type="stmt"/>
        <line num="3" count="2" type="stmt"/>
        <line num="4" count="2" type="stmt"/>
        <line num="6" count="2" type="stmt"/>
        <line num="9" count="0" type="stmt"/>
        <line num="12" count="2" type="stmt"/>
        <line num="16" count="0" type="stmt"/>
        <line num="20" count="2" type="stmt"/>
        <line num="29" count="2" type="stmt"/>
        <line num="37" count="2" type="stmt"/>
        <line num="42" count="2" type="stmt"/>
      </file>
      <file name="public-profile.dto.ts" path="/Users/adlljvd/Workspace/k-journal-api/src/modules/profile/dto/public-profile.dto.ts">
        <metrics statements="15" coveredstatements="11" conditionals="8" coveredconditionals="6" methods="4" coveredmethods="0"/>
        <line num="1" count="2" type="stmt"/>
        <line num="2" count="2" type="stmt"/>
        <line num="3" count="2" type="stmt"/>
        <line num="4" count="2" type="stmt"/>
        <line num="5" count="2" type="stmt"/>
        <line num="8" count="2" type="stmt"/>
        <line num="11" count="2" type="stmt"/>
        <line num="15" count="2" type="stmt"/>
        <line num="17" count="0" type="stmt"/>
        <line num="19" count="0" type="stmt"/>
        <line num="20" count="2" type="cond" truecount="3" falsecount="1"/>
        <line num="27" count="0" type="stmt"/>
        <line num="28" count="2" type="stmt"/>
        <line num="32" count="0" type="stmt"/>
        <line num="33" count="2" type="cond" truecount="3" falsecount="1"/>
      </file>
      <file name="search-users-query.dto.ts" path="/Users/adlljvd/Workspace/k-journal-api/src/modules/profile/dto/search-users-query.dto.ts">
        <metrics statements="7" coveredstatements="6" conditionals="0" coveredconditionals="0" methods="1" coveredmethods="0"/>
        <line num="1" count="2" type="stmt"/>
        <line num="2" count="2" type="stmt"/>
        <line num="3" count="2" type="stmt"/>
        <line num="5" count="2" type="stmt"/>
        <line num="11" count="2" type="stmt"/>
        <line num="19" count="0" type="stmt"/>
        <line num="23" count="2" type="stmt"/>
      </file>
      <file name="user-search-result.dto.ts" path="/Users/adlljvd/Workspace/k-journal-api/src/modules/profile/dto/user-search-result.dto.ts">
        <metrics statements="6" coveredstatements="6" conditionals="0" coveredconditionals="0" methods="0" coveredmethods="0"/>
        <line num="1" count="2" type="stmt"/>
        <line num="2" count="2" type="stmt"/>
        <line num="5" count="2" type="stmt"/>
        <line num="8" count="2" type="stmt"/>
        <line num="12" count="2" type="stmt"/>
        <line num="21" count="2" type="stmt"/>
      </file>
    </package>
    <package name="src.modules.user">
      <metrics statements="123" coveredstatements="123" conditionals="94" coveredconditionals="78" methods="30" coveredmethods="30"/>
      <file name="user-profile.repository.ts" path="/Users/adlljvd/Workspace/k-journal-api/src/modules/user/user-profile.repository.ts">
        <metrics statements="18" coveredstatements="18" conditionals="10" coveredconditionals="9" methods="5" coveredmethods="5"/>
        <line num="1" count="9" type="stmt"/>
        <line num="3" count="9" type="stmt"/>
        <line num="4" count="9" type="stmt"/>
        <line num="14" count="9" type="stmt"/>
        <line num="28" count="9" type="stmt"/>
        <line num="32" count="9" type="stmt"/>
        <line num="36" count="7" type="stmt"/>
        <line num="37" count="7" type="stmt"/>
        <line num="45" count="5" type="stmt"/>
        <line num="46" count="5" type="cond" truecount="2" falsecount="0"/>
        <line num="47" count="1" type="stmt"/>
        <line num="50" count="4" type="cond" truecount="2" falsecount="0"/>
        <line num="51" count="1" type="stmt"/>
        <line num="54" count="3" type="stmt"/>
        <line num="55" count="3" type="cond" truecount="2" falsecount="0"/>
        <line num="56" count="1" type="stmt"/>
        <line num="59" count="2" type="stmt"/>
        <line num="65" count="2" type="stmt"/>
      </file>
      <file name="user.controller.ts" path="/Users/adlljvd/Workspace/k-journal-api/src/modules/user/user.controller.ts">
        <metrics statements="30" coveredstatements="30" conditionals="40" coveredconditionals="30" methods="6" coveredmethods="6"/>
        <line num="1" count="3" type="stmt"/>
        <line num="12" count="3" type="stmt"/>
        <line num="18" count="3" type="stmt"/>
        <line num="19" count="3" type="stmt"/>
        <line num="20" count="3" type="stmt"/>
        <line num="21" count="3" type="stmt"/>
        <line num="22" count="3" type="stmt"/>
        <line num="23" count="3" type="stmt"/>
        <line num="24" count="3" type="stmt"/>
        <line num="25" count="3" type="stmt"/>
        <line num="32" count="3" type="stmt"/>
        <line num="33" count="11" type="cond" truecount="3" falsecount="1"/>
        <line num="34" count="11" type="stmt"/>
        <line num="40" count="3" type="cond" truecount="3" falsecount="1"/>
        <line num="41" count="2" type="stmt"/>
        <line num="42" count="2" type="stmt"/>
        <line num="43" count="2" type="stmt"/>
        <line num="49" count="3" type="stmt"/>
        <line num="53" count="3" type="stmt"/>
        <line num="54" count="3" type="stmt"/>
        <line num="55" count="3" type="stmt"/>
        <line num="61" count="3" type="stmt"/>
        <line num="65" count="2" type="stmt"/>
        <line num="66" count="2" type="stmt"/>
        <line num="72" count="3" type="stmt"/>
        <line num="76" count="2" type="stmt"/>
        <line num="77" count="2" type="stmt"/>
        <line num="84" count="3" type="stmt"/>
        <line num="88" count="2" type="stmt"/>
        <line num="89" count="2" type="stmt"/>
      </file>
      <file name="user.repository.ts" path="/Users/adlljvd/Workspace/k-journal-api/src/modules/user/user.repository.ts">
        <metrics statements="15" coveredstatements="15" conditionals="4" coveredconditionals="3" methods="11" coveredmethods="11"/>
        <line num="1" count="7" type="stmt"/>
        <line num="3" count="7" type="stmt"/>
        <line num="4" count="7" type="stmt"/>
        <line num="10" count="7" type="stmt"/>
        <line num="24" count="13" type="stmt"/>
        <line num="28" count="13" type="stmt"/>
        <line num="32" count="2" type="stmt"/>
        <line num="33" count="2" type="stmt"/>
        <line num="39" count="2" type="stmt"/>
        <line num="40" count="2" type="stmt"/>
        <line num="46" count="2" type="stmt"/>
        <line num="48" count="2" type="stmt"/>
        <line num="57" count="1" type="stmt"/>
        <line num="61" count="1" type="stmt"/>
        <line num="82" count="1" type="stmt"/>
      </file>
      <file name="user.service.ts" path="/Users/adlljvd/Workspace/k-journal-api/src/modules/user/user.service.ts">
        <metrics statements="60" coveredstatements="60" conditionals="40" coveredconditionals="36" methods="8" coveredmethods="8"/>
        <line num="1" count="4" type="stmt"/>
        <line num="2" count="4" type="stmt"/>
        <line num="3" count="4" type="stmt"/>
        <line num="4" count="4" type="stmt"/>
        <line num="5" count="4" type="stmt"/>
        <line num="6" count="4" type="stmt"/>
        <line num="7" count="4" type="stmt"/>
        <line num="14" count="4" type="stmt"/>
        <line num="17" count="4" type="stmt"/>
        <line num="19" count="19" type="cond" truecount="6" falsecount="2"/>
        <line num="20" count="19" type="cond" truecount="3" falsecount="1"/>
        <line num="21" count="19" type="stmt"/>
        <line num="23" count="19" type="stmt"/>
        <line num="27" count="3" type="stmt"/>
        <line num="28" count="3" type="cond" truecount="2" falsecount="0"/>
        <line num="29" count="1" type="stmt"/>
        <line num="31" count="2" type="stmt"/>
        <line num="38" count="4" type="stmt"/>
        <line num="39" count="4" type="cond" truecount="2" falsecount="0"/>
        <line num="40" count="1" type="stmt"/>
        <line num="44" count="3" type="cond" truecount="1" falsecount="1"/>
        <line num="45" count="3" type="cond" truecount="2" falsecount="0"/>
        <line num="46" count="1" type="stmt"/>
        <line num="52" count="2" type="stmt"/>
        <line num="56" count="2" type="cond" truecount="2" falsecount="0"/>
        <line num="57" count="1" type="stmt"/>
        <line num="65" count="1" type="stmt"/>
        <line num="74" count="1" type="stmt"/>
        <line num="81" count="3" type="stmt"/>
        <line num="82" count="3" type="cond" truecount="2" falsecount="0"/>
        <line num="83" count="1" type="stmt"/>
        <line num="86" count="2" type="stmt"/>
        <line num="90" count="2" type="cond" truecount="2" falsecount="0"/>
        <line num="91" count="1" type="stmt"/>
        <line num="97" count="1" type="stmt"/>
        <line num="98" count="1" type="stmt"/>
        <line num="100" count="1" type="stmt"/>
        <line num="107" count="4" type="stmt"/>
        <line num="108" count="4" type="cond" truecount="2" falsecount="0"/>
        <line num="109" count="1" type="stmt"/>
        <line num="112" count="3" type="stmt"/>
        <line num="116" count="3" type="cond" truecount="2" falsecount="0"/>
        <line num="117" count="1" type="stmt"/>
        <line num="120" count="2" type="stmt"/>
        <line num="121" count="2" type="cond" truecount="4" falsecount="0"/>
        <line num="122" count="1" type="stmt"/>
        <line num="128" count="1" type="stmt"/>
        <line num="130" count="1" type="stmt"/>
        <line num="137" count="3" type="stmt"/>
        <line num="138" count="3" type="cond" truecount="2" falsecount="0"/>
        <line num="139" count="1" type="stmt"/>
        <line num="142" count="2" type="stmt"/>
        <line num="146" count="2" type="cond" truecount="2" falsecount="0"/>
        <line num="147" count="1" type="stmt"/>
        <line num="153" count="1" type="stmt"/>
        <line num="155" count="1" type="stmt"/>
        <line num="163" count="2" type="stmt"/>
        <line num="175" count="2" type="cond" truecount="2" falsecount="0"/>
        <line num="176" count="2" type="stmt"/>
        <line num="180" count="2" type="stmt"/>
      </file>
    </package>
    <package name="src.modules.user.dto">
      <metrics statements="22" coveredstatements="22" conditionals="0" coveredconditionals="0" methods="0" coveredmethods="0"/>
      <file name="change-email.dto.ts" path="/Users/adlljvd/Workspace/k-journal-api/src/modules/user/dto/change-email.dto.ts">
        <metrics statements="6" coveredstatements="6" conditionals="0" coveredconditionals="0" methods="0" coveredmethods="0"/>
        <line num="1" count="3" type="stmt"/>
        <line num="2" count="3" type="stmt"/>
        <line num="3" count="3" type="stmt"/>
        <line num="5" count="3" type="stmt"/>
        <line num="8" count="3" type="stmt"/>
        <line num="12" count="3" type="stmt"/>
      </file>
      <file name="change-password.dto.ts" path="/Users/adlljvd/Workspace/k-journal-api/src/modules/user/dto/change-password.dto.ts">
        <metrics statements="5" coveredstatements="5" conditionals="0" coveredconditionals="0" methods="0" coveredmethods="0"/>
        <line num="1" count="3" type="stmt"/>
        <line num="2" count="3" type="stmt"/>
        <line num="4" count="3" type="stmt"/>
        <line num="7" count="3" type="stmt"/>
        <line num="11" count="3" type="stmt"/>
      </file>
      <file name="delete-account.dto.ts" path="/Users/adlljvd/Workspace/k-journal-api/src/modules/user/dto/delete-account.dto.ts">
        <metrics statements="4" coveredstatements="4" conditionals="0" coveredconditionals="0" methods="0" coveredmethods="0"/>
        <line num="1" count="3" type="stmt"/>
        <line num="2" count="3" type="stmt"/>
        <line num="4" count="3" type="stmt"/>
        <line num="7" count="3" type="stmt"/>
      </file>
      <file name="update-profile.dto.ts" path="/Users/adlljvd/Workspace/k-journal-api/src/modules/user/dto/update-profile.dto.ts">
        <metrics statements="7" coveredstatements="7" conditionals="0" coveredconditionals="0" methods="0" coveredmethods="0"/>
        <line num="1" count="3" type="stmt"/>
        <line num="2" count="3" type="stmt"/>
        <line num="9" count="3" type="stmt"/>
        <line num="11" count="3" type="stmt"/>
        <line num="15" count="3" type="stmt"/>
        <line num="21" count="3" type="stmt"/>
        <line num="30" count="3" type="stmt"/>
      </file>
    </package>
    <package name="src.modules.user.entities">
      <metrics statements="37" coveredstatements="31" conditionals="38" coveredconditionals="25" methods="8" coveredmethods="2"/>
      <file name="user-profile.entity.ts" path="/Users/adlljvd/Workspace/k-journal-api/src/modules/user/entities/user-profile.entity.ts">
        <metrics statements="15" coveredstatements="13" conditionals="14" coveredconditionals="9" methods="3" coveredmethods="1"/>
        <line num="1" count="8" type="stmt"/>
        <line num="3" count="8" type="stmt"/>
        <line num="8" count="8" type="stmt"/>
        <line num="11" count="8" type="stmt"/>
        <line num="18" count="8" type="stmt"/>
        <line num="22" count="8" type="stmt"/>
        <line num="30" count="8" type="stmt"/>
        <line num="34" count="0" type="stmt"/>
        <line num="35" count="8" type="cond" truecount="3" falsecount="1"/>
        <line num="39" count="0" type="stmt"/>
        <line num="40" count="8" type="cond" truecount="3" falsecount="1"/>
        <line num="43" count="10" type="cond" truecount="1" falsecount="1"/>
        <line num="44" count="10" type="stmt"/>
        <line num="45" count="10" type="stmt"/>
        <line num="46" count="10" type="stmt"/>
      </file>
      <file name="user.entity.ts" path="/Users/adlljvd/Workspace/k-journal-api/src/modules/user/entities/user.entity.ts">
        <metrics statements="22" coveredstatements="18" conditionals="24" coveredconditionals="16" methods="5" coveredmethods="1"/>
        <line num="1" count="8" type="stmt"/>
        <line num="3" count="8" type="stmt"/>
        <line num="4" count="8" type="stmt"/>
        <line num="5" count="8" type="stmt"/>
        <line num="12" count="8" type="stmt"/>
        <line num="15" count="8" type="stmt"/>
        <line num="19" count="8" type="stmt"/>
        <line num="23" count="8" type="stmt"/>
        <line num="26" count="8" type="stmt"/>
        <line num="30" count="8" type="cond" truecount="3" falsecount="1"/>
        <line num="32" count="0" type="stmt"/>
        <line num="34" count="0" type="stmt"/>
        <line num="35" count="8" type="cond" truecount="3" falsecount="1"/>
        <line num="39" count="0" type="stmt"/>
        <line num="40" count="8" type="cond" truecount="3" falsecount="1"/>
        <line num="44" count="0" type="stmt"/>
        <line num="45" count="8" type="cond" truecount="3" falsecount="1"/>
        <line num="48" count="10" type="cond" truecount="1" falsecount="1"/>
        <line num="49" count="10" type="stmt"/>
        <line num="50" count="10" type="stmt"/>
        <line num="51" count="10" type="cond" truecount="1" falsecount="1"/>
        <line num="52" count="10" type="stmt"/>
      </file>
    </package>
    <package name="src.prisma">
      <metrics statements="21" coveredstatements="21" conditionals="2" coveredconditionals="2" methods="3" coveredmethods="3"/>
      <file name="prisma.service.ts" path="/Users/adlljvd/Workspace/k-journal-api/src/prisma/prisma.service.ts">
        <metrics statements="21" coveredstatements="21" conditionals="2" coveredconditionals="2" methods="3" coveredmethods="3"/>
        <line num="1" count="23" type="stmt"/>
        <line num="7" count="23" type="stmt"/>
        <line num="8" count="23" type="stmt"/>
        <line num="9" count="23" type="stmt"/>
        <line num="12" count="23" type="stmt"/>
        <line num="16" count="7" type="stmt"/>
        <line num="20" count="9" type="stmt"/>
        <line num="21" count="9" type="cond" truecount="2" falsecount="0"/>
        <line num="22" count="2" type="stmt"/>
        <line num="26" count="7" type="stmt"/>
        <line num="27" count="7" type="stmt"/>
        <line num="29" count="7" type="stmt"/>
        <line num="33" count="7" type="stmt"/>
        <line num="37" count="2" type="stmt"/>
        <line num="38" count="2" type="stmt"/>
        <line num="39" count="1" type="stmt"/>
        <line num="41" count="1" type="stmt"/>
        <line num="42" count="1" type="stmt"/>
        <line num="47" count="1" type="stmt"/>
        <line num="48" count="1" type="stmt"/>
        <line num="49" count="1" type="stmt"/>
      </file>
    </package>
  </project>
</coverage>
