{"/Users/adlljvd/Workspace/k-journal-api/src/app.controller.ts": {"path":"/Users/adlljvd/Workspace/k-journal-api/src/app.controller.ts","statementMap":{"0":{"start":{"line":1,"column":0},"end":{"line":1,"column":49}},"1":{"start":{"line":2,"column":0},"end":{"line":2,"column":43}},"2":{"start":{"line":5,"column":7},"end":{"line":12,"column":null}},"3":{"start":{"line":6,"column":31},"end":{"line":6,"column":43}},"4":{"start":{"line":10,"column":4},"end":{"line":10,"column":38}},"5":{"start":{"line":5,"column":13},"end":{"line":5,"column":26}},"6":{"start":{"line":9,"column":2},"end":{"line":11,"column":null}},"7":{"start":{"line":5,"column":13},"end":{"line":12,"column":null}}},"fnMap":{"0":{"name":"(anonymous_2)","decl":{"start":{"line":6,"column":2},"end":{"line":6,"column":31}},"loc":{"start":{"line":6,"column":53},"end":{"line":6,"column":57}}},"1":{"name":"(anonymous_3)","decl":{"start":{"line":9,"column":2},"end":{"line":9,"column":10}},"loc":{"start":{"line":9,"column":10},"end":{"line":11,"column":3}}}},"branchMap":{"0":{"loc":{"start":{"line":6,"column":43},"end":{"line":6,"column":56}},"type":"cond-expr","locations":[{"start":{"line":6,"column":53},"end":{"line":6,"column":56}},{"start":{"line":6,"column":53},"end":{"line":6,"column":56}}]},"1":{"loc":{"start":{"line":6,"column":43},"end":{"line":6,"column":53}},"type":"binary-expr","locations":[{"start":{"line":6,"column":43},"end":{"line":6,"column":56}},{"start":{"line":6,"column":43},"end":{"line":6,"column":53}}]}},"s":{"0":1,"1":1,"2":1,"3":1,"4":1,"5":1,"6":1,"7":1},"f":{"0":1,"1":1},"b":{"0":[1,0],"1":[1,1]}}
,"/Users/adlljvd/Workspace/k-journal-api/src/app.service.ts": {"path":"/Users/adlljvd/Workspace/k-journal-api/src/app.service.ts","statementMap":{"0":{"start":{"line":1,"column":0},"end":{"line":1,"column":44}},"1":{"start":{"line":4,"column":7},"end":{"line":8,"column":null}},"2":{"start":{"line":6,"column":4},"end":{"line":6,"column":26}},"3":{"start":{"line":4,"column":13},"end":{"line":4,"column":23}},"4":{"start":{"line":4,"column":13},"end":{"line":8,"column":null}}},"fnMap":{"0":{"name":"(anonymous_1)","decl":{"start":{"line":5,"column":2},"end":{"line":5,"column":10}},"loc":{"start":{"line":5,"column":10},"end":{"line":7,"column":3}}}},"branchMap":{},"s":{"0":1,"1":1,"2":1,"3":1,"4":1},"f":{"0":1},"b":{}}
,"/Users/adlljvd/Workspace/k-journal-api/src/auth/auth.controller.ts": {"path":"/Users/adlljvd/Workspace/k-journal-api/src/auth/auth.controller.ts","statementMap":{"0":{"start":{"line":1,"column":0},"end":{"line":1,"column":null}},"1":{"start":{"line":9,"column":0},"end":{"line":9,"column":null}},"2":{"start":{"line":15,"column":0},"end":{"line":15,"column":45}},"3":{"start":{"line":16,"column":0},"end":{"line":16,"column":55}},"4":{"start":{"line":17,"column":0},"end":{"line":17,"column":null}},"5":{"start":{"line":27,"column":7},"end":{"line":103,"column":null}},"6":{"start":{"line":28,"column":31},"end":{"line":28,"column":44}},"7":{"start":{"line":36,"column":19},"end":{"line":36,"column":55}},"8":{"start":{"line":37,"column":4},"end":{"line":41,"column":6}},"9":{"start":{"line":51,"column":19},"end":{"line":51,"column":52}},"10":{"start":{"line":52,"column":4},"end":{"line":56,"column":6}},"11":{"start":{"line":68,"column":4},"end":{"line":70,"column":5}},"12":{"start":{"line":69,"column":6},"end":{"line":69,"column":55}},"13":{"start":{"line":71,"column":4},"end":{"line":71,"column":50}},"14":{"start":{"line":80,"column":19},"end":{"line":80,"column":60}},"15":{"start":{"line":81,"column":4},"end":{"line":81,"column":18}},"16":{"start":{"line":92,"column":4},"end":{"line":92,"column":48}},"17":{"start":{"line":101,"column":4},"end":{"line":101,"column":47}},"18":{"start":{"line":27,"column":13},"end":{"line":27,"column":27}},"19":{"start":{"line":35,"column":8},"end":{"line":42,"column":null}},"20":{"start":{"line":50,"column":8},"end":{"line":57,"column":null}},"21":{"start":{"line":66,"column":8},"end":{"line":72,"column":null}},"22":{"start":{"line":79,"column":8},"end":{"line":82,"column":null}},"23":{"start":{"line":91,"column":8},"end":{"line":93,"column":null}},"24":{"start":{"line":100,"column":8},"end":{"line":102,"column":null}},"25":{"start":{"line":27,"column":13},"end":{"line":103,"column":null}}},"fnMap":{"0":{"name":"(anonymous_4)","decl":{"start":{"line":28,"column":2},"end":{"line":28,"column":31}},"loc":{"start":{"line":28,"column":55},"end":{"line":28,"column":59}}},"1":{"name":"(anonymous_5)","decl":{"start":{"line":35,"column":8},"end":{"line":35,"column":16}},"loc":{"start":{"line":35,"column":41},"end":{"line":42,"column":3}}},"2":{"name":"(anonymous_6)","decl":{"start":{"line":50,"column":8},"end":{"line":50,"column":13}},"loc":{"start":{"line":50,"column":35},"end":{"line":57,"column":3}}},"3":{"name":"(anonymous_7)","decl":{"start":{"line":66,"column":8},"end":{"line":66,"column":14}},"loc":{"start":{"line":66,"column":54},"end":{"line":72,"column":3}}},"4":{"name":"(anonymous_8)","decl":{"start":{"line":79,"column":8},"end":{"line":79,"column":15}},"loc":{"start":{"line":79,"column":44},"end":{"line":82,"column":3}}},"5":{"name":"(anonymous_9)","decl":{"start":{"line":91,"column":8},"end":{"line":91,"column":22}},"loc":{"start":{"line":91,"column":53},"end":{"line":93,"column":3}}},"6":{"name":"(anonymous_10)","decl":{"start":{"line":100,"column":8},"end":{"line":100,"column":21}},"loc":{"start":{"line":100,"column":51},"end":{"line":102,"column":3}}}},"branchMap":{"0":{"loc":{"start":{"line":68,"column":4},"end":{"line":70,"column":5}},"type":"if","locations":[{"start":{"line":68,"column":4},"end":{"line":70,"column":5}},{"start":{},"end":{}}]},"1":{"loc":{"start":{"line":35,"column":30},"end":{"line":35,"column":null}},"type":"cond-expr","locations":[{"start":{"line":35,"column":41},"end":{"line":35,"column":null}},{"start":{"line":35,"column":41},"end":{"line":35,"column":null}}]},"2":{"loc":{"start":{"line":35,"column":30},"end":{"line":35,"column":41}},"type":"binary-expr","locations":[{"start":{"line":35,"column":30},"end":{"line":35,"column":null}},{"start":{"line":35,"column":30},"end":{"line":35,"column":41}}]},"3":{"loc":{"start":{"line":50,"column":27},"end":{"line":50,"column":null}},"type":"cond-expr","locations":[{"start":{"line":50,"column":35},"end":{"line":50,"column":null}},{"start":{"line":50,"column":35},"end":{"line":50,"column":null}}]},"4":{"loc":{"start":{"line":50,"column":27},"end":{"line":50,"column":35}},"type":"binary-expr","locations":[{"start":{"line":50,"column":27},"end":{"line":50,"column":null}},{"start":{"line":50,"column":27},"end":{"line":50,"column":35}}]},"5":{"loc":{"start":{"line":79,"column":29},"end":{"line":79,"column":null}},"type":"cond-expr","locations":[{"start":{"line":79,"column":44},"end":{"line":79,"column":null}},{"start":{"line":79,"column":44},"end":{"line":79,"column":null}}]},"6":{"loc":{"start":{"line":79,"column":29},"end":{"line":79,"column":44}},"type":"binary-expr","locations":[{"start":{"line":79,"column":29},"end":{"line":79,"column":null}},{"start":{"line":79,"column":29},"end":{"line":79,"column":44}}]},"7":{"loc":{"start":{"line":91,"column":36},"end":{"line":91,"column":null}},"type":"cond-expr","locations":[{"start":{"line":91,"column":53},"end":{"line":91,"column":null}},{"start":{"line":91,"column":53},"end":{"line":91,"column":null}}]},"8":{"loc":{"start":{"line":91,"column":36},"end":{"line":91,"column":53}},"type":"binary-expr","locations":[{"start":{"line":91,"column":36},"end":{"line":91,"column":null}},{"start":{"line":91,"column":36},"end":{"line":91,"column":53}}]},"9":{"loc":{"start":{"line":100,"column":35},"end":{"line":100,"column":null}},"type":"cond-expr","locations":[{"start":{"line":100,"column":51},"end":{"line":100,"column":null}},{"start":{"line":100,"column":51},"end":{"line":100,"column":null}}]},"10":{"loc":{"start":{"line":100,"column":35},"end":{"line":100,"column":51}},"type":"binary-expr","locations":[{"start":{"line":100,"column":35},"end":{"line":100,"column":null}},{"start":{"line":100,"column":35},"end":{"line":100,"column":51}}]},"11":{"loc":{"start":{"line":28,"column":44},"end":{"line":28,"column":58}},"type":"cond-expr","locations":[{"start":{"line":28,"column":55},"end":{"line":28,"column":58}},{"start":{"line":28,"column":55},"end":{"line":28,"column":58}}]},"12":{"loc":{"start":{"line":28,"column":44},"end":{"line":28,"column":55}},"type":"binary-expr","locations":[{"start":{"line":28,"column":44},"end":{"line":28,"column":58}},{"start":{"line":28,"column":44},"end":{"line":28,"column":55}}]}},"s":{"0":1,"1":1,"2":1,"3":1,"4":1,"5":1,"6":11,"7":2,"8":2,"9":2,"10":2,"11":3,"12":1,"13":3,"14":1,"15":1,"16":2,"17":1,"18":1,"19":1,"20":1,"21":1,"22":1,"23":1,"24":1,"25":1},"f":{"0":11,"1":2,"2":2,"3":3,"4":1,"5":2,"6":1},"b":{"0":[1,2],"1":[1,0],"2":[1,1],"3":[1,0],"4":[1,1],"5":[1,0],"6":[1,1],"7":[1,0],"8":[1,1],"9":[1,0],"10":[1,1],"11":[1,0],"12":[1,1]}}
,"/Users/adlljvd/Workspace/k-journal-api/src/auth/auth.service.ts": {"path":"/Users/adlljvd/Workspace/k-journal-api/src/auth/auth.service.ts","statementMap":{"0":{"start":{"line":1,"column":0},"end":{"line":1,"column":null}},"1":{"start":{"line":8,"column":0},"end":{"line":8,"column":41}},"2":{"start":{"line":9,"column":0},"end":{"line":9,"column":33}},"3":{"start":{"line":10,"column":0},"end":{"line":10,"column":49}},"4":{"start":{"line":11,"column":0},"end":{"line":11,"column":57}},"5":{"start":{"line":12,"column":0},"end":{"line":12,"column":65}},"6":{"start":{"line":13,"column":0},"end":{"line":13,"column":80}},"7":{"start":{"line":14,"column":0},"end":{"line":14,"column":null}},"8":{"start":{"line":18,"column":0},"end":{"line":18,"column":60}},"9":{"start":{"line":19,"column":0},"end":{"line":19,"column":49}},"10":{"start":{"line":46,"column":32},"end":{"line":46,"column":37}},"11":{"start":{"line":47,"column":35},"end":{"line":47,"column":36}},"12":{"start":{"line":48,"column":39},"end":{"line":48,"column":41}},"13":{"start":{"line":49,"column":37},"end":{"line":49,"column":39}},"14":{"start":{"line":52,"column":24},"end":{"line":376,"column":null}},"15":{"start":{"line":53,"column":28},"end":{"line":53,"column":56}},"16":{"start":{"line":56,"column":21},"end":{"line":56,"column":37}},"17":{"start":{"line":57,"column":21},"end":{"line":57,"column":40}},"18":{"start":{"line":58,"column":21},"end":{"line":58,"column":36}},"19":{"start":{"line":59,"column":21},"end":{"line":59,"column":33}},"20":{"start":{"line":71,"column":26},"end":{"line":71,"column":74}},"21":{"start":{"line":72,"column":4},"end":{"line":77,"column":5}},"22":{"start":{"line":73,"column":6},"end":{"line":76,"column":9}},"23":{"start":{"line":80,"column":29},"end":{"line":81,"column":null}},"24":{"start":{"line":83,"column":4},"end":{"line":88,"column":5}},"25":{"start":{"line":84,"column":6},"end":{"line":87,"column":9}},"26":{"start":{"line":91,"column":25},"end":{"line":96,"column":6}},"27":{"start":{"line":99,"column":17},"end":{"line":122,"column":6}},"28":{"start":{"line":101,"column":22},"end":{"line":109,"column":8}},"29":{"start":{"line":112,"column":6},"end":{"line":119,"column":9}},"30":{"start":{"line":121,"column":6},"end":{"line":121,"column":21}},"31":{"start":{"line":125,"column":28},"end":{"line":126,"column":null}},"32":{"start":{"line":130,"column":19},"end":{"line":134,"column":null}},"33":{"start":{"line":137,"column":4},"end":{"line":140,"column":6}},"34":{"start":{"line":150,"column":17},"end":{"line":150,"column":65}},"35":{"start":{"line":151,"column":4},"end":{"line":156,"column":5}},"36":{"start":{"line":152,"column":6},"end":{"line":155,"column":9}},"37":{"start":{"line":159,"column":28},"end":{"line":161,"column":null}},"38":{"start":{"line":163,"column":4},"end":{"line":168,"column":5}},"39":{"start":{"line":164,"column":6},"end":{"line":167,"column":9}},"40":{"start":{"line":171,"column":28},"end":{"line":172,"column":null}},"41":{"start":{"line":176,"column":19},"end":{"line":180,"column":null}},"42":{"start":{"line":183,"column":4},"end":{"line":186,"column":6}},"43":{"start":{"line":195,"column":22},"end":{"line":195,"column":50}},"44":{"start":{"line":198,"column":4},"end":{"line":200,"column":7}},"45":{"start":{"line":211,"column":22},"end":{"line":211,"column":54}},"46":{"start":{"line":214,"column":24},"end":{"line":217,"column":6}},"47":{"start":{"line":219,"column":4},"end":{"line":224,"column":5}},"48":{"start":{"line":220,"column":6},"end":{"line":223,"column":9}},"49":{"start":{"line":227,"column":4},"end":{"line":236,"column":5}},"50":{"start":{"line":229,"column":6},"end":{"line":231,"column":9}},"51":{"start":{"line":232,"column":6},"end":{"line":235,"column":9}},"52":{"start":{"line":239,"column":4},"end":{"line":241,"column":7}},"53":{"start":{"line":245,"column":21},"end":{"line":247,"column":null}},"54":{"start":{"line":249,"column":23},"end":{"line":249,"column":60}},"55":{"start":{"line":251,"column":4},"end":{"line":256,"column":6}},"56":{"start":{"line":267,"column":17},"end":{"line":267,"column":65}},"57":{"start":{"line":269,"column":4},"end":{"line":275,"column":5}},"58":{"start":{"line":271,"column":6},"end":{"line":274,"column":8}},"59":{"start":{"line":278,"column":23},"end":{"line":278,"column":54}},"60":{"start":{"line":279,"column":27},"end":{"line":279,"column":53}},"61":{"start":{"line":280,"column":22},"end":{"line":281,"column":null}},"62":{"start":{"line":285,"column":4},"end":{"line":287,"column":6}},"63":{"start":{"line":288,"column":4},"end":{"line":290,"column":6}},"64":{"start":{"line":292,"column":4},"end":{"line":295,"column":6}},"65":{"start":{"line":308,"column":4},"end":{"line":308,"column":30}},"66":{"start":{"line":317,"column":4},"end":{"line":320,"column":7}},"67":{"start":{"line":332,"column":34},"end":{"line":336,"column":6}},"68":{"start":{"line":339,"column":24},"end":{"line":341,"column":6}},"69":{"start":{"line":344,"column":24},"end":{"line":346,"column":34}},"70":{"start":{"line":347,"column":29},"end":{"line":348,"column":null}},"71":{"start":{"line":352,"column":25},"end":{"line":352,"column":56}},"72":{"start":{"line":353,"column":29},"end":{"line":353,"column":57}},"73":{"start":{"line":356,"column":4},"end":{"line":362,"column":7}},"74":{"start":{"line":364,"column":4},"end":{"line":367,"column":6}},"75":{"start":{"line":374,"column":4},"end":{"line":374,"column":60}},"76":{"start":{"line":52,"column":13},"end":{"line":52,"column":24}},"77":{"start":{"line":52,"column":13},"end":{"line":376,"column":null}}},"fnMap":{"0":{"name":"(anonymous_11)","decl":{"start":{"line":55,"column":2},"end":{"line":55,"column":null}},"loc":{"start":{"line":59,"column":43},"end":{"line":60,"column":6}}},"1":{"name":"(anonymous_12)","decl":{"start":{"line":69,"column":2},"end":{"line":69,"column":7}},"loc":{"start":{"line":69,"column":33},"end":{"line":141,"column":3}}},"2":{"name":"(anonymous_13)","decl":{"start":{"line":99,"column":55},"end":{"line":99,"column":60}},"loc":{"start":{"line":99,"column":68},"end":{"line":122,"column":5}}},"3":{"name":"(anonymous_14)","decl":{"start":{"line":148,"column":2},"end":{"line":148,"column":7}},"loc":{"start":{"line":148,"column":27},"end":{"line":187,"column":3}}},"4":{"name":"(anonymous_15)","decl":{"start":{"line":193,"column":2},"end":{"line":193,"column":7}},"loc":{"start":{"line":193,"column":35},"end":{"line":201,"column":3}}},"5":{"name":"(anonymous_16)","decl":{"start":{"line":209,"column":2},"end":{"line":209,"column":7}},"loc":{"start":{"line":209,"column":42},"end":{"line":257,"column":3}}},"6":{"name":"(anonymous_17)","decl":{"start":{"line":265,"column":2},"end":{"line":265,"column":7}},"loc":{"start":{"line":265,"column":45},"end":{"line":296,"column":3}}},"7":{"name":"(anonymous_18)","decl":{"start":{"line":303,"column":2},"end":{"line":303,"column":15}},"loc":{"start":{"line":303,"column":37},"end":{"line":321,"column":3}}},"8":{"name":"(anonymous_19)","decl":{"start":{"line":326,"column":10},"end":{"line":326,"column":15}},"loc":{"start":{"line":330,"column":23},"end":{"line":368,"column":3}}},"9":{"name":"(anonymous_20)","decl":{"start":{"line":373,"column":10},"end":{"line":373,"column":19}},"loc":{"start":{"line":373,"column":33},"end":{"line":375,"column":3}}}},"branchMap":{"0":{"loc":{"start":{"line":72,"column":4},"end":{"line":77,"column":5}},"type":"if","locations":[{"start":{"line":72,"column":4},"end":{"line":77,"column":5}},{"start":{},"end":{}}]},"1":{"loc":{"start":{"line":83,"column":4},"end":{"line":88,"column":5}},"type":"if","locations":[{"start":{"line":83,"column":4},"end":{"line":88,"column":5}},{"start":{},"end":{}}]},"2":{"loc":{"start":{"line":151,"column":4},"end":{"line":156,"column":5}},"type":"if","locations":[{"start":{"line":151,"column":4},"end":{"line":156,"column":5}},{"start":{},"end":{}}]},"3":{"loc":{"start":{"line":163,"column":4},"end":{"line":168,"column":5}},"type":"if","locations":[{"start":{"line":163,"column":4},"end":{"line":168,"column":5}},{"start":{},"end":{}}]},"4":{"loc":{"start":{"line":180,"column":6},"end":{"line":180,"column":29}},"type":"binary-expr","locations":[{"start":{"line":180,"column":6},"end":{"line":180,"column":20}},{"start":{"line":180,"column":24},"end":{"line":180,"column":29}}]},"5":{"loc":{"start":{"line":219,"column":4},"end":{"line":224,"column":5}},"type":"if","locations":[{"start":{"line":219,"column":4},"end":{"line":224,"column":5}},{"start":{},"end":{}}]},"6":{"loc":{"start":{"line":227,"column":4},"end":{"line":236,"column":5}},"type":"if","locations":[{"start":{"line":227,"column":4},"end":{"line":236,"column":5}},{"start":{},"end":{}}]},"7":{"loc":{"start":{"line":269,"column":4},"end":{"line":275,"column":5}},"type":"if","locations":[{"start":{"line":269,"column":4},"end":{"line":275,"column":5}},{"start":{},"end":{}}]},"8":{"loc":{"start":{"line":344,"column":24},"end":{"line":346,"column":34}},"type":"cond-expr","locations":[{"start":{"line":345,"column":8},"end":{"line":345,"column":38}},{"start":{"line":346,"column":8},"end":{"line":346,"column":34}}]},"9":{"loc":{"start":{"line":56,"column":37},"end":{"line":56,"column":null}},"type":"cond-expr","locations":[{"start":{"line":56,"column":51},"end":{"line":56,"column":null}},{"start":{"line":56,"column":51},"end":{"line":56,"column":null}}]},"10":{"loc":{"start":{"line":56,"column":37},"end":{"line":56,"column":51}},"type":"binary-expr","locations":[{"start":{"line":56,"column":37},"end":{"line":56,"column":null}},{"start":{"line":56,"column":37},"end":{"line":56,"column":51}}]},"11":{"loc":{"start":{"line":56,"column":51},"end":{"line":57,"column":null}},"type":"cond-expr","locations":[{"start":{"line":57,"column":61},"end":{"line":57,"column":null}},{"start":{"line":57,"column":61},"end":{"line":57,"column":null}}]},"12":{"loc":{"start":{"line":56,"column":51},"end":{"line":57,"column":61}},"type":"binary-expr","locations":[{"start":{"line":56,"column":51},"end":{"line":57,"column":null}},{"start":{"line":57,"column":40},"end":{"line":57,"column":61}}]},"13":{"loc":{"start":{"line":57,"column":61},"end":{"line":58,"column":null}},"type":"cond-expr","locations":[{"start":{"line":58,"column":49},"end":{"line":58,"column":null}},{"start":{"line":58,"column":49},"end":{"line":58,"column":null}}]},"14":{"loc":{"start":{"line":57,"column":61},"end":{"line":58,"column":49}},"type":"binary-expr","locations":[{"start":{"line":57,"column":61},"end":{"line":58,"column":null}},{"start":{"line":58,"column":36},"end":{"line":58,"column":49}}]},"15":{"loc":{"start":{"line":58,"column":49},"end":{"line":59,"column":null}},"type":"cond-expr","locations":[{"start":{"line":59,"column":43},"end":{"line":59,"column":null}},{"start":{"line":59,"column":43},"end":{"line":59,"column":null}}]},"16":{"loc":{"start":{"line":58,"column":49},"end":{"line":59,"column":43}},"type":"binary-expr","locations":[{"start":{"line":58,"column":49},"end":{"line":59,"column":null}},{"start":{"line":59,"column":33},"end":{"line":59,"column":43}}]}},"s":{"0":2,"1":2,"2":2,"3":2,"4":2,"5":2,"6":2,"7":2,"8":2,"9":2,"10":2,"11":2,"12":2,"13":2,"14":2,"15":23,"16":23,"17":23,"18":23,"19":23,"20":8,"21":8,"22":2,"23":6,"24":6,"25":2,"26":4,"27":4,"28":4,"29":4,"30":4,"31":4,"32":4,"33":4,"34":8,"35":8,"36":2,"37":6,"38":6,"39":2,"40":4,"41":4,"42":4,"43":1,"44":1,"45":6,"46":6,"47":6,"48":2,"49":4,"50":2,"51":2,"52":2,"53":2,"54":2,"55":2,"56":2,"57":2,"58":1,"59":1,"60":1,"61":1,"62":1,"63":1,"64":1,"65":2,"66":2,"67":10,"68":10,"69":10,"70":10,"71":10,"72":10,"73":10,"74":10,"75":23,"76":2,"77":2},"f":{"0":23,"1":8,"2":4,"3":8,"4":1,"5":6,"6":2,"7":2,"8":10,"9":23},"b":{"0":[2,6],"1":[2,4],"2":[2,6],"3":[2,4],"4":[4,2],"5":[2,4],"6":[2,2],"7":[1,1],"8":[1,9],"9":[2,0],"10":[2,2],"11":[2,0],"12":[2,2],"13":[2,0],"14":[2,2],"15":[2,0],"16":[2,2]}}
,"/Users/adlljvd/Workspace/k-journal-api/src/auth/decorators/rate-limit.decorator.ts": {"path":"/Users/adlljvd/Workspace/k-journal-api/src/auth/decorators/rate-limit.decorator.ts","statementMap":{"0":{"start":{"line":1,"column":0},"end":{"line":1,"column":45}},"1":{"start":{"line":4,"column":13},"end":{"line":4,"column":41}},"2":{"start":{"line":5,"column":25},"end":{"line":6,"column":50}},"3":{"start":{"line":6,"column":2},"end":{"line":6,"column":50}},"4":{"start":{"line":5,"column":13},"end":{"line":5,"column":25}}},"fnMap":{"0":{"name":"(anonymous_0)","decl":{"start":{"line":5,"column":25},"end":{"line":5,"column":26}},"loc":{"start":{"line":6,"column":2},"end":{"line":6,"column":50}}}},"branchMap":{},"s":{"0":0,"1":0,"2":0,"3":0,"4":0},"f":{"0":0},"b":{}}
,"/Users/adlljvd/Workspace/k-journal-api/src/auth/decorators/roles.decorator.ts": {"path":"/Users/adlljvd/Workspace/k-journal-api/src/auth/decorators/roles.decorator.ts","statementMap":{"0":{"start":{"line":1,"column":0},"end":{"line":1,"column":45}},"1":{"start":{"line":4,"column":13},"end":{"line":4,"column":33}},"2":{"start":{"line":5,"column":21},"end":{"line":5,"column":72}},"3":{"start":{"line":5,"column":43},"end":{"line":5,"column":72}},"4":{"start":{"line":5,"column":13},"end":{"line":5,"column":21}}},"fnMap":{"0":{"name":"(anonymous_0)","decl":{"start":{"line":5,"column":21},"end":{"line":5,"column":22}},"loc":{"start":{"line":5,"column":43},"end":{"line":5,"column":72}}}},"branchMap":{},"s":{"0":3,"1":3,"2":3,"3":1,"4":3},"f":{"0":1},"b":{}}
,"/Users/adlljvd/Workspace/k-journal-api/src/auth/dto/forgot-password.dto.ts": {"path":"/Users/adlljvd/Workspace/k-journal-api/src/auth/dto/forgot-password.dto.ts","statementMap":{"0":{"start":{"line":1,"column":0},"end":{"line":1,"column":46}},"1":{"start":{"line":2,"column":0},"end":{"line":2,"column":42}},"2":{"start":{"line":4,"column":0},"end":{"line":4,"column":13}},"3":{"start":{"line":7,"column":2},"end":{"line":7,"column":null}}},"fnMap":{},"branchMap":{},"s":{"0":1,"1":1,"2":1,"3":1},"f":{},"b":{}}
,"/Users/adlljvd/Workspace/k-journal-api/src/auth/dto/login.dto.ts": {"path":"/Users/adlljvd/Workspace/k-journal-api/src/auth/dto/login.dto.ts","statementMap":{"0":{"start":{"line":1,"column":0},"end":{"line":1,"column":67}},"1":{"start":{"line":2,"column":0},"end":{"line":2,"column":75}},"2":{"start":{"line":4,"column":0},"end":{"line":4,"column":13}},"3":{"start":{"line":7,"column":2},"end":{"line":7,"column":null}},"4":{"start":{"line":11,"column":2},"end":{"line":11,"column":null}},"5":{"start":{"line":19,"column":2},"end":{"line":19,"column":null}}},"fnMap":{},"branchMap":{},"s":{"0":1,"1":1,"2":1,"3":1,"4":1,"5":1},"f":{},"b":{}}
,"/Users/adlljvd/Workspace/k-journal-api/src/auth/dto/refresh-token.dto.ts": {"path":"/Users/adlljvd/Workspace/k-journal-api/src/auth/dto/refresh-token.dto.ts","statementMap":{"0":{"start":{"line":1,"column":0},"end":{"line":1,"column":46}},"1":{"start":{"line":2,"column":0},"end":{"line":2,"column":55}},"2":{"start":{"line":4,"column":0},"end":{"line":4,"column":13}},"3":{"start":{"line":8,"column":2},"end":{"line":8,"column":null}}},"fnMap":{},"branchMap":{},"s":{"0":1,"1":1,"2":1,"3":1},"f":{},"b":{}}
,"/Users/adlljvd/Workspace/k-journal-api/src/auth/dto/register.dto.ts": {"path":"/Users/adlljvd/Workspace/k-journal-api/src/auth/dto/register.dto.ts","statementMap":{"0":{"start":{"line":1,"column":0},"end":{"line":1,"column":46}},"1":{"start":{"line":2,"column":0},"end":{"line":2,"column":42}},"2":{"start":{"line":3,"column":0},"end":{"line":3,"column":75}},"3":{"start":{"line":4,"column":0},"end":{"line":4,"column":75}},"4":{"start":{"line":6,"column":0},"end":{"line":6,"column":13}},"5":{"start":{"line":9,"column":2},"end":{"line":9,"column":null}},"6":{"start":{"line":20,"column":2},"end":{"line":20,"column":null}},"7":{"start":{"line":27,"column":2},"end":{"line":27,"column":null}}},"fnMap":{},"branchMap":{},"s":{"0":1,"1":1,"2":1,"3":1,"4":1,"5":1,"6":1,"7":1},"f":{},"b":{}}
,"/Users/adlljvd/Workspace/k-journal-api/src/auth/dto/reset-password.dto.ts": {"path":"/Users/adlljvd/Workspace/k-journal-api/src/auth/dto/reset-password.dto.ts","statementMap":{"0":{"start":{"line":1,"column":0},"end":{"line":1,"column":46}},"1":{"start":{"line":2,"column":0},"end":{"line":2,"column":55}},"2":{"start":{"line":3,"column":0},"end":{"line":3,"column":75}},"3":{"start":{"line":5,"column":0},"end":{"line":5,"column":13}},"4":{"start":{"line":9,"column":2},"end":{"line":9,"column":null}},"5":{"start":{"line":16,"column":2},"end":{"line":16,"column":null}}},"fnMap":{},"branchMap":{},"s":{"0":1,"1":1,"2":1,"3":1,"4":1,"5":1},"f":{},"b":{}}
,"/Users/adlljvd/Workspace/k-journal-api/src/auth/guards/jwt-auth.guard.ts": {"path":"/Users/adlljvd/Workspace/k-journal-api/src/auth/guards/jwt-auth.guard.ts","statementMap":{"0":{"start":{"line":1,"column":0},"end":{"line":1,"column":67}},"1":{"start":{"line":2,"column":0},"end":{"line":2,"column":45}},"2":{"start":{"line":3,"column":0},"end":{"line":3,"column":63}},"3":{"start":{"line":6,"column":7},"end":{"line":22,"column":null}},"4":{"start":{"line":8,"column":4},"end":{"line":13,"column":5}},"5":{"start":{"line":9,"column":6},"end":{"line":12,"column":9}},"6":{"start":{"line":14,"column":4},"end":{"line":19,"column":5}},"7":{"start":{"line":15,"column":6},"end":{"line":18,"column":9}},"8":{"start":{"line":20,"column":4},"end":{"line":20,"column":16}},"9":{"start":{"line":6,"column":13},"end":{"line":6,"column":25}},"10":{"start":{"line":6,"column":13},"end":{"line":22,"column":null}}},"fnMap":{"0":{"name":"(anonymous_1)","decl":{"start":{"line":7,"column":2},"end":{"line":7,"column":15}},"loc":{"start":{"line":7,"column":63},"end":{"line":21,"column":3}}}},"branchMap":{"0":{"loc":{"start":{"line":8,"column":4},"end":{"line":13,"column":5}},"type":"if","locations":[{"start":{"line":8,"column":4},"end":{"line":13,"column":5}},{"start":{},"end":{}}]},"1":{"loc":{"start":{"line":8,"column":8},"end":{"line":8,"column":66}},"type":"binary-expr","locations":[{"start":{"line":8,"column":8},"end":{"line":8,"column":29}},{"start":{"line":8,"column":33},"end":{"line":8,"column":66}}]},"2":{"loc":{"start":{"line":14,"column":4},"end":{"line":19,"column":5}},"type":"if","locations":[{"start":{"line":14,"column":4},"end":{"line":19,"column":5}},{"start":{},"end":{}}]},"3":{"loc":{"start":{"line":14,"column":8},"end":{"line":14,"column":20}},"type":"binary-expr","locations":[{"start":{"line":14,"column":8},"end":{"line":14,"column":11}},{"start":{"line":14,"column":15},"end":{"line":14,"column":20}}]}},"s":{"0":8,"1":8,"2":8,"3":8,"4":4,"5":1,"6":3,"7":2,"8":1,"9":8,"10":8},"f":{"0":4},"b":{"0":[1,3],"1":[4,1],"2":[2,1],"3":[3,2]}}
,"/Users/adlljvd/Workspace/k-journal-api/src/auth/guards/optional-jwt-auth.guard.ts": {"path":"/Users/adlljvd/Workspace/k-journal-api/src/auth/guards/optional-jwt-auth.guard.ts","statementMap":{"0":{"start":{"line":1,"column":0},"end":{"line":1,"column":44}},"1":{"start":{"line":2,"column":0},"end":{"line":2,"column":45}},"2":{"start":{"line":5,"column":7},"end":{"line":9,"column":null}},"3":{"start":{"line":7,"column":4},"end":{"line":7,"column":16}},"4":{"start":{"line":5,"column":13},"end":{"line":5,"column":33}},"5":{"start":{"line":5,"column":13},"end":{"line":9,"column":null}}},"fnMap":{"0":{"name":"(anonymous_1)","decl":{"start":{"line":6,"column":2},"end":{"line":6,"column":15}},"loc":{"start":{"line":6,"column":49},"end":{"line":8,"column":3}}}},"branchMap":{},"s":{"0":4,"1":4,"2":4,"3":2,"4":4,"5":4},"f":{"0":2},"b":{}}
,"/Users/adlljvd/Workspace/k-journal-api/src/auth/guards/rate-limit.guard.ts": {"path":"/Users/adlljvd/Workspace/k-journal-api/src/auth/guards/rate-limit.guard.ts","statementMap":{"0":{"start":{"line":1,"column":0},"end":{"line":1,"column":44}},"1":{"start":{"line":2,"column":0},"end":{"line":2,"column":null}},"2":{"start":{"line":18,"column":7},"end":{"line":48,"column":null}},"3":{"start":{"line":23,"column":4},"end":{"line":23,"column":61}},"4":{"start":{"line":24,"column":4},"end":{"line":24,"column":79}},"5":{"start":{"line":29,"column":22},"end":{"line":29,"column":52}},"6":{"start":{"line":31,"column":6},"end":{"line":33,"column":71}},"7":{"start":{"line":34,"column":4},"end":{"line":34,"column":37}},"8":{"start":{"line":38,"column":20},"end":{"line":38,"column":71}},"9":{"start":{"line":39,"column":17},"end":{"line":39,"column":52}},"10":{"start":{"line":42,"column":4},"end":{"line":44,"column":5}},"11":{"start":{"line":43,"column":6},"end":{"line":43,"column":41}},"12":{"start":{"line":46,"column":4},"end":{"line":46,"column":40}},"13":{"start":{"line":18,"column":13},"end":{"line":18,"column":27}},"14":{"start":{"line":18,"column":13},"end":{"line":48,"column":null}}},"fnMap":{"0":{"name":"(anonymous_1)","decl":{"start":{"line":19,"column":12},"end":{"line":19,"column":17}},"loc":{"start":{"line":21,"column":46},"end":{"line":25,"column":3}}},"1":{"name":"(anonymous_2)","decl":{"start":{"line":27,"column":12},"end":{"line":27,"column":17}},"loc":{"start":{"line":27,"column":48},"end":{"line":35,"column":3}}},"2":{"name":"(anonymous_3)","decl":{"start":{"line":37,"column":12},"end":{"line":37,"column":17}},"loc":{"start":{"line":37,"column":54},"end":{"line":47,"column":3}}}},"branchMap":{"0":{"loc":{"start":{"line":31,"column":6},"end":{"line":33,"column":71}},"type":"cond-expr","locations":[{"start":{"line":32,"column":10},"end":{"line":32,"column":40}},{"start":{"line":33,"column":12},"end":{"line":33,"column":70}}]},"1":{"loc":{"start":{"line":33,"column":12},"end":{"line":33,"column":70}},"type":"binary-expr","locations":[{"start":{"line":33,"column":12},"end":{"line":33,"column":47}},{"start":{"line":33,"column":51},"end":{"line":33,"column":57}},{"start":{"line":33,"column":61},"end":{"line":33,"column":70}}]},"2":{"loc":{"start":{"line":42,"column":4},"end":{"line":44,"column":5}},"type":"if","locations":[{"start":{"line":42,"column":4},"end":{"line":44,"column":5}},{"start":{},"end":{}}]},"3":{"loc":{"start":{"line":42,"column":8},"end":{"line":42,"column":49}},"type":"binary-expr","locations":[{"start":{"line":42,"column":8},"end":{"line":42,"column":12}},{"start":{"line":42,"column":17},"end":{"line":42,"column":49}}]}},"s":{"0":2,"1":2,"2":2,"3":2,"4":2,"5":5,"6":5,"7":5,"8":3,"9":3,"10":3,"11":1,"12":2,"13":2,"14":2},"f":{"0":2,"1":5,"2":3},"b":{"0":[2,3],"1":[3,2,1],"2":[1,2],"3":[3,2]}}
,"/Users/adlljvd/Workspace/k-journal-api/src/auth/guards/roles.guard.ts": {"path":"/Users/adlljvd/Workspace/k-journal-api/src/auth/guards/roles.guard.ts","statementMap":{"0":{"start":{"line":1,"column":0},"end":{"line":1,"column":null}},"1":{"start":{"line":7,"column":0},"end":{"line":7,"column":41}},"2":{"start":{"line":9,"column":0},"end":{"line":9,"column":58}},"3":{"start":{"line":25,"column":7},"end":{"line":60,"column":null}},"4":{"start":{"line":26,"column":22},"end":{"line":26,"column":33}},"5":{"start":{"line":29,"column":26},"end":{"line":32,"column":6}},"6":{"start":{"line":35,"column":4},"end":{"line":37,"column":5}},"7":{"start":{"line":36,"column":6},"end":{"line":36,"column":18}},"8":{"start":{"line":39,"column":20},"end":{"line":39,"column":75}},"9":{"start":{"line":40,"column":17},"end":{"line":40,"column":29}},"10":{"start":{"line":42,"column":4},"end":{"line":47,"column":5}},"11":{"start":{"line":43,"column":6},"end":{"line":46,"column":9}},"12":{"start":{"line":49,"column":20},"end":{"line":49,"column":68}},"13":{"start":{"line":49,"column":49},"end":{"line":49,"column":67}},"14":{"start":{"line":51,"column":4},"end":{"line":56,"column":5}},"15":{"start":{"line":52,"column":6},"end":{"line":55,"column":9}},"16":{"start":{"line":58,"column":4},"end":{"line":58,"column":16}},"17":{"start":{"line":25,"column":13},"end":{"line":25,"column":23}},"18":{"start":{"line":25,"column":13},"end":{"line":60,"column":null}}},"fnMap":{"0":{"name":"(anonymous_2)","decl":{"start":{"line":26,"column":2},"end":{"line":26,"column":22}},"loc":{"start":{"line":26,"column":42},"end":{"line":26,"column":46}}},"1":{"name":"(anonymous_3)","decl":{"start":{"line":28,"column":2},"end":{"line":28,"column":13}},"loc":{"start":{"line":28,"column":39},"end":{"line":59,"column":3}}},"2":{"name":"(anonymous_4)","decl":{"start":{"line":49,"column":39},"end":{"line":49,"column":40}},"loc":{"start":{"line":49,"column":49},"end":{"line":49,"column":67}}}},"branchMap":{"0":{"loc":{"start":{"line":35,"column":4},"end":{"line":37,"column":5}},"type":"if","locations":[{"start":{"line":35,"column":4},"end":{"line":37,"column":5}},{"start":{},"end":{}}]},"1":{"loc":{"start":{"line":35,"column":8},"end":{"line":35,"column":52}},"type":"binary-expr","locations":[{"start":{"line":35,"column":8},"end":{"line":35,"column":22}},{"start":{"line":35,"column":26},"end":{"line":35,"column":52}}]},"2":{"loc":{"start":{"line":42,"column":4},"end":{"line":47,"column":5}},"type":"if","locations":[{"start":{"line":42,"column":4},"end":{"line":47,"column":5}},{"start":{},"end":{}}]},"3":{"loc":{"start":{"line":51,"column":4},"end":{"line":56,"column":5}},"type":"if","locations":[{"start":{"line":51,"column":4},"end":{"line":56,"column":5}},{"start":{},"end":{}}]},"4":{"loc":{"start":{"line":26,"column":33},"end":{"line":26,"column":45}},"type":"cond-expr","locations":[{"start":{"line":26,"column":42},"end":{"line":26,"column":45}},{"start":{"line":26,"column":42},"end":{"line":26,"column":45}}]},"5":{"loc":{"start":{"line":26,"column":33},"end":{"line":26,"column":42}},"type":"binary-expr","locations":[{"start":{"line":26,"column":33},"end":{"line":26,"column":45}},{"start":{"line":26,"column":33},"end":{"line":26,"column":42}}]}},"s":{"0":3,"1":3,"2":3,"3":3,"4":19,"5":13,"6":13,"7":3,"8":10,"9":10,"10":10,"11":2,"12":8,"13":9,"14":8,"15":3,"16":5,"17":3,"18":3},"f":{"0":19,"1":13,"2":9},"b":{"0":[3,10],"1":[13,11],"2":[2,8],"3":[3,5],"4":[3,0],"5":[3,3]}}
,"/Users/adlljvd/Workspace/k-journal-api/src/auth/strategies/jwt.strategy.ts": {"path":"/Users/adlljvd/Workspace/k-journal-api/src/auth/strategies/jwt.strategy.ts","statementMap":{"0":{"start":{"line":1,"column":0},"end":{"line":1,"column":44}},"1":{"start":{"line":2,"column":0},"end":{"line":2,"column":52}},"2":{"start":{"line":3,"column":0},"end":{"line":3,"column":52}},"3":{"start":{"line":12,"column":7},"end":{"line":28,"column":null}},"4":{"start":{"line":14,"column":4},"end":{"line":18,"column":7}},"5":{"start":{"line":22,"column":4},"end":{"line":26,"column":6}},"6":{"start":{"line":12,"column":13},"end":{"line":12,"column":24}},"7":{"start":{"line":12,"column":13},"end":{"line":28,"column":null}}},"fnMap":{"0":{"name":"(anonymous_2)","decl":{"start":{"line":13,"column":2},"end":{"line":13,"column":null}},"loc":{"start":{"line":13,"column":2},"end":{"line":19,"column":3}}},"1":{"name":"(anonymous_3)","decl":{"start":{"line":21,"column":2},"end":{"line":21,"column":10}},"loc":{"start":{"line":21,"column":30},"end":{"line":27,"column":3}}}},"branchMap":{"0":{"loc":{"start":{"line":17,"column":19},"end":{"line":17,"column":53}},"type":"binary-expr","locations":[{"start":{"line":17,"column":19},"end":{"line":17,"column":41}},{"start":{"line":17,"column":45},"end":{"line":17,"column":53}}]}},"s":{"0":1,"1":1,"2":1,"3":1,"4":4,"5":1,"6":1,"7":1},"f":{"0":4,"1":1},"b":{"0":[4,3]}}
,"/Users/adlljvd/Workspace/k-journal-api/src/common/decorators/is-optional-url.decorator.ts": {"path":"/Users/adlljvd/Workspace/k-journal-api/src/common/decorators/is-optional-url.decorator.ts","statementMap":{"0":{"start":{"line":8,"column":0},"end":{"line":8,"column":16}},"1":{"start":{"line":1,"column":0},"end":{"line":1,"column":71}},"2":{"start":{"line":11,"column":2},"end":{"line":37,"column":4}},"3":{"start":{"line":12,"column":4},"end":{"line":36,"column":7}},"4":{"start":{"line":19,"column":10},"end":{"line":21,"column":11}},"5":{"start":{"line":20,"column":12},"end":{"line":20,"column":24}},"6":{"start":{"line":22,"column":10},"end":{"line":24,"column":11}},"7":{"start":{"line":23,"column":12},"end":{"line":23,"column":25}},"8":{"start":{"line":25,"column":10},"end":{"line":30,"column":11}},"9":{"start":{"line":26,"column":24},"end":{"line":26,"column":38}},"10":{"start":{"line":27,"column":12},"end":{"line":27,"column":73}},"11":{"start":{"line":29,"column":12},"end":{"line":29,"column":25}},"12":{"start":{"line":33,"column":10},"end":{"line":33,"column":68}}},"fnMap":{"0":{"name":"IsOptionalUrl","decl":{"start":{"line":8,"column":16},"end":{"line":8,"column":29}},"loc":{"start":{"line":9,"column":39},"end":{"line":38,"column":1}}},"1":{"name":"(anonymous_1)","decl":{"start":{"line":11,"column":9},"end":{"line":11,"column":19}},"loc":{"start":{"line":11,"column":64},"end":{"line":37,"column":3}}},"2":{"name":"(anonymous_2)","decl":{"start":{"line":17,"column":8},"end":{"line":17,"column":16}},"loc":{"start":{"line":17,"column":31},"end":{"line":31,"column":9}}},"3":{"name":"(anonymous_3)","decl":{"start":{"line":32,"column":8},"end":{"line":32,"column":22}},"loc":{"start":{"line":32,"column":22},"end":{"line":34,"column":9}}}},"branchMap":{"0":{"loc":{"start":{"line":19,"column":10},"end":{"line":21,"column":11}},"type":"if","locations":[{"start":{"line":19,"column":10},"end":{"line":21,"column":11}},{"start":{},"end":{}}]},"1":{"loc":{"start":{"line":19,"column":14},"end":{"line":19,"column":67}},"type":"binary-expr","locations":[{"start":{"line":19,"column":14},"end":{"line":19,"column":28}},{"start":{"line":19,"column":32},"end":{"line":19,"column":51}},{"start":{"line":19,"column":55},"end":{"line":19,"column":67}}]},"2":{"loc":{"start":{"line":22,"column":10},"end":{"line":24,"column":11}},"type":"if","locations":[{"start":{"line":22,"column":10},"end":{"line":24,"column":11}},{"start":{},"end":{}}]},"3":{"loc":{"start":{"line":27,"column":19},"end":{"line":27,"column":72}},"type":"binary-expr","locations":[{"start":{"line":27,"column":19},"end":{"line":27,"column":43}},{"start":{"line":27,"column":47},"end":{"line":27,"column":72}}]}},"s":{"0":4,"1":4,"2":4,"3":4,"4":19,"5":3,"6":16,"7":4,"8":12,"9":12,"10":8,"11":4,"12":10},"f":{"0":4,"1":4,"2":19,"3":10},"b":{"0":[3,16],"1":[19,18,17],"2":[4,12],"3":[8,6]}}
,"/Users/adlljvd/Workspace/k-journal-api/src/common/decorators/is-password.decorator.ts": {"path":"/Users/adlljvd/Workspace/k-journal-api/src/common/decorators/is-password.decorator.ts","statementMap":{"0":{"start":{"line":8,"column":0},"end":{"line":8,"column":16}},"1":{"start":{"line":1,"column":0},"end":{"line":1,"column":71}},"2":{"start":{"line":11,"column":2},"end":{"line":29,"column":4}},"3":{"start":{"line":12,"column":4},"end":{"line":28,"column":7}},"4":{"start":{"line":18,"column":10},"end":{"line":20,"column":11}},"5":{"start":{"line":19,"column":12},"end":{"line":19,"column":25}},"6":{"start":{"line":22,"column":10},"end":{"line":22,"column":35}},"7":{"start":{"line":25,"column":10},"end":{"line":25,"column":63}}},"fnMap":{"0":{"name":"IsPassword","decl":{"start":{"line":8,"column":16},"end":{"line":8,"column":26}},"loc":{"start":{"line":9,"column":39},"end":{"line":30,"column":1}}},"1":{"name":"(anonymous_1)","decl":{"start":{"line":11,"column":9},"end":{"line":11,"column":19}},"loc":{"start":{"line":11,"column":64},"end":{"line":29,"column":3}}},"2":{"name":"(anonymous_2)","decl":{"start":{"line":17,"column":8},"end":{"line":17,"column":16}},"loc":{"start":{"line":17,"column":31},"end":{"line":23,"column":9}}},"3":{"name":"(anonymous_3)","decl":{"start":{"line":24,"column":8},"end":{"line":24,"column":22}},"loc":{"start":{"line":24,"column":22},"end":{"line":26,"column":9}}}},"branchMap":{"0":{"loc":{"start":{"line":18,"column":10},"end":{"line":20,"column":11}},"type":"if","locations":[{"start":{"line":18,"column":10},"end":{"line":20,"column":11}},{"start":{},"end":{}}]}},"s":{"0":5,"1":5,"2":15,"3":15,"4":16,"5":6,"6":10,"7":10},"f":{"0":15,"1":15,"2":16,"3":10},"b":{"0":[6,10]}}
,"/Users/adlljvd/Workspace/k-journal-api/src/common/decorators/is-rating.decorator.ts": {"path":"/Users/adlljvd/Workspace/k-journal-api/src/common/decorators/is-rating.decorator.ts","statementMap":{"0":{"start":{"line":8,"column":0},"end":{"line":8,"column":16}},"1":{"start":{"line":1,"column":0},"end":{"line":1,"column":71}},"2":{"start":{"line":11,"column":2},"end":{"line":39,"column":4}},"3":{"start":{"line":12,"column":4},"end":{"line":38,"column":7}},"4":{"start":{"line":19,"column":10},"end":{"line":21,"column":11}},"5":{"start":{"line":20,"column":12},"end":{"line":20,"column":24}},"6":{"start":{"line":22,"column":10},"end":{"line":24,"column":11}},"7":{"start":{"line":23,"column":12},"end":{"line":23,"column":25}},"8":{"start":{"line":26,"column":10},"end":{"line":28,"column":11}},"9":{"start":{"line":27,"column":12},"end":{"line":27,"column":25}},"10":{"start":{"line":31,"column":30},"end":{"line":31,"column":39}},"11":{"start":{"line":32,"column":10},"end":{"line":32,"column":72}},"12":{"start":{"line":35,"column":10},"end":{"line":35,"column":72}}},"fnMap":{"0":{"name":"IsRating","decl":{"start":{"line":8,"column":16},"end":{"line":8,"column":24}},"loc":{"start":{"line":9,"column":39},"end":{"line":40,"column":1}}},"1":{"name":"(anonymous_1)","decl":{"start":{"line":11,"column":9},"end":{"line":11,"column":19}},"loc":{"start":{"line":11,"column":64},"end":{"line":39,"column":3}}},"2":{"name":"(anonymous_2)","decl":{"start":{"line":17,"column":8},"end":{"line":17,"column":16}},"loc":{"start":{"line":17,"column":31},"end":{"line":33,"column":9}}},"3":{"name":"(anonymous_3)","decl":{"start":{"line":34,"column":8},"end":{"line":34,"column":22}},"loc":{"start":{"line":34,"column":22},"end":{"line":36,"column":9}}}},"branchMap":{"0":{"loc":{"start":{"line":19,"column":10},"end":{"line":21,"column":11}},"type":"if","locations":[{"start":{"line":19,"column":10},"end":{"line":21,"column":11}},{"start":{},"end":{}}]},"1":{"loc":{"start":{"line":19,"column":14},"end":{"line":19,"column":51}},"type":"binary-expr","locations":[{"start":{"line":19,"column":14},"end":{"line":19,"column":28}},{"start":{"line":19,"column":32},"end":{"line":19,"column":51}}]},"2":{"loc":{"start":{"line":22,"column":10},"end":{"line":24,"column":11}},"type":"if","locations":[{"start":{"line":22,"column":10},"end":{"line":24,"column":11}},{"start":{},"end":{}}]},"3":{"loc":{"start":{"line":26,"column":10},"end":{"line":28,"column":11}},"type":"if","locations":[{"start":{"line":26,"column":10},"end":{"line":28,"column":11}},{"start":{},"end":{}}]},"4":{"loc":{"start":{"line":26,"column":14},"end":{"line":26,"column":40}},"type":"binary-expr","locations":[{"start":{"line":26,"column":14},"end":{"line":26,"column":25}},{"start":{"line":26,"column":29},"end":{"line":26,"column":40}}]},"5":{"loc":{"start":{"line":32,"column":17},"end":{"line":32,"column":71}},"type":"binary-expr","locations":[{"start":{"line":32,"column":17},"end":{"line":32,"column":46}},{"start":{"line":32,"column":50},"end":{"line":32,"column":71}}]}},"s":{"0":6,"1":6,"2":6,"3":6,"4":44,"5":2,"6":42,"7":2,"8":40,"9":8,"10":32,"11":32,"12":21},"f":{"0":6,"1":6,"2":44,"3":21},"b":{"0":[2,42],"1":[44,43],"2":[2,40],"3":[8,32],"4":[40,36],"5":[32,21]}}
,"/Users/adlljvd/Workspace/k-journal-api/src/common/decorators/is-username.decorator.ts": {"path":"/Users/adlljvd/Workspace/k-journal-api/src/common/decorators/is-username.decorator.ts","statementMap":{"0":{"start":{"line":9,"column":0},"end":{"line":9,"column":16}},"1":{"start":{"line":1,"column":0},"end":{"line":1,"column":71}},"2":{"start":{"line":12,"column":2},"end":{"line":30,"column":4}},"3":{"start":{"line":13,"column":4},"end":{"line":29,"column":7}},"4":{"start":{"line":19,"column":10},"end":{"line":21,"column":11}},"5":{"start":{"line":20,"column":12},"end":{"line":20,"column":25}},"6":{"start":{"line":22,"column":32},"end":{"line":22,"column":62}},"7":{"start":{"line":23,"column":10},"end":{"line":23,"column":43}},"8":{"start":{"line":26,"column":10},"end":{"line":26,"column":125}}},"fnMap":{"0":{"name":"IsUsername","decl":{"start":{"line":9,"column":16},"end":{"line":9,"column":26}},"loc":{"start":{"line":10,"column":39},"end":{"line":31,"column":1}}},"1":{"name":"(anonymous_1)","decl":{"start":{"line":12,"column":9},"end":{"line":12,"column":19}},"loc":{"start":{"line":12,"column":64},"end":{"line":30,"column":3}}},"2":{"name":"(anonymous_2)","decl":{"start":{"line":18,"column":8},"end":{"line":18,"column":16}},"loc":{"start":{"line":18,"column":31},"end":{"line":24,"column":9}}},"3":{"name":"(anonymous_3)","decl":{"start":{"line":25,"column":8},"end":{"line":25,"column":22}},"loc":{"start":{"line":25,"column":22},"end":{"line":27,"column":9}}}},"branchMap":{"0":{"loc":{"start":{"line":19,"column":10},"end":{"line":21,"column":11}},"type":"if","locations":[{"start":{"line":19,"column":10},"end":{"line":21,"column":11}},{"start":{},"end":{}}]}},"s":{"0":2,"1":2,"2":2,"3":2,"4":29,"5":6,"6":23,"7":23,"8":20},"f":{"0":2,"1":2,"2":29,"3":20},"b":{"0":[6,23]}}
,"/Users/adlljvd/Workspace/k-journal-api/src/common/dto/api-response.dto.ts": {"path":"/Users/adlljvd/Workspace/k-journal-api/src/common/dto/api-response.dto.ts","statementMap":{"0":{"start":{"line":11,"column":4},"end":{"line":11,"column":27}},"1":{"start":{"line":12,"column":4},"end":{"line":12,"column":33}},"2":{"start":{"line":13,"column":4},"end":{"line":13,"column":21}},"3":{"start":{"line":14,"column":4},"end":{"line":14,"column":31}},"4":{"start":{"line":15,"column":4},"end":{"line":15,"column":46}},"5":{"start":{"line":3,"column":0},"end":{"line":3,"column":13}}},"fnMap":{"0":{"name":"(anonymous_0)","decl":{"start":{"line":10,"column":2},"end":{"line":10,"column":14}},"loc":{"start":{"line":10,"column":76},"end":{"line":16,"column":3}}}},"branchMap":{"0":{"loc":{"start":{"line":10,"column":62},"end":{"line":10,"column":76}},"type":"default-arg","locations":[{"start":{"line":10,"column":72},"end":{"line":10,"column":76}}]}},"s":{"0":1,"1":1,"2":1,"3":1,"4":1,"5":1},"f":{"0":1},"b":{"0":[1]}}
,"/Users/adlljvd/Workspace/k-journal-api/src/common/dto/error-response.dto.ts": {"path":"/Users/adlljvd/Workspace/k-journal-api/src/common/dto/error-response.dto.ts","statementMap":{"0":{"start":{"line":7,"column":4},"end":{"line":7,"column":21}},"1":{"start":{"line":8,"column":4},"end":{"line":8,"column":27}},"2":{"start":{"line":9,"column":4},"end":{"line":9,"column":27}},"3":{"start":{"line":1,"column":0},"end":{"line":1,"column":13}}},"fnMap":{"0":{"name":"(anonymous_0)","decl":{"start":{"line":6,"column":2},"end":{"line":6,"column":14}},"loc":{"start":{"line":6,"column":62},"end":{"line":10,"column":3}}}},"branchMap":{},"s":{"0":59,"1":59,"2":59,"3":3},"f":{"0":59},"b":{}}
,"/Users/adlljvd/Workspace/k-journal-api/src/common/dto/paginated-response.dto.ts": {"path":"/Users/adlljvd/Workspace/k-journal-api/src/common/dto/paginated-response.dto.ts","statementMap":{"0":{"start":{"line":13,"column":4},"end":{"line":13,"column":23}},"1":{"start":{"line":14,"column":4},"end":{"line":19,"column":6}},"2":{"start":{"line":3,"column":0},"end":{"line":3,"column":13}}},"fnMap":{"0":{"name":"(anonymous_0)","decl":{"start":{"line":12,"column":2},"end":{"line":12,"column":14}},"loc":{"start":{"line":12,"column":68},"end":{"line":20,"column":3}}}},"branchMap":{},"s":{"0":70,"1":70,"2":22},"f":{"0":70},"b":{}}
,"/Users/adlljvd/Workspace/k-journal-api/src/common/enums/content-type.enum.ts": {"path":"/Users/adlljvd/Workspace/k-journal-api/src/common/enums/content-type.enum.ts","statementMap":{"0":{"start":{"line":1,"column":0},"end":{"line":1,"column":null}},"1":{"start":{"line":2,"column":2},"end":{"line":2,"column":null}},"2":{"start":{"line":3,"column":2},"end":{"line":3,"column":null}}},"fnMap":{"0":{"name":"(anonymous_0)","decl":{"start":{"line":1,"column":0},"end":{"line":1,"column":12}},"loc":{"start":{"line":1,"column":23},"end":{"line":4,"column":1}}}},"branchMap":{"0":{"loc":{"start":{"line":1,"column":12},"end":{"line":1,"column":null}},"type":"binary-expr","locations":[{"start":{"line":1,"column":12},"end":{"line":1,"column":23}},{"start":{"line":1,"column":23},"end":{"line":1,"column":null}}]}},"s":{"0":13,"1":13,"2":13},"f":{"0":13},"b":{"0":[13,13]}}
,"/Users/adlljvd/Workspace/k-journal-api/src/common/enums/error-code.enum.ts": {"path":"/Users/adlljvd/Workspace/k-journal-api/src/common/enums/error-code.enum.ts","statementMap":{"0":{"start":{"line":1,"column":0},"end":{"line":1,"column":null}},"1":{"start":{"line":2,"column":2},"end":{"line":2,"column":null}},"2":{"start":{"line":3,"column":2},"end":{"line":3,"column":null}},"3":{"start":{"line":4,"column":2},"end":{"line":4,"column":null}},"4":{"start":{"line":5,"column":2},"end":{"line":5,"column":null}},"5":{"start":{"line":6,"column":2},"end":{"line":6,"column":null}},"6":{"start":{"line":7,"column":2},"end":{"line":7,"column":null}},"7":{"start":{"line":8,"column":2},"end":{"line":8,"column":null}},"8":{"start":{"line":9,"column":2},"end":{"line":9,"column":null}},"9":{"start":{"line":10,"column":2},"end":{"line":10,"column":null}},"10":{"start":{"line":11,"column":2},"end":{"line":11,"column":null}},"11":{"start":{"line":12,"column":2},"end":{"line":12,"column":null}},"12":{"start":{"line":13,"column":2},"end":{"line":13,"column":null}},"13":{"start":{"line":14,"column":2},"end":{"line":14,"column":null}},"14":{"start":{"line":15,"column":2},"end":{"line":15,"column":null}}},"fnMap":{"0":{"name":"(anonymous_0)","decl":{"start":{"line":1,"column":0},"end":{"line":1,"column":12}},"loc":{"start":{"line":1,"column":21},"end":{"line":16,"column":1}}}},"branchMap":{"0":{"loc":{"start":{"line":1,"column":12},"end":{"line":1,"column":null}},"type":"binary-expr","locations":[{"start":{"line":1,"column":12},"end":{"line":1,"column":21}},{"start":{"line":1,"column":21},"end":{"line":1,"column":null}}]}},"s":{"0":20,"1":20,"2":20,"3":20,"4":20,"5":20,"6":20,"7":20,"8":20,"9":20,"10":20,"11":20,"12":20,"13":20,"14":20},"f":{"0":20},"b":{"0":[20,20]}}
,"/Users/adlljvd/Workspace/k-journal-api/src/common/enums/request-status.enum.ts": {"path":"/Users/adlljvd/Workspace/k-journal-api/src/common/enums/request-status.enum.ts","statementMap":{"0":{"start":{"line":1,"column":0},"end":{"line":1,"column":null}},"1":{"start":{"line":2,"column":2},"end":{"line":2,"column":null}},"2":{"start":{"line":3,"column":2},"end":{"line":3,"column":null}},"3":{"start":{"line":4,"column":2},"end":{"line":4,"column":null}}},"fnMap":{"0":{"name":"(anonymous_0)","decl":{"start":{"line":1,"column":0},"end":{"line":1,"column":12}},"loc":{"start":{"line":1,"column":25},"end":{"line":5,"column":1}}}},"branchMap":{"0":{"loc":{"start":{"line":1,"column":12},"end":{"line":1,"column":null}},"type":"binary-expr","locations":[{"start":{"line":1,"column":12},"end":{"line":1,"column":25}},{"start":{"line":1,"column":25},"end":{"line":1,"column":null}}]}},"s":{"0":6,"1":6,"2":6,"3":6},"f":{"0":6},"b":{"0":[6,6]}}
,"/Users/adlljvd/Workspace/k-journal-api/src/common/enums/role.enum.ts": {"path":"/Users/adlljvd/Workspace/k-journal-api/src/common/enums/role.enum.ts","statementMap":{"0":{"start":{"line":4,"column":0},"end":{"line":4,"column":null}},"1":{"start":{"line":5,"column":2},"end":{"line":5,"column":null}},"2":{"start":{"line":6,"column":2},"end":{"line":6,"column":null}}},"fnMap":{"0":{"name":"(anonymous_0)","decl":{"start":{"line":4,"column":0},"end":{"line":4,"column":12}},"loc":{"start":{"line":4,"column":16},"end":{"line":7,"column":1}}}},"branchMap":{"0":{"loc":{"start":{"line":4,"column":12},"end":{"line":4,"column":null}},"type":"binary-expr","locations":[{"start":{"line":4,"column":12},"end":{"line":4,"column":16}},{"start":{"line":4,"column":16},"end":{"line":4,"column":null}}]}},"s":{"0":13,"1":13,"2":13},"f":{"0":13},"b":{"0":[13,13]}}
,"/Users/adlljvd/Workspace/k-journal-api/src/common/enums/watch-status.enum.ts": {"path":"/Users/adlljvd/Workspace/k-journal-api/src/common/enums/watch-status.enum.ts","statementMap":{"0":{"start":{"line":1,"column":0},"end":{"line":1,"column":null}},"1":{"start":{"line":2,"column":2},"end":{"line":2,"column":null}},"2":{"start":{"line":3,"column":2},"end":{"line":3,"column":null}},"3":{"start":{"line":4,"column":2},"end":{"line":4,"column":null}},"4":{"start":{"line":5,"column":2},"end":{"line":5,"column":null}}},"fnMap":{"0":{"name":"(anonymous_0)","decl":{"start":{"line":1,"column":0},"end":{"line":1,"column":12}},"loc":{"start":{"line":1,"column":23},"end":{"line":6,"column":1}}}},"branchMap":{"0":{"loc":{"start":{"line":1,"column":12},"end":{"line":1,"column":null}},"type":"binary-expr","locations":[{"start":{"line":1,"column":12},"end":{"line":1,"column":23}},{"start":{"line":1,"column":23},"end":{"line":1,"column":null}}]}},"s":{"0":6,"1":6,"2":6,"3":6,"4":6},"f":{"0":6},"b":{"0":[6,6]}}
,"/Users/adlljvd/Workspace/k-journal-api/src/common/filters/http-exception.filter.ts": {"path":"/Users/adlljvd/Workspace/k-journal-api/src/common/filters/http-exception.filter.ts","statementMap":{"0":{"start":{"line":1,"column":0},"end":{"line":1,"column":null}},"1":{"start":{"line":9,"column":0},"end":{"line":9,"column":61}},"2":{"start":{"line":10,"column":0},"end":{"line":10,"column":53}},"3":{"start":{"line":21,"column":32},"end":{"line":79,"column":null}},"4":{"start":{"line":22,"column":28},"end":{"line":22,"column":64}},"5":{"start":{"line":25,"column":16},"end":{"line":25,"column":35}},"6":{"start":{"line":26,"column":21},"end":{"line":26,"column":52}},"7":{"start":{"line":27,"column":20},"end":{"line":27,"column":52}},"8":{"start":{"line":29,"column":19},"end":{"line":29,"column":40}},"9":{"start":{"line":30,"column":30},"end":{"line":30,"column":53}},"10":{"start":{"line":32,"column":23},"end":{"line":32,"column":78}},"11":{"start":{"line":34,"column":28},"end":{"line":34,"column":55}},"12":{"start":{"line":35,"column":26},"end":{"line":35,"column":45}},"13":{"start":{"line":36,"column":27},"end":{"line":36,"column":36}},"14":{"start":{"line":38,"column":4},"end":{"line":51,"column":5}},"15":{"start":{"line":39,"column":19},"end":{"line":39,"column":63}},"16":{"start":{"line":40,"column":6},"end":{"line":42,"column":7}},"17":{"start":{"line":41,"column":8},"end":{"line":41,"column":40}},"18":{"start":{"line":43,"column":6},"end":{"line":47,"column":7}},"19":{"start":{"line":44,"column":8},"end":{"line":46,"column":37}},"20":{"start":{"line":48,"column":6},"end":{"line":50,"column":7}},"21":{"start":{"line":49,"column":8},"end":{"line":49,"column":31}},"22":{"start":{"line":53,"column":4},"end":{"line":59,"column":5}},"23":{"start":{"line":54,"column":6},"end":{"line":58,"column":7}},"24":{"start":{"line":55,"column":8},"end":{"line":55,"column":49}},"25":{"start":{"line":57,"column":8},"end":{"line":57,"column":49}},"26":{"start":{"line":61,"column":46},"end":{"line":67,"column":6}},"27":{"start":{"line":69,"column":4},"end":{"line":75,"column":7}},"28":{"start":{"line":77,"column":4},"end":{"line":77,"column":48}},"29":{"start":{"line":21,"column":13},"end":{"line":21,"column":32}},"30":{"start":{"line":21,"column":13},"end":{"line":79,"column":null}}},"fnMap":{"0":{"name":"(anonymous_1)","decl":{"start":{"line":24,"column":2},"end":{"line":24,"column":7}},"loc":{"start":{"line":24,"column":53},"end":{"line":78,"column":3}}}},"branchMap":{"0":{"loc":{"start":{"line":32,"column":23},"end":{"line":32,"column":78}},"type":"binary-expr","locations":[{"start":{"line":32,"column":23},"end":{"line":32,"column":65}},{"start":{"line":32,"column":69},"end":{"line":32,"column":78}}]},"1":{"loc":{"start":{"line":38,"column":4},"end":{"line":51,"column":5}},"type":"if","locations":[{"start":{"line":38,"column":4},"end":{"line":51,"column":5}},{"start":{},"end":{}}]},"2":{"loc":{"start":{"line":38,"column":8},"end":{"line":38,"column":75}},"type":"binary-expr","locations":[{"start":{"line":38,"column":8},"end":{"line":38,"column":45}},{"start":{"line":38,"column":49},"end":{"line":38,"column":75}}]},"3":{"loc":{"start":{"line":40,"column":6},"end":{"line":42,"column":7}},"type":"if","locations":[{"start":{"line":40,"column":6},"end":{"line":42,"column":7}},{"start":{},"end":{}}]},"4":{"loc":{"start":{"line":43,"column":6},"end":{"line":47,"column":7}},"type":"if","locations":[{"start":{"line":43,"column":6},"end":{"line":47,"column":7}},{"start":{},"end":{}}]},"5":{"loc":{"start":{"line":44,"column":18},"end":{"line":46,"column":36}},"type":"cond-expr","locations":[{"start":{"line":45,"column":13},"end":{"line":45,"column":49}},{"start":{"line":46,"column":13},"end":{"line":46,"column":36}}]},"6":{"loc":{"start":{"line":48,"column":6},"end":{"line":50,"column":7}},"type":"if","locations":[{"start":{"line":48,"column":6},"end":{"line":50,"column":7}},{"start":{},"end":{}}]},"7":{"loc":{"start":{"line":53,"column":4},"end":{"line":59,"column":5}},"type":"if","locations":[{"start":{"line":53,"column":4},"end":{"line":59,"column":5}},{"start":{},"end":{}}]},"8":{"loc":{"start":{"line":54,"column":6},"end":{"line":58,"column":7}},"type":"if","locations":[{"start":{"line":54,"column":6},"end":{"line":58,"column":7}},{"start":{"line":56,"column":13},"end":{"line":58,"column":7}}]}},"s":{"0":1,"1":1,"2":1,"3":1,"4":17,"5":16,"6":16,"7":16,"8":16,"9":16,"10":16,"11":16,"12":16,"13":16,"14":16,"15":10,"16":10,"17":4,"18":10,"19":8,"20":10,"21":1,"22":16,"23":4,"24":2,"25":2,"26":16,"27":16,"28":16,"29":1,"30":1},"f":{"0":16},"b":{"0":[16,15],"1":[10,6],"2":[16,11],"3":[4,6],"4":[8,2],"5":[1,7],"6":[1,9],"7":[4,12],"8":[2,2]}}
,"/Users/adlljvd/Workspace/k-journal-api/src/common/filters/prisma-exception.filter.ts": {"path":"/Users/adlljvd/Workspace/k-journal-api/src/common/filters/prisma-exception.filter.ts","statementMap":{"0":{"start":{"line":1,"column":0},"end":{"line":1,"column":null}},"1":{"start":{"line":9,"column":0},"end":{"line":9,"column":40}},"2":{"start":{"line":10,"column":0},"end":{"line":10,"column":61}},"3":{"start":{"line":11,"column":0},"end":{"line":11,"column":53}},"4":{"start":{"line":24,"column":4},"end":{"line":34,"column":2}},"5":{"start":{"line":37,"column":34},"end":{"line":108,"column":null}},"6":{"start":{"line":38,"column":28},"end":{"line":38,"column":66}},"7":{"start":{"line":44,"column":16},"end":{"line":44,"column":35}},"8":{"start":{"line":45,"column":21},"end":{"line":45,"column":52}},"9":{"start":{"line":46,"column":20},"end":{"line":46,"column":52}},"10":{"start":{"line":48,"column":23},"end":{"line":48,"column":78}},"11":{"start":{"line":49,"column":22},"end":{"line":49,"column":36}},"12":{"start":{"line":51,"column":20},"end":{"line":51,"column":51}},"13":{"start":{"line":55,"column":4},"end":{"line":104,"column":5}},"14":{"start":{"line":56,"column":20},"end":{"line":56,"column":51}},"15":{"start":{"line":57,"column":31},"end":{"line":57,"column":40}},"16":{"start":{"line":59,"column":6},"end":{"line":68,"column":7}},"17":{"start":{"line":60,"column":24},"end":{"line":60,"column":65}},"18":{"start":{"line":61,"column":8},"end":{"line":67,"column":9}},"19":{"start":{"line":62,"column":10},"end":{"line":62,"column":65}},"20":{"start":{"line":63,"column":15},"end":{"line":67,"column":9}},"21":{"start":{"line":64,"column":10},"end":{"line":64,"column":54}},"22":{"start":{"line":65,"column":15},"end":{"line":67,"column":9}},"23":{"start":{"line":66,"column":10},"end":{"line":66,"column":51}},"24":{"start":{"line":70,"column":6},"end":{"line":76,"column":8}},"25":{"start":{"line":78,"column":6},"end":{"line":84,"column":9}},"26":{"start":{"line":86,"column":6},"end":{"line":96,"column":8}},"27":{"start":{"line":98,"column":6},"end":{"line":103,"column":9}},"28":{"start":{"line":106,"column":4},"end":{"line":106,"column":66}},"29":{"start":{"line":37,"column":13},"end":{"line":37,"column":34}},"30":{"start":{"line":37,"column":13},"end":{"line":108,"column":null}}},"fnMap":{"0":{"name":"(anonymous_1)","decl":{"start":{"line":40,"column":2},"end":{"line":40,"column":7}},"loc":{"start":{"line":42,"column":23},"end":{"line":107,"column":3}}}},"branchMap":{"0":{"loc":{"start":{"line":48,"column":23},"end":{"line":48,"column":78}},"type":"binary-expr","locations":[{"start":{"line":48,"column":23},"end":{"line":48,"column":65}},{"start":{"line":48,"column":69},"end":{"line":48,"column":78}}]},"1":{"loc":{"start":{"line":55,"column":4},"end":{"line":104,"column":5}},"type":"if","locations":[{"start":{"line":55,"column":4},"end":{"line":104,"column":5}},{"start":{"line":85,"column":11},"end":{"line":104,"column":5}}]},"2":{"loc":{"start":{"line":59,"column":6},"end":{"line":68,"column":7}},"type":"if","locations":[{"start":{"line":59,"column":6},"end":{"line":68,"column":7}},{"start":{},"end":{}}]},"3":{"loc":{"start":{"line":60,"column":24},"end":{"line":60,"column":65}},"type":"binary-expr","locations":[{"start":{"line":60,"column":24},"end":{"line":60,"column":59}},{"start":{"line":60,"column":63},"end":{"line":60,"column":65}}]},"4":{"loc":{"start":{"line":61,"column":8},"end":{"line":67,"column":9}},"type":"if","locations":[{"start":{"line":61,"column":8},"end":{"line":67,"column":9}},{"start":{"line":63,"column":15},"end":{"line":67,"column":9}}]},"5":{"loc":{"start":{"line":63,"column":15},"end":{"line":67,"column":9}},"type":"if","locations":[{"start":{"line":63,"column":15},"end":{"line":67,"column":9}},{"start":{"line":65,"column":15},"end":{"line":67,"column":9}}]},"6":{"loc":{"start":{"line":65,"column":15},"end":{"line":67,"column":9}},"type":"if","locations":[{"start":{"line":65,"column":15},"end":{"line":67,"column":9}},{"start":{},"end":{}}]}},"s":{"0":1,"1":1,"2":1,"3":1,"4":1,"5":1,"6":21,"7":20,"8":20,"9":20,"10":20,"11":20,"12":20,"13":20,"14":18,"15":18,"16":18,"17":10,"18":10,"19":4,"20":6,"21":1,"22":5,"23":1,"24":18,"25":18,"26":2,"27":2,"28":20,"29":1,"30":1},"f":{"0":20},"b":{"0":[20,19],"1":[18,2],"2":[10,8],"3":[10,3],"4":[4,6],"5":[1,5],"6":[1,4]}}
,"/Users/adlljvd/Workspace/k-journal-api/src/common/filters/validation-exception.filter.ts": {"path":"/Users/adlljvd/Workspace/k-journal-api/src/common/filters/validation-exception.filter.ts","statementMap":{"0":{"start":{"line":1,"column":0},"end":{"line":1,"column":null}},"1":{"start":{"line":10,"column":0},"end":{"line":10,"column":61}},"2":{"start":{"line":11,"column":0},"end":{"line":11,"column":53}},"3":{"start":{"line":31,"column":37},"end":{"line":31,"column":39}},"4":{"start":{"line":33,"column":2},"end":{"line":45,"column":3}},"5":{"start":{"line":34,"column":4},"end":{"line":40,"column":5}},"6":{"start":{"line":35,"column":6},"end":{"line":39,"column":9}},"7":{"start":{"line":42,"column":4},"end":{"line":44,"column":5}},"8":{"start":{"line":43,"column":6},"end":{"line":43,"column":62}},"9":{"start":{"line":47,"column":2},"end":{"line":47,"column":16}},"10":{"start":{"line":51,"column":38},"end":{"line":107,"column":null}},"11":{"start":{"line":52,"column":28},"end":{"line":52,"column":70}},"12":{"start":{"line":55,"column":16},"end":{"line":55,"column":35}},"13":{"start":{"line":56,"column":21},"end":{"line":56,"column":52}},"14":{"start":{"line":57,"column":20},"end":{"line":57,"column":52}},"15":{"start":{"line":59,"column":23},"end":{"line":59,"column":78}},"16":{"start":{"line":60,"column":30},"end":{"line":60,"column":53}},"17":{"start":{"line":61,"column":19},"end":{"line":61,"column":40}},"18":{"start":{"line":63,"column":47},"end":{"line":63,"column":49}},"19":{"start":{"line":65,"column":28},"end":{"line":65,"column":55}},"20":{"start":{"line":66,"column":18},"end":{"line":66,"column":37}},"21":{"start":{"line":68,"column":4},"end":{"line":84,"column":5}},"22":{"start":{"line":69,"column":19},"end":{"line":69,"column":63}},"23":{"start":{"line":70,"column":6},"end":{"line":72,"column":7}},"24":{"start":{"line":71,"column":8},"end":{"line":71,"column":40}},"25":{"start":{"line":73,"column":6},"end":{"line":83,"column":7}},"26":{"start":{"line":74,"column":8},"end":{"line":80,"column":9}},"27":{"start":{"line":75,"column":10},"end":{"line":75,"column":44}},"28":{"start":{"line":77,"column":25},"end":{"line":77,"column":58}},"29":{"start":{"line":78,"column":10},"end":{"line":78,"column":61}},"30":{"start":{"line":79,"column":10},"end":{"line":79,"column":40}},"31":{"start":{"line":81,"column":13},"end":{"line":83,"column":7}},"32":{"start":{"line":82,"column":8},"end":{"line":82,"column":31}},"33":{"start":{"line":87,"column":6},"end":{"line":87,"column":64}},"34":{"start":{"line":89,"column":46},"end":{"line":95,"column":6}},"35":{"start":{"line":97,"column":4},"end":{"line":103,"column":7}},"36":{"start":{"line":105,"column":4},"end":{"line":105,"column":48}},"37":{"start":{"line":51,"column":13},"end":{"line":51,"column":38}},"38":{"start":{"line":51,"column":13},"end":{"line":107,"column":null}}},"fnMap":{"0":{"name":"flattenValidationErrors","decl":{"start":{"line":28,"column":9},"end":{"line":28,"column":32}},"loc":{"start":{"line":29,"column":27},"end":{"line":48,"column":1}}},"1":{"name":"(anonymous_2)","decl":{"start":{"line":54,"column":2},"end":{"line":54,"column":7}},"loc":{"start":{"line":54,"column":53},"end":{"line":106,"column":3}}}},"branchMap":{"0":{"loc":{"start":{"line":34,"column":4},"end":{"line":40,"column":5}},"type":"if","locations":[{"start":{"line":34,"column":4},"end":{"line":40,"column":5}},{"start":{},"end":{}}]},"1":{"loc":{"start":{"line":42,"column":4},"end":{"line":44,"column":5}},"type":"if","locations":[{"start":{"line":42,"column":4},"end":{"line":44,"column":5}},{"start":{},"end":{}}]},"2":{"loc":{"start":{"line":42,"column":8},"end":{"line":42,"column":51}},"type":"binary-expr","locations":[{"start":{"line":42,"column":8},"end":{"line":42,"column":22}},{"start":{"line":42,"column":26},"end":{"line":42,"column":51}}]},"3":{"loc":{"start":{"line":59,"column":23},"end":{"line":59,"column":78}},"type":"binary-expr","locations":[{"start":{"line":59,"column":23},"end":{"line":59,"column":65}},{"start":{"line":59,"column":69},"end":{"line":59,"column":78}}]},"4":{"loc":{"start":{"line":68,"column":4},"end":{"line":84,"column":5}},"type":"if","locations":[{"start":{"line":68,"column":4},"end":{"line":84,"column":5}},{"start":{},"end":{}}]},"5":{"loc":{"start":{"line":68,"column":8},"end":{"line":68,"column":75}},"type":"binary-expr","locations":[{"start":{"line":68,"column":8},"end":{"line":68,"column":45}},{"start":{"line":68,"column":49},"end":{"line":68,"column":75}}]},"6":{"loc":{"start":{"line":70,"column":6},"end":{"line":72,"column":7}},"type":"if","locations":[{"start":{"line":70,"column":6},"end":{"line":72,"column":7}},{"start":{},"end":{}}]},"7":{"loc":{"start":{"line":73,"column":6},"end":{"line":83,"column":7}},"type":"if","locations":[{"start":{"line":73,"column":6},"end":{"line":83,"column":7}},{"start":{"line":81,"column":13},"end":{"line":83,"column":7}}]},"8":{"loc":{"start":{"line":74,"column":8},"end":{"line":80,"column":9}},"type":"if","locations":[{"start":{"line":74,"column":8},"end":{"line":80,"column":9}},{"start":{"line":76,"column":15},"end":{"line":80,"column":9}}]},"9":{"loc":{"start":{"line":81,"column":13},"end":{"line":83,"column":7}},"type":"if","locations":[{"start":{"line":81,"column":13},"end":{"line":83,"column":7}},{"start":{},"end":{}}]},"10":{"loc":{"start":{"line":81,"column":17},"end":{"line":81,"column":65}},"type":"binary-expr","locations":[{"start":{"line":81,"column":17},"end":{"line":81,"column":29}},{"start":{"line":81,"column":33},"end":{"line":81,"column":65}}]},"11":{"loc":{"start":{"line":87,"column":6},"end":{"line":87,"column":64}},"type":"cond-expr","locations":[{"start":{"line":87,"column":36},"end":{"line":87,"column":52}},{"start":{"line":87,"column":55},"end":{"line":87,"column":64}}]}},"s":{"0":1,"1":1,"2":1,"3":16,"4":16,"5":19,"6":15,"7":19,"8":4,"9":16,"10":1,"11":24,"12":23,"13":23,"14":23,"15":23,"16":23,"17":23,"18":23,"19":23,"20":23,"21":23,"22":17,"23":17,"24":2,"25":17,"26":13,"27":1,"28":12,"29":12,"30":12,"31":4,"32":2,"33":23,"34":23,"35":23,"36":23,"37":1,"38":1},"f":{"0":16,"1":23},"b":{"0":[15,4],"1":[4,15],"2":[19,5],"3":[23,22],"4":[17,6],"5":[23,18],"6":[2,15],"7":[13,4],"8":[1,12],"9":[2,2],"10":[4,4],"11":[8,15]}}
,"/Users/adlljvd/Workspace/k-journal-api/src/common/interceptors/transform.interceptor.ts": {"path":"/Users/adlljvd/Workspace/k-journal-api/src/common/interceptors/transform.interceptor.ts","statementMap":{"0":{"start":{"line":1,"column":0},"end":{"line":1,"column":null}},"1":{"start":{"line":8,"column":0},"end":{"line":8,"column":37}},"2":{"start":{"line":9,"column":0},"end":{"line":9,"column":57}},"3":{"start":{"line":13,"column":7},"end":{"line":32,"column":null}},"4":{"start":{"line":21,"column":20},"end":{"line":21,"column":71}},"5":{"start":{"line":22,"column":21},"end":{"line":22,"column":71}},"6":{"start":{"line":23,"column":22},"end":{"line":23,"column":52}},"7":{"start":{"line":24,"column":23},"end":{"line":24,"column":42}},"8":{"start":{"line":26,"column":4},"end":{"line":30,"column":6}},"9":{"start":{"line":28,"column":8},"end":{"line":28,"column":63}},"10":{"start":{"line":13,"column":13},"end":{"line":13,"column":33}},"11":{"start":{"line":13,"column":13},"end":{"line":32,"column":null}}},"fnMap":{"0":{"name":"(anonymous_1)","decl":{"start":{"line":17,"column":2},"end":{"line":17,"column":11}},"loc":{"start":{"line":19,"column":21},"end":{"line":31,"column":3}}},"1":{"name":"(anonymous_2)","decl":{"start":{"line":27,"column":10},"end":{"line":27,"column":11}},"loc":{"start":{"line":27,"column":22},"end":{"line":29,"column":7}}}},"branchMap":{"0":{"loc":{"start":{"line":23,"column":22},"end":{"line":23,"column":52}},"type":"binary-expr","locations":[{"start":{"line":23,"column":22},"end":{"line":23,"column":39}},{"start":{"line":23,"column":43},"end":{"line":23,"column":52}}]}},"s":{"0":1,"1":1,"2":1,"3":1,"4":1,"5":1,"6":1,"7":1,"8":1,"9":1,"10":1,"11":1},"f":{"0":1,"1":1},"b":{"0":[1,0]}}
,"/Users/adlljvd/Workspace/k-journal-api/src/common/middleware/request-id.middleware.ts": {"path":"/Users/adlljvd/Workspace/k-journal-api/src/common/middleware/request-id.middleware.ts","statementMap":{"0":{"start":{"line":1,"column":0},"end":{"line":1,"column":60}},"1":{"start":{"line":3,"column":0},"end":{"line":3,"column":36}},"2":{"start":{"line":6,"column":7},"end":{"line":22,"column":null}},"3":{"start":{"line":8,"column":23},"end":{"line":8,"column":73}},"4":{"start":{"line":9,"column":4},"end":{"line":9,"column":30}},"5":{"start":{"line":14,"column":4},"end":{"line":18,"column":5}},"6":{"start":{"line":15,"column":6},"end":{"line":15,"column":44}},"7":{"start":{"line":16,"column":11},"end":{"line":18,"column":5}},"8":{"start":{"line":17,"column":6},"end":{"line":17,"column":51}},"9":{"start":{"line":20,"column":4},"end":{"line":20,"column":11}},"10":{"start":{"line":6,"column":13},"end":{"line":6,"column":32}},"11":{"start":{"line":6,"column":13},"end":{"line":22,"column":null}}},"fnMap":{"0":{"name":"(anonymous_1)","decl":{"start":{"line":7,"column":2},"end":{"line":7,"column":5}},"loc":{"start":{"line":7,"column":62},"end":{"line":21,"column":3}}}},"branchMap":{"0":{"loc":{"start":{"line":8,"column":23},"end":{"line":8,"column":73}},"type":"binary-expr","locations":[{"start":{"line":8,"column":23},"end":{"line":8,"column":61}},{"start":{"line":8,"column":65},"end":{"line":8,"column":73}}]},"1":{"loc":{"start":{"line":14,"column":4},"end":{"line":18,"column":5}},"type":"if","locations":[{"start":{"line":14,"column":4},"end":{"line":18,"column":5}},{"start":{"line":16,"column":11},"end":{"line":18,"column":5}}]},"2":{"loc":{"start":{"line":16,"column":11},"end":{"line":18,"column":5}},"type":"if","locations":[{"start":{"line":16,"column":11},"end":{"line":18,"column":5}},{"start":{},"end":{}}]},"3":{"loc":{"start":{"line":16,"column":15},"end":{"line":16,"column":65}},"type":"binary-expr","locations":[{"start":{"line":16,"column":15},"end":{"line":16,"column":22}},{"start":{"line":16,"column":26},"end":{"line":16,"column":65}}]}},"s":{"0":1,"1":1,"2":1,"3":8,"4":8,"5":8,"6":5,"7":3,"8":1,"9":8,"10":1,"11":1},"f":{"0":8},"b":{"0":[8,6],"1":[5,3],"2":[1,2],"3":[3,2]}}
,"/Users/adlljvd/Workspace/k-journal-api/src/common/pipes/validation.pipe.ts": {"path":"/Users/adlljvd/Workspace/k-journal-api/src/common/pipes/validation.pipe.ts","statementMap":{"0":{"start":{"line":1,"column":0},"end":{"line":1,"column":48}},"1":{"start":{"line":12,"column":36},"end":{"line":21,"column":4}},"2":{"start":{"line":13,"column":2},"end":{"line":21,"column":4}},"3":{"start":{"line":12,"column":13},"end":{"line":12,"column":36}}},"fnMap":{"0":{"name":"(anonymous_0)","decl":{"start":{"line":12,"column":36},"end":{"line":12,"column":39}},"loc":{"start":{"line":13,"column":2},"end":{"line":21,"column":4}}}},"branchMap":{},"s":{"0":1,"1":1,"2":12,"3":1},"f":{"0":12},"b":{}}
,"/Users/adlljvd/Workspace/k-journal-api/src/common/repositories/base.repository.ts": {"path":"/Users/adlljvd/Workspace/k-journal-api/src/common/repositories/base.repository.ts","statementMap":{"0":{"start":{"line":1,"column":0},"end":{"line":1,"column":70}},"1":{"start":{"line":3,"column":0},"end":{"line":3,"column":60}},"2":{"start":{"line":4,"column":0},"end":{"line":4,"column":69}},"3":{"start":{"line":9,"column":13},"end":{"line":9,"column":55}},"4":{"start":{"line":14,"column":20},"end":{"line":14,"column":21}},"5":{"start":{"line":19,"column":25},"end":{"line":19,"column":28}},"6":{"start":{"line":24,"column":29},"end":{"line":24,"column":32}},"7":{"start":{"line":29,"column":33},"end":{"line":29,"column":35}},"8":{"start":{"line":34,"column":30},"end":{"line":40,"column":2}},"9":{"start":{"line":54,"column":7},"end":{"line":335,"column":null}},"10":{"start":{"line":65,"column":23},"end":{"line":65,"column":38}},"11":{"start":{"line":68,"column":23},"end":{"line":68,"column":50}},"12":{"start":{"line":70,"column":4},"end":{"line":70,"column":52}},"13":{"start":{"line":84,"column":4},"end":{"line":86,"column":5}},"14":{"start":{"line":85,"column":6},"end":{"line":85,"column":48}},"15":{"start":{"line":87,"column":4},"end":{"line":87,"column":27}},"16":{"start":{"line":104,"column":4},"end":{"line":130,"column":5}},"17":{"start":{"line":104,"column":23},"end":{"line":104,"column":24}},"18":{"start":{"line":105,"column":6},"end":{"line":129,"column":7}},"19":{"start":{"line":106,"column":8},"end":{"line":106,"column":33}},"20":{"start":{"line":108,"column":8},"end":{"line":108,"column":35}},"21":{"start":{"line":109,"column":28},"end":{"line":109,"column":73}},"22":{"start":{"line":111,"column":8},"end":{"line":125,"column":9}},"23":{"start":{"line":115,"column":24},"end":{"line":115,"column":67}},"24":{"start":{"line":116,"column":10},"end":{"line":119,"column":12}},"25":{"start":{"line":121,"column":10},"end":{"line":124,"column":11}},"26":{"start":{"line":122,"column":12},"end":{"line":122,"column":36}},"27":{"start":{"line":123,"column":12},"end":{"line":123,"column":21}},"28":{"start":{"line":128,"column":8},"end":{"line":128,"column":72}},"29":{"start":{"line":133,"column":4},"end":{"line":133,"column":59}},"30":{"start":{"line":143,"column":4},"end":{"line":150,"column":17}},"31":{"start":{"line":144,"column":21},"end":{"line":144,"column":37}},"32":{"start":{"line":145,"column":6},"end":{"line":149,"column":25}},"33":{"start":{"line":160,"column":19},"end":{"line":160,"column":35}},"34":{"start":{"line":161,"column":4},"end":{"line":165,"column":28}},"35":{"start":{"line":181,"column":17},"end":{"line":181,"column":47}},"36":{"start":{"line":182,"column":18},"end":{"line":184,"column":null}},"37":{"start":{"line":186,"column":17},"end":{"line":186,"column":51}},"38":{"start":{"line":188,"column":19},"end":{"line":188,"column":35}},"39":{"start":{"line":190,"column":27},"end":{"line":213,"column":6}},"40":{"start":{"line":215,"column":4},"end":{"line":215,"column":66}},"41":{"start":{"line":226,"column":4},"end":{"line":236,"column":17}},"42":{"start":{"line":227,"column":21},"end":{"line":227,"column":37}},"43":{"start":{"line":228,"column":6},"end":{"line":235,"column":32}},"44":{"start":{"line":246,"column":4},"end":{"line":253,"column":17}},"45":{"start":{"line":247,"column":21},"end":{"line":247,"column":37}},"46":{"start":{"line":248,"column":6},"end":{"line":252,"column":26}},"47":{"start":{"line":271,"column":19},"end":{"line":271,"column":35}},"48":{"start":{"line":272,"column":4},"end":{"line":286,"column":7}},"49":{"start":{"line":296,"column":19},"end":{"line":296,"column":35}},"50":{"start":{"line":297,"column":4},"end":{"line":301,"column":23}},"51":{"start":{"line":311,"column":18},"end":{"line":311,"column":41}},"52":{"start":{"line":312,"column":4},"end":{"line":312,"column":21}},"53":{"start":{"line":322,"column":4},"end":{"line":324,"column":20}},"54":{"start":{"line":333,"column":4},"end":{"line":333,"column":61}},"55":{"start":{"line":333,"column":36},"end":{"line":333,"column":59}},"56":{"start":{"line":54,"column":22},"end":{"line":54,"column":36}},"57":{"start":{"line":54,"column":22},"end":{"line":335,"column":null}}},"fnMap":{"0":{"name":"(anonymous_4)","decl":{"start":{"line":64,"column":2},"end":{"line":64,"column":null}},"loc":{"start":{"line":68,"column":50},"end":{"line":71,"column":3}}},"1":{"name":"(anonymous_5)","decl":{"start":{"line":83,"column":12},"end":{"line":83,"column":21}},"loc":{"start":{"line":83,"column":21},"end":{"line":88,"column":3}}},"2":{"name":"(anonymous_6)","decl":{"start":{"line":98,"column":12},"end":{"line":98,"column":17}},"loc":{"start":{"line":100,"column":25},"end":{"line":134,"column":3}}},"3":{"name":"(anonymous_7)","decl":{"start":{"line":142,"column":2},"end":{"line":142,"column":7}},"loc":{"start":{"line":142,"column":32},"end":{"line":151,"column":3}}},"4":{"name":"(anonymous_8)","decl":{"start":{"line":143,"column":26},"end":{"line":143,"column":31}},"loc":{"start":{"line":143,"column":37},"end":{"line":150,"column":5}}},"5":{"name":"(anonymous_9)","decl":{"start":{"line":159,"column":2},"end":{"line":159,"column":7}},"loc":{"start":{"line":159,"column":40},"end":{"line":166,"column":3}}},"6":{"name":"(anonymous_10)","decl":{"start":{"line":174,"column":2},"end":{"line":174,"column":7}},"loc":{"start":{"line":180,"column":3},"end":{"line":216,"column":3}}},"7":{"name":"(anonymous_11)","decl":{"start":{"line":225,"column":2},"end":{"line":225,"column":7}},"loc":{"start":{"line":225,"column":57},"end":{"line":237,"column":3}}},"8":{"name":"(anonymous_12)","decl":{"start":{"line":226,"column":26},"end":{"line":226,"column":31}},"loc":{"start":{"line":226,"column":37},"end":{"line":236,"column":5}}},"9":{"name":"(anonymous_13)","decl":{"start":{"line":245,"column":2},"end":{"line":245,"column":7}},"loc":{"start":{"line":245,"column":38},"end":{"line":254,"column":3}}},"10":{"name":"(anonymous_14)","decl":{"start":{"line":246,"column":26},"end":{"line":246,"column":31}},"loc":{"start":{"line":246,"column":37},"end":{"line":253,"column":5}}},"11":{"name":"(anonymous_15)","decl":{"start":{"line":263,"column":2},"end":{"line":263,"column":7}},"loc":{"start":{"line":269,"column":5},"end":{"line":287,"column":3}}},"12":{"name":"(anonymous_16)","decl":{"start":{"line":295,"column":2},"end":{"line":295,"column":7}},"loc":{"start":{"line":295,"column":32},"end":{"line":302,"column":3}}},"13":{"name":"(ano
[...]
5,"column":25},"end":{"line":156,"column":3}}},"6":{"name":"(anonymous_17)","decl":{"start":{"line":158,"column":2},"end":{"line":158,"column":7}},"loc":{"start":{"line":159,"column":18},"end":{"line":185,"column":3}}},"7":{"name":"(anonymous_18)","decl":{"start":{"line":176,"column":25},"end":{"line":176,"column":26}},"loc":{"start":{"line":176,"column":40},"end":{"line":176,"column":65}}}},"branchMap":{"0":{"loc":{"start":{"line":28,"column":4},"end":{"line":30,"column":5}},"type":"if","locations":[{"start":{"line":28,"column":4},"end":{"line":30,"column":5}},{"start":{},"end":{}}]},"1":{"loc":{"start":{"line":39,"column":4},"end":{"line":41,"column":5}},"type":"if","locations":[{"start":{"line":39,"column":4},"end":{"line":41,"column":5}},{"start":{},"end":{}}]},"2":{"loc":{"start":{"line":44,"column":4},"end":{"line":63,"column":5}},"type":"if","locations":[{"start":{"line":44,"column":4},"end":{"line":63,"column":5}},{"start":{},"end":{}}]},"3":{"loc":{"start":{"line":45,"column":6},"end":{"line":47,"column":7}},"type":"if","locations":[{"start":{"line":45,"column":6},"end":{"line":47,"column":7}},{"start":{},"end":{}}]},"4":{"loc":{"start":{"line":56,"column":6},"end":{"line":60,"column":7}},"type":"if","locations":[{"start":{"line":56,"column":6},"end":{"line":60,"column":7}},{"start":{},"end":{}}]},"5":{"loc":{"start":{"line":82,"column":4},"end":{"line":84,"column":5}},"type":"if","locations":[{"start":{"line":82,"column":4},"end":{"line":84,"column":5}},{"start":{},"end":{}}]},"6":{"loc":{"start":{"line":90,"column":4},"end":{"line":95,"column":5}},"type":"if","locations":[{"start":{"line":90,"column":4},"end":{"line":95,"column":5}},{"start":{},"end":{}}]},"7":{"loc":{"start":{"line":108,"column":4},"end":{"line":110,"column":5}},"type":"if","locations":[{"start":{"line":108,"column":4},"end":{"line":110,"column":5}},{"start":{},"end":{}}]},"8":{"loc":{"start":{"line":116,"column":4},"end":{"line":118,"column":5}},"type":"if","locations":[{"start":{"line":116,"column":4},"end":{"line":118,"column":5}},{"start":{},"end":{}}]},"9":{"loc":{"start":{"line":121,"column":4},"end":{"line":126,"column":5}},"type":"if","locations":[{"start":{"line":121,"column":4},"end":{"line":126,"column":5}},{"start":{},"end":{}}]},"10":{"loc":{"start":{"line":121,"column":8},"end":{"line":121,"column":50}},"type":"binary-expr","locations":[{"start":{"line":121,"column":8},"end":{"line":121,"column":20}},{"start":{"line":121,"column":24},"end":{"line":121,"column":50}}]},"11":{"loc":{"start":{"line":138,"column":4},"end":{"line":140,"column":5}},"type":"if","locations":[{"start":{"line":138,"column":4},"end":{"line":140,"column":5}},{"start":{},"end":{}}]},"12":{"loc":{"start":{"line":146,"column":4},"end":{"line":148,"column":5}},"type":"if","locations":[{"start":{"line":146,"column":4},"end":{"line":148,"column":5}},{"start":{},"end":{}}]},"13":{"loc":{"start":{"line":175,"column":6},"end":{"line":178,"column":11}},"type":"cond-expr","locations":[{"start":{"line":176,"column":10},"end":{"line":177,"column":24}},{"start":{"line":178,"column":10},"end":{"line":178,"column":11}}]},"14":{"loc":{"start":{"line":19,"column":37},"end":{"line":19,"column":null}},"type":"cond-expr","locations":[{"start":{"line":19,"column":51},"end":{"line":19,"column":null}},{"start":{"line":19,"column":51},"end":{"line":19,"column":null}}]},"15":{"loc":{"start":{"line":19,"column":37},"end":{"line":19,"column":51}},"type":"binary-expr","locations":[{"start":{"line":19,"column":37},"end":{"line":19,"column":null}},{"start":{"line":19,"column":37},"end":{"line":19,"column":51}}]},"16":{"loc":{"start":{"line":19,"column":51},"end":{"line":20,"column":null}},"type":"cond-expr","locations":[{"start":{"line":20,"column":61},"end":{"line":20,"column":null}},{"start":{"line":20,"column":61},"end":{"line":20,"column":null}}]},"17":{"loc":{"start":{"line":19,"column":51},"end":{"line":20,"column":61}},"type":"binary-expr","locations":[{"start":{"line":19,"column":51},"end":{"line":20,"column":null}},{"start":{"line":20,"column":40},"end":{"line":20,"column":61}}]},"18":{"loc":{"start":{"line":20,"column":61},"end":{"line":21,"column":null}},"type":"cond-expr","locations":[{"start":{"line":21,"column":49},"end":{"line":21,"column":null}},{"start":{"line":21,"column":49},"end":{"line":21,"column":null}}]},"19":{"loc":{"start":{"line":20,"column":61},"end":{"line":21,"column":49}},"type":"binary-expr","locations":[{"start":{"line":20,"column":61},"end":{"line":21,"column":null}},{"start":{"line":21,"column":36},"end":{"line":21,"column":49}}]}},"s":{"0":4,"1":4,"2":4,"3":4,"4":4,"5":4,"6":4,"7":4,"8":4,"9":19,"10":19,"11":19,"12":19,"13":3,"14":3,"15":1,"16":2,"17":4,"18":4,"19":1,"20":3,"21":3,"22":1,"23":2,"24":2,"25":1,"26":1,"27":1,"28":3,"29":3,"30":1,"31":2,"32":2,"33":1,"34":1,"35":1,"36":1,"37":4,"38":4,"39":1,"40":3,"41":3,"42":1,"43":2,"44":2,"45":1,"46":1,"47":1,"48":3,"49":3,"50":1,"51":2,"52":2,"53":1,"54":1,"55":1,"56":2,"57":2,"58":2,"59":2,"60":4,"61":4},"f":{"0":19,"1":3,"2":4,"3":3,"4":4,"5":3,"6":2,"7":2},"b":{"0":[1,2],"1":[1,3],"2":[3,0],"3":[1,2],"4":[1,1],"5":[1,2],"6":[1,1],"7":[1,3],"8":[1,2],"9":[1,1],"10":[2,1],"11":[1,2],"12":[1,1],"13":[1,1],"14":[4,0],"15":[4,4],"16":[4,0],"17":[4,4],"18":[4,0],"19":[4,4]}}
,"/Users/adlljvd/Workspace/k-journal-api/src/modules/user/dto/change-email.dto.ts": {"path":"/Users/adlljvd/Workspace/k-journal-api/src/modules/user/dto/change-email.dto.ts","statementMap":{"0":{"start":{"line":1,"column":0},"end":{"line":1,"column":46}},"1":{"start":{"line":2,"column":0},"end":{"line":2,"column":42}},"2":{"start":{"line":3,"column":0},"end":{"line":3,"column":78}},"3":{"start":{"line":5,"column":0},"end":{"line":5,"column":13}},"4":{"start":{"line":8,"column":2},"end":{"line":8,"column":null}},"5":{"start":{"line":12,"column":2},"end":{"line":12,"column":null}}},"fnMap":{},"branchMap":{},"s":{"0":3,"1":3,"2":3,"3":3,"4":3,"5":3},"f":{},"b":{}}
,"/Users/adlljvd/Workspace/k-journal-api/src/modules/user/dto/change-password.dto.ts": {"path":"/Users/adlljvd/Workspace/k-journal-api/src/modules/user/dto/change-password.dto.ts","statementMap":{"0":{"start":{"line":1,"column":0},"end":{"line":1,"column":46}},"1":{"start":{"line":2,"column":0},"end":{"line":2,"column":78}},"2":{"start":{"line":4,"column":0},"end":{"line":4,"column":13}},"3":{"start":{"line":7,"column":2},"end":{"line":7,"column":null}},"4":{"start":{"line":11,"column":2},"end":{"line":11,"column":null}}},"fnMap":{},"branchMap":{},"s":{"0":3,"1":3,"2":3,"3":3,"4":3},"f":{},"b":{}}
,"/Users/adlljvd/Workspace/k-journal-api/src/modules/user/dto/delete-account.dto.ts": {"path":"/Users/adlljvd/Workspace/k-journal-api/src/modules/user/dto/delete-account.dto.ts","statementMap":{"0":{"start":{"line":1,"column":0},"end":{"line":1,"column":46}},"1":{"start":{"line":2,"column":0},"end":{"line":2,"column":78}},"2":{"start":{"line":4,"column":0},"end":{"line":4,"column":13}},"3":{"start":{"line":7,"column":2},"end":{"line":7,"column":null}}},"fnMap":{},"branchMap":{},"s":{"0":3,"1":3,"2":3,"3":3},"f":{},"b":{}}
,"/Users/adlljvd/Workspace/k-journal-api/src/modules/user/dto/update-profile.dto.ts": {"path":"/Users/adlljvd/Workspace/k-journal-api/src/modules/user/dto/update-profile.dto.ts","statementMap":{"0":{"start":{"line":1,"column":0},"end":{"line":1,"column":54}},"1":{"start":{"line":2,"column":0},"end":{"line":2,"column":null}},"2":{"start":{"line":9,"column":0},"end":{"line":9,"column":85}},"3":{"start":{"line":11,"column":0},"end":{"line":11,"column":13}},"4":{"start":{"line":15,"column":2},"end":{"line":15,"column":null}},"5":{"start":{"line":21,"column":2},"end":{"line":21,"column":null}},"6":{"start":{"line":30,"column":2},"end":{"line":30,"column":null}}},"fnMap":{},"branchMap":{},"s":{"0":3,"1":3,"2":3,"3":3,"4":3,"5":3,"6":3},"f":{},"b":{}}
,"/Users/adlljvd/Workspace/k-journal-api/src/modules/user/entities/user-profile.entity.ts": {"path":"/Users/adlljvd/Workspace/k-journal-api/src/modules/user/entities/user-profile.entity.ts","statementMap":{"0":{"start":{"line":1,"column":0},"end":{"line":1,"column":67}},"1":{"start":{"line":3,"column":0},"end":{"line":3,"column":58}},"2":{"start":{"line":8,"column":7},"end":{"line":49,"column":null}},"3":{"start":{"line":43,"column":4},"end":{"line":47,"column":5}},"4":{"start":{"line":44,"column":44},"end":{"line":44,"column":51}},"5":{"start":{"line":45,"column":6},"end":{"line":45,"column":32}},"6":{"start":{"line":46,"column":6},"end":{"line":46,"column":66}},"7":{"start":{"line":8,"column":13},"end":{"line":8,"column":30}},"8":{"start":{"line":11,"column":2},"end":{"line":11,"column":null}},"9":{"start":{"line":18,"column":2},"end":{"line":18,"column":null}},"10":{"start":{"line":22,"column":2},"end":{"line":22,"column":null}},"11":{"start":{"line":30,"column":2},"end":{"line":30,"column":null}},"12":{"start":{"line":35,"column":2},"end":{"line":35,"column":null}},"13":{"start":{"line":34,"column":14},"end":{"line":34,"column":18}},"14":{"start":{"line":40,"column":2},"end":{"line":40,"column":null}},"15":{"start":{"line":39,"column":14},"end":{"line":39,"column":18}},"16":{"start":{"line":8,"column":13},"end":{"line":49,"column":null}}},"fnMap":{"0":{"name":"(anonymous_2)","decl":{"start":{"line":42,"column":2},"end":{"line":42,"column":14}},"loc":{"start":{"line":42,"column":56},"end":{"line":48,"column":3}}},"1":{"name":"(anonymous_3)","decl":{"start":{"line":34,"column":8},"end":{"line":34,"column":11}},"loc":{"start":{"line":34,"column":14},"end":{"line":34,"column":18}}},"2":{"name":"(anonymous_4)","decl":{"start":{"line":39,"column":8},"end":{"line":39,"column":11}},"loc":{"start":{"line":39,"column":14},"end":{"line":39,"column":18}}}},"branchMap":{"0":{"loc":{"start":{"line":43,"column":4},"end":{"line":47,"column":5}},"type":"if","locations":[{"start":{"line":43,"column":4},"end":{"line":47,"column":5}},{"start":{},"end":{}}]},"1":{"loc":{"start":{"line":35,"column":14},"end":{"line":35,"column":19}},"type":"cond-expr","locations":[{"start":{"line":35,"column":18},"end":{"line":35,"column":19}},{"start":{"line":35,"column":18},"end":{"line":35,"column":19}}]},"2":{"loc":{"start":{"line":35,"column":14},"end":{"line":35,"column":18}},"type":"binary-expr","locations":[{"start":{"line":35,"column":14},"end":{"line":35,"column":19}},{"start":{"line":35,"column":14},"end":{"line":35,"column":18}}]},"3":{"loc":{"start":{"line":40,"column":14},"end":{"line":40,"column":19}},"type":"cond-expr","locations":[{"start":{"line":40,"column":18},"end":{"line":40,"column":19}},{"start":{"line":40,"column":18},"end":{"line":40,"column":19}}]},"4":{"loc":{"start":{"line":40,"column":14},"end":{"line":40,"column":18}},"type":"binary-expr","locations":[{"start":{"line":40,"column":14},"end":{"line":40,"column":19}},{"start":{"line":40,"column":14},"end":{"line":40,"column":18}}]},"5":{"loc":{"start":{"line":42,"column":23},"end":{"line":42,"column":56}},"type":"cond-expr","locations":[{"start":{"line":42,"column":30},"end":{"line":42,"column":56}},{"start":{"line":42,"column":30},"end":{"line":42,"column":56}}]},"6":{"loc":{"start":{"line":42,"column":23},"end":{"line":42,"column":30}},"type":"binary-expr","locations":[{"start":{"line":42,"column":23},"end":{"line":42,"column":56}},{"start":{"line":42,"column":23},"end":{"line":42,"column":30}}]}},"s":{"0":8,"1":8,"2":8,"3":10,"4":10,"5":10,"6":10,"7":8,"8":8,"9":8,"10":8,"11":8,"12":8,"13":0,"14":8,"15":0,"16":8},"f":{"0":10,"1":0,"2":0},"b":{"0":[10,0],"1":[8,0],"2":[8,8],"3":[8,0],"4":[8,8],"5":[0,8],"6":[8,0]}}
,"/Users/adlljvd/Workspace/k-journal-api/src/modules/user/entities/user.entity.ts": {"path":"/Users/adlljvd/Workspace/k-journal-api/src/modules/user/entities/user.entity.ts","statementMap":{"0":{"start":{"line":1,"column":0},"end":{"line":1,"column":67}},"1":{"start":{"line":3,"column":0},"end":{"line":3,"column":58}},"2":{"start":{"line":4,"column":0},"end":{"line":4,"column":55}},"3":{"start":{"line":5,"column":0},"end":{"line":5,"column":58}},"4":{"start":{"line":12,"column":7},"end":{"line":56,"column":null}},"5":{"start":{"line":48,"column":4},"end":{"line":54,"column":5}},"6":{"start":{"line":49,"column":35},"end":{"line":49,"column":42}},"7":{"start":{"line":50,"column":6},"end":{"line":50,"column":32}},"8":{"start":{"line":51,"column":6},"end":{"line":53,"column":7}},"9":{"start":{"line":52,"column":8},"end":{"line":52,"column":54}},"10":{"start":{"line":12,"column":13},"end":{"line":12,"column":23}},"11":{"start":{"line":15,"column":2},"end":{"line":15,"column":null}},"12":{"start":{"line":19,"column":2},"end":{"line":19,"column":null}},"13":{"start":{"line":23,"column":2},"end":{"line":23,"column":null}},"14":{"start":{"line":26,"column":2},"end":{"line":26,"column":null}},"15":{"start":{"line":30,"column":2},"end":{"line":30,"column":null}},"16":{"start":{"line":35,"column":2},"end":{"line":35,"column":null}},"17":{"start":{"line":32,"column":37},"end":{"line":32,"column":54}},"18":{"start":{"line":34,"column":14},"end":{"line":34,"column":31}},"19":{"start":{"line":40,"column":2},"end":{"line":40,"column":null}},"20":{"start":{"line":39,"column":14},"end":{"line":39,"column":18}},"21":{"start":{"line":45,"column":2},"end":{"line":45,"column":null}},"22":{"start":{"line":44,"column":14},"end":{"line":44,"column":18}},"23":{"start":{"line":12,"column":13},"end":{"line":56,"column":null}}},"fnMap":{"0":{"name":"(anonymous_2)","decl":{"start":{"line":47,"column":2},"end":{"line":47,"column":14}},"loc":{"start":{"line":47,"column":49},"end":{"line":55,"column":3}}},"1":{"name":"(anonymous_3)","decl":{"start":{"line":32,"column":31},"end":{"line":32,"column":34}},"loc":{"start":{"line":32,"column":37},"end":{"line":32,"column":54}}},"2":{"name":"(anonymous_4)","decl":{"start":{"line":34,"column":8},"end":{"line":34,"column":11}},"loc":{"start":{"line":34,"column":14},"end":{"line":34,"column":31}}},"3":{"name":"(anonymous_5)","decl":{"start":{"line":39,"column":8},"end":{"line":39,"column":11}},"loc":{"start":{"line":39,"column":14},"end":{"line":39,"column":18}}},"4":{"name":"(anonymous_6)","decl":{"start":{"line":44,"column":8},"end":{"line":44,"column":11}},"loc":{"start":{"line":44,"column":14},"end":{"line":44,"column":18}}}},"branchMap":{"0":{"loc":{"start":{"line":48,"column":4},"end":{"line":54,"column":5}},"type":"if","locations":[{"start":{"line":48,"column":4},"end":{"line":54,"column":5}},{"start":{},"end":{}}]},"1":{"loc":{"start":{"line":51,"column":6},"end":{"line":53,"column":7}},"type":"if","locations":[{"start":{"line":51,"column":6},"end":{"line":53,"column":7}},{"start":{},"end":{}}]},"2":{"loc":{"start":{"line":30,"column":9},"end":{"line":30,"column":14}},"type":"cond-expr","locations":[{"start":{"line":30,"column":13},"end":{"line":30,"column":14}},{"start":{"line":30,"column":13},"end":{"line":30,"column":14}}]},"3":{"loc":{"start":{"line":30,"column":9},"end":{"line":30,"column":13}},"type":"binary-expr","locations":[{"start":{"line":30,"column":9},"end":{"line":30,"column":14}},{"start":{"line":30,"column":9},"end":{"line":30,"column":13}}]},"4":{"loc":{"start":{"line":35,"column":12},"end":{"line":35,"column":30}},"type":"cond-expr","locations":[{"start":{"line":35,"column":29},"end":{"line":35,"column":30}},{"start":{"line":35,"column":29},"end":{"line":35,"column":30}}]},"5":{"loc":{"start":{"line":35,"column":12},"end":{"line":35,"column":29}},"type":"binary-expr","locations":[{"start":{"line":35,"column":12},"end":{"line":35,"column":30}},{"start":{"line":35,"column":12},"end":{"line":35,"column":29}}]},"6":{"loc":{"start":{"line":40,"column":14},"end":{"line":40,"column":19}},"type":"cond-expr","locations":[{"start":{"line":40,"column":18},"end":{"line":40,"column":19}},{"start":{"line":40,"column":18},"end":{"line":40,"column":19}}]},"7":{"loc":{"start":{"line":40,"column":14},"end":{"line":40,"column":18}},"type":"binary-expr","locations":[{"start":{"line":40,"column":14},"end":{"line":40,"column":19}},{"start":{"line":40,"column":14},"end":{"line":40,"column":18}}]},"8":{"loc":{"start":{"line":45,"column":14},"end":{"line":45,"column":19}},"type":"cond-expr","locations":[{"start":{"line":45,"column":18},"end":{"line":45,"column":19}},{"start":{"line":45,"column":18},"end":{"line":45,"column":19}}]},"9":{"loc":{"start":{"line":45,"column":14},"end":{"line":45,"column":18}},"type":"binary-expr","locations":[{"start":{"line":45,"column":14},"end":{"line":45,"column":19}},{"start":{"line":45,"column":14},"end":{"line":45,"column":18}}]},"10":{"loc":{"start":{"line":47,"column":23},"end":{"line":47,"column":49}},"type":"cond-expr","locations":[{"start":{"line":47,"column":30},"end":{"line":47,"column":49}},{"start":{"line":47,"column":30},"end":{"line":47,"column":49}}]},"11":{"loc":{"start":{"line":47,"column":23},"end":{"line":47,"column":30}},"type":"binary-expr","locations":[{"start":{"line":47,"column":23},"end":{"line":47,"column":49}},{"start":{"line":47,"column":23},"end":{"line":47,"column":30}}]}},"s":{"0":8,"1":8,"2":8,"3":8,"4":8,"5":10,"6":10,"7":10,"8":10,"9":10,"10":8,"11":8,"12":8,"13":8,"14":8,"15":8,"16":8,"17":0,"18":0,"19":8,"20":0,"21":8,"22":0,"23":8},"f":{"0":10,"1":0,"2":0,"3":0,"4":0},"b":{"0":[10,0],"1":[10,0],"2":[0,8],"3":[8,8],"4":[8,0],"5":[8,8],"6":[8,0],"7":[8,8],"8":[8,0],"9":[8,8],"10":[0,8],"11":[8,0]}}
,"/Users/adlljvd/Workspace/k-journal-api/src/prisma/prisma.service.ts": {"path":"/Users/adlljvd/Workspace/k-journal-api/src/prisma/prisma.service.ts","statementMap":{"0":{"start":{"line":1,"column":0},"end":{"line":1,"column":null}},"1":{"start":{"line":7,"column":0},"end":{"line":7,"column":46}},"2":{"start":{"line":8,"column":0},"end":{"line":8,"column":46}},"3":{"start":{"line":9,"column":0},"end":{"line":9,"column":20}},"4":{"start":{"line":12,"column":26},"end":{"line":51,"column":null}},"5":{"start":{"line":16,"column":28},"end":{"line":16,"column":58}},"6":{"start":{"line":20,"column":24},"end":{"line":20,"column":48}},"7":{"start":{"line":21,"column":4},"end":{"line":23,"column":5}},"8":{"start":{"line":22,"column":6},"end":{"line":22,"column":70}},"9":{"start":{"line":26,"column":17},"end":{"line":26,"column":63}},"10":{"start":{"line":27,"column":20},"end":{"line":27,"column":38}},"11":{"start":{"line":29,"column":4},"end":{"line":31,"column":7}},"12":{"start":{"line":33,"column":4},"end":{"line":33,"column":21}},"13":{"start":{"line":37,"column":4},"end":{"line":43,"column":5}},"14":{"start":{"line":38,"column":6},"end":{"line":38,"column":28}},"15":{"start":{"line":39,"column":6},"end":{"line":39,"column":64}},"16":{"start":{"line":41,"column":6},"end":{"line":41,"column":68}},"17":{"start":{"line":42,"column":6},"end":{"line":42,"column":22}},"18":{"start":{"line":47,"column":4},"end":{"line":47,"column":29}},"19":{"start":{"line":48,"column":4},"end":{"line":48,"column":26}},"20":{"start":{"line":49,"column":4},"end":{"line":49,"column":67}},"21":{"start":{"line":12,"column":13},"end":{"line":12,"column":26}},"22":{"start":{"line":12,"column":13},"end":{"line":51,"column":null}}},"fnMap":{"0":{"name":"(anonymous_3)","decl":{"start":{"line":19,"column":2},"end":{"line":19,"column":null}},"loc":{"start":{"line":19,"column":2},"end":{"line":34,"column":3}}},"1":{"name":"(anonymous_4)","decl":{"start":{"line":36,"column":2},"end":{"line":36,"column":7}},"loc":{"start":{"line":36,"column":20},"end":{"line":44,"column":3}}},"2":{"name":"(anonymous_5)","decl":{"start":{"line":46,"column":2},"end":{"line":46,"column":7}},"loc":{"start":{"line":46,"column":23},"end":{"line":50,"column":3}}}},"branchMap":{"0":{"loc":{"start":{"line":21,"column":4},"end":{"line":23,"column":5}},"type":"if","locations":[{"start":{"line":21,"column":4},"end":{"line":23,"column":5}},{"start":{},"end":{}}]}},"s":{"0":23,"1":23,"2":23,"3":23,"4":23,"5":7,"6":9,"7":9,"8":2,"9":7,"10":7,"11":7,"12":7,"13":2,"14":2,"15":1,"16":1,"17":1,"18":1,"19":1,"20":1,"21":23,"22":23},"f":{"0":9,"1":2,"2":1},"b":{"0":[2,7]}}
}
