TN:
SF:src/app.controller.ts
FN:6,(anonymous_2)
FN:9,(anonymous_3)
FNF:2
FNH:2
FNDA:1,(anonymous_2)
FNDA:1,(anonymous_3)
DA:1,1
DA:2,1
DA:5,1
DA:6,1
DA:9,1
DA:10,1
LF:6
LH:6
BRDA:6,0,0,1
BRDA:6,0,1,0
BRDA:6,1,0,1
BRDA:6,1,1,1
BRF:4
BRH:3
end_of_record
TN:
SF:src/app.service.ts
FN:5,(anonymous_1)
FNF:1
FNH:1
FNDA:1,(anonymous_1)
DA:1,1
DA:4,1
DA:6,1
LF:3
LH:3
BRF:0
BRH:0
end_of_record
TN:
SF:src/auth/auth.controller.ts
FN:28,(anonymous_4)
FN:35,(anonymous_5)
FN:50,(anonymous_6)
FN:66,(anonymous_7)
FN:79,(anonymous_8)
FN:91,(anonymous_9)
FN:100,(anonymous_10)
FNF:7
FNH:7
FNDA:11,(anonymous_4)
FNDA:2,(anonymous_5)
FNDA:2,(anonymous_6)
FNDA:3,(anonymous_7)
FNDA:1,(anonymous_8)
FNDA:2,(anonymous_9)
FNDA:1,(anonymous_10)
DA:1,1
DA:9,1
DA:15,1
DA:16,1
DA:17,1
DA:27,1
DA:28,11
DA:35,1
DA:36,2
DA:37,2
DA:50,1
DA:51,2
DA:52,2
DA:66,1
DA:68,3
DA:69,1
DA:71,3
DA:79,1
DA:80,1
DA:81,1
DA:91,1
DA:92,2
DA:100,1
DA:101,1
LF:24
LH:24
BRDA:68,0,0,1
BRDA:68,0,1,2
BRDA:35,1,0,1
BRDA:35,1,1,0
BRDA:35,2,0,1
BRDA:35,2,1,1
BRDA:50,3,0,1
BRDA:50,3,1,0
BRDA:50,4,0,1
BRDA:50,4,1,1
BRDA:79,5,0,1
BRDA:79,5,1,0
BRDA:79,6,0,1
BRDA:79,6,1,1
BRDA:91,7,0,1
BRDA:91,7,1,0
BRDA:91,8,0,1
BRDA:91,8,1,1
BRDA:100,9,0,1
BRDA:100,9,1,0
BRDA:100,10,0,1
BRDA:100,10,1,1
BRDA:28,11,0,1
BRDA:28,11,1,0
BRDA:28,12,0,1
BRDA:28,12,1,1
BRF:26
BRH:20
end_of_record
TN:
SF:src/auth/auth.service.ts
FN:55,(anonymous_11)
FN:69,(anonymous_12)
FN:99,(anonymous_13)
FN:148,(anonymous_14)
FN:193,(anonymous_15)
FN:209,(anonymous_16)
FN:265,(anonymous_17)
FN:303,(anonymous_18)
FN:326,(anonymous_19)
FN:373,(anonymous_20)
FNF:10
FNH:10
FNDA:23,(anonymous_11)
FNDA:8,(anonymous_12)
FNDA:4,(anonymous_13)
FNDA:8,(anonymous_14)
FNDA:1,(anonymous_15)
FNDA:6,(anonymous_16)
FNDA:2,(anonymous_17)
FNDA:2,(anonymous_18)
FNDA:10,(anonymous_19)
FNDA:23,(anonymous_20)
DA:1,2
DA:8,2
DA:9,2
DA:10,2
DA:11,2
DA:12,2
DA:13,2
DA:14,2
DA:18,2
DA:19,2
DA:46,2
DA:47,2
DA:48,2
DA:49,2
DA:52,2
DA:53,23
DA:56,23
DA:57,23
DA:58,23
DA:59,23
DA:71,8
DA:72,8
DA:73,2
DA:80,6
DA:83,6
DA:84,2
DA:91,4
DA:99,4
DA:101,4
DA:112,4
DA:121,4
DA:125,4
DA:130,4
DA:137,4
DA:150,8
DA:151,8
DA:152,2
DA:159,6
DA:163,6
DA:164,2
DA:171,4
DA:176,4
DA:183,4
DA:195,1
DA:198,1
DA:211,6
DA:214,6
DA:219,6
DA:220,2
DA:227,4
DA:229,2
DA:232,2
DA:239,2
DA:245,2
DA:249,2
DA:251,2
DA:267,2
DA:269,2
DA:271,1
DA:278,1
DA:279,1
DA:280,1
DA:285,1
DA:288,1
DA:292,1
DA:308,2
DA:317,2
DA:332,10
DA:339,10
DA:344,10
DA:347,10
DA:352,10
DA:353,10
DA:356,10
DA:364,10
DA:374,23
LF:76
LH:76
BRDA:72,0,0,2
BRDA:72,0,1,6
BRDA:83,1,0,2
BRDA:83,1,1,4
BRDA:151,2,0,2
BRDA:151,2,1,6
BRDA:163,3,0,2
BRDA:163,3,1,4
BRDA:180,4,0,4
BRDA:180,4,1,2
BRDA:219,5,0,2
BRDA:219,5,1,4
BRDA:227,6,0,2
BRDA:227,6,1,2
BRDA:269,7,0,1
BRDA:269,7,1,1
BRDA:344,8,0,1
BRDA:344,8,1,9
BRDA:56,9,0,2
BRDA:56,9,1,0
BRDA:56,10,0,2
BRDA:56,10,1,2
BRDA:56,11,0,2
BRDA:56,11,1,0
BRDA:56,12,0,2
BRDA:56,12,1,2
BRDA:57,13,0,2
BRDA:57,13,1,0
BRDA:57,14,0,2
BRDA:57,14,1,2
BRDA:58,15,0,2
BRDA:58,15,1,0
BRDA:58,16,0,2
BRDA:58,16,1,2
BRF:34
BRH:30
end_of_record
TN:
SF:src/auth/decorators/rate-limit.decorator.ts
FN:5,(anonymous_0)
FNF:1
FNH:0
FNDA:0,(anonymous_0)
DA:1,0
DA:4,0
DA:5,0
DA:6,0
LF:4
LH:0
BRF:0
BRH:0
end_of_record
TN:
SF:src/auth/decorators/roles.decorator.ts
FN:5,(anonymous_0)
FNF:1
FNH:1
FNDA:1,(anonymous_0)
DA:1,3
DA:4,3
DA:5,3
LF:3
LH:3
BRF:0
BRH:0
end_of_record
TN:
SF:src/auth/dto/forgot-password.dto.ts
FNF:0
FNH:0
DA:1,1
DA:2,1
DA:4,1
DA:7,1
LF:4
LH:4
BRF:0
BRH:0
end_of_record
TN:
SF:src/auth/dto/login.dto.ts
FNF:0
FNH:0
DA:1,1
DA:2,1
DA:4,1
DA:7,1
DA:11,1
DA:19,1
LF:6
LH:6
BRF:0
BRH:0
end_of_record
TN:
SF:src/auth/dto/refresh-token.dto.ts
FNF:0
FNH:0
DA:1,1
DA:2,1
DA:4,1
DA:8,1
LF:4
LH:4
BRF:0
BRH:0
end_of_record
TN:
SF:src/auth/dto/register.dto.ts
FNF:0
FNH:0
DA:1,1
DA:2,1
DA:3,1
DA:4,1
DA:6,1
DA:9,1
DA:20,1
DA:27,1
LF:8
LH:8
BRF:0
BRH:0
end_of_record
TN:
SF:src/auth/dto/reset-password.dto.ts
FNF:0
FNH:0
DA:1,1
DA:2,1
DA:3,1
DA:5,1
DA:9,1
DA:16,1
LF:6
LH:6
BRF:0
BRH:0
end_of_record
TN:
SF:src/auth/guards/jwt-auth.guard.ts
FN:7,(anonymous_1)
FNF:1
FNH:1
FNDA:4,(anonymous_1)
DA:1,8
DA:2,8
DA:3,8
DA:6,8
DA:8,4
DA:9,1
DA:14,3
DA:15,2
DA:20,1
LF:9
LH:9
BRDA:8,0,0,1
BRDA:8,0,1,3
BRDA:8,1,0,4
BRDA:8,1,1,1
BRDA:14,2,0,2
BRDA:14,2,1,1
BRDA:14,3,0,3
BRDA:14,3,1,2
BRF:8
BRH:8
end_of_record
TN:
SF:src/auth/guards/optional-jwt-auth.guard.ts
FN:6,(anonymous_1)
FNF:1
FNH:1
FNDA:2,(anonymous_1)
DA:1,4
DA:2,4
DA:5,4
DA:7,2
LF:4
LH:4
BRF:0
BRH:0
end_of_record
TN:
SF:src/auth/guards/rate-limit.guard.ts
FN:19,(anonymous_1)
FN:27,(anonymous_2)
FN:37,(anonymous_3)
FNF:3
FNH:3
FNDA:2,(anonymous_1)
FNDA:5,(anonymous_2)
FNDA:3,(anonymous_3)
DA:1,2
DA:2,2
DA:18,2
DA:23,2
DA:24,2
DA:29,5
DA:31,5
DA:34,5
DA:38,3
DA:39,3
DA:42,3
DA:43,1
DA:46,2
LF:13
LH:13
BRDA:31,0,0,2
BRDA:31,0,1,3
BRDA:33,1,0,3
BRDA:33,1,1,2
BRDA:33,1,2,1
BRDA:42,2,0,1
BRDA:42,2,1,2
BRDA:42,3,0,3
BRDA:42,3,1,2
BRF:9
BRH:9
end_of_record
TN:
SF:src/auth/guards/roles.guard.ts
FN:26,(anonymous_2)
FN:28,(anonymous_3)
FN:49,(anonymous_4)
FNF:3
FNH:3
FNDA:19,(anonymous_2)
FNDA:13,(anonymous_3)
FNDA:9,(anonymous_4)
DA:1,3
DA:7,3
DA:9,3
DA:25,3
DA:26,19
DA:29,13
DA:35,13
DA:36,3
DA:39,10
DA:40,10
DA:42,10
DA:43,2
DA:49,9
DA:51,8
DA:52,3
DA:58,5
LF:16
LH:16
BRDA:35,0,0,3
BRDA:35,0,1,10
BRDA:35,1,0,13
BRDA:35,1,1,11
BRDA:42,2,0,2
BRDA:42,2,1,8
BRDA:51,3,0,3
BRDA:51,3,1,5
BRDA:26,4,0,3
BRDA:26,4,1,0
BRDA:26,5,0,3
BRDA:26,5,1,3
BRF:12
BRH:11
end_of_record
TN:
SF:src/auth/strategies/jwt.strategy.ts
FN:13,(anonymous_2)
FN:21,(anonymous_3)
FNF:2
FNH:2
FNDA:4,(anonymous_2)
FNDA:1,(anonymous_3)
DA:1,1
DA:2,1
DA:3,1
DA:12,1
DA:14,4
DA:22,1
LF:6
LH:6
BRDA:17,0,0,4
BRDA:17,0,1,3
BRF:2
BRH:2
end_of_record
TN:
SF:src/common/decorators/is-optional-url.decorator.ts
FN:8,IsOptionalUrl
FN:11,(anonymous_1)
FN:17,(anonymous_2)
FN:32,(anonymous_3)
FNF:4
FNH:4
FNDA:4,IsOptionalUrl
FNDA:4,(anonymous_1)
FNDA:19,(anonymous_2)
FNDA:10,(anonymous_3)
DA:1,4
DA:8,4
DA:11,4
DA:12,4
DA:19,19
DA:20,3
DA:22,16
DA:23,4
DA:25,12
DA:26,12
DA:27,8
DA:29,4
DA:33,10
LF:13
LH:13
BRDA:19,0,0,3
BRDA:19,0,1,16
BRDA:19,1,0,19
BRDA:19,1,1,18
BRDA:19,1,2,17
BRDA:22,2,0,4
BRDA:22,2,1,12
BRDA:27,3,0,8
BRDA:27,3,1,6
BRF:9
BRH:9
end_of_record
TN:
SF:src/common/decorators/is-password.decorator.ts
FN:8,IsPassword
FN:11,(anonymous_1)
FN:17,(anonymous_2)
FN:24,(anonymous_3)
FNF:4
FNH:4
FNDA:15,IsPassword
FNDA:15,(anonymous_1)
FNDA:16,(anonymous_2)
FNDA:10,(anonymous_3)
DA:1,5
DA:8,5
DA:11,15
DA:12,15
DA:18,16
DA:19,6
DA:22,10
DA:25,10
LF:8
LH:8
BRDA:18,0,0,6
BRDA:18,0,1,10
BRF:2
BRH:2
end_of_record
TN:
SF:src/common/decorators/is-rating.decorator.ts
FN:8,IsRating
FN:11,(anonymous_1)
FN:17,(anonymous_2)
FN:34,(anonymous_3)
FNF:4
FNH:4
FNDA:6,IsRating
FNDA:6,(anonymous_1)
FNDA:44,(anonymous_2)
FNDA:21,(anonymous_3)
DA:1,6
DA:8,6
DA:11,6
DA:12,6
DA:19,44
DA:20,2
DA:22,42
DA:23,2
DA:26,40
DA:27,8
DA:31,32
DA:32,32
DA:35,21
LF:13
LH:13
BRDA:19,0,0,2
BRDA:19,0,1,42
BRDA:19,1,0,44
BRDA:19,1,1,43
BRDA:22,2,0,2
BRDA:22,2,1,40
BRDA:26,3,0,8
BRDA:26,3,1,32
BRDA:26,4,0,40
BRDA:26,4,1,36
BRDA:32,5,0,32
BRDA:32,5,1,21
BRF:12
BRH:12
end_of_record
TN:
SF:src/common/decorators/is-username.decorator.ts
FN:9,IsUsername
FN:12,(anonymous_1)
FN:18,(anonymous_2)
FN:25,(anonymous_3)
FNF:4
FNH:4
FNDA:2,IsUsername
FNDA:2,(anonymous_1)
FNDA:29,(anonymous_2)
FNDA:20,(anonymous_3)
DA:1,2
DA:9,2
DA:12,2
DA:13,2
DA:19,29
DA:20,6
DA:22,23
DA:23,23
DA:26,20
LF:9
LH:9
BRDA:19,0,0,6
BRDA:19,0,1,23
BRF:2
BRH:2
end_of_record
TN:
SF:src/common/dto/api-response.dto.ts
FN:10,(anonymous_0)
FNF:1
FNH:1
FNDA:1,(anonymous_0)
DA:3,1
DA:11,1
DA:12,1
DA:13,1
DA:14,1
DA:15,1
LF:6
LH:6
BRDA:10,0,0,1
BRF:1
BRH:1
end_of_record
TN:
SF:src/common/dto/error-response.dto.ts
FN:6,(anonymous_0)
FNF:1
FNH:1
FNDA:59,(anonymous_0)
DA:1,3
DA:7,59
DA:8,59
DA:9,59
LF:4
LH:4
BRF:0
BRH:0
end_of_record
TN:
SF:src/common/dto/paginated-response.dto.ts
FN:12,(anonymous_0)
FNF:1
FNH:1
FNDA:70,(anonymous_0)
DA:3,22
DA:13,70
DA:14,70
LF:3
LH:3
BRF:0
BRH:0
end_of_record
TN:
SF:src/common/enums/content-type.enum.ts
FN:1,(anonymous_0)
FNF:1
FNH:1
FNDA:13,(anonymous_0)
DA:1,13
DA:2,13
DA:3,13
LF:3
LH:3
BRDA:1,0,0,13
BRDA:1,0,1,13
BRF:2
BRH:2
end_of_record
TN:
SF:src/common/enums/error-code.enum.ts
FN:1,(anonymous_0)
FNF:1
FNH:1
FNDA:20,(anonymous_0)
DA:1,20
DA:2,20
DA:3,20
DA:4,20
DA:5,20
DA:6,20
DA:7,20
DA:8,20
DA:9,20
DA:10,20
DA:11,20
DA:12,20
DA:13,20
DA:14,20
DA:15,20
LF:15
LH:15
BRDA:1,0,0,20
BRDA:1,0,1,20
BRF:2
BRH:2
end_of_record
TN:
SF:src/common/enums/request-status.enum.ts
FN:1,(anonymous_0)
FNF:1
FNH:1
FNDA:6,(anonymous_0)
DA:1,6
DA:2,6
DA:3,6
DA:4,6
LF:4
LH:4
BRDA:1,0,0,6
BRDA:1,0,1,6
BRF:2
BRH:2
end_of_record
TN:
SF:src/common/enums/role.enum.ts
FN:4,(anonymous_0)
FNF:1
FNH:1
FNDA:13,(anonymous_0)
DA:4,13
DA:5,13
DA:6,13
LF:3
LH:3
BRDA:4,0,0,13
BRDA:4,0,1,13
BRF:2
BRH:2
end_of_record
TN:
SF:src/common/enums/watch-status.enum.ts
FN:1,(anonymous_0)
FNF:1
FNH:1
FNDA:6,(anonymous_0)
DA:1,6
DA:2,6
DA:3,6
DA:4,6
DA:5,6
LF:5
LH:5
BRDA:1,0,0,6
BRDA:1,0,1,6
BRF:2
BRH:2
end_of_record
TN:
SF:src/common/filters/http-exception.filter.ts
FN:24,(anonymous_1)
FNF:1
FNH:1
FNDA:16,(anonymous_1)
DA:1,1
DA:9,1
DA:10,1
DA:21,1
DA:22,17
DA:25,16
DA:26,16
DA:27,16
DA:29,16
DA:30,16
DA:32,16
DA:34,16
DA:35,16
DA:36,16
DA:38,16
DA:39,10
DA:40,10
DA:41,4
DA:43,10
DA:44,8
DA:48,10
DA:49,1
DA:53,16
DA:54,4
DA:55,2
DA:57,2
DA:61,16
DA:69,16
DA:77,16
LF:29
LH:29
BRDA:32,0,0,16
BRDA:32,0,1,15
BRDA:38,1,0,10
BRDA:38,1,1,6
BRDA:38,2,0,16
BRDA:38,2,1,11
BRDA:40,3,0,4
BRDA:40,3,1,6
BRDA:43,4,0,8
BRDA:43,4,1,2
BRDA:44,5,0,1
BRDA:44,5,1,7
BRDA:48,6,0,1
BRDA:48,6,1,9
BRDA:53,7,0,4
BRDA:53,7,1,12
BRDA:54,8,0,2
BRDA:54,8,1,2
BRF:18
BRH:18
end_of_record
TN:
SF:src/common/filters/prisma-exception.filter.ts
FN:40,(anonymous_1)
FNF:1
FNH:1
FNDA:20,(anonymous_1)
DA:1,1
DA:9,1
DA:10,1
DA:11,1
DA:24,1
DA:37,1
DA:38,21
DA:44,20
DA:45,20
DA:46,20
DA:48,20
DA:49,20
DA:51,20
DA:55,20
DA:56,18
DA:57,18
DA:59,18
DA:60,10
DA:61,10
DA:62,4
DA:63,6
DA:64,1
DA:65,5
DA:66,1
DA:70,18
DA:78,18
DA:86,2
DA:98,2
DA:106,20
LF:29
LH:29
BRDA:48,0,0,20
BRDA:48,0,1,19
BRDA:55,1,0,18
BRDA:55,1,1,2
BRDA:59,2,0,10
BRDA:59,2,1,8
BRDA:60,3,0,10
BRDA:60,3,1,3
BRDA:61,4,0,4
BRDA:61,4,1,6
BRDA:63,5,0,1
BRDA:63,5,1,5
BRDA:65,6,0,1
BRDA:65,6,1,4
BRF:14
BRH:14
end_of_record
TN:
SF:src/common/filters/validation-exception.filter.ts
FN:28,flattenValidationErrors
FN:54,(anonymous_2)
FNF:2
FNH:2
FNDA:16,flattenValidationErrors
FNDA:23,(anonymous_2)
DA:1,1
DA:10,1
DA:11,1
DA:31,16
DA:33,16
DA:34,19
DA:35,15
DA:42,19
DA:43,4
DA:47,16
DA:51,1
DA:52,24
DA:55,23
DA:56,23
DA:57,23
DA:59,23
DA:60,23
DA:61,23
DA:63,23
DA:65,23
DA:66,23
DA:68,23
DA:69,17
DA:70,17
DA:71,2
DA:73,17
DA:74,13
DA:75,1
DA:77,12
DA:78,12
DA:79,12
DA:81,4
DA:82,2
DA:87,23
DA:89,23
DA:97,23
DA:105,23
LF:37
LH:37
BRDA:34,0,0,15
BRDA:34,0,1,4
BRDA:42,1,0,4
BRDA:42,1,1,15
BRDA:42,2,0,19
BRDA:42,2,1,5
BRDA:59,3,0,23
BRDA:59,3,1,22
BRDA:68,4,0,17
BRDA:68,4,1,6
BRDA:68,5,0,23
BRDA:68,5,1,18
BRDA:70,6,0,2
BRDA:70,6,1,15
BRDA:73,7,0,13
BRDA:73,7,1,4
BRDA:74,8,0,1
BRDA:74,8,1,12
BRDA:81,9,0,2
BRDA:81,9,1,2
BRDA:81,10,0,4
BRDA:81,10,1,4
BRDA:87,11,0,8
BRDA:87,11,1,15
BRF:24
BRH:24
end_of_record
TN:
SF:src/common/interceptors/transform.interceptor.ts
FN:17,(anonymous_1)
FN:27,(anonymous_2)
FNF:2
FNH:2
FNDA:1,(anonymous_1)
FNDA:1,(anonymous_2)
DA:1,1
DA:8,1
DA:9,1
DA:13,1
DA:21,1
DA:22,1
DA:23,1
DA:24,1
DA:26,1
DA:28,1
LF:10
LH:10
BRDA:23,0,0,1
BRDA:23,0,1,0
BRF:2
BRH:1
end_of_record
TN:
SF:src/common/middleware/request-id.middleware.ts
FN:7,(anonymous_1)
FNF:1
FNH:1
FNDA:8,(anonymous_1)
DA:1,1
DA:3,1
DA:6,1
DA:8,8
DA:9,8
DA:14,8
DA:15,5
DA:16,3
DA:17,1
DA:20,8
LF:10
LH:10
BRDA:8,0,0,8
BRDA:8,0,1,6
BRDA:14,1,0,5
BRDA:14,1,1,3
BRDA:16,2,0,1
BRDA:16,2,1,2
BRDA:16,3,0,3
BRDA:16,3,1,2
BRF:8
BRH:8
end_of_record
TN:
SF:src/common/pipes/validation.pipe.ts
FN:12,(anonymous_0)
FNF:1
FNH:1
FNDA:12,(anonymous_0)
DA:1,1
DA:12,1
DA:13,12
LF:3
LH:3
BRF:0
BRH:0
end_of_record
TN:
SF:src/common/repositories/base.repository.ts
FN:64,(anonymous_4)
FN:83,(anonymous_5)
FN:98,(anonymous_6)
FN:142,(anonymous_7)
FN:143,(anonymous_8)
FN:159,(anonymous_9)
FN:174,(anonymous_10)
FN:225,(anonymous_11)
FN:226,(anonymous_12)
FN:245,(anonymous_13)
FN:246,(anonymous_14)
FN:263,(anonymous_15)
FN:295,(anonymous_16)
FN:310,(anonymous_17)
FN:321,(anonymous_18)
FN:332,(anonymous_19)
FN:333,(anonymous_20)
FNF:17
FNH:17
FNDA:132,(anonymous_4)
FNDA:147,(anonymous_5)
FNDA:127,(anonymous_6)
FNDA:6,(anonymous_7)
FNDA:9,(anonymous_8)
FNDA:4,(anonymous_9)
FNDA:8,(anonymous_10)
FNDA:9,(anonymous_11)
FNDA:10,(anonymous_12)
FNDA:3,(anonymous_13)
FNDA:4,(anonymous_14)
FNDA:4,(anonymous_15)
FNDA:4,(anonymous_16)
FNDA:2,(anonymous_17)
FNDA:1,(anonymous_18)
FNDA:12,(anonymous_19)
FNDA:12,(anonymous_20)
DA:1,22
DA:3,22
DA:4,22
DA:9,22
DA:14,22
DA:19,22
DA:24,22
DA:29,22
DA:34,22
DA:54,22
DA:65,132
DA:68,132
DA:70,132
DA:84,147
DA:85,1
DA:87,146
DA:104,127
DA:105,139
DA:106,139
DA:108,15
DA:109,15
DA:111,15
DA:115,13
DA:116,13
DA:121,13
DA:122,12
DA:123,12
DA:128,3
DA:133,0
DA:143,6
DA:144,9
DA:145,9
DA:160,4
DA:161,4
DA:181,8
DA:182,8
DA:186,8
DA:188,8
DA:190,8
DA:215,8
DA:226,9
DA:227,10
DA:228,10
DA:246,3
DA:247,4
DA:248,4
DA:271,4
DA:272,4
DA:296,4
DA:297,4
DA:311,2
DA:312,2
DA:322,1
DA:333,12
LF:54
LH:53
BRDA:84,0,0,1
BRDA:84,0,1,146
BRDA:111,1,0,13
BRDA:111,1,1,2
BRDA:112,2,0,15
BRDA:112,2,1,15
BRDA:121,3,0,12
BRDA:121,3,1,1
BRDA:128,4,0,3
BRDA:128,4,1,0
BRDA:133,5,0,0
BRDA:133,5,1,0
BRDA:181,6,0,8
BRDA:181,6,1,6
BRDA:183,7,0,8
BRDA:183,7,1,4
BRDA:186,8,0,8
BRDA:186,8,1,8
BRDA:65,9,0,22
BRDA:65,9,1,0
BRDA:65,10,0,22
BRDA:65,10,1,22
BRF:22
BRH:18
end_of_record
TN:
SF:src/common/services/base.service.ts
FN:59,(anonymous_2)
FN:66,(anonymous_3)
FN:100,(anonymous_4)
FN:110,(anonymous_5)
FN:122,(anonymous_6)
FN:138,(anonymous_7)
FN:152,(anonymous_8)
FN:167,(anonymous_9)
FN:177,(anonymous_10)
FN:187,(anonymous_11)
FN:197,(anonymous_12)
FN:208,(anonymous_13)
FN:219,(anonymous_14)
FN:230,(anonymous_15)
FN:242,(anonymous_16)
FN:291,(anonymous_17)
FN:316,(anonymous_18)
FNF:17
FNH:17
FNDA:76,(anonymous_2)
FNDA:52,(anonymous_3)
FNDA:202,(anonymous_4)
FNDA:75,(anonymous_5)
FNDA:38,(anonymous_6)
FNDA:16,(anonymous_7)
FNDA:7,(anonymous_8)
FNDA:4,(anonymous_9)
FNDA:1,(anonymous_10)
FNDA:1,(anonymous_11)
FNDA:3,(anonymous_12)
FNDA:2,(anonymous_13)
FNDA:2,(anonymous_14)
FNDA:2,(anonymous_15)
FNDA:74,(anonymous_16)
FNDA:2,(anonymous_17)
FNDA:2,(anonymous_18)
DA:1,11
DA:12,11
DA:55,11
DA:60,76
DA:71,52
DA:97,11
DA:101,202
DA:111,75
DA:127,38
DA:142,16
DA:156,7
DA:168,4
DA:178,1
DA:188,1
DA:198,3
DA:199,3
DA:209,2
DA:210,2
DA:220,2
DA:221,2
DA:231,2
DA:232,2
DA:243,74
DA:244,46
DA:247,28
DA:249,28
DA:251,6
DA:256,6
DA:264,9
DA:266,4
DA:268,2
DA:278,1
DA:296,2
DA:297,2
DA:298,1
DA:300,1
DA:301,1
DA:302,0
DA:304,1
DA:321,2
DA:322,1
DA:324,1
LF:42
LH:41
BRDA:140,0,0,1
BRDA:177,1,0,0
BRDA:187,2,0,0
BRDA:198,3,0,2
BRDA:198,3,1,1
BRDA:209,4,0,1
BRDA:209,4,1,1
BRDA:220,5,0,1
BRDA:220,5,1,1
BRDA:231,6,0,1
BRDA:231,6,1,1
BRDA:243,7,0,46
BRDA:243,7,1,28
BRDA:249,8,0,6
BRDA:249,8,1,2
BRDA:249,8,2,3
BRDA:249,8,3,5
BRDA:249,8,4,6
BRDA:249,8,5,1
BRDA:249,8,6,2
BRDA:249,8,7,3
BRDA:249,8,8,4
BRDA:249,8,9,5
BRDA:249,8,10,7
BRDA:249,8,11,9
BRDA:249,8,12,4
BRDA:249,8,13,2
BRDA:249,8,14,1
BRDA:294,9,0,0
BRDA:301,10,0,0
BRDA:301,10,1,1
BRDA:321,11,0,1
BRDA:321,11,1,1
BRF:33
BRH:29
end_of_record
TN:
SF:src/modules/admin/admin-content-request.service.ts
FN:21,(anonymous_2)
FN:28,(anonymous_3)
FN:43,(anonymous_4)
FN:65,(anonymous_5)
FN:117,(anonymous_6)
FN:150,(anonymous_7)
FNF:6
FNH:6
FNDA:8,(anonymous_2)
FNDA:1,(anonymous_3)
FNDA:4,(anonymous_4)
FNDA:2,(anonymous_5)
FNDA:3,(anonymous_6)
FNDA:2,(anonymous_7)
DA:1,2
DA:6,2
DA:7,2
DA:8,2
DA:10,2
DA:14,2
DA:15,2
DA:16,2
DA:17,2
DA:20,2
DA:22,8
DA:23,8
DA:24,8
DA:25,8
DA:33,1
DA:35,1
DA:48,4
DA:49,4
DA:50,1
DA:56,3
DA:57,1
DA:64,2
DA:68,2
DA:71,2
DA:74,2
DA:75,1
DA:81,1
DA:99,1
DA:109,1
DA:122,3
DA:123,3
DA:124,1
DA:130,2
DA:131,1
DA:137,1
DA:147,1
DA:151,2
LF:37
LH:37
BRDA:49,0,0,1
BRDA:49,0,1,3
BRDA:56,1,0,1
BRDA:56,1,1,2
BRDA:68,2,0,2
BRDA:68,2,1,2
BRDA:74,3,0,1
BRDA:74,3,1,1
BRDA:93,4,0,1
BRDA:93,4,1,0
BRDA:94,5,0,1
BRDA:94,5,1,1
BRDA:123,6,0,1
BRDA:123,6,1,2
BRDA:130,7,0,1
BRDA:130,7,1,1
BRDA:22,8,0,2
BRDA:22,8,1,0
BRDA:22,9,0,2
BRDA:22,9,1,2
BRDA:22,10,0,2
BRDA:22,10,1,0
BRDA:22,11,0,2
BRDA:22,11,1,2
BRDA:23,12,0,2
BRDA:23,12,1,0
BRDA:23,13,0,2
BRDA:23,13,1,2
BRDA:24,14,0,2
BRDA:24,14,1,0
BRDA:24,15,0,2
BRDA:24,15,1,2
BRF:32
BRH:27
end_of_record
TN:
SF:src/modules/admin/admin-content.service.ts
FN:19,(anonymous_2)
FN:21,(anonymous_3)
FN:50,(anonymous_4)
FN:83,(anonymous_5)
FN:95,(anonymous_6)
FN:121,(anonymous_7)
FN:128,(anonymous_8)
FNF:7
FNH:6
FNDA:8,(anonymous_2)
FNDA:2,(anonymous_3)
FNDA:3,(anonymous_4)
FNDA:2,(anonymous_5)
FNDA:1,(anonymous_6)
FNDA:1,(anonymous_7)
FNDA:0,(anonymous_8)
DA:1,3
DA:6,3
DA:12,3
DA:13,3
DA:14,3
DA:18,3
DA:19,8
DA:22,2
DA:24,2
DA:25,2
DA:26,1
DA:32,1
DA:47,1
DA:54,3
DA:55,3
DA:56,1
DA:62,2
DA:63,1
DA:64,1
DA:65,1
DA:72,1
DA:80,1
DA:84,2
DA:85,2
DA:86,1
DA:92,1
DA:98,1
DA:99,1
DA:101,1
DA:111,1
DA:120,1
DA:121,1
DA:129,0
LF:33
LH:32
BRDA:22,0,0,2
BRDA:22,0,1,0
BRDA:25,1,0,1
BRDA:25,1,1,1
BRDA:43,2,0,1
BRDA:43,2,1,0
BRDA:44,3,0,1
BRDA:44,3,1,1
BRDA:55,4,0,1
BRDA:55,4,1,2
BRDA:62,5,0,1
BRDA:62,5,1,1
BRDA:64,6,0,1
BRDA:64,6,1,0
BRDA:64,7,0,1
BRDA:64,7,1,1
BRDA:85,8,0,1
BRDA:85,8,1,1
BRDA:102,9,0,1
BRDA:102,9,1,0
BRDA:108,10,0,1
BRDA:108,10,1,0
BRDA:108,10,2,0
BRDA:115,11,0,1
BRDA:115,11,1,1
BRDA:115,12,0,1
BRDA:115,12,1,1
BRDA:19,13,0,3
BRDA:19,13,1,0
BRDA:19,14,0,3
BRDA:19,14,1,3
BRF:31
BRH:24
end_of_record
TN:
SF:src/modules/admin/admin.controller.ts
FN:48,(anonymous_4)
FN:57,(anonymous_5)
FN:64,(anonymous_6)
FN:79,(anonymous_7)
FN:94,(anonymous_8)
FN:109,(anonymous_9)
FN:116,(anonymous_10)
FN:127,(anonymous_11)
FN:134,(anonymous_12)
FNF:9
FNH:1
FNDA:3,(anonymous_4)
FNDA:0,(anonymous_5)
FNDA:0,(anonymous_6)
FNDA:0,(anonymous_7)
FNDA:0,(anonymous_8)
FNDA:0,(anonymous_9)
FNDA:0,(anonymous_10)
FNDA:0,(anonymous_11)
FNDA:0,(anonymous_12)
DA:1,1
DA:15,1
DA:21,1
DA:22,1
DA:23,1
DA:24,1
DA:25,1
DA:26,1
DA:27,1
DA:28,1
DA:35,1
DA:36,1
DA:37,1
DA:47,1
DA:49,3
DA:50,3
DA:51,3
DA:57,1
DA:58,0
DA:64,1
DA:69,0
DA:79,1
DA:84,0
DA:94,1
DA:99,0
DA:109,1
DA:110,0
DA:116,1
DA:120,0
DA:127,1
DA:128,0
DA:134,1
DA:137,0
LF:33
LH:25
BRDA:70,0,0,0
BRDA:70,0,1,0
BRDA:71,1,0,0
BRDA:71,1,1,0
BRDA:57,2,0,1
BRDA:57,2,1,0
BRDA:57,3,0,1
BRDA:57,3,1,1
BRDA:68,4,0,1
BRDA:68,4,1,0
BRDA:68,5,0,1
BRDA:68,5,1,1
BRDA:82,6,0,1
BRDA:82,6,1,0
BRDA:82,7,0,1
BRDA:82,7,1,1
BRDA:83,8,0,1
BRDA:83,8,1,0
BRDA:83,9,0,1
BRDA:83,9,1,1
BRDA:97,10,0,1
BRDA:97,10,1,0
BRDA:97,11,0,1
BRDA:97,11,1,1
BRDA:98,12,0,1
BRDA:98,12,1,0
BRDA:98,13,0,1
BRDA:98,13,1,1
BRDA:109,14,0,1
BRDA:109,14,1,0
BRDA:109,15,0,1
BRDA:109,15,1,1
BRDA:109,16,0,1
BRDA:109,16,1,0
BRDA:109,17,0,1
BRDA:109,17,1,1
BRDA:118,18,0,1
BRDA:118,18,1,0
BRDA:118,19,0,1
BRDA:118,19,1,1
BRDA:119,20,0,1
BRDA:119,20,1,0
BRDA:119,21,0,1
BRDA:119,21,1,1
BRDA:127,22,0,1
BRDA:127,22,1,0
BRDA:127,23,0,1
BRDA:127,23,1,1
BRDA:135,24,0,1
BRDA:135,24,1,0
BRDA:135,25,0,1
BRDA:135,25,1,1
BRDA:136,26,0,1
BRDA:136,26,1,0
BRDA:136,27,0,1
BRDA:136,27,1,1
BRDA:49,28,0,1
BRDA:49,28,1,0
BRDA:49,29,0,1
BRDA:49,29,1,1
BRDA:49,30,0,1
BRDA:49,30,1,0
BRDA:49,31,0,1
BRDA:49,31,1,1
BRDA:50,32,0,1
BRDA:50,32,1,0
BRDA:50,33,0,1
BRDA:50,33,1,1
BRF:68
BRH:48
end_of_record
TN:
SF:src/modules/admin/admin.service.ts
FN:9,(anonymous_2)
FN:14,(anonymous_3)
FN:26,(anonymous_4)
FNF:3
FNH:3
FNDA:9,(anonymous_2)
FNDA:9,(anonymous_3)
FNDA:12,(anonymous_4)
DA:1,2
DA:2,2
DA:3,2
DA:4,2
DA:5,2
DA:8,2
DA:10,9
DA:11,9
DA:16,9
DA:22,9
DA:27,12
LF:11
LH:11
BRDA:10,0,0,2
BRDA:10,0,1,0
BRDA:10,1,0,2
BRDA:10,1,1,2
BRDA:10,2,0,2
BRDA:10,2,1,0
BRDA:10,3,0,2
BRDA:10,3,1,2
BRF:8
BRH:6
end_of_record
TN:
SF:src/modules/admin/dto/approve-request.dto.ts
FN:9,(anonymous_2)
FNF:1
FNH:0
FNDA:0,(anonymous_2)
DA:1,1
DA:2,1
DA:3,1
DA:4,1
DA:6,1
DA:9,0
DA:10,1
LF:7
LH:6
BRDA:10,0,0,1
BRDA:10,0,1,0
BRDA:10,1,0,1
BRDA:10,1,1,1
BRF:4
BRH:3
end_of_record
TN:
SF:src/modules/admin/dto/create-content.dto.ts
FNF:0
FNH:0
DA:1,1
DA:2,1
DA:12,1
DA:14,1
DA:17,1
DA:22,1
DA:26,1
DA:32,1
DA:37,1
DA:42,1
DA:47,1
DA:52,1
DA:58,1
DA:64,1
DA:69,1
DA:73,1
LF:16
LH:16
BRDA:26,0,0,0
BRDA:26,0,1,1
BRDA:26,1,0,1
BRDA:26,1,1,1
BRF:4
BRH:3
end_of_record
TN:
SF:src/modules/admin/dto/query-admin-content.dto.ts
FN:9,(anonymous_2)
FN:16,(anonymous_3)
FNF:2
FNH:0
FNDA:0,(anonymous_2)
FNDA:0,(anonymous_3)
DA:1,1
DA:2,1
DA:3,1
DA:4,1
DA:6,1
DA:9,0
DA:12,1
DA:16,0
DA:20,1
DA:25,1
DA:30,1
DA:35,1
DA:40,1
LF:13
LH:11
BRDA:30,0,0,0
BRDA:30,0,1,1
BRDA:30,1,0,1
BRDA:30,1,1,1
BRF:4
BRH:3
end_of_record
TN:
SF:src/modules/admin/dto/reject-request.dto.ts
FNF:0
FNH:0
DA:1,1
DA:2,1
DA:4,1
DA:8,1
LF:4
LH:4
BRF:0
BRH:0
end_of_record
TN:
SF:src/modules/admin/dto/update-content.dto.ts
FNF:0
FNH:0
DA:1,1
DA:2,1
DA:4,1
LF:3
LH:3
BRF:0
BRH:0
end_of_record
TN:
SF:src/modules/admin/entities/admin-dashboard.entity.ts
FN:19,(anonymous_2)
FN:16,(anonymous_3)
FNF:2
FNH:1
FNDA:9,(anonymous_2)
FNDA:0,(anonymous_3)
DA:1,2
DA:2,2
DA:3,2
DA:5,2
DA:8,2
DA:12,2
DA:16,0
DA:17,2
DA:20,9
LF:9
LH:8
BRF:0
BRH:0
end_of_record
TN:
SF:src/modules/content/content.controller.ts
FN:14,(anonymous_4)
FN:21,(anonymous_5)
FN:32,(anonymous_6)
FN:47,(anonymous_7)
FN:68,(anonymous_8)
FNF:5
FNH:5
FNDA:15,(anonymous_4)
FNDA:6,(anonymous_5)
FNDA:3,(anonymous_6)
FNDA:2,(anonymous_7)
FNDA:4,(anonymous_8)
DA:1,3
DA:2,3
DA:3,3
DA:4,3
DA:5,3
DA:6,3
DA:8,3
DA:13,3
DA:14,15
DA:15,15
DA:21,3
DA:24,6
DA:25,6
DA:26,6
DA:32,3
DA:36,3
DA:37,3
DA:38,3
DA:47,3
DA:52,2
DA:53,2
DA:54,2
DA:68,3
DA:72,4
DA:73,4
DA:74,4
DA:75,3
LF:27
LH:27
BRDA:22,0,0,3
BRDA:22,0,1,0
BRDA:22,1,0,3
BRDA:22,1,1,3
BRDA:23,2,0,3
BRDA:23,2,1,0
BRDA:23,3,0,3
BRDA:23,3,1,3
BRDA:35,4,0,3
BRDA:35,4,1,0
BRDA:35,5,0,3
BRDA:35,5,1,3
BRDA:47,6,0,3
BRDA:47,6,1,0
BRDA:47,7,0,3
BRDA:47,7,1,3
BRDA:71,8,0,3
BRDA:71,8,1,0
BRDA:71,9,0,3
BRDA:71,9,1,3
BRDA:14,10,0,3
BRDA:14,10,1,0
BRDA:14,11,0,3
BRDA:14,11,1,3
BRF:24
BRH:18
end_of_record
TN:
SF:src/modules/content/content.repository.ts
FN:27,(anonymous_4)
FN:36,(anonymous_5)
FN:40,(anonymous_6)
FN:42,(anonymous_7)
FN:51,(anonymous_8)
FN:56,(anonymous_9)
FN:71,(anonymous_10)
FN:76,(anonymous_11)
FN:91,(anonymous_12)
FN:108,(anonymous_13)
FN:134,(anonymous_14)
FN:145,(anonymous_15)
FN:153,(anonymous_16)
FN:155,(anonymous_17)
FN:170,(anonymous_18)
FN:172,(anonymous_19)
FN:181,(anonymous_20)
FN:183,(anonymous_21)
FN:193,(anonymous_22)
FN:234,(anonymous_23)
FN:255,(anonymous_24)
FN:282,(anonymous_25)
FN:295,(anonymous_26)
FNF:23
FNH:21
FNDA:24,(anonymous_4)
FNDA:27,(anonymous_5)
FNDA:2,(anonymous_6)
FNDA:2,(anonymous_7)
FNDA:2,(anonymous_8)
FNDA:2,(anonymous_9)
FNDA:1,(anonymous_10)
FNDA:1,(anonymous_11)
FNDA:7,(anonymous_12)
FNDA:0,(anonymous_13)
FNDA:7,(anonymous_14)
FNDA:7,(anonymous_15)
FNDA:3,(anonymous_16)
FNDA:3,(anonymous_17)
FNDA:2,(anonymous_18)
FNDA:2,(anonymous_19)
FNDA:2,(anonymous_20)
FNDA:2,(anonymous_21)
FNDA:0,(anonymous_22)
FNDA:2,(anonymous_23)
FNDA:3,(anonymous_24)
FNDA:1,(anonymous_25)
FNDA:1,(anonymous_26)
DA:1,11
DA:2,11
DA:3,11
DA:4,11
DA:8,11
DA:10,11
DA:19,11
DA:33,24
DA:37,27
DA:41,2
DA:43,2
DA:55,2
DA:57,2
DA:75,1
DA:77,1
DA:99,7
DA:100,7
DA:101,7
DA:102,7
DA:104,7
DA:108,0
DA:116,7
DA:117,7
DA:118,6
DA:119,1
DA:120,1
DA:121,0
DA:122,0
DA:132,7
DA:135,7
DA:145,7
DA:150,7
DA:154,3
DA:156,3
DA:171,2
DA:173,2
DA:182,2
DA:184,2
DA:201,0
DA:202,0
DA:204,0
DA:205,0
DA:206,0
DA:208,0
DA:209,0
DA:210,0
DA:215,0
DA:219,0
DA:229,0
DA:231,0
DA:237,2
DA:248,2
DA:249,2
DA:250,2
DA:252,2
DA:259,3
DA:282,3
DA:284,3
DA:285,2
DA:288,1
DA:293,1
DA:294,1
DA:295,1
DA:296,1
DA:297,1
DA:301,1
LF:66
LH:51
BRDA:99,0,0,7
BRDA:99,0,1,6
BRDA:100,1,0,7
BRDA:100,1,1,5
BRDA:102,2,0,5
BRDA:102,3,0,5
BRDA:105,4,0,7
BRDA:105,4,1,2
BRDA:105,4,2,2
BRDA:106,5,0,7
BRDA:106,5,1,0
BRDA:106,5,2,0
BRDA:117,6,0,6
BRDA:117,6,1,1
BRDA:119,7,0,1
BRDA:119,7,1,0
BRDA:121,8,0,0
BRDA:121,8,1,0
BRDA:153,9,0,2
BRDA:181,10,0,1
BRDA:205,11,0,0
BRDA:205,11,1,0
BRDA:205,12,0,0
BRDA:205,12,1,0
BRDA:208,13,0,0
BRDA:208,13,1,0
BRDA:208,14,0,0
BRDA:208,14,1,0
BRDA:215,15,0,0
BRDA:215,15,1,0
BRDA:250,16,0,2
BRDA:250,16,1,0
BRDA:256,17,0,1
BRDA:257,18,0,1
BRDA:284,19,0,2
BRDA:284,19,1,1
BRDA:296,20,0,1
BRDA:296,20,1,0
BRDA:28,21,0,11
BRDA:28,21,1,0
BRDA:28,22,0,11
BRDA:28,22,1,11
BRF:42
BRH:24
end_of_record
TN:
SF:src/modules/content/content.service.ts
FN:16,(anonymous_2)
FN:20,(anonymous_3)
FN:24,(anonymous_4)
FN:36,(anonymous_5)
FN:40,(anonymous_6)
FN:58,(anonymous_7)
FN:63,(anonymous_8)
FN:67,(anonymous_9)
FN:78,(anonymous_10)
FN:113,(anonymous_11)
FN:127,(anonymous_12)
FN:131,(anonymous_13)
FNF:12
FNH:12
FNDA:19,(anonymous_2)
FNDA:9,(anonymous_3)
FNDA:2,(anonymous_4)
FNDA:2,(anonymous_5)
FNDA:2,(anonymous_6)
FNDA:3,(anonymous_7)
FNDA:2,(anonymous_8)
FNDA:2,(anonymous_9)
FNDA:5,(anonymous_10)
FNDA:2,(anonymous_11)
FNDA:6,(anonymous_12)
FNDA:6,(anonymous_13)
DA:1,4
DA:2,4
DA:3,4
DA:4,4
DA:10,4
DA:11,4
DA:15,4
DA:16,19
DA:17,19
DA:23,9
DA:24,2
DA:27,9
DA:36,9
DA:38,9
DA:40,9
DA:41,2
DA:42,2
DA:43,2
DA:44,2
DA:45,2
DA:48,9
DA:62,3
DA:63,3
DA:65,3
DA:67,3
DA:68,2
DA:69,2
DA:70,2
DA:71,2
DA:72,2
DA:75,3
DA:83,5
DA:84,2
DA:89,3
DA:92,5
DA:93,1
DA:96,4
DA:97,4
DA:100,4
DA:101,4
DA:102,4
DA:104,4
DA:105,1
DA:107,3
DA:110,4
DA:120,2
DA:126,2
DA:127,6
DA:129,2
DA:131,2
DA:132,6
DA:133,6
DA:134,6
DA:135,6
DA:136,6
DA:139,2
LF:56
LH:56
BRDA:23,0,0,1
BRDA:23,0,1,8
BRDA:30,1,0,1
BRDA:30,1,1,8
BRDA:43,2,0,2
BRDA:43,2,1,1
BRDA:44,3,0,2
BRDA:44,3,1,1
BRDA:60,4,0,3
BRDA:70,5,0,2
BRDA:70,5,1,1
BRDA:71,6,0,2
BRDA:71,6,1,1
BRDA:83,7,0,2
BRDA:83,7,1,3
BRDA:92,8,0,1
BRDA:92,8,1,4
BRDA:101,9,0,4
BRDA:101,9,1,1
BRDA:102,10,0,4
BRDA:102,10,1,1
BRDA:104,11,0,1
BRDA:104,11,1,3
BRDA:104,12,0,4
BRDA:104,12,1,1
BRDA:134,13,0,6
BRDA:134,13,1,3
BRDA:135,14,0,6
BRDA:135,14,1,3
BRDA:16,15,0,4
BRDA:16,15,1,0
BRDA:16,16,0,4
BRDA:16,16,1,4
BRF:33
BRH:32
end_of_record
TN:
SF:src/modules/content-request/content-request.controller.ts
FN:29,(anonymous_4)
FN:45,(anonymous_5)
FN:63,(anonymous_6)
FNF:3
FNH:3
FNDA:6,(anonymous_4)
FNDA:3,(anonymous_5)
FNDA:3,(anonymous_6)
DA:1,1
DA:12,1
DA:18,1
DA:20,1
DA:21,1
DA:22,1
DA:28,1
DA:29,6
DA:30,6
DA:45,1
DA:49,3
DA:53,3
DA:54,2
DA:63,1
DA:67,3
DA:71,3
DA:72,2
LF:17
LH:17
BRDA:46,0,0,1
BRDA:46,0,1,0
BRDA:46,1,0,1
BRDA:46,1,1,1
BRDA:48,2,0,1
BRDA:48,2,1,0
BRDA:48,3,0,1
BRDA:48,3,1,1
BRDA:64,4,0,1
BRDA:64,4,1,0
BRDA:64,5,0,1
BRDA:64,5,1,1
BRDA:66,6,0,1
BRDA:66,6,1,0
BRDA:66,7,0,1
BRDA:66,7,1,1
BRDA:29,8,0,1
BRDA:29,8,1,0
BRDA:29,9,0,1
BRDA:29,9,1,1
BRF:20
BRH:15
end_of_record
TN:
SF:src/modules/content-request/content-request.repository.ts
FN:19,(anonymous_4)
FN:28,(anonymous_5)
FN:35,(anonymous_6)
FN:55,(anonymous_7)
FN:65,(anonymous_8)
FN:76,(anonymous_9)
FN:92,(anonymous_10)
FN:110,(anonymous_11)
FN:120,(anonymous_12)
FN:125,(anonymous_13)
FN:141,(anonymous_14)
FN:146,(anonymous_15)
FN:163,(anonymous_16)
FN:179,(anonymous_17)
FN:181,(anonymous_18)
FN:192,(anonymous_19)
FN:194,(anonymous_20)
FNF:17
FNH:17
FNDA:19,(anonymous_4)
FNDA:28,(anonymous_5)
FNDA:6,(anonymous_6)
FNDA:6,(anonymous_7)
FNDA:6,(anonymous_8)
FNDA:3,(anonymous_9)
FNDA:3,(anonymous_10)
FNDA:3,(anonymous_11)
FNDA:2,(anonymous_12)
FNDA:2,(anonymous_13)
FNDA:2,(anonymous_14)
FNDA:2,(anonymous_15)
FNDA:3,(anonymous_16)
FNDA:1,(anonymous_17)
FNDA:1,(anonymous_18)
FNDA:2,(anonymous_19)
FNDA:2,(anonymous_20)
DA:1,6
DA:2,6
DA:3,6
DA:4,6
DA:8,6
DA:11,6
DA:25,19
DA:29,28
DA:43,6
DA:44,6
DA:45,6
DA:47,6
DA:53,6
DA:56,6
DA:65,6
DA:70,6
DA:81,3
DA:82,3
DA:83,3
DA:85,3
DA:90,3
DA:93,3
DA:110,3
DA:113,3
DA:121,2
DA:122,2
DA:124,2
DA:126,2
DA:145,2
DA:147,2
DA:173,3
DA:180,1
DA:182,1
DA:193,2
DA:195,2
LF:35
LH:35
BRDA:43,0,0,6
BRDA:43,0,1,0
BRDA:44,1,0,6
BRDA:44,1,1,0
BRDA:49,2,0,6
BRDA:49,2,1,2
BRDA:49,2,2,1
BRDA:81,3,0,3
BRDA:81,3,1,0
BRDA:82,4,0,3
BRDA:82,4,1,0
BRDA:86,5,0,3
BRDA:86,5,1,1
BRDA:86,5,2,1
BRDA:192,6,0,1
BRDA:20,7,0,6
BRDA:20,7,1,0
BRDA:20,8,0,6
BRDA:20,8,1,6
BRF:19
BRH:14
end_of_record
TN:
SF:src/modules/content-request/content-request.service.ts
FN:16,(anonymous_2)
FN:26,(anonymous_3)
FN:67,(anonymous_4)
FN:92,(anonymous_5)
FNF:4
FNH:4
FNDA:12,(anonymous_2)
FNDA:6,(anonymous_3)
FNDA:3,(anonymous_4)
FNDA:3,(anonymous_5)
DA:1,2
DA:2,2
DA:3,2
DA:4,2
DA:6,2
DA:7,2
DA:12,2
DA:15,2
DA:17,12
DA:19,12
DA:32,6
DA:33,6
DA:34,1
DA:42,5
DA:43,5
DA:44,2
DA:51,3
DA:61,3
DA:71,3
DA:77,3
DA:79,3
DA:95,3
DA:96,3
DA:97,3
LF:24
LH:24
BRDA:33,0,0,1
BRDA:33,0,1,5
BRDA:43,1,0,2
BRDA:43,1,1,3
BRDA:17,2,0,2
BRDA:17,2,1,0
BRDA:17,3,0,2
BRDA:17,3,1,2
BRF:8
BRH:7
end_of_record
TN:
SF:src/modules/content-request/dto/create-content-request.dto.ts
FN:34,(anonymous_2)
FNF:1
FNH:0
FNDA:0,(anonymous_2)
DA:1,1
DA:2,1
DA:9,1
DA:10,1
DA:12,1
DA:19,1
DA:27,1
DA:34,0
DA:36,1
DA:44,1
LF:10
LH:9
BRDA:27,0,0,0
BRDA:27,0,1,1
BRDA:27,1,0,1
BRDA:27,1,1,1
BRF:4
BRH:3
end_of_record
TN:
SF:src/modules/content-request/dto/query-content-request.dto.ts
FN:9,(anonymous_2)
FN:16,(anonymous_3)
FNF:2
FNH:0
FNDA:0,(anonymous_2)
FNDA:0,(anonymous_3)
DA:1,1
DA:2,1
DA:3,1
DA:4,1
DA:6,1
DA:9,0
DA:12,1
DA:16,0
DA:20,1
DA:29,1
LF:10
LH:8
BRDA:29,0,0,0
BRDA:29,0,1,1
BRDA:29,1,0,1
BRDA:29,1,1,1
BRF:4
BRH:3
end_of_record
TN:
SF:src/modules/content-request/entities/content-request.entity.ts
FN:58,(anonymous_2)
FN:46,(anonymous_3)
FN:51,(anonymous_4)
FNF:3
FNH:1
FNDA:20,(anonymous_2)
FNDA:0,(anonymous_3)
FNDA:0,(anonymous_4)
DA:1,5
DA:2,5
DA:3,5
DA:4,5
DA:7,5
DA:10,5
DA:14,5
DA:18,5
DA:22,5
DA:26,5
DA:30,5
DA:34,5
DA:38,5
DA:42,5
DA:46,0
DA:47,5
DA:51,0
DA:52,5
DA:56,5
DA:59,20
LF:20
LH:18
BRDA:22,0,0,0
BRDA:22,0,1,5
BRDA:22,1,0,5
BRDA:22,1,1,5
BRDA:34,2,0,0
BRDA:34,2,1,5
BRDA:34,3,0,5
BRDA:34,3,1,5
BRDA:47,4,0,5
BRDA:47,4,1,0
BRDA:47,5,0,5
BRDA:47,5,1,5
BRDA:58,6,0,0
BRDA:58,6,1,5
BRDA:58,7,0,5
BRDA:58,7,1,0
BRF:16
BRH:11
end_of_record
TN:
SF:src/modules/content/dto/query-content.dto.ts
FN:6,(anonymous_2)
FN:12,(anonymous_3)
FN:20,(anonymous_4)
FN:27,(anonymous_5)
FNF:4
FNH:2
FNDA:4,(anonymous_2)
FNDA:4,(anonymous_3)
FNDA:0,(anonymous_4)
FNDA:0,(anonymous_5)
DA:1,4
DA:2,4
DA:3,4
DA:4,4
DA:6,4
DA:7,4
DA:8,4
DA:9,4
DA:12,4
DA:13,4
DA:14,4
DA:17,4
DA:20,0
DA:23,4
DA:27,0
DA:31,4
DA:36,4
DA:41,4
DA:46,4
DA:51,4
LF:20
LH:18
BRDA:6,0,0,4
BRDA:6,0,1,4
BRDA:12,1,0,4
BRDA:12,1,1,4
BRF:4
BRH:4
end_of_record
TN:
SF:src/modules/content/entities/content.entity.ts
FN:113,(anonymous_2)
FN:105,(anonymous_3)
FN:110,(anonymous_4)
FNF:3
FNH:1
FNDA:34,(anonymous_2)
FNDA:0,(anonymous_3)
FNDA:0,(anonymous_4)
DA:1,9
DA:2,9
DA:4,9
DA:21,9
DA:24,9
DA:28,9
DA:32,9
DA:36,9
DA:40,9
DA:47,9
DA:51,9
DA:55,9
DA:59,9
DA:66,9
DA:73,9
DA:77,9
DA:81,9
DA:85,34
DA:89,34
DA:101,9
DA:105,0
DA:106,9
DA:110,0
DA:111,9
DA:114,34
DA:117,34
DA:118,0
DA:119,0
DA:120,0
DA:122,0
DA:124,34
DA:125,4
LF:32
LH:26
BRDA:117,0,0,0
BRDA:117,0,1,34
BRDA:120,1,0,0
BRDA:120,1,1,0
BRDA:124,2,0,4
BRDA:124,2,1,30
BRDA:36,3,0,0
BRDA:36,3,1,9
BRDA:36,4,0,9
BRDA:36,4,1,9
BRDA:106,5,0,9
BRDA:106,5,1,0
BRDA:106,6,0,9
BRDA:106,6,1,9
BRDA:111,7,0,9
BRDA:111,7,1,0
BRDA:111,8,0,9
BRDA:111,8,1,9
BRDA:113,9,0,0
BRDA:113,9,1,9
BRDA:113,10,0,9
BRDA:113,10,1,0
BRF:22
BRH:14
end_of_record
TN:
SF:src/modules/content/entities/genre.entity.ts
FN:18,(anonymous_2)
FNF:1
FNH:0
FNDA:0,(anonymous_2)
DA:1,7
DA:2,7
DA:5,7
DA:8,7
DA:12,7
DA:16,7
DA:19,0
LF:7
LH:6
BRDA:18,0,0,0
BRDA:18,0,1,7
BRDA:18,1,0,7
BRDA:18,1,1,0
BRF:4
BRH:2
end_of_record
TN:
SF:src/modules/journal/journal.controller.ts
FN:40,(anonymous_4)
FN:50,(anonymous_5)
FN:64,(anonymous_6)
FN:76,(anonymous_7)
FN:93,(anonymous_8)
FN:110,(anonymous_9)
FN:124,(anonymous_10)
FN:140,(anonymous_11)
FNF:8
FNH:8
FNDA:18,(anonymous_4)
FNDA:4,(anonymous_5)
FNDA:3,(anonymous_6)
FNDA:2,(anonymous_7)
FNDA:2,(anonymous_8)
FNDA:2,(anonymous_9)
FNDA:3,(anonymous_10)
FNDA:2,(anonymous_11)
DA:1,3
DA:15,3
DA:22,3
DA:23,3
DA:24,3
DA:30,3
DA:31,3
DA:39,3
DA:40,18
DA:41,18
DA:50,3
DA:54,4
DA:55,4
DA:56,4
DA:64,3
DA:68,3
DA:69,3
DA:70,2
DA:76,3
DA:80,2
DA:81,2
DA:82,2
DA:93,3
DA:97,2
DA:101,2
DA:102,1
DA:110,3
DA:114,2
DA:115,2
DA:116,1
DA:124,3
DA:129,3
DA:130,3
DA:131,2
DA:140,3
DA:144,2
DA:145,2
LF:37
LH:37
BRDA:52,0,0,3
BRDA:52,0,1,0
BRDA:52,1,0,3
BRDA:52,1,1,3
BRDA:53,2,0,3
BRDA:53,2,1,0
BRDA:53,3,0,3
BRDA:53,3,1,3
BRDA:66,4,0,3
BRDA:66,4,1,0
BRDA:66,5,0,3
BRDA:66,5,1,3
BRDA:67,6,0,3
BRDA:67,6,1,0
BRDA:67,7,0,3
BRDA:67,7,1,3
BRDA:76,8,0,3
BRDA:76,8,1,0
BRDA:76,9,0,3
BRDA:76,9,1,3
BRDA:95,10,0,3
BRDA:95,10,1,0
BRDA:95,11,0,3
BRDA:95,11,1,3
BRDA:96,12,0,3
BRDA:96,12,1,0
BRDA:96,13,0,3
BRDA:96,13,1,3
BRDA:113,14,0,3
BRDA:113,14,1,0
BRDA:113,15,0,3
BRDA:113,15,1,3
BRDA:127,16,0,3
BRDA:127,16,1,0
BRDA:127,17,0,3
BRDA:127,17,1,3
BRDA:128,18,0,3
BRDA:128,18,1,0
BRDA:128,19,0,3
BRDA:128,19,1,3
BRDA:143,20,0,3
BRDA:143,20,1,0
BRDA:143,21,0,3
BRDA:143,21,1,3
BRDA:40,22,0,3
BRDA:40,22,1,0
BRDA:40,23,0,3
BRDA:40,23,1,3
BRF:48
BRH:36
end_of_record
TN:
SF:src/modules/journal/journal.repository.ts
FN:23,(anonymous_4)
FN:32,(anonymous_5)
FN:36,(anonymous_6)
FN:41,(anonymous_7)
FN:55,(anonymous_8)
FN:82,(anonymous_9)
FN:93,(anonymous_10)
FN:101,(anonymous_11)
FN:103,(anonymous_12)
FN:116,(anonymous_13)
FN:121,(anonymous_14)
FN:130,(anonymous_15)
FN:132,(anonymous_16)
FN:137,(anonymous_17)
FN:139,(anonymous_18)
FN:150,(anonymous_19)
FN:152,(anonymous_20)
FN:163,(anonymous_21)
FNF:18
FNH:18
FNDA:30,(anonymous_4)
FNDA:38,(anonymous_5)
FNDA:3,(anonymous_6)
FNDA:3,(anonymous_7)
FNDA:11,(anonymous_8)
FNDA:11,(anonymous_9)
FNDA:11,(anonymous_10)
FNDA:3,(anonymous_11)
FNDA:3,(anonymous_12)
FNDA:3,(anonymous_13)
FNDA:3,(anonymous_14)
FNDA:2,(anonymous_15)
FNDA:2,(anonymous_16)
FNDA:2,(anonymous_17)
FNDA:2,(anonymous_18)
FNDA:2,(anonymous_19)
FNDA:2,(anonymous_20)
FNDA:3,(anonymous_21)
DA:1,5
DA:3,5
DA:4,5
DA:8,5
DA:10,5
DA:15,5
DA:29,30
DA:33,38
DA:40,3
DA:42,3
DA:63,11
DA:64,11
DA:65,11
DA:66,11
DA:68,11
DA:73,11
DA:74,11
DA:75,1
DA:77,10
DA:80,11
DA:83,11
DA:93,11
DA:98,11
DA:102,3
DA:104,3
DA:120,3
DA:122,3
DA:131,2
DA:132,2
DA:138,2
DA:140,2
DA:151,2
DA:153,2
DA:164,3
DA:174,3
LF:35
LH:35
BRDA:63,0,0,11
BRDA:63,0,1,10
BRDA:64,1,0,11
BRDA:64,1,1,8
BRDA:66,2,0,8
BRDA:66,3,0,8
BRDA:70,4,0,11
BRDA:70,4,1,3
BRDA:70,4,2,2
BRDA:74,5,0,1
BRDA:74,5,1,10
BRDA:174,6,0,3
BRDA:174,6,1,1
BRDA:24,7,0,5
BRDA:24,7,1,0
BRDA:24,8,0,5
BRDA:24,8,1,5
BRF:17
BRH:16
end_of_record
TN:
SF:src/modules/journal/journal.service.ts
FN:19,(anonymous_2)
FN:27,(anonymous_3)
FN:71,(anonymous_4)
FN:85,(anonymous_5)
FN:98,(anonymous_6)
FN:112,(anonymous_7)
FN:135,(anonymous_8)
FN:146,(anonymous_9)
FN:158,(anonymous_10)
FN:169,(anonymous_11)
FN:197,(anonymous_12)
FNF:11
FNH:11
FNDA:40,(anonymous_2)
FNDA:5,(anonymous_3)
FNDA:10,(anonymous_4)
FNDA:6,(anonymous_5)
FNDA:3,(anonymous_6)
FNDA:7,(anonymous_7)
FNDA:3,(anonymous_8)
FNDA:3,(anonymous_9)
FNDA:1,(anonymous_10)
FNDA:5,(anonymous_11)
FNDA:4,(anonymous_12)
DA:1,4
DA:2,4
DA:3,4
DA:4,4
DA:5,4
DA:6,4
DA:13,4
DA:14,4
DA:18,4
DA:20,40
DA:21,40
DA:22,40
DA:24,40
DA:32,5
DA:35,5
DA:36,1
DA:40,4
DA:44,4
DA:45,2
DA:51,2
DA:61,2
DA:66,2
DA:75,10
DA:84,10
DA:85,6
DA:88,10
DA:102,3
DA:103,3
DA:104,2
DA:107,1
DA:117,7
DA:118,7
DA:119,2
DA:122,5
DA:125,5
DA:130,5
DA:136,3
DA:137,3
DA:138,2
DA:141,1
DA:143,1
DA:152,3
DA:157,3
DA:158,1
DA:161,3
DA:163,3
DA:174,5
DA:180,5
DA:181,3
DA:187,2
DA:192,2
DA:204,4
DA:211,4
LF:53
LH:53
BRDA:35,0,0,1
BRDA:35,0,1,4
BRDA:44,1,0,2
BRDA:44,1,1,2
BRDA:57,2,0,2
BRDA:57,2,1,1
BRDA:103,3,0,2
BRDA:103,3,1,1
BRDA:118,4,0,2
BRDA:118,4,1,5
BRDA:137,5,0,2
BRDA:137,5,1,1
BRDA:161,6,0,3
BRDA:161,6,1,0
BRDA:180,7,0,3
BRDA:180,7,1,2
BRDA:20,8,0,4
BRDA:20,8,1,0
BRDA:20,9,0,4
BRDA:20,9,1,4
BRDA:20,10,0,4
BRDA:20,10,1,0
BRDA:20,11,0,4
BRDA:20,11,1,4
BRDA:21,12,0,4
BRDA:21,12,1,0
BRDA:21,13,0,4
BRDA:21,13,1,4
BRF:28
BRH:24
end_of_record
TN:
SF:src/modules/journal/dto/create-journal-entry.dto.ts
FNF:0
FNH:0
DA:1,5
DA:2,5
DA:9,5
DA:10,5
DA:12,5
DA:15,5
DA:19,5
DA:24,5
DA:29,5
DA:34,20
LF:10
LH:10
BRDA:19,0,0,0
BRDA:19,0,1,5
BRDA:19,1,0,5
BRDA:19,1,1,5
BRF:4
BRH:3
end_of_record
TN:
SF:src/modules/journal/dto/query-journal-entry.dto.ts
FN:6,(anonymous_2)
FN:13,(anonymous_3)
FN:21,(anonymous_4)
FN:28,(anonymous_5)
FNF:4
FNH:2
FNDA:4,(anonymous_2)
FNDA:4,(anonymous_3)
FNDA:0,(anonymous_4)
FNDA:0,(anonymous_5)
DA:1,4
DA:2,4
DA:3,4
DA:4,4
DA:6,4
DA:7,4
DA:8,4
DA:9,4
DA:10,4
DA:13,4
DA:14,4
DA:15,4
DA:18,4
DA:21,0
DA:24,4
DA:28,0
DA:32,4
DA:37,4
DA:45,4
DA:50,4
LF:20
LH:18
BRDA:6,0,0,4
BRDA:6,0,1,4
BRDA:13,1,0,4
BRDA:13,1,1,4
BRF:4
BRH:4
end_of_record
TN:
SF:src/modules/journal/dto/set-profile-favorites.dto.ts
FNF:0
FNH:0
DA:1,5
DA:2,5
DA:4,5
DA:12,5
LF:4
LH:4
BRF:0
BRH:0
end_of_record
TN:
SF:src/modules/journal/dto/update-journal-entry.dto.ts
FNF:0
FNH:0
DA:1,4
DA:2,4
DA:4,4
LF:3
LH:3
BRF:0
BRH:0
end_of_record
TN:
SF:src/modules/journal/entities/journal-entry.entity.ts
FN:68,(anonymous_2)
FN:37,(anonymous_3)
FN:50,(anonymous_4)
FN:55,(anonymous_5)
FN:58,(anonymous_6)
FN:60,(anonymous_7)
FN:63,(anonymous_8)
FN:65,(anonymous_9)
FNF:8
FNH:1
FNDA:16,(anonymous_2)
FNDA:0,(anonymous_3)
FNDA:0,(anonymous_4)
FNDA:0,(anonymous_5)
FNDA:0,(anonymous_6)
FNDA:0,(anonymous_7)
FNDA:0,(anonymous_8)
FNDA:0,(anonymous_9)
DA:1,4
DA:3,4
DA:4,4
DA:5,4
DA:6,4
DA:18,4
DA:21,4
DA:25,4
DA:29,4
DA:33,4
DA:37,0
DA:38,4
DA:42,4
DA:46,4
DA:50,0
DA:51,4
DA:55,0
DA:56,4
DA:58,0
DA:60,0
DA:61,4
DA:63,0
DA:65,0
DA:66,4
DA:69,16
DA:70,16
DA:71,16
DA:73,16
DA:74,16
DA:77,16
DA:78,16
DA:83,16
DA:84,0
DA:87,16
DA:88,0
LF:35
LH:26
BRDA:69,0,0,16
BRDA:69,0,1,0
BRDA:73,1,0,16
BRDA:73,1,1,0
BRDA:74,2,0,15
BRDA:74,2,1,1
BRDA:77,3,0,16
BRDA:77,3,1,0
BRDA:83,4,0,0
BRDA:83,4,1,16
BRDA:87,5,0,0
BRDA:87,5,1,16
BRDA:33,6,0,0
BRDA:33,6,1,4
BRDA:33,7,0,4
BRDA:33,7,1,4
BRDA:51,8,0,4
BRDA:51,8,1,0
BRDA:51,9,0,4
BRDA:51,9,1,4
BRDA:56,10,0,4
BRDA:56,10,1,0
BRDA:56,11,0,4
BRDA:56,11,1,4
BRDA:61,12,0,4
BRDA:61,12,1,0
BRDA:61,13,0,4
BRDA:61,13,1,4
BRDA:66,14,0,4
BRDA:66,14,1,0
BRDA:66,15,0,4
BRDA:66,15,1,4
BRDA:68,16,0,0
BRDA:68,16,1,4
BRDA:68,17,0,4
BRDA:68,17,1,0
BRF:36
BRH:24
end_of_record
TN:
SF:src/modules/profile/profile.controller.ts
FN:17,(anonymous_4)
FN:28,(anonymous_5)
FN:40,(anonymous_6)
FN:55,(anonymous_7)
FNF:4
FNH:4
FNDA:9,(anonymous_4)
FNDA:3,(anonymous_5)
FNDA:3,(anonymous_6)
FNDA:3,(anonymous_7)
DA:1,1
DA:2,1
DA:3,1
DA:4,1
DA:10,1
DA:16,1
DA:17,9
DA:18,9
DA:28,1
DA:31,3
DA:32,3
DA:33,2
DA:40,1
DA:43,3
DA:44,3
DA:45,2
DA:55,1
DA:59,3
DA:60,3
DA:61,2
LF:20
LH:20
BRDA:29,0,0,1
BRDA:29,0,1,0
BRDA:29,1,0,1
BRDA:29,1,1,1
BRDA:30,2,0,1
BRDA:30,2,1,0
BRDA:30,3,0,1
BRDA:30,3,1,1
BRDA:42,4,0,1
BRDA:42,4,1,0
BRDA:42,5,0,1
BRDA:42,5,1,1
BRDA:57,6,0,1
BRDA:57,6,1,0
BRDA:57,7,0,1
BRDA:57,7,1,1
BRDA:58,8,0,1
BRDA:58,8,1,0
BRDA:58,9,0,1
BRDA:58,9,1,1
BRDA:17,10,0,1
BRDA:17,10,1,0
BRDA:17,11,0,1
BRDA:17,11,1,1
BRF:24
BRH:18
end_of_record
TN:
SF:src/modules/profile/profile.service.ts
FN:24,(anonymous_2)
FN:37,(anonymous_3)
FN:72,(anonymous_4)
FN:92,(anonymous_5)
FN:109,(anonymous_6)
FN:127,(anonymous_7)
FN:146,(anonymous_8)
FN:164,(anonymous_9)
FN:184,(anonymous_10)
FN:203,(anonymous_11)
FN:203,(anonymous_12)
FN:207,(anonymous_13)
FNF:12
FNH:12
FNDA:17,(anonymous_2)
FNDA:6,(anonymous_3)
FNDA:3,(anonymous_4)
FNDA:1,(anonymous_5)
FNDA:4,(anonymous_6)
FNDA:8,(anonymous_7)
FNDA:8,(anonymous_8)
FNDA:9,(anonymous_9)
FNDA:5,(anonymous_10)
FNDA:1,(anonymous_11)
FNDA:1,(anonymous_12)
FNDA:1,(anonymous_13)
DA:1,2
DA:2,2
DA:3,2
DA:4,2
DA:9,2
DA:10,2
DA:11,2
DA:12,2
DA:19,2
DA:23,2
DA:25,17
DA:26,17
DA:27,17
DA:28,17
DA:29,17
DA:31,17
DA:39,6
DA:40,6
DA:41,1
DA:44,5
DA:50,5
DA:51,5
DA:52,5
DA:53,5
DA:63,5
DA:64,5
DA:66,5
DA:77,3
DA:78,3
DA:79,1
DA:82,2
DA:91,2
DA:93,1
DA:96,2
DA:112,4
DA:114,4
DA:127,4
DA:128,8
DA:129,8
DA:130,8
DA:131,8
DA:137,8
DA:140,4
DA:147,8
DA:153,8
DA:154,8
DA:155,8
DA:156,8
DA:158,8
DA:169,9
DA:178,9
DA:187,5
DA:188,5
DA:189,3
DA:192,2
DA:193,2
DA:194,1
DA:197,1
DA:202,1
DA:203,1
DA:206,1
DA:208,1
LF:62
LH:62
BRDA:40,0,0,1
BRDA:40,0,1,5
BRDA:53,1,0,3
BRDA:53,1,1,2
BRDA:78,2,0,1
BRDA:78,2,1,2
BRDA:112,3,0,4
BRDA:112,3,1,0
BRDA:131,4,0,2
BRDA:131,4,1,6
BRDA:188,5,0,3
BRDA:188,5,1,2
BRDA:188,6,0,5
BRDA:188,6,1,3
BRDA:193,7,0,1
BRDA:193,7,1,1
BRDA:25,8,0,2
BRDA:25,8,1,0
BRDA:25,9,0,2
BRDA:25,9,1,2
BRDA:25,10,0,2
BRDA:25,10,1,0
BRDA:25,11,0,2
BRDA:25,11,1,2
BRDA:26,12,0,2
BRDA:26,12,1,0
BRDA:26,13,0,2
BRDA:26,13,1,2
BRDA:27,14,0,2
BRDA:27,14,1,0
BRDA:27,15,0,2
BRDA:27,15,1,2
BRDA:28,16,0,2
BRDA:28,16,1,0
BRDA:28,17,0,2
BRDA:28,17,1,2
BRF:36
BRH:30
end_of_record
TN:
SF:src/modules/profile/dto/profile-stats.dto.ts
FNF:0
FNH:0
DA:1,2
DA:2,2
DA:5,2
DA:8,2
DA:15,2
DA:19,2
LF:6
LH:6
BRF:0
BRH:0
end_of_record
TN:
SF:src/modules/profile/dto/public-journal-query.dto.ts
FN:9,(anonymous_2)
FN:16,(anonymous_3)
FNF:2
FNH:0
FNDA:0,(anonymous_2)
FNDA:0,(anonymous_3)
DA:1,2
DA:2,2
DA:3,2
DA:4,2
DA:6,2
DA:9,0
DA:12,2
DA:16,0
DA:20,2
DA:29,2
DA:37,2
DA:42,2
LF:12
LH:10
BRF:0
BRH:0
end_of_record
TN:
SF:src/modules/profile/dto/public-profile.dto.ts
FN:17,(anonymous_2)
FN:19,(anonymous_3)
FN:27,(anonymous_4)
FN:32,(anonymous_5)
FNF:4
FNH:0
FNDA:0,(anonymous_2)
FNDA:0,(anonymous_3)
FNDA:0,(anonymous_4)
FNDA:0,(anonymous_5)
DA:1,2
DA:2,2
DA:3,2
DA:4,2
DA:5,2
DA:8,2
DA:11,2
DA:15,2
DA:17,0
DA:19,0
DA:20,2
DA:27,0
DA:28,2
DA:32,0
DA:33,2
LF:15
LH:11
BRDA:20,0,0,2
BRDA:20,0,1,0
BRDA:20,1,0,2
BRDA:20,1,1,2
BRDA:33,2,0,2
BRDA:33,2,1,0
BRDA:33,3,0,2
BRDA:33,3,1,2
BRF:8
BRH:6
end_of_record
TN:
SF:src/modules/profile/dto/search-users-query.dto.ts
FN:19,(anonymous_2)
FNF:1
FNH:0
FNDA:0,(anonymous_2)
DA:1,2
DA:2,2
DA:3,2
DA:5,2
DA:11,2
DA:19,0
DA:23,2
LF:7
LH:6
BRF:0
BRH:0
end_of_record
TN:
SF:src/modules/profile/dto/user-search-result.dto.ts
FNF:0
FNH:0
DA:1,2
DA:2,2
DA:5,2
DA:8,2
DA:12,2
DA:21,2
LF:6
LH:6
BRF:0
BRH:0
end_of_record
TN:
SF:src/modules/user/user-profile.repository.ts
FN:22,(anonymous_4)
FN:31,(anonymous_5)
FN:35,(anonymous_6)
FN:37,(anonymous_7)
FN:42,(anonymous_8)
FNF:5
FNH:5
FNDA:9,(anonymous_4)
FNDA:9,(anonymous_5)
FNDA:7,(anonymous_6)
FNDA:7,(anonymous_7)
FNDA:5,(anonymous_8)
DA:1,9
DA:3,9
DA:4,9
DA:14,9
DA:28,9
DA:32,9
DA:36,7
DA:37,7
DA:45,5
DA:46,5
DA:47,1
DA:50,4
DA:51,1
DA:54,3
DA:55,3
DA:56,1
DA:59,2
DA:65,2
LF:18
LH:18
BRDA:46,0,0,1
BRDA:46,0,1,4
BRDA:50,1,0,1
BRDA:50,1,1,3
BRDA:55,2,0,1
BRDA:55,2,1,2
BRDA:23,3,0,9
BRDA:23,3,1,0
BRDA:23,4,0,9
BRDA:23,4,1,9
BRF:10
BRH:9
end_of_record
TN:
SF:src/modules/user/user.controller.ts
FN:33,(anonymous_4)
FN:40,(anonymous_5)
FN:49,(anonymous_6)
FN:61,(anonymous_7)
FN:72,(anonymous_8)
FN:84,(anonymous_9)
FNF:6
FNH:6
FNDA:11,(anonymous_4)
FNDA:2,(anonymous_5)
FNDA:3,(anonymous_6)
FNDA:2,(anonymous_7)
FNDA:2,(anonymous_8)
FNDA:2,(anonymous_9)
DA:1,3
DA:12,3
DA:18,3
DA:19,3
DA:20,3
DA:21,3
DA:22,3
DA:23,3
DA:24,3
DA:25,3
DA:32,3
DA:33,11
DA:34,11
DA:40,3
DA:41,2
DA:42,2
DA:43,2
DA:49,3
DA:53,3
DA:54,3
DA:55,3
DA:61,3
DA:65,2
DA:66,2
DA:72,3
DA:76,2
DA:77,2
DA:84,3
DA:88,2
DA:89,2
LF:30
LH:30
BRDA:40,0,0,3
BRDA:40,0,1,0
BRDA:40,1,0,3
BRDA:40,1,1,3
BRDA:51,2,0,3
BRDA:51,2,1,0
BRDA:51,3,0,3
BRDA:51,3,1,3
BRDA:52,4,0,3
BRDA:52,4,1,0
BRDA:52,5,0,3
BRDA:52,5,1,3
BRDA:63,6,0,3
BRDA:63,6,1,0
BRDA:63,7,0,3
BRDA:63,7,1,3
BRDA:64,8,0,3
BRDA:64,8,1,0
BRDA:64,9,0,3
BRDA:64,9,1,3
BRDA:74,10,0,3
BRDA:74,10,1,0
BRDA:74,11,0,3
BRDA:74,11,1,3
BRDA:75,12,0,3
BRDA:75,12,1,0
BRDA:75,13,0,3
BRDA:75,13,1,3
BRDA:86,14,0,3
BRDA:86,14,1,0
BRDA:86,15,0,3
BRDA:86,15,1,3
BRDA:87,16,0,3
BRDA:87,16,1,0
BRDA:87,17,0,3
BRDA:87,17,1,3
BRDA:33,18,0,3
BRDA:33,18,1,0
BRDA:33,19,0,3
BRDA:33,19,1,3
BRF:40
BRH:30
end_of_record
TN:
SF:src/modules/user/user.repository.ts
FN:18,(anonymous_4)
FN:27,(anonymous_5)
FN:31,(anonymous_6)
FN:33,(anonymous_7)
FN:38,(anonymous_8)
FN:40,(anonymous_9)
FN:45,(anonymous_10)
FN:47,(anonymous_11)
FN:56,(anonymous_12)
FN:60,(anonymous_13)
FN:81,(anonymous_14)
FNF:11
FNH:11
FNDA:13,(anonymous_4)
FNDA:13,(anonymous_5)
FNDA:2,(anonymous_6)
FNDA:2,(anonymous_7)
FNDA:2,(anonymous_8)
FNDA:2,(anonymous_9)
FNDA:2,(anonymous_10)
FNDA:2,(anonymous_11)
FNDA:1,(anonymous_12)
FNDA:1,(anonymous_13)
FNDA:1,(anonymous_14)
DA:1,7
DA:3,7
DA:4,7
DA:10,7
DA:24,13
DA:28,13
DA:32,2
DA:33,2
DA:39,2
DA:40,2
DA:46,2
DA:48,2
DA:57,1
DA:61,1
DA:82,1
LF:15
LH:15
BRDA:19,0,0,7
BRDA:19,0,1,0
BRDA:19,1,0,7
BRDA:19,1,1,7
BRF:4
BRH:3
end_of_record
TN:
SF:src/modules/user/user.service.ts
FN:18,(anonymous_11)
FN:26,(anonymous_12)
FN:34,(anonymous_13)
FN:77,(anonymous_14)
FN:103,(anonymous_15)
FN:133,(anonymous_16)
FN:158,(anonymous_17)
FN:176,(anonymous_18)
FNF:8
FNH:8
FNDA:19,(anonymous_11)
FNDA:3,(anonymous_12)
FNDA:4,(anonymous_13)
FNDA:3,(anonymous_14)
FNDA:4,(anonymous_15)
FNDA:3,(anonymous_16)
FNDA:2,(anonymous_17)
FNDA:2,(anonymous_18)
DA:1,4
DA:2,4
DA:3,4
DA:4,4
DA:5,4
DA:6,4
DA:7,4
DA:14,4
DA:17,4
DA:19,19
DA:20,19
DA:21,19
DA:23,19
DA:27,3
DA:28,3
DA:29,1
DA:31,2
DA:38,4
DA:39,4
DA:40,1
DA:44,3
DA:45,3
DA:46,1
DA:52,2
DA:56,2
DA:57,1
DA:65,1
DA:74,1
DA:81,3
DA:82,3
DA:83,1
DA:86,2
DA:90,2
DA:91,1
DA:97,1
DA:98,1
DA:100,1
DA:107,4
DA:108,4
DA:109,1
DA:112,3
DA:116,3
DA:117,1
DA:120,2
DA:121,2
DA:122,1
DA:128,1
DA:130,1
DA:137,3
DA:138,3
DA:139,1
DA:142,2
DA:146,2
DA:147,1
DA:153,1
DA:155,1
DA:163,2
DA:175,2
DA:176,2
DA:180,2
LF:60
LH:60
BRDA:28,0,0,1
BRDA:28,0,1,2
BRDA:39,1,0,1
BRDA:39,1,1,3
BRDA:44,2,0,3
BRDA:44,2,1,0
BRDA:45,3,0,1
BRDA:45,3,1,2
BRDA:56,4,0,1
BRDA:56,4,1,1
BRDA:82,5,0,1
BRDA:82,5,1,2
BRDA:90,6,0,1
BRDA:90,6,1,1
BRDA:108,7,0,1
BRDA:108,7,1,3
BRDA:116,8,0,1
BRDA:116,8,1,2
BRDA:121,9,0,1
BRDA:121,9,1,1
BRDA:121,10,0,2
BRDA:121,10,1,1
BRDA:138,11,0,1
BRDA:138,11,1,2
BRDA:146,12,0,1
BRDA:146,12,1,1
BRDA:175,13,0,1
BRDA:175,13,1,1
BRDA:19,14,0,4
BRDA:19,14,1,0
BRDA:19,15,0,4
BRDA:19,15,1,4
BRDA:19,16,0,4
BRDA:19,16,1,0
BRDA:19,17,0,4
BRDA:19,17,1,4
BRDA:20,18,0,4
BRDA:20,18,1,0
BRDA:20,19,0,4
BRDA:20,19,1,4
BRF:40
BRH:36
end_of_record
TN:
SF:src/modules/user/dto/change-email.dto.ts
FNF:0
FNH:0
DA:1,3
DA:2,3
DA:3,3
DA:5,3
DA:8,3
DA:12,3
LF:6
LH:6
BRF:0
BRH:0
end_of_record
TN:
SF:src/modules/user/dto/change-password.dto.ts
FNF:0
FNH:0
DA:1,3
DA:2,3
DA:4,3
DA:7,3
DA:11,3
LF:5
LH:5
BRF:0
BRH:0
end_of_record
TN:
SF:src/modules/user/dto/delete-account.dto.ts
FNF:0
FNH:0
DA:1,3
DA:2,3
DA:4,3
DA:7,3
LF:4
LH:4
BRF:0
BRH:0
end_of_record
TN:
SF:src/modules/user/dto/update-profile.dto.ts
FNF:0
FNH:0
DA:1,3
DA:2,3
DA:9,3
DA:11,3
DA:15,3
DA:21,3
DA:30,3
LF:7
LH:7
BRF:0
BRH:0
end_of_record
TN:
SF:src/modules/user/entities/user-profile.entity.ts
FN:42,(anonymous_2)
FN:34,(anonymous_3)
FN:39,(anonymous_4)
FNF:3
FNH:1
FNDA:10,(anonymous_2)
FNDA:0,(anonymous_3)
FNDA:0,(anonymous_4)
DA:1,8
DA:3,8
DA:8,8
DA:11,8
DA:18,8
DA:22,8
DA:30,8
DA:34,0
DA:35,8
DA:39,0
DA:40,8
DA:43,10
DA:44,10
DA:45,10
DA:46,10
LF:15
LH:13
BRDA:43,0,0,10
BRDA:43,0,1,0
BRDA:35,1,0,8
BRDA:35,1,1,0
BRDA:35,2,0,8
BRDA:35,2,1,8
BRDA:40,3,0,8
BRDA:40,3,1,0
BRDA:40,4,0,8
BRDA:40,4,1,8
BRDA:42,5,0,0
BRDA:42,5,1,8
BRDA:42,6,0,8
BRDA:42,6,1,0
BRF:14
BRH:9
end_of_record
TN:
SF:src/modules/user/entities/user.entity.ts
FN:47,(anonymous_2)
FN:32,(anonymous_3)
FN:34,(anonymous_4)
FN:39,(anonymous_5)
FN:44,(anonymous_6)
FNF:5
FNH:1
FNDA:10,(anonymous_2)
FNDA:0,(anonymous_3)
FNDA:0,(anonymous_4)
FNDA:0,(anonymous_5)
FNDA:0,(anonymous_6)
DA:1,8
DA:3,8
DA:4,8
DA:5,8
DA:12,8
DA:15,8
DA:19,8
DA:23,8
DA:26,8
DA:30,8
DA:32,0
DA:34,0
DA:35,8
DA:39,0
DA:40,8
DA:44,0
DA:45,8
DA:48,10
DA:49,10
DA:50,10
DA:51,10
DA:52,10
LF:22
LH:18
BRDA:48,0,0,10
BRDA:48,0,1,0
BRDA:51,1,0,10
BRDA:51,1,1,0
BRDA:30,2,0,0
BRDA:30,2,1,8
BRDA:30,3,0,8
BRDA:30,3,1,8
BRDA:35,4,0,8
BRDA:35,4,1,0
BRDA:35,5,0,8
BRDA:35,5,1,8
BRDA:40,6,0,8
BRDA:40,6,1,0
BRDA:40,7,0,8
BRDA:40,7,1,8
BRDA:45,8,0,8
BRDA:45,8,1,0
BRDA:45,9,0,8
BRDA:45,9,1,8
BRDA:47,10,0,0
BRDA:47,10,1,8
BRDA:47,11,0,8
BRDA:47,11,1,0
BRF:24
BRH:16
end_of_record
TN:
SF:src/prisma/prisma.service.ts
FN:19,(anonymous_3)
FN:36,(anonymous_4)
FN:46,(anonymous_5)
FNF:3
FNH:3
FNDA:9,(anonymous_3)
FNDA:2,(anonymous_4)
FNDA:1,(anonymous_5)
DA:1,23
DA:7,23
DA:8,23
DA:9,23
DA:12,23
DA:16,7
DA:20,9
DA:21,9
DA:22,2
DA:26,7
DA:27,7
DA:29,7
DA:33,7
DA:37,2
DA:38,2
DA:39,1
DA:41,1
DA:42,1
DA:47,1
DA:48,1
DA:49,1
LF:21
LH:21
BRDA:21,0,0,2
BRDA:21,0,1,7
BRF:2
BRH:2
end_of_record
